#
# There is insufficient memory for the Java Runtime Environment to continue.
# Native memory allocation (malloc) failed to allocate 32784 bytes for Chunk::new
# Possible reasons:
#   The system is out of physical RAM or swap space
#   The process is running with CompressedOops enabled, and the Java Heap may be blocking the growth of the native heap
# Possible solutions:
#   Reduce memory load on the system
#   Increase physical memory or swap space
#   Check if swap backing store is full
#   Decrease Java heap size (-Xmx/-Xms)
#   Decrease number of Java threads
#   Decrease Java thread stack sizes (-Xss)
#   Set larger code cache with -XX:ReservedCodeCacheSize=
#   JVM is running with Unscaled Compressed Oops mode in which the Java heap is
#     placed in the first 4GB address space. The Java Heap base address is the
#     maximum limit for the native heap growth. Please use -XX:HeapBaseMinAddress
#     to set the Java Heap base and to place the Java Heap above 4GB virtual address.
# This output file may be truncated or incomplete.
#
#  Out of Memory Error (arena.cpp:184), pid=4208, tid=9696
#
# JRE version: OpenJDK Runtime Environment Corretto-18.0.2.9.1 (18.0.2+9) (build 18.0.2+9-FR)
# Java VM: OpenJDK 64-Bit Server VM Corretto-18.0.2.9.1 (18.0.2+9-FR, mixed mode, sharing, tiered, compressed oops, compressed class ptrs, g1 gc, windows-amd64)
# No core dump will be written. Minidumps are not enabled by default on client versions of Windows
#

---------------  S U M M A R Y ------------

Command Line: -javaagent:C:\Program Files\JetBrains\IntelliJ IDEA Community Edition 2021.3.3\lib\idea_rt.jar=51225:C:\Program Files\JetBrains\IntelliJ IDEA Community Edition 2021.3.3\bin -Dfile.encoding=UTF-8 test.springbootsecurity.springbootWithSecurity.SpringbootWithSecurityApplication

Host: Intel(R) Core(TM) i3-6006U CPU @ 2.00GHz, 4 cores, 3G,  Windows 10 , 64 bit Build 19041 (10.0.19041.3636)
Time: Fri Dec 22 19:17:21 2023 Egypt Standard Time elapsed time: 54.611910 seconds (0d 0h 0m 54s)

---------------  T H R E A D  ---------------

Current thread (0x000001ede1d9eda0):  JavaThread "C2 CompilerThread0" daemon [_thread_in_native, id=9696, stack(0x0000008626e00000,0x0000008626f00000)]


Current CompileTask:
C2:  54612 4691       4       java.net.URLStreamHandler::parseURL (1124 bytes)

Stack: [0x0000008626e00000,0x0000008626f00000]
Native frames: (J=compiled Java code, j=interpreted, Vv=VM code, C=native code)
V  [jvm.dll+0x685a2a]
V  [jvm.dll+0x82ae8d]
V  [jvm.dll+0x82c75e]
V  [jvm.dll+0x82ce03]
V  [jvm.dll+0x25ef4b]
V  [jvm.dll+0xd42d2]
V  [jvm.dll+0xd4665]
V  [jvm.dll+0xd43fb]
V  [jvm.dll+0x6da18c]
V  [jvm.dll+0x599fd7]
V  [jvm.dll+0x597499]
V  [jvm.dll+0x592c14]
V  [jvm.dll+0x592cb6]
V  [jvm.dll+0x590a83]
V  [jvm.dll+0x23bae0]
V  [jvm.dll+0x234e99]
V  [jvm.dll+0x232e1f]
V  [jvm.dll+0x1c0a35]
V  [jvm.dll+0x24212c]
V  [jvm.dll+0x240534]
V  [jvm.dll+0x7df6db]
V  [jvm.dll+0x7d9cba]
V  [jvm.dll+0x6848a5]
C  [ucrtbase.dll+0x21bb2]
C  [KERNEL32.DLL+0x17344]
C  [ntdll.dll+0x526b1]


---------------  P R O C E S S  ---------------

Threads class SMR info:
_java_thread_list=0x000001ede76bdd20, length=30, elements={
0x000001ede1d85330, 0x000001ede1d85f90, 0x000001ede1d9c3f0, 0x000001ede1d9cd90,
0x000001ede1d9d730, 0x000001ede1d9e0d0, 0x000001ede1d9eda0, 0x000001ede1dfd380,
0x000001ede1e0d040, 0x000001ede1d6af00, 0x000001ede625e200, 0x000001ede63fea80,
0x000001ede6a70770, 0x000001ede6a70c40, 0x000001ede6a71110, 0x000001ede6a6e0f0,
0x000001ede6a6ea90, 0x000001ede6a715e0, 0x000001ede6a71ab0, 0x000001ede6a6f900,
0x000001ede6a6e5c0, 0x000001ede6a702a0, 0x000001ede6a6fdd0, 0x000001ede6a6ef60,
0x000001ede6a6f430, 0x000001ede818bd20, 0x000001ede818b380, 0x000001ede8188830,
0x000001ede818a040, 0x000001ede818aeb0
}

Java Threads: ( => current thread )
  0x000001ede1d85330 JavaThread "Reference Handler" daemon [_thread_blocked, id=10664, stack(0x0000008626800000,0x0000008626900000)]
  0x000001ede1d85f90 JavaThread "Finalizer" daemon [_thread_blocked, id=10448, stack(0x0000008626900000,0x0000008626a00000)]
  0x000001ede1d9c3f0 JavaThread "Signal Dispatcher" daemon [_thread_blocked, id=5156, stack(0x0000008626a00000,0x0000008626b00000)]
  0x000001ede1d9cd90 JavaThread "Attach Listener" daemon [_thread_blocked, id=9680, stack(0x0000008626b00000,0x0000008626c00000)]
  0x000001ede1d9d730 JavaThread "Service Thread" daemon [_thread_blocked, id=10120, stack(0x0000008626c00000,0x0000008626d00000)]
  0x000001ede1d9e0d0 JavaThread "Monitor Deflation Thread" daemon [_thread_blocked, id=2516, stack(0x0000008626d00000,0x0000008626e00000)]
=>0x000001ede1d9eda0 JavaThread "C2 CompilerThread0" daemon [_thread_in_native, id=9696, stack(0x0000008626e00000,0x0000008626f00000)]
  0x000001ede1dfd380 JavaThread "C1 CompilerThread0" daemon [_thread_blocked, id=11908, stack(0x0000008626f00000,0x0000008627000000)]
  0x000001ede1e0d040 JavaThread "Sweeper thread" daemon [_thread_blocked, id=2084, stack(0x0000008627000000,0x0000008627100000)]
  0x000001ede1d6af00 JavaThread "Common-Cleaner" daemon [_thread_blocked, id=11344, stack(0x0000008627100000,0x0000008627200000)]
  0x000001ede625e200 JavaThread "Monitor Ctrl-Break" daemon [_thread_in_native, id=716, stack(0x0000008627200000,0x0000008627300000)]
  0x000001ede63fea80 JavaThread "Notification Thread" daemon [_thread_blocked, id=9348, stack(0x0000008627300000,0x0000008627400000)]
  0x000001ede6a70770 JavaThread "Catalina-utility-1" [_thread_blocked, id=2420, stack(0x0000008627a00000,0x0000008627b00000)]
  0x000001ede6a70c40 JavaThread "Catalina-utility-2" [_thread_blocked, id=1272, stack(0x0000008627b00000,0x0000008627c00000)]
  0x000001ede6a71110 JavaThread "container-0" [_thread_blocked, id=5508, stack(0x0000008627c00000,0x0000008627d00000)]
  0x000001ede6a6e0f0 JavaThread "File Watcher" daemon [_thread_blocked, id=4372, stack(0x0000008627d00000,0x0000008627e00000)]
  0x000001ede6a6ea90 JavaThread "Live Reload Server" daemon [_thread_in_native, id=9816, stack(0x0000008627f00000,0x0000008628000000)]
  0x000001ede6a715e0 JavaThread "http-nio-8080-exec-1" daemon [_thread_blocked, id=11348, stack(0x0000008627e00000,0x0000008627f00000)]
  0x000001ede6a71ab0 JavaThread "http-nio-8080-exec-2" daemon [_thread_in_vm, id=7064, stack(0x0000008628000000,0x0000008628100000)]
  0x000001ede6a6f900 JavaThread "http-nio-8080-exec-3" daemon [_thread_blocked, id=4416, stack(0x0000008628100000,0x0000008628200000)]
  0x000001ede6a6e5c0 JavaThread "http-nio-8080-exec-4" daemon [_thread_blocked, id=9772, stack(0x0000008628200000,0x0000008628300000)]
  0x000001ede6a702a0 JavaThread "http-nio-8080-exec-5" daemon [_thread_blocked, id=7544, stack(0x0000008628300000,0x0000008628400000)]
  0x000001ede6a6fdd0 JavaThread "http-nio-8080-exec-6" daemon [_thread_blocked, id=4412, stack(0x0000008628400000,0x0000008628500000)]
  0x000001ede6a6ef60 JavaThread "http-nio-8080-exec-7" daemon [_thread_blocked, id=5164, stack(0x0000008628500000,0x0000008628600000)]
  0x000001ede6a6f430 JavaThread "http-nio-8080-exec-8" daemon [_thread_blocked, id=10956, stack(0x0000008628600000,0x0000008628700000)]
  0x000001ede818bd20 JavaThread "http-nio-8080-exec-9" daemon [_thread_blocked, id=4452, stack(0x0000008628700000,0x0000008628800000)]
  0x000001ede818b380 JavaThread "http-nio-8080-exec-10" daemon [_thread_blocked, id=7140, stack(0x0000008628800000,0x0000008628900000)]
  0x000001ede8188830 JavaThread "http-nio-8080-Poller" daemon [_thread_in_native, id=1760, stack(0x0000008628900000,0x0000008628a00000)]
  0x000001ede818a040 JavaThread "http-nio-8080-Acceptor" daemon [_thread_in_native, id=1304, stack(0x0000008628a00000,0x0000008628b00000)]
  0x000001ede818aeb0 JavaThread "DestroyJavaVM" [_thread_blocked, id=2920, stack(0x0000008626100000,0x0000008626200000)]

Other Threads:
  0x000001ede1d80b80 VMThread "VM Thread" [stack: 0x0000008626700000,0x0000008626800000] [id=1212]
  0x000001ede61f5390 WatcherThread "VM Periodic Task Thread" [stack: 0x0000008627400000,0x0000008627500000] [id=3780]
  0x000001edc6867c00 WorkerThread "GC Thread#0" [stack: 0x0000008626200000,0x0000008626300000] [id=7092]
  0x000001ede69dfa20 WorkerThread "GC Thread#1" [stack: 0x0000008627500000,0x0000008627600000] [id=9456]
  0x000001ede69d2cc0 WorkerThread "GC Thread#2" [stack: 0x0000008627700000,0x0000008627800000] [id=2732]
  0x000001ede6687fe0 WorkerThread "GC Thread#3" [stack: 0x0000008627600000,0x0000008627700000] [id=1960]
  0x000001edc68718c0 ConcurrentGCThread "G1 Main Marker" [stack: 0x0000008626300000,0x0000008626400000] [id=7124]
  0x000001edc68722b0 WorkerThread "G1 Conc#0" [stack: 0x0000008626400000,0x0000008626500000] [id=6532]
  0x000001edc68994b0 ConcurrentGCThread "G1 Refine#0" [stack: 0x0000008626500000,0x0000008626600000] [id=2344]
  0x000001edc6899dc0 ConcurrentGCThread "G1 Service" [stack: 0x0000008626600000,0x0000008626700000] [id=8728]

Threads with active compile tasks:
C2 CompilerThread0    54698 4691       4       java.net.URLStreamHandler::parseURL (1124 bytes)
C1 CompilerThread0    54699 4701       3       java.lang.invoke.MethodType::equals (56 bytes)

VM state: not at safepoint (normal execution)

VM Mutex/Monitor currently owned by a thread: None

Heap address: 0x00000000c1400000, size: 1004 MB, Compressed Oops mode: 32-bit

CDS archive(s) mapped at: [0x0000000800000000-0x0000000800ba0000-0x0000000800ba0000), size 12189696, SharedBaseAddress: 0x0000000800000000, ArchiveRelocationMode: 0.
Compressed class space mapped at: 0x0000000800c00000-0x0000000840c00000, reserved size: 1073741824
Narrow klass base: 0x0000000800000000, Narrow klass shift: 0, Narrow klass range: 0x100000000

GC Precious Log:
 CardTable entry size: 512
 Card Set container configuration: InlinePtr #cards 5 size 8 Array Of Cards #cards 12 size 40 Howl #buckets 4 coarsen threshold 1843 Howl Bitmap #cards 512 size 80 coarsen threshold 460 Card regions per heap region 1 cards per card region 2048
 CPUs: 4 total, 4 available
 Memory: 4012M
 Large Page Support: Disabled
 NUMA Support: Disabled
 Compressed Oops: Enabled (32-bit)
 Heap Region Size: 1M
 Heap Min Capacity: 8M
 Heap Initial Capacity: 64M
 Heap Max Capacity: 1004M
 Pre-touch: Disabled
 Parallel Workers: 4
 Concurrent Workers: 1
 Concurrent Refinement Workers: 4
 Periodic GC: Disabled

Heap:
 garbage-first heap   total 48128K, used 22866K [0x00000000c1400000, 0x0000000100000000)
  region size 1024K, 4 young (4096K), 2 survivors (2048K)
 Metaspace       used 38282K, committed 38912K, reserved 1114112K
  class space    used 4971K, committed 5248K, reserved 1048576K

Heap Regions: E=young(eden), S=young(survivor), O=old, HS=humongous(starts), HC=humongous(continues), CS=collection set, F=free, OA=open archive, CA=closed archive, TAMS=top-at-mark-start (previous, next)
|   0|0x00000000c1400000, 0x00000000c1500000, 0x00000000c1500000|100%| O|  |TAMS 0x00000000c1500000, 0x00000000c1400000| Untracked 
|   1|0x00000000c1500000, 0x00000000c1600000, 0x00000000c1600000|100%| O|  |TAMS 0x00000000c1600000, 0x00000000c1500000| Untracked 
|   2|0x00000000c1600000, 0x00000000c1700000, 0x00000000c1700000|100%| O|  |TAMS 0x00000000c1700000, 0x00000000c1600000| Untracked 
|   3|0x00000000c1700000, 0x00000000c1800000, 0x00000000c1800000|100%| O|  |TAMS 0x00000000c1800000, 0x00000000c1700000| Untracked 
|   4|0x00000000c1800000, 0x00000000c1900000, 0x00000000c1900000|100%| O|  |TAMS 0x00000000c1900000, 0x00000000c1800000| Untracked 
|   5|0x00000000c1900000, 0x00000000c1a00000, 0x00000000c1a00000|100%| O|  |TAMS 0x00000000c1a00000, 0x00000000c1900000| Untracked 
|   6|0x00000000c1a00000, 0x00000000c1b00000, 0x00000000c1b00000|100%| O|  |TAMS 0x00000000c1b00000, 0x00000000c1a00000| Untracked 
|   7|0x00000000c1b00000, 0x00000000c1c00000, 0x00000000c1c00000|100%| O|  |TAMS 0x00000000c1c00000, 0x00000000c1b00000| Untracked 
|   8|0x00000000c1c00000, 0x00000000c1d00000, 0x00000000c1d00000|100%| O|  |TAMS 0x00000000c1d00000, 0x00000000c1c00000| Untracked 
|   9|0x00000000c1d00000, 0x00000000c1ddf800, 0x00000000c1e00000| 87%| O|  |TAMS 0x00000000c1ddf800, 0x00000000c1d00000| Untracked 
|  10|0x00000000c1e00000, 0x00000000c1f00000, 0x00000000c1f00000|100%| O|  |TAMS 0x00000000c1f00000, 0x00000000c1e00000| Untracked 
|  11|0x00000000c1f00000, 0x00000000c2000000, 0x00000000c2000000|100%| O|  |TAMS 0x00000000c2000000, 0x00000000c1f00000| Untracked 
|  12|0x00000000c2000000, 0x00000000c2100000, 0x00000000c2100000|100%| O|  |TAMS 0x00000000c2100000, 0x00000000c2000000| Untracked 
|  13|0x00000000c2100000, 0x00000000c2200000, 0x00000000c2200000|100%| O|  |TAMS 0x00000000c2200000, 0x00000000c2100000| Untracked 
|  14|0x00000000c2200000, 0x00000000c2300000, 0x00000000c2300000|100%| O|  |TAMS 0x00000000c2300000, 0x00000000c2200000| Untracked 
|  15|0x00000000c2300000, 0x00000000c2400000, 0x00000000c2400000|100%| O|  |TAMS 0x00000000c2400000, 0x00000000c2300000| Untracked 
|  16|0x00000000c2400000, 0x00000000c2500000, 0x00000000c2500000|100%| O|  |TAMS 0x00000000c2500000, 0x00000000c2400000| Untracked 
|  17|0x00000000c2500000, 0x00000000c2600000, 0x00000000c2600000|100%| O|  |TAMS 0x00000000c2600000, 0x00000000c2500000| Untracked 
|  18|0x00000000c2600000, 0x00000000c2700000, 0x00000000c2700000|100%| O|  |TAMS 0x00000000c2648000, 0x00000000c2600000| Untracked 
|  19|0x00000000c2700000, 0x00000000c2800000, 0x00000000c2800000|100%| O|  |TAMS 0x00000000c2700000, 0x00000000c2700000| Untracked 
|  20|0x00000000c2800000, 0x00000000c2800000, 0x00000000c2900000|  0%| F|  |TAMS 0x00000000c2800000, 0x00000000c2800000| Untracked 
|  21|0x00000000c2900000, 0x00000000c2900000, 0x00000000c2a00000|  0%| F|  |TAMS 0x00000000c2900000, 0x00000000c2900000| Untracked 
|  22|0x00000000c2a00000, 0x00000000c2a00000, 0x00000000c2b00000|  0%| F|  |TAMS 0x00000000c2a00000, 0x00000000c2a00000| Untracked 
|  23|0x00000000c2b00000, 0x00000000c2b00000, 0x00000000c2c00000|  0%| F|  |TAMS 0x00000000c2b00000, 0x00000000c2b00000| Untracked 
|  24|0x00000000c2c00000, 0x00000000c2c00000, 0x00000000c2d00000|  0%| F|  |TAMS 0x00000000c2c00000, 0x00000000c2c00000| Untracked 
|  25|0x00000000c2d00000, 0x00000000c2d00000, 0x00000000c2e00000|  0%| F|  |TAMS 0x00000000c2d00000, 0x00000000c2d00000| Untracked 
|  26|0x00000000c2e00000, 0x00000000c2e00000, 0x00000000c2f00000|  0%| F|  |TAMS 0x00000000c2e00000, 0x00000000c2e00000| Untracked 
|  27|0x00000000c2f00000, 0x00000000c2f00000, 0x00000000c3000000|  0%| F|  |TAMS 0x00000000c2f00000, 0x00000000c2f00000| Untracked 
|  28|0x00000000c3000000, 0x00000000c3000000, 0x00000000c3100000|  0%| F|  |TAMS 0x00000000c3000000, 0x00000000c3000000| Untracked 
|  29|0x00000000c3100000, 0x00000000c3175390, 0x00000000c3200000| 45%| S|CS|TAMS 0x00000000c3100000, 0x00000000c3100000| Complete 
|  30|0x00000000c3200000, 0x00000000c3300000, 0x00000000c3300000|100%| S|CS|TAMS 0x00000000c3200000, 0x00000000c3200000| Complete 
|  31|0x00000000c3300000, 0x00000000c3300000, 0x00000000c3400000|  0%| F|  |TAMS 0x00000000c3300000, 0x00000000c3300000| Untracked 
|  32|0x00000000c3400000, 0x00000000c3400000, 0x00000000c3500000|  0%| F|  |TAMS 0x00000000c3400000, 0x00000000c3400000| Untracked 
|  33|0x00000000c3500000, 0x00000000c3500000, 0x00000000c3600000|  0%| F|  |TAMS 0x00000000c3500000, 0x00000000c3500000| Untracked 
|  34|0x00000000c3600000, 0x00000000c3600000, 0x00000000c3700000|  0%| F|  |TAMS 0x00000000c3600000, 0x00000000c3600000| Untracked 
|  35|0x00000000c3700000, 0x00000000c3700000, 0x00000000c3800000|  0%| F|  |TAMS 0x00000000c3700000, 0x00000000c3700000| Untracked 
|  36|0x00000000c3800000, 0x00000000c3800000, 0x00000000c3900000|  0%| F|  |TAMS 0x00000000c3800000, 0x00000000c3800000| Untracked 
|  37|0x00000000c3900000, 0x00000000c3900000, 0x00000000c3a00000|  0%| F|  |TAMS 0x00000000c3900000, 0x00000000c3900000| Untracked 
|  38|0x00000000c3a00000, 0x00000000c3a00000, 0x00000000c3b00000|  0%| F|  |TAMS 0x00000000c3a00000, 0x00000000c3a00000| Untracked 
|  39|0x00000000c3b00000, 0x00000000c3b00000, 0x00000000c3c00000|  0%| F|  |TAMS 0x00000000c3b00000, 0x00000000c3b00000| Untracked 
|  40|0x00000000c3c00000, 0x00000000c3c00000, 0x00000000c3d00000|  0%| F|  |TAMS 0x00000000c3c00000, 0x00000000c3c00000| Untracked 
|  41|0x00000000c3d00000, 0x00000000c3d00000, 0x00000000c3e00000|  0%| F|  |TAMS 0x00000000c3d00000, 0x00000000c3d00000| Untracked 
|  42|0x00000000c3e00000, 0x00000000c3e00000, 0x00000000c3f00000|  0%| F|  |TAMS 0x00000000c3e00000, 0x00000000c3e00000| Untracked 
|  43|0x00000000c3f00000, 0x00000000c3f00000, 0x00000000c4000000|  0%| F|  |TAMS 0x00000000c3f00000, 0x00000000c3f00000| Untracked 
|  44|0x00000000c4000000, 0x00000000c4000000, 0x00000000c4100000|  0%| F|  |TAMS 0x00000000c4000000, 0x00000000c4000000| Untracked 
|  45|0x00000000c4100000, 0x00000000c419d478, 0x00000000c4200000| 61%| E|  |TAMS 0x00000000c4100000, 0x00000000c4100000| Complete 
|  63|0x00000000c5300000, 0x00000000c5400000, 0x00000000c5400000|100%| E|CS|TAMS 0x00000000c5300000, 0x00000000c5300000| Complete 

Card table byte_map: [0x000001eddd5f0000,0x000001eddd7f0000] _byte_map_base: 0x000001eddcfe6000

Marking Bits (Prev, Next): (CMBitMap*) 0x000001edc6869210, (CMBitMap*) 0x000001edc6869250
 Prev Bits: [0x000001eddd9f0000, 0x000001edde9a0000)
 Next Bits: [0x000001edde9a0000, 0x000001eddf950000)

Polling page: 0x000001edc5ff0000

Metaspace:

Usage:
  Non-class:     32.55 MB used.
      Class:      4.86 MB used.
       Both:     37.41 MB used.

Virtual space:
  Non-class space:       64.00 MB reserved,      32.88 MB ( 51%) committed,  1 nodes.
      Class space:        1.00 GB reserved,       5.13 MB ( <1%) committed,  1 nodes.
             Both:        1.06 GB reserved,      38.00 MB (  3%) committed. 

Chunk freelists:
   Non-Class:  2.95 MB
       Class:  2.81 MB
        Both:  5.77 MB

MaxMetaspaceSize: unlimited
CompressedClassSpaceSize: 1.00 GB
Initial GC threshold: 21.00 MB
Current GC threshold: 58.88 MB
CDS: on
MetaspaceReclaimPolicy: balanced
 - commit_granule_bytes: 65536.
 - commit_granule_words: 8192.
 - virtual_space_node_default_size: 8388608.
 - enlarge_chunks_in_place: 1.
 - new_chunks_are_fully_committed: 0.
 - uncommit_free_chunks: 1.
 - use_allocation_guard: 0.


Internal statistics:

num_allocs_failed_limit: 6.
num_arena_births: 974.
num_arena_deaths: 2.
num_vsnodes_births: 2.
num_vsnodes_deaths: 0.
num_space_committed: 608.
num_space_uncommitted: 0.
num_chunks_returned_to_freelist: 9.
num_chunks_taken_from_freelist: 2383.
num_chunk_merges: 6.
num_chunk_splits: 1643.
num_chunks_enlarged: 1211.
num_inconsistent_stats: 0.

CodeHeap 'non-profiled nmethods': size=120000Kb used=2153Kb max_used=2153Kb free=117846Kb
 bounds [0x000001edd5ec0000, 0x000001edd6130000, 0x000001eddd3f0000]
CodeHeap 'profiled nmethods': size=120000Kb used=9833Kb max_used=9833Kb free=110166Kb
 bounds [0x000001edce990000, 0x000001edcf330000, 0x000001edd5ec0000]
CodeHeap 'non-nmethods': size=5760Kb used=1235Kb max_used=1292Kb free=4524Kb
 bounds [0x000001edce3f0000, 0x000001edce660000, 0x000001edce990000]
 total_blobs=5186 nmethods=4656 adapters=442
 compilation: enabled
              stopped_count=0, restarted_count=0
 full_count=0

Compilation events (20 events):
Event: 54.516 Thread 0x000001ede1dfd380 nmethod 4679 0x000001edcf325a10 code [0x000001edcf325c00, 0x000001edcf3262f8]
Event: 54.516 Thread 0x000001ede1dfd380 4680       3       java.lang.invoke.LambdaFormBuffer::lambdaForm (41 bytes)
Event: 54.516 Thread 0x000001ede1dfd380 nmethod 4680 0x000001edcf326510 code [0x000001edcf3266e0, 0x000001edcf326b28]
Event: 54.517 Thread 0x000001ede1dfd380 4681       3       java.lang.invoke.LambdaForm$Name::<init> (99 bytes)
Event: 54.517 Thread 0x000001ede1dfd380 nmethod 4681 0x000001edcf326d10 code [0x000001edcf326ec0, 0x000001edcf3271d8]
Event: 54.518 Thread 0x000001ede1d9eda0 4682       4       java.lang.invoke.MethodType::equals (31 bytes)
Event: 54.520 Thread 0x000001ede1dfd380 4685       3       java.lang.invoke.InvokerBytecodeGenerator::generateCustomizedCodeBytes (44 bytes)
Event: 54.520 Thread 0x000001ede1dfd380 nmethod 4685 0x000001edcf327290 code [0x000001edcf3274a0, 0x000001edcf3278d8]
Event: 54.520 Thread 0x000001ede1dfd380 4686       3       java.lang.invoke.InvokerBytecodeGenerator::loadMethod (36 bytes)
Event: 54.521 Thread 0x000001ede1dfd380 nmethod 4686 0x000001edcf327b10 code [0x000001edcf327d00, 0x000001edcf328008]
Event: 54.524 Thread 0x000001ede1dfd380 4689       3       jdk.internal.loader.NativeLibraries$NativeLibraryImpl::find (6 bytes)
Event: 54.524 Thread 0x000001ede1dfd380 nmethod 4689 0x000001edcf328210 code [0x000001edcf3283a0, 0x000001edcf3284c8]
Event: 54.528 Thread 0x000001ede1d9eda0 nmethod 4682 0x000001edd60d8010 code [0x000001edd60d81a0, 0x000001edd60d8438]
Event: 54.528 Thread 0x000001ede1d9eda0 4684       4       jdk.internal.org.objectweb.asm.Type::getArgumentsAndReturnSizes (140 bytes)
Event: 54.550 Thread 0x000001ede1d9eda0 nmethod 4684 0x000001edd60d8610 code [0x000001edd60d8800, 0x000001edd60d8f90]
Event: 54.550 Thread 0x000001ede1d9eda0 4688       4       java.nio.Buffer::checkIndex (9 bytes)
Event: 54.551 Thread 0x000001ede1d9eda0 nmethod 4688 0x000001edd60d9610 code [0x000001edd60d9780, 0x000001edd60d9838]
Event: 54.551 Thread 0x000001ede1d9eda0 4683       4       jdk.internal.org.objectweb.asm.MethodWriter::visitFieldInsn (258 bytes)
Event: 54.563 Thread 0x000001ede1d9eda0 nmethod 4683 0x000001edd60d9910 code [0x000001edd60d9ae0, 0x000001edd60d9f90]
Event: 54.563 Thread 0x000001ede1d9eda0 4691       4       java.net.URLStreamHandler::parseURL (1124 bytes)

GC Heap History (20 events):
Event: 3.072 GC heap before
{Heap before GC invocations=1 (full 0):
 garbage-first heap   total 65536K, used 16029K [0x00000000c1400000, 0x0000000100000000)
  region size 1024K, 14 young (14336K), 2 survivors (2048K)
 Metaspace       used 6867K, committed 7040K, reserved 1114112K
  class space    used 773K, committed 832K, reserved 1048576K
}
Event: 3.077 GC heap after
{Heap after GC invocations=2 (full 0):
 garbage-first heap   total 65536K, used 6140K [0x00000000c1400000, 0x0000000100000000)
  region size 1024K, 2 young (2048K), 2 survivors (2048K)
 Metaspace       used 6867K, committed 7040K, reserved 1114112K
  class space    used 773K, committed 832K, reserved 1048576K
}
Event: 4.764 GC heap before
{Heap before GC invocations=2 (full 0):
 garbage-first heap   total 65536K, used 25596K [0x00000000c1400000, 0x0000000100000000)
  region size 1024K, 22 young (22528K), 2 survivors (2048K)
 Metaspace       used 11957K, committed 12160K, reserved 1114112K
  class space    used 1375K, committed 1472K, reserved 1048576K
}
Event: 4.777 GC heap after
{Heap after GC invocations=3 (full 0):
 garbage-first heap   total 65536K, used 7828K [0x00000000c1400000, 0x0000000100000000)
  region size 1024K, 3 young (3072K), 3 survivors (3072K)
 Metaspace       used 11957K, committed 12160K, reserved 1114112K
  class space    used 1375K, committed 1472K, reserved 1048576K
}
Event: 6.538 GC heap before
{Heap before GC invocations=3 (full 0):
 garbage-first heap   total 65536K, used 39572K [0x00000000c1400000, 0x0000000100000000)
  region size 1024K, 35 young (35840K), 3 survivors (3072K)
 Metaspace       used 17801K, committed 18176K, reserved 1114112K
  class space    used 2122K, committed 2304K, reserved 1048576K
}
Event: 6.551 GC heap after
{Heap after GC invocations=4 (full 0):
 garbage-first heap   total 65536K, used 10754K [0x00000000c1400000, 0x0000000100000000)
  region size 1024K, 5 young (5120K), 5 survivors (5120K)
 Metaspace       used 17801K, committed 18176K, reserved 1114112K
  class space    used 2122K, committed 2304K, reserved 1048576K
}
Event: 7.880 GC heap before
{Heap before GC invocations=4 (full 0):
 garbage-first heap   total 65536K, used 37378K [0x00000000c1400000, 0x0000000100000000)
  region size 1024K, 33 young (33792K), 5 survivors (5120K)
 Metaspace       used 21245K, committed 21504K, reserved 1114112K
  class space    used 2547K, committed 2688K, reserved 1048576K
}
Event: 7.896 GC heap after
{Heap after GC invocations=5 (full 0):
 garbage-first heap   total 65536K, used 12556K [0x00000000c1400000, 0x0000000100000000)
  region size 1024K, 3 young (3072K), 3 survivors (3072K)
 Metaspace       used 21245K, committed 21504K, reserved 1114112K
  class space    used 2547K, committed 2688K, reserved 1048576K
}
Event: 9.216 GC heap before
{Heap before GC invocations=6 (full 0):
 garbage-first heap   total 48128K, used 37132K [0x00000000c1400000, 0x0000000100000000)
  region size 1024K, 28 young (28672K), 3 survivors (3072K)
 Metaspace       used 26595K, committed 27008K, reserved 1114112K
  class space    used 3256K, committed 3456K, reserved 1048576K
}
Event: 9.227 GC heap after
{Heap after GC invocations=7 (full 0):
 garbage-first heap   total 48128K, used 14967K [0x00000000c1400000, 0x0000000100000000)
  region size 1024K, 3 young (3072K), 3 survivors (3072K)
 Metaspace       used 26595K, committed 27008K, reserved 1114112K
  class space    used 3256K, committed 3456K, reserved 1048576K
}
Event: 10.118 GC heap before
{Heap before GC invocations=7 (full 0):
 garbage-first heap   total 48128K, used 34423K [0x00000000c1400000, 0x0000000100000000)
  region size 1024K, 22 young (22528K), 3 survivors (3072K)
 Metaspace       used 29468K, committed 30016K, reserved 1114112K
  class space    used 3668K, committed 3904K, reserved 1048576K
}
Event: 10.129 GC heap after
{Heap after GC invocations=8 (full 0):
 garbage-first heap   total 48128K, used 16926K [0x00000000c1400000, 0x0000000100000000)
  region size 1024K, 3 young (3072K), 3 survivors (3072K)
 Metaspace       used 29468K, committed 30016K, reserved 1114112K
  class space    used 3668K, committed 3904K, reserved 1048576K
}
Event: 11.103 GC heap before
{Heap before GC invocations=8 (full 0):
 garbage-first heap   total 48128K, used 34334K [0x00000000c1400000, 0x0000000100000000)
  region size 1024K, 20 young (20480K), 3 survivors (3072K)
 Metaspace       used 32877K, committed 33472K, reserved 1114112K
  class space    used 4205K, committed 4480K, reserved 1048576K
}
Event: 11.111 GC heap after
{Heap after GC invocations=9 (full 0):
 garbage-first heap   total 48128K, used 18661K [0x00000000c1400000, 0x0000000100000000)
  region size 1024K, 2 young (2048K), 2 survivors (2048K)
 Metaspace       used 32877K, committed 33472K, reserved 1114112K
  class space    used 4205K, committed 4480K, reserved 1048576K
}
Event: 12.886 GC heap before
{Heap before GC invocations=9 (full 0):
 garbage-first heap   total 48128K, used 34021K [0x00000000c1400000, 0x0000000100000000)
  region size 1024K, 18 young (18432K), 2 survivors (2048K)
 Metaspace       used 35395K, committed 36032K, reserved 1114112K
  class space    used 4554K, committed 4864K, reserved 1048576K
}
Event: 12.895 GC heap after
{Heap after GC invocations=10 (full 0):
 garbage-first heap   total 48128K, used 20514K [0x00000000c1400000, 0x0000000100000000)
  region size 1024K, 2 young (2048K), 2 survivors (2048K)
 Metaspace       used 35395K, committed 36032K, reserved 1114112K
  class space    used 4554K, committed 4864K, reserved 1048576K
}
Event: 12.976 GC heap before
{Heap before GC invocations=10 (full 0):
 garbage-first heap   total 48128K, used 20514K [0x00000000c1400000, 0x0000000100000000)
  region size 1024K, 3 young (3072K), 2 survivors (2048K)
 Metaspace       used 35501K, committed 36096K, reserved 1114112K
  class space    used 4561K, committed 4864K, reserved 1048576K
}
Event: 12.991 GC heap after
{Heap after GC invocations=11 (full 0):
 garbage-first heap   total 48128K, used 20613K [0x00000000c1400000, 0x0000000100000000)
  region size 1024K, 1 young (1024K), 1 survivors (1024K)
 Metaspace       used 35501K, committed 36096K, reserved 1114112K
  class space    used 4561K, committed 4864K, reserved 1048576K
}
Event: 54.584 GC heap before
{Heap before GC invocations=12 (full 0):
 garbage-first heap   total 48128K, used 35973K [0x00000000c1400000, 0x0000000100000000)
  region size 1024K, 16 young (16384K), 1 survivors (1024K)
 Metaspace       used 37901K, committed 38528K, reserved 1114112K
  class space    used 4911K, committed 5184K, reserved 1048576K
}
Event: 54.589 GC heap after
{Heap after GC invocations=13 (full 0):
 garbage-first heap   total 48128K, used 21842K [0x00000000c1400000, 0x0000000100000000)
  region size 1024K, 2 young (2048K), 2 survivors (2048K)
 Metaspace       used 37901K, committed 38528K, reserved 1114112K
  class space    used 4911K, committed 5184K, reserved 1048576K
}

Deoptimization events (20 events):
Event: 13.310 Thread 0x000001ede6ad98b0 Uncommon trap: trap_request=0xffffffde fr.pc=0x000001edd5f3c6b0 relative=0x0000000000000170
Event: 13.310 Thread 0x000001ede6ad98b0 Uncommon trap: reason=class_check action=maybe_recompile pc=0x000001edd5f3c6b0 method=org.springframework.boot.context.properties.source.ConfigurationPropertyName$Elements.charAt(II)C @ 43 c2
Event: 13.310 Thread 0x000001ede6ad98b0 DEOPT PACKING pc=0x000001edd5f3c6b0 sp=0x00000086279fbe30
Event: 13.310 Thread 0x000001ede6ad98b0 DEOPT UNPACKING pc=0x000001edce4423a3 sp=0x00000086279fbda8 mode 2
Event: 13.402 Thread 0x000001ede6ad98b0 DEOPT PACKING pc=0x000001edcebc3ca3 sp=0x00000086279fa130
Event: 13.402 Thread 0x000001ede6ad98b0 DEOPT UNPACKING pc=0x000001edce442b43 sp=0x00000086279f95a0 mode 0
Event: 13.512 Thread 0x000001ede6ad98b0 DEOPT PACKING pc=0x000001edcebc3ca3 sp=0x00000086279fc550
Event: 13.512 Thread 0x000001ede6ad98b0 DEOPT UNPACKING pc=0x000001edce442b43 sp=0x00000086279fb9c0 mode 0
Event: 13.756 Thread 0x000001ede6ad98b0 DEOPT PACKING pc=0x000001edcf311046 sp=0x00000086279fe590
Event: 13.756 Thread 0x000001ede6ad98b0 DEOPT UNPACKING pc=0x000001edce442b43 sp=0x00000086279fda68 mode 0
Event: 23.008 Thread 0x000001ede6a6e0f0 DEOPT PACKING pc=0x000001edcf118ec7 sp=0x0000008627dff130
Event: 23.009 Thread 0x000001ede6a6e0f0 DEOPT UNPACKING pc=0x000001edce442b43 sp=0x0000008627dfe5f8 mode 0
Event: 54.445 Thread 0x000001ede6a71ab0 Uncommon trap: trap_request=0xffffff45 fr.pc=0x000001edd5f80d90 relative=0x0000000000000d50
Event: 54.445 Thread 0x000001ede6a71ab0 Uncommon trap: reason=unstable_if action=reinterpret pc=0x000001edd5f80d90 method=java.util.concurrent.ConcurrentHashMap.putVal(Ljava/lang/Object;Ljava/lang/Object;Z)Ljava/lang/Object; @ 97 c2
Event: 54.445 Thread 0x000001ede6a71ab0 DEOPT PACKING pc=0x000001edd5f80d90 sp=0x00000086280fe1c0
Event: 54.445 Thread 0x000001ede6a71ab0 DEOPT UNPACKING pc=0x000001edce4423a3 sp=0x00000086280fe158 mode 2
Event: 54.445 Thread 0x000001ede6a71ab0 Uncommon trap: trap_request=0xffffff45 fr.pc=0x000001edd5ffe8e4 relative=0x00000000000002c4
Event: 54.445 Thread 0x000001ede6a71ab0 Uncommon trap: reason=unstable_if action=reinterpret pc=0x000001edd5ffe8e4 method=java.lang.invoke.MethodType.equals(Ljava/lang/Object;)Z @ 11 c2
Event: 54.445 Thread 0x000001ede6a71ab0 DEOPT PACKING pc=0x000001edd5ffe8e4 sp=0x00000086280fe0a0
Event: 54.445 Thread 0x000001ede6a71ab0 DEOPT UNPACKING pc=0x000001edce4423a3 sp=0x00000086280fe068 mode 2

Classes loaded (20 events):
Event: 54.438 Loading class sun/nio/ch/SocketAdaptor
Event: 54.438 Loading class sun/nio/ch/SocketAdaptor done
Event: 54.441 Loading class sun/nio/ch/SelectionKeyImpl
Event: 54.441 Loading class java/nio/channels/spi/AbstractSelectionKey
Event: 54.441 Loading class java/nio/channels/SelectionKey
Event: 54.441 Loading class java/nio/channels/SelectionKey done
Event: 54.441 Loading class java/nio/channels/spi/AbstractSelectionKey done
Event: 54.441 Loading class sun/nio/ch/SelectionKeyImpl done
Event: 54.442 Loading class java/lang/invoke/ConstantBootstraps
Event: 54.442 Loading class java/lang/invoke/ConstantBootstraps done
Event: 54.527 Loading class sun/nio/cs/ThreadLocalCoders
Event: 54.528 Loading class sun/nio/cs/ThreadLocalCoders done
Event: 54.528 Loading class sun/nio/cs/ThreadLocalCoders$1
Event: 54.528 Loading class sun/nio/cs/ThreadLocalCoders$Cache
Event: 54.528 Loading class sun/nio/cs/ThreadLocalCoders$Cache done
Event: 54.528 Loading class sun/nio/cs/ThreadLocalCoders$1 done
Event: 54.528 Loading class sun/nio/cs/ThreadLocalCoders$2
Event: 54.528 Loading class sun/nio/cs/ThreadLocalCoders$2 done
Event: 54.580 Loading class jdk/internal/access/foreign/MemorySegmentProxy
Event: 54.581 Loading class jdk/internal/access/foreign/MemorySegmentProxy done

Classes unloaded (1 events):
Event: 13.094 Thread 0x000001ede1d80b80 Unloading class 0x0000000800fb4400 'jdk/internal/reflect/GeneratedSerializationConstructorAccessor1'

Classes redefined (0 events):
No events

Internal exceptions (20 events):
Event: 9.957 Thread 0x000001ede6ad98b0 Exception <a 'java/lang/NoSuchMethodError'{0x00000000c343dea8}: 'java.lang.Object java.lang.invoke.DirectMethodHandle$Holder.newInvokeSpecial(java.lang.Object, java.lang.Object, java.lang.Object, java.lang.Object, java.lang.Object, java.lang.Object, java.lang.Object, java.lang.Object, java.lang.Object, java.lang.Object, java.lang.Object)'> (0x00000000c343dea8) 
thrown [s\src\hotspot\share\interpreter\linkResolver.cpp, line 759]
Event: 9.957 Thread 0x000001ede6ad98b0 Exception <a 'java/lang/NoSuchMethodError'{0x00000000c34435e0}: 'java.lang.Object java.lang.invoke.DirectMethodHandle$Holder.invokeSpecial(java.lang.Object, java.lang.Object, java.lang.Object, java.lang.Object, java.lang.Object, java.lang.Object, java.lang.Object, java.lang.Object, java.lang.Object, java.lang.Object, java.lang.Object, java.lang.Object)'> (0x00000000c34435e0) 
thrown [s\src\hotspot\share\interpreter\linkResolver.cpp, line 759]
Event: 10.036 Thread 0x000001ede6ad98b0 Exception <a 'sun/nio/fs/WindowsException'{0x00000000c32705e0}> (0x00000000c32705e0) 
thrown [s\src\hotspot\share\prims\jni.cpp, line 516]
Event: 10.542 Thread 0x000001ede6ad98b0 Exception <a 'java/lang/NoSuchMethodError'{0x00000000c3cce3a0}: 'java.lang.Object java.lang.invoke.DirectMethodHandle$Holder.invokeVirtual(java.lang.Object, java.lang.Object, int)'> (0x00000000c3cce3a0) 
thrown [s\src\hotspot\share\interpreter\linkResolver.cpp, line 759]
Event: 10.638 Thread 0x000001ede6ad98b0 Exception <a 'java/lang/NoSuchMethodError'{0x00000000c3a99bb0}: 'java.lang.Object java.lang.invoke.DirectMethodHandle$Holder.invokeVirtual(java.lang.Object, java.lang.Object, java.lang.Object, java.lang.Object, java.lang.Object, java.lang.Object, java.lang.Object, java.lang.Object)'> (0x00000000c3a99bb0) 
thrown [s\src\hotspot\share\interpreter\linkResolver.cpp, line 759]
Event: 10.937 Thread 0x000001ede6ad98b0 Exception <a 'java/lang/NoSuchMethodError'{0x00000000c35e3890}: 'java.lang.Object java.lang.invoke.DirectMethodHandle$Holder.invokeSpecialIFC(java.lang.Object, java.lang.Object, java.lang.Object)'> (0x00000000c35e3890) 
thrown [s\src\hotspot\share\interpreter\linkResolver.cpp, line 759]
Event: 11.133 Thread 0x000001ede6ad98b0 Exception <a 'java/lang/IncompatibleClassChangeError'{0x00000000c5351338}: Found class java.lang.Object, but interface was expected> (0x00000000c5351338) 
thrown [s\src\hotspot\share\interpreter\linkResolver.cpp, line 826]
Event: 11.168 Thread 0x000001ede6ad98b0 Exception <a 'java/lang/NoSuchMethodError'{0x00000000c4107f10}: 'java.lang.Object java.lang.invoke.DirectMethodHandle$Holder.invokeVirtual(java.lang.Object, java.lang.Object, java.lang.Object, java.lang.Object, java.lang.Object, java.lang.Object, java.lang.Object)'> (0x00000000c4107f10) 
thrown [s\src\hotspot\share\interpreter\linkResolver.cpp, line 759]
Event: 12.303 Thread 0x000001ede6ad98b0 Exception <a 'java/lang/NoSuchMethodError'{0x00000000c39aa638}: 'void java.lang.invoke.DirectMethodHandle$Holder.invokeVirtual(java.lang.Object, java.lang.Object, long)'> (0x00000000c39aa638) 
thrown [s\src\hotspot\share\interpreter\linkResolver.cpp, line 759]
Event: 12.622 Thread 0x000001ede6ad98b0 Exception <a 'java/lang/NoSuchMethodError'{0x00000000c345f2c0}: 'int java.lang.invoke.DirectMethodHandle$Holder.invokeStaticInit(java.lang.Object, java.lang.Object, java.lang.Object, java.lang.Object)'> (0x00000000c345f2c0) 
thrown [s\src\hotspot\share\interpreter\linkResolver.cpp, line 759]
Event: 13.172 Thread 0x000001ede6ad98b0 Exception <a 'java/lang/NoSuchMethodError'{0x00000000c5366b58}: 'java.lang.Object java.lang.invoke.DirectMethodHandle$Holder.invokeVirtual(java.lang.Object, java.lang.Object, java.lang.Object, java.lang.Object, java.lang.Object, java.lang.Object, java.lang.Object, java.lang.Object, java.lang.Object, java.lang.Object)'> (0x00000000c5366b58) 
thrown [s\src\hotspot\share\interpreter\linkResolver.cpp, line 759]
Event: 13.173 Thread 0x000001ede6ad98b0 Exception <a 'java/lang/NoSuchMethodError'{0x00000000c536b190}: 'java.lang.Object java.lang.invoke.DirectMethodHandle$Holder.invokeSpecial(java.lang.Object, java.lang.Object, java.lang.Object, java.lang.Object, java.lang.Object, java.lang.Object, java.lang.Object, java.lang.Object, java.lang.Object, java.lang.Object, java.lang.Object)'> (0x00000000c536b190) 
thrown [s\src\hotspot\share\interpreter\linkResolver.cpp, line 759]
Event: 13.344 Thread 0x000001ede6ad98b0 Exception <a 'java/lang/NoSuchMethodError'{0x00000000c40bb058}: 'java.lang.Object java.lang.invoke.DirectMethodHandle$Holder.newInvokeSpecial(java.lang.Object, java.lang.Object, java.lang.Object, java.lang.Object, java.lang.Object, java.lang.Object, java.lang.Object, java.lang.Object, java.lang.Object, java.lang.Object, java.lang.Object, java.lang.Object, java.lang.Object)'> (0x00000000c40bb058) 
thrown [s\src\hotspot\share\interpreter\linkResolver.cpp, line 759]
Event: 13.504 Thread 0x000001ede6ad98b0 Exception <a 'java/lang/NoSuchMethodError'{0x00000000c3c41460}: 'void java.lang.invoke.DirectMethodHandle$Holder.invokeVirtual(java.lang.Object, java.lang.Object, float)'> (0x00000000c3c41460) 
thrown [s\src\hotspot\share\interpreter\linkResolver.cpp, line 759]
Event: 13.657 Thread 0x000001ede6ad98b0 Exception <a 'java/lang/NoSuchMethodError'{0x00000000c396e860}: 'java.lang.Object java.lang.invoke.DirectMethodHandle$Holder.newInvokeSpecial(java.lang.Object, java.lang.Object, int, java.lang.Object, java.lang.Object)'> (0x00000000c396e860) 
thrown [s\src\hotspot\share\interpreter\linkResolver.cpp, line 759]
Event: 13.659 Thread 0x000001ede6ad98b0 Exception <a 'java/lang/NoSuchMethodError'{0x00000000c3979ee0}: 'java.lang.Object java.lang.invoke.DirectMethodHandle$Holder.invokeSpecial(java.lang.Object, java.lang.Object, int, java.lang.Object, int, java.lang.Object)'> (0x00000000c3979ee0) 
thrown [s\src\hotspot\share\interpreter\linkResolver.cpp, line 759]
Event: 13.660 Thread 0x000001ede6ad98b0 Exception <a 'java/lang/NoSuchMethodError'{0x00000000c3981f90}: 'java.lang.Object java.lang.invoke.DirectMethodHandle$Holder.newInvokeSpecial(java.lang.Object, java.lang.Object, int, java.lang.Object, int)'> (0x00000000c3981f90) 
thrown [s\src\hotspot\share\interpreter\linkResolver.cpp, line 759]
Event: 13.660 Thread 0x000001ede6ad98b0 Exception <a 'java/lang/NoSuchMethodError'{0x00000000c3986098}: 'java.lang.Object java.lang.invoke.DirectMethodHandle$Holder.invokeSpecial(java.lang.Object, java.lang.Object, java.lang.Object, int, java.lang.Object, int)'> (0x00000000c3986098) 
thrown [s\src\hotspot\share\interpreter\linkResolver.cpp, line 759]
Event: 54.521 Thread 0x000001ede6a715e0 Exception <a 'java/lang/NoSuchMethodError'{0x00000000c3322c90}: 'java.lang.Object java.lang.invoke.DirectMethodHandle$Holder.invokeSpecial(java.lang.Object, java.lang.Object, java.lang.Object, java.lang.Object, java.lang.Object, long)'> (0x00000000c3322c90) 
thrown [s\src\hotspot\share\interpreter\linkResolver.cpp, line 759]
Event: 54.521 Thread 0x000001ede6a715e0 Exception <a 'java/lang/NoSuchMethodError'{0x00000000c33266d8}: 'java.lang.Object java.lang.invoke.Invokers$Holder.linkToTargetMethod(java.lang.Object, java.lang.Object, java.lang.Object, long, java.lang.Object)'> (0x00000000c33266d8) 
thrown [s\src\hotspot\share\interpreter\linkResolver.cpp, line 759]

VM Operations (20 events):
Event: 12.886 Executing VM operation: G1CollectForAllocation
Event: 12.895 Executing VM operation: G1CollectForAllocation done
Event: 12.976 Executing VM operation: CollectForMetadataAllocation
Event: 13.003 Executing VM operation: CollectForMetadataAllocation done
Event: 13.093 Executing VM operation: G1Concurrent
Event: 13.102 Executing VM operation: G1Concurrent done
Event: 13.149 Executing VM operation: G1Concurrent
Event: 13.150 Executing VM operation: G1Concurrent done
Event: 14.158 Executing VM operation: Cleanup
Event: 14.159 Executing VM operation: Cleanup done
Event: 32.370 Executing VM operation: Cleanup
Event: 32.370 Executing VM operation: Cleanup done
Event: 39.434 Executing VM operation: Cleanup
Event: 39.434 Executing VM operation: Cleanup done
Event: 54.561 Executing VM operation: HandshakeAllThreads
Event: 54.561 Executing VM operation: HandshakeAllThreads done
Event: 54.561 Executing VM operation: Cleanup
Event: 54.561 Executing VM operation: Cleanup done
Event: 54.584 Executing VM operation: G1CollectForAllocation
Event: 54.589 Executing VM operation: G1CollectForAllocation done

Events (20 events):
Event: 13.615 Thread 0x000001ede6a6e0f0 Thread added: 0x000001ede6a6e0f0
Event: 13.625 Thread 0x000001ede6a6e5c0 Thread added: 0x000001ede6a6e5c0
Event: 13.626 Thread 0x000001ede6a6e5c0 Thread exited: 0x000001ede6a6e5c0
Event: 13.626 Thread 0x000001ede6a6ea90 Thread added: 0x000001ede6a6ea90
Event: 13.679 Thread 0x000001ede6a715e0 Thread added: 0x000001ede6a715e0
Event: 13.679 Thread 0x000001ede6a71ab0 Thread added: 0x000001ede6a71ab0
Event: 13.679 Thread 0x000001ede6a6f900 Thread added: 0x000001ede6a6f900
Event: 13.679 Thread 0x000001ede6a6e5c0 Thread added: 0x000001ede6a6e5c0
Event: 13.680 Thread 0x000001ede6a702a0 Thread added: 0x000001ede6a702a0
Event: 13.680 Thread 0x000001ede6a6fdd0 Thread added: 0x000001ede6a6fdd0
Event: 13.680 Thread 0x000001ede6a6ef60 Thread added: 0x000001ede6a6ef60
Event: 13.681 Thread 0x000001ede6a6f430 Thread added: 0x000001ede6a6f430
Event: 13.681 Thread 0x000001ede818bd20 Thread added: 0x000001ede818bd20
Event: 13.681 Thread 0x000001ede818b380 Thread added: 0x000001ede818b380
Event: 13.711 Thread 0x000001ede8188830 Thread added: 0x000001ede8188830
Event: 13.714 Thread 0x000001ede818a040 Thread added: 0x000001ede818a040
Event: 13.808 Thread 0x000001ede6ad98b0 Thread exited: 0x000001ede6ad98b0
Event: 13.814 Thread 0x000001ede6ad8750 Thread exited: 0x000001ede6ad8750
Event: 13.816 Thread 0x000001edc68272c0 Thread exited: 0x000001edc68272c0
Event: 13.816 Thread 0x000001ede818aeb0 Thread added: 0x000001ede818aeb0


Dynamic libraries:
0x00007ff705da0000 - 0x00007ff705dad000 	C:\Users\ERIN_JAVALead\.jdks\corretto-18.0.2\bin\java.exe
0x00007ffba4e30000 - 0x00007ffba5028000 	C:\WINDOWS\SYSTEM32\ntdll.dll
0x00007ffba4790000 - 0x00007ffba484d000 	C:\WINDOWS\System32\KERNEL32.DLL
0x00007ffba2950000 - 0x00007ffba2c46000 	C:\WINDOWS\System32\KERNELBASE.dll
0x00007ffba2700000 - 0x00007ffba2800000 	C:\WINDOWS\System32\ucrtbase.dll
0x00007ffb9cf50000 - 0x00007ffb9cf67000 	C:\Users\ERIN_JAVALead\.jdks\corretto-18.0.2\bin\jli.dll
0x00007ffba4400000 - 0x00007ffba459e000 	C:\WINDOWS\System32\USER32.dll
0x00007ffba2e00000 - 0x00007ffba2e22000 	C:\WINDOWS\System32\win32u.dll
0x00007ffba3ff0000 - 0x00007ffba401c000 	C:\WINDOWS\System32\GDI32.dll
0x00007ffba2ce0000 - 0x00007ffba2dfa000 	C:\WINDOWS\System32\gdi32full.dll
0x00007ffb9df20000 - 0x00007ffb9df35000 	C:\Users\ERIN_JAVALead\.jdks\corretto-18.0.2\bin\VCRUNTIME140.dll
0x00007ffba2800000 - 0x00007ffba289d000 	C:\WINDOWS\System32\msvcp_win.dll
0x00007ffb90c10000 - 0x00007ffb90eaa000 	C:\WINDOWS\WinSxS\amd64_microsoft.windows.common-controls_6595b64144ccf1df_6.0.19041.3636_none_60b6a03d71f818d5\COMCTL32.dll
0x00007ffba4cc0000 - 0x00007ffba4d5e000 	C:\WINDOWS\System32\msvcrt.dll
0x00007ffba2fb0000 - 0x00007ffba2fe0000 	C:\WINDOWS\System32\IMM32.DLL
0x00007ffb91000000 - 0x00007ffb9109b000 	C:\Users\ERIN_JAVALead\.jdks\corretto-18.0.2\bin\msvcp140.dll
0x00007ffb626f0000 - 0x00007ffb63361000 	C:\Users\ERIN_JAVALead\.jdks\corretto-18.0.2\bin\server\jvm.dll
0x00007ffba2fe0000 - 0x00007ffba308f000 	C:\WINDOWS\System32\ADVAPI32.dll
0x00007ffba4360000 - 0x00007ffba43fc000 	C:\WINDOWS\System32\sechost.dll
0x00007ffba4090000 - 0x00007ffba41b6000 	C:\WINDOWS\System32\RPCRT4.dll
0x00007ffba42a0000 - 0x00007ffba42a8000 	C:\WINDOWS\System32\PSAPI.DLL
0x00007ffb9fc50000 - 0x00007ffb9fc59000 	C:\WINDOWS\SYSTEM32\WSOCK32.dll
0x00007ffba4020000 - 0x00007ffba408b000 	C:\WINDOWS\System32\WS2_32.dll
0x00007ffb7d250000 - 0x00007ffb7d277000 	C:\WINDOWS\SYSTEM32\WINMM.dll
0x00007ffb9dca0000 - 0x00007ffb9dcaa000 	C:\WINDOWS\SYSTEM32\VERSION.dll
0x00007ffba03a0000 - 0x00007ffba03b2000 	C:\WINDOWS\SYSTEM32\kernel.appcore.dll
0x00007ffb9df10000 - 0x00007ffb9df1a000 	C:\Users\ERIN_JAVALead\.jdks\corretto-18.0.2\bin\jimage.dll
0x00007ffb81c10000 - 0x00007ffb81df4000 	C:\WINDOWS\SYSTEM32\DBGHELP.DLL
0x00007ffb81bc0000 - 0x00007ffb81bf4000 	C:\WINDOWS\SYSTEM32\dbgcore.DLL
0x00007ffba2c50000 - 0x00007ffba2cd2000 	C:\WINDOWS\System32\bcryptPrimitives.dll
0x00007ffb9cc80000 - 0x00007ffb9cc8e000 	C:\Users\ERIN_JAVALead\.jdks\corretto-18.0.2\bin\instrument.dll
0x00007ffb98470000 - 0x00007ffb98495000 	C:\Users\ERIN_JAVALead\.jdks\corretto-18.0.2\bin\java.dll
0x00007ffb73980000 - 0x00007ffb73a56000 	C:\Users\ERIN_JAVALead\.jdks\corretto-18.0.2\bin\jsvml.dll
0x00007ffba3360000 - 0x00007ffba3aa5000 	C:\WINDOWS\System32\SHELL32.dll
0x00007ffba05a0000 - 0x00007ffba0d3b000 	C:\WINDOWS\SYSTEM32\windows.storage.dll
0x00007ffba3bc0000 - 0x00007ffba3f14000 	C:\WINDOWS\System32\combase.dll
0x00007ffba1e50000 - 0x00007ffba1e7d000 	C:\WINDOWS\SYSTEM32\Wldp.dll
0x00007ffba3b10000 - 0x00007ffba3bbd000 	C:\WINDOWS\System32\SHCORE.dll
0x00007ffba4d60000 - 0x00007ffba4db5000 	C:\WINDOWS\System32\shlwapi.dll
0x00007ffba2410000 - 0x00007ffba2435000 	C:\WINDOWS\SYSTEM32\profapi.dll
0x00007ffb98450000 - 0x00007ffb98468000 	C:\Users\ERIN_JAVALead\.jdks\corretto-18.0.2\bin\zip.dll
0x00007ffb9cd80000 - 0x00007ffb9cd93000 	C:\Users\ERIN_JAVALead\.jdks\corretto-18.0.2\bin\net.dll
0x00007ffb9b800000 - 0x00007ffb9b90a000 	C:\WINDOWS\SYSTEM32\WINHTTP.dll
0x00007ffba1bb0000 - 0x00007ffba1c1a000 	C:\WINDOWS\system32\mswsock.dll
0x00007ffb9a4b0000 - 0x00007ffb9a4c5000 	C:\Users\ERIN_JAVALead\.jdks\corretto-18.0.2\bin\nio.dll
0x00007ffb90ba0000 - 0x00007ffb90bba000 	C:\Program Files\JetBrains\IntelliJ IDEA Community Edition 2021.3.3\bin\breakgen64.dll
0x00007ffb926c0000 - 0x00007ffb926c9000 	C:\Users\ERIN_JAVALead\.jdks\corretto-18.0.2\bin\management.dll
0x00007ffb926b0000 - 0x00007ffb926bb000 	C:\Users\ERIN_JAVALead\.jdks\corretto-18.0.2\bin\management_ext.dll
0x00007ffb90960000 - 0x00007ffb9096e000 	C:\Users\ERIN_JAVALead\.jdks\corretto-18.0.2\bin\sunmscapi.dll
0x00007ffba2530000 - 0x00007ffba268d000 	C:\WINDOWS\System32\CRYPT32.dll
0x00007ffba1ec0000 - 0x00007ffba1ee7000 	C:\WINDOWS\SYSTEM32\ncrypt.dll
0x00007ffba1e80000 - 0x00007ffba1ebb000 	C:\WINDOWS\SYSTEM32\NTASN1.dll
0x00007ffba1db0000 - 0x00007ffba1dc8000 	C:\WINDOWS\SYSTEM32\CRYPTSP.dll
0x00007ffba14e0000 - 0x00007ffba1514000 	C:\WINDOWS\system32\rsaenh.dll
0x00007ffba2e30000 - 0x00007ffba2e57000 	C:\WINDOWS\System32\bcrypt.dll
0x00007ffba2390000 - 0x00007ffba23be000 	C:\WINDOWS\SYSTEM32\USERENV.dll
0x00007ffba1da0000 - 0x00007ffba1dac000 	C:\WINDOWS\SYSTEM32\CRYPTBASE.dll
0x00007ffba18a0000 - 0x00007ffba18db000 	C:\WINDOWS\SYSTEM32\IPHLPAPI.DLL
0x00007ffba4350000 - 0x00007ffba4358000 	C:\WINDOWS\System32\NSI.dll
0x00007ffb9bf30000 - 0x00007ffb9bf47000 	C:\WINDOWS\SYSTEM32\dhcpcsvc6.DLL
0x00007ffb9c170000 - 0x00007ffb9c18d000 	C:\WINDOWS\SYSTEM32\dhcpcsvc.DLL
0x00007ffba18e0000 - 0x00007ffba19aa000 	C:\WINDOWS\SYSTEM32\DNSAPI.dll

dbghelp: loaded successfully - version: 4.0.5 - missing functions: none
symbol engine: initialized successfully - sym options: 0x614 - pdb path: .;C:\Users\ERIN_JAVALead\.jdks\corretto-18.0.2\bin;C:\WINDOWS\SYSTEM32;C:\WINDOWS\WinSxS\amd64_microsoft.windows.common-controls_6595b64144ccf1df_6.0.19041.3636_none_60b6a03d71f818d5;C:\Users\ERIN_JAVALead\.jdks\corretto-18.0.2\bin\server;C:\Program Files\JetBrains\IntelliJ IDEA Community Edition 2021.3.3\bin

VM Arguments:
jvm_args: -javaagent:C:\Program Files\JetBrains\IntelliJ IDEA Community Edition 2021.3.3\lib\idea_rt.jar=51225:C:\Program Files\JetBrains\IntelliJ IDEA Community Edition 2021.3.3\bin -Dfile.encoding=UTF-8 
java_command: test.springbootsecurity.springbootWithSecurity.SpringbootWithSecurityApplication
java_class_path (initial): C:\Users\ERIN_JAVALead\Downloads\springbootWithSecurity\springbootWithSecurity\target\classes;C:\Users\ERIN_JAVALead\.m2\repository\org\springframework\boot\spring-boot-starter-data-rest\3.2.1\spring-boot-starter-data-rest-3.2.1.jar;C:\Users\ERIN_JAVALead\.m2\repository\org\springframework\data\spring-data-rest-webmvc\4.2.1\spring-data-rest-webmvc-4.2.1.jar;C:\Users\ERIN_JAVALead\.m2\repository\org\springframework\data\spring-data-rest-core\4.2.1\spring-data-rest-core-4.2.1.jar;C:\Users\ERIN_JAVALead\.m2\repository\org\springframework\hateoas\spring-hateoas\2.2.0\spring-hateoas-2.2.0.jar;C:\Users\ERIN_JAVALead\.m2\repository\org\springframework\data\spring-data-commons\3.2.1\spring-data-commons-3.2.1.jar;C:\Users\ERIN_JAVALead\.m2\repository\org\springframework\plugin\spring-plugin-core\3.0.0\spring-plugin-core-3.0.0.jar;C:\Users\ERIN_JAVALead\.m2\repository\org\atteo\evo-inflector\1.3\evo-inflector-1.3.jar;C:\Users\ERIN_JAVALead\.m2\repository\com\fasterxml\jackson\core\jackson-databind\2.15.3\jackson-databind-2.15.3.jar;C:\Users\ERIN_JAVALead\.m2\repository\com\fasterxml\jackson\core\jackson-core\2.15.3\jackson-core-2.15.3.jar;C:\Users\ERIN_JAVALead\.m2\repository\com\fasterxml\jackson\core\jackson-annotations\2.15.3\jackson-annotations-2.15.3.jar;C:\Users\ERIN_JAVALead\.m2\repository\org\slf4j\slf4j-api\2.0.9\slf4j-api-2.0.9.jar;C:\Users\ERIN_JAVALead\.m2\repository\org\springframework\boot\spring-boot-starter-security\3.2.1\spring-boot-starter-security-3.2.1.jar;C:\Users\ERIN_JAVALead\.m2\repository\org\springframework\boot\spring-boot-starter\3.2.1\spring-boot-starter-3.2.1.jar;C:\Users\ERIN_JAVALead\.m2\repository\org\springframework\boot\spring-boot-starter-logging\3.2.1\spring-boot-starter-logging-3.2.1.jar;C:\Users\ERIN_JAVALead\.m2\repository\org\apache\logging\log4j\log4j-to-slf4j\2.21.1\log4j-to-slf4j-2.21.1.jar;C:\Users\ERIN_JAVALead\.m2\repository\org\apache\logging\log4j\log4j-api\2.21.1\log4j-api-2.21.1.jar;C:\Users\ERIN_JAVALead\.m2\repository\org\slf4j\jul-to-slf4j\2.0.9\jul-to-slf4j-2.0.9.jar;C:\Users\ERIN_JAVALead\.m2\repository\jakarta\annotation\jakarta.annotation-api\2.1.1\jakarta.annotation-api-2.1.1.jar;C:\Users\ERIN_JAVALead\.m2\repository\org\yaml\snakeyaml\2.2\snakeyaml-2.2.jar;C:\Users\ERIN_JAVALead\.m2\repository\org\springframework\spring-aop\6.1.2\spring-aop-6.1.2.jar;C:\Users\ERIN_JAVALead\.m2\repository\org\springframework\spring-beans\6.1.2\spring-beans-6.1.2.jar;C:\Users\ERIN_JAVALead\.m2\repository\org\springframework\security\spring-security-config\6.2.1\spring-security-config-6.2.1.jar;C:\Users\ERIN_JAVALead\.m2\repository\org\springframework\security\spring-security-web\6.2.1\spring-security-web-6.2.1.jar;C:\Users\ERIN_JAVALead\.m2\repository\org\springframework\spring-expression\6.1.2\spring-expression-6.1.2.jar;C:\Users\ERIN_JAVALead\.m2\repository\org\springframework\boot\spring-boot-starter-web\3.2.1\spring-boot-starter-web-3.2.1.jar;C:\Users\ERIN_JAVALead\.m2\repository\org\springframework\boot\spring-boot-starter-json\3.2.1\spring-boot-starter-json-3.2.1.jar;C:\Users\ERIN_JAVALead\.m2\repository\com\fasterxml\jackson\datatype\jackson-datatype-jdk8\2.15.3\jackson-datatype-jdk8-2.15.3.jar;C:\Users\ERIN_JAVALead\.m2\repository\com\fasterxml\jackson\datatype\jackson-datatype-jsr310\2.15.3\jackson-datatype-jsr310-2.15.3.jar;C:\Users\ERIN_JAVALead\.m2\repository\com\fasterxml\jackson\module\jackson-module-parameter-names\2.15.3\jackson-module-parameter-names-2.15.3.jar;C:\Users\ERIN_JAVALead\.m2\repository\org\springframework\boot\spring-boot-starter-tomcat\3.2.1\spring-boot-starter-tomcat-3.2.1.jar;C:\Users\ERIN_JAVALead\.m2\repository\org\apache\tomcat\embed\tomcat-embed-core\10.1.17\tomcat-embed-core-10.1.17.jar;C:\Users\ERIN_JAVALead\.m2\repository\org\apache\tomcat\embed\tomcat-embed-el\10.1.17\tomcat-embed-el-10.1.17.jar;C:\Users\ERIN_JAVALead\.m2\repository\org\apache\tomcat\embed\tomcat-embed-websocket\10.1.17\tomcat-embed-websocket-10.1.17.jar;C:\Users\ERIN_JAVALead\.m2\repository\org\springframework\spring-web\6.1.2\spring-web-6.1.2.jar;C:\Users\ERIN_JAVALead\.m2\repository\org\springframework\spring-webmvc\6.1.2\spring-webmvc-6.1.2.jar;C:\Users\ERIN_JAVALead\.m2\repository\org\springframework\kafka\spring-kafka\3.1.1\spring-kafka-3.1.1.jar;C:\Users\ERIN_JAVALead\.m2\repository\org\springframework\spring-context\6.1.2\spring-context-6.1.2.jar;C:\Users\ERIN_JAVALead\.m2\repository\org\springframework\spring-messaging\6.1.2\spring-messaging-6.1.2.jar;C:\Users\ERIN_JAVALead\.m2\repository\org\springframework\spring-tx\6.1.2\spring-tx-6.1.2.jar;C:\Users\ERIN_JAVALead\.m2\repository\org\springframework\retry\spring-retry\2.0.5\spring-retry-2.0.5.jar;C:\Users\ERIN_JAVALead\.m2\repository\org\apache\kafka\kafka-clients\3.6.1\kafka-clients-3.6.1.jar;C:\Users\ERIN_JAVALead\.m2\repository\com\github\luben\zstd-jni\1.5.5-1\zstd-jni-1.5.5-1.jar;C:\Users\ERIN_JAVALead\.m2\repository\org\lz4\lz4-java\1.8.0\lz4-java-1.8.0.jar;C:\Users\ERIN_JAVALead\.m2\repository\org\xerial\snappy\snappy-java\1.1.10.5\snappy-java-1.1.10.5.jar;C:\Users\ERIN_JAVALead\.m2\repository\io\micrometer\micrometer-observation\1.12.1\micrometer-observation-1.12.1.jar;C:\Users\ERIN_JAVALead\.m2\repository\io\micrometer\micrometer-commons\1.12.1\micrometer-commons-1.12.1.jar;C:\Users\ERIN_JAVALead\.m2\repository\com\google\code\findbugs\jsr305\3.0.2\jsr305-3.0.2.jar;C:\Users\ERIN_JAVALead\.m2\repository\org\springframework\boot\spring-boot-devtools\3.2.1\spring-boot-devtools-3.2.1.jar;C:\Users\ERIN_JAVALead\.m2\repository\org\springframework\boot\spring-boot\3.2.1\spring-boot-3.2.1.jar;C:\Users\ERIN_JAVALead\.m2\repository\org\springframework\boot\spring-boot-autoconfigure\3.2.1\spring-boot-autoconfigure-3.2.1.jar;C:\Users\ERIN_JAVALead\.m2\repository\org\projectlombok\lombok\1.18.30\lombok-1.18.30.jar;C:\Users\ERIN_JAVALead\.m2\repository\com\jayway\jsonpath\json-path\2.8.0\json-path-2.8.0.jar;C:\Users\ERIN_JAVALead\.m2\repository\net\minidev\json-smart\2.5.0\json-smart-2.5.0.jar;C:\Users\ERIN_JAVALead\.m2\repository\net\minidev\accessors-smart\2.5.0\accessors-smart-2.5.0.jar;C:\Users\ERIN_JAVALead\.m2\repository\org\ow2\asm\asm\9.3\asm-9.3.jar;C:\Users\ERIN_JAVALead\.m2\repository\org\springframework\spring-core\6.1.2\spring-core-6.1.2.jar;C:\Users\ERIN_JAVALead\.m2\repository\org\springframework\spring-jcl\6.1.2\spring-jcl-6.1.2.jar;C:\Users\ERIN_JAVALead\.m2\repository\ch\qos\logback\logback-core\1.4.14\logback-core-1.4.14.jar;C:\Users\ERIN_JAVALead\.m2\repository\ch\qos\logback\logback-classic\1.4.14\logback-classic-1.4.14.jar;C:\Users\ERIN_JAVALead\.m2\repository\org\springframework\security\spring-security-core\6.2.1\spring-security-core-6.2.1.jar;C:\Users\ERIN_JAVALead\.m2\repository\org\springframework\security\spring-security-crypto\6.2.1\spring-security-crypto-6.2.1.jar;C:\Users\ERIN_JAVALead\.m2\repository\io\jsonwebtoken\jjwt\0.12.3\jjwt-0.12.3.jar;C:\Users\ERIN_JAVALead\.m2\repository\io\jsonwebtoken\jjwt-api\0.12.3\jjwt-api-0.12.3.jar;C:\Users\ERIN_JAVALead\.m2\repository\io\jsonwebtoken\jjwt-impl\0.12.3\jjwt-impl-0.12.3.jar;C:\Users\ERIN_JAVALead\.m2\repository\io\jsonwebtoken\jjwt-jackson\0.12.3\jjwt-jackson-0.12.3.jar;C:\Users\ERIN_JAVALead\.m2\repository\javax\xml\bind\jaxb-api\2.3.0\jaxb-api-2.3.0.jar
Launcher Type: SUN_STANDARD

[Global flags]
     intx CICompilerCount                          = 3                                         {product} {ergonomic}
     uint ConcGCThreads                            = 1                                         {product} {ergonomic}
     uint G1ConcRefinementThreads                  = 4                                         {product} {ergonomic}
   size_t G1HeapRegionSize                         = 1048576                                   {product} {ergonomic}
    uintx GCDrainStackTargetSize                   = 64                                        {product} {ergonomic}
   size_t InitialHeapSize                          = 67108864                                  {product} {ergonomic}
   size_t MarkStackSize                            = 4194304                                   {product} {ergonomic}
   size_t MaxHeapSize                              = 1052770304                                {product} {ergonomic}
   size_t MaxNewSize                               = 631242752                                 {product} {ergonomic}
   size_t MinHeapDeltaBytes                        = 1048576                                   {product} {ergonomic}
   size_t MinHeapSize                              = 8388608                                   {product} {ergonomic}
    uintx NonNMethodCodeHeapSize                   = 5832780                                {pd product} {ergonomic}
    uintx NonProfiledCodeHeapSize                  = 122912730                              {pd product} {ergonomic}
    uintx ProfiledCodeHeapSize                     = 122912730                              {pd product} {ergonomic}
    uintx ReservedCodeCacheSize                    = 251658240                              {pd product} {ergonomic}
     bool SegmentedCodeCache                       = true                                      {product} {ergonomic}
   size_t SoftMaxHeapSize                          = 1052770304                             {manageable} {ergonomic}
     bool UseCompressedClassPointers               = true                           {product lp64_product} {ergonomic}
     bool UseCompressedOops                        = true                           {product lp64_product} {ergonomic}
     bool UseG1GC                                  = true                                      {product} {ergonomic}
     bool UseLargePagesIndividualAllocation        = false                                  {pd product} {ergonomic}

Logging:
Log output configuration:
 #0: stdout all=warning uptime,level,tags foldmultilines=false
 #1: stderr all=off uptime,level,tags foldmultilines=false

Environment Variables:
PATH=C:\WINDOWS\system32;C:\WINDOWS;C:\WINDOWS\System32\Wbem;C:\WINDOWS\System32\WindowsPowerShell\v1.0\;C:\WINDOWS\System32\OpenSSH\;C:\Program Files (x86)\nodejs\;C:\Program Files (x86)\nodejs\npm;C:\Users\ERIN_JAVALead\AppData\Roaming\npm;C:\Program Files\Git\cmd;C:\Program Files (x86)\dotnet\;C:\Program Files (x86)\Microsoft SQL Server\160\DTS\Binn\;C:\Program Files\Azure Data Studio\bin;C:\Program Files (x86)\Microsoft SQL Server\160\Tools\Binn\;C:\Program Files\Microsoft SQL Server\160\Tools\Binn\;C:\Program Files\Microsoft SQL Server\Client SDK\ODBC\170\Tools\Binn\;C:\Program Files\Microsoft SQL Server\160\DTS\Binn\;C:\Users\ERIN_JAVALead\AppData\Local\Microsoft\WindowsApps;;C:\Users\ERIN_JAVALead\AppData\Local\Programs\Microsoft VS Code\bin;C:\Users\ERIN_JAVALead\AppData\Roaming\npm;C:\Program Files\Azure Data Studio\bin
USERNAME=ERIN_JAVALead
OS=Windows_NT
PROCESSOR_IDENTIFIER=Intel64 Family 6 Model 78 Stepping 3, GenuineIntel



---------------  S Y S T E M  ---------------

OS:
 Windows 10 , 64 bit Build 19041 (10.0.19041.3636)
OS uptime: 0 days 0:46 hours

CPU: total 4 (initial active 4) (2 cores per cpu, 2 threads per core) family 6 model 78 stepping 3 microcode 0xcc, cx8, cmov, fxsr, ht, mmx, 3dnowpref, sse, sse2, sse3, ssse3, sse4.1, sse4.2, popcnt, lzcnt, tsc, tscinvbit, avx, avx2, aes, erms, clmul, bmi1, bmi2, adx, fma, vzeroupper, clflush, clflushopt

Memory: 4k page, system-wide physical 4012M (262M free)
TotalPageFile size 6060M (AvailPageFile size 3M)
current process WorkingSet (physical memory assigned to process): 159M, peak: 172M
current process commit charge ("private bytes"): 190M, peak: 203M

vm_info: OpenJDK 64-Bit Server VM (18.0.2+9-FR) for windows-amd64 JRE (18.0.2+9-FR), built on Jul 15 2022 20:03:03 by "Administrator" with MS VC++ 15.9 (VS2017)

END.
