#
# There is insufficient memory for the Java Runtime Environment to continue.
# Native memory allocation (malloc) failed to allocate 2377952 bytes for Chunk::new
# Possible reasons:
#   The system is out of physical RAM or swap space
#   The process is running with CompressedOops enabled, and the Java Heap may be blocking the growth of the native heap
# Possible solutions:
#   Reduce memory load on the system
#   Increase physical memory or swap space
#   Check if swap backing store is full
#   Decrease Java heap size (-Xmx/-Xms)
#   Decrease number of Java threads
#   Decrease Java thread stack sizes (-Xss)
#   Set larger code cache with -XX:ReservedCodeCacheSize=
#   JVM is running with Unscaled Compressed Oops mode in which the Java heap is
#     placed in the first 4GB address space. The Java Heap base address is the
#     maximum limit for the native heap growth. Please use -XX:HeapBaseMinAddress
#     to set the Java Heap base and to place the Java Heap above 4GB virtual address.
# This output file may be truncated or incomplete.
#
#  Out of Memory Error (arena.cpp:184), pid=7292, tid=11468
#
# JRE version: OpenJDK Runtime Environment Corretto-18.0.2.9.1 (18.0.2+9) (build 18.0.2+9-FR)
# Java VM: OpenJDK 64-Bit Server VM Corretto-18.0.2.9.1 (18.0.2+9-FR, mixed mode, sharing, tiered, compressed oops, compressed class ptrs, g1 gc, windows-amd64)
# No core dump will be written. Minidumps are not enabled by default on client versions of Windows
#

---------------  S U M M A R Y ------------

Command Line: -javaagent:C:\Program Files\JetBrains\IntelliJ IDEA Community Edition 2021.3.3\lib\idea_rt.jar=51029:C:\Program Files\JetBrains\IntelliJ IDEA Community Edition 2021.3.3\bin -Dfile.encoding=UTF-8 test.springbootsecurity.springbootWithSecurity.SpringbootWithSecurityApplication

Host: Intel(R) Core(TM) i3-6006U CPU @ 2.00GHz, 4 cores, 3G,  Windows 10 , 64 bit Build 19041 (10.0.19041.3636)
Time: Sat Dec 23 01:02:44 2023 Egypt Standard Time elapsed time: 11.303925 seconds (0d 0h 0m 11s)

---------------  T H R E A D  ---------------

Current thread (0x000001dafed0c390):  JavaThread "C2 CompilerThread0" daemon [_thread_in_native, id=11468, stack(0x000000b94c000000,0x000000b94c100000)]


Current CompileTask:
C2:  11304 3883       4       org.springframework.core.annotation.TypeMappedAnnotations::get (52 bytes)

Stack: [0x000000b94c000000,0x000000b94c100000]
Native frames: (J=compiled Java code, j=interpreted, Vv=VM code, C=native code)
V  [jvm.dll+0x685a2a]
V  [jvm.dll+0x82ae8d]
V  [jvm.dll+0x82c75e]
V  [jvm.dll+0x82ce03]
V  [jvm.dll+0x25ef4b]
V  [jvm.dll+0xd42d2]
V  [jvm.dll+0xd4665]
V  [jvm.dll+0x38578b]
V  [jvm.dll+0x34d82a]
V  [jvm.dll+0x34cc1a]
V  [jvm.dll+0x233a65]
V  [jvm.dll+0x232f37]
V  [jvm.dll+0x1c0a35]
V  [jvm.dll+0x24212c]
V  [jvm.dll+0x240534]
V  [jvm.dll+0x7df6db]
V  [jvm.dll+0x7d9cba]
V  [jvm.dll+0x6848a5]
C  [ucrtbase.dll+0x21bb2]
C  [KERNEL32.DLL+0x17344]
C  [ntdll.dll+0x526b1]


---------------  P R O C E S S  ---------------

Threads class SMR info:
_java_thread_list=0x000001da878681a0, length=19, elements={
0x000001dae57a50b0, 0x000001dafecf2770, 0x000001dafecf33d0, 0x000001dafed089d0,
0x000001dafed0a380, 0x000001dafed0ad20, 0x000001dafed0b6c0, 0x000001dafed0c390,
0x000001dafed0d510, 0x000001dafed8ee50, 0x000001dafef0d090, 0x000001daff22e0e0,
0x000001daff22e5a0, 0x000001daff529590, 0x000001daff872360, 0x000001da873bb990,
0x000001da86dbf310, 0x000001da86dbf7e0, 0x000001da86dbe970
}

Java Threads: ( => current thread )
  0x000001dae57a50b0 JavaThread "main" [_thread_blocked, id=5788, stack(0x000000b94b300000,0x000000b94b400000)]
  0x000001dafecf2770 JavaThread "Reference Handler" daemon [_thread_blocked, id=6236, stack(0x000000b94ba00000,0x000000b94bb00000)]
  0x000001dafecf33d0 JavaThread "Finalizer" daemon [_thread_blocked, id=12980, stack(0x000000b94bb00000,0x000000b94bc00000)]
  0x000001dafed089d0 JavaThread "Signal Dispatcher" daemon [_thread_blocked, id=12824, stack(0x000000b94bc00000,0x000000b94bd00000)]
  0x000001dafed0a380 JavaThread "Attach Listener" daemon [_thread_blocked, id=212, stack(0x000000b94bd00000,0x000000b94be00000)]
  0x000001dafed0ad20 JavaThread "Service Thread" daemon [_thread_blocked, id=7704, stack(0x000000b94be00000,0x000000b94bf00000)]
  0x000001dafed0b6c0 JavaThread "Monitor Deflation Thread" daemon [_thread_blocked, id=1488, stack(0x000000b94bf00000,0x000000b94c000000)]
=>0x000001dafed0c390 JavaThread "C2 CompilerThread0" daemon [_thread_in_native, id=11468, stack(0x000000b94c000000,0x000000b94c100000)]
  0x000001dafed0d510 JavaThread "C1 CompilerThread0" daemon [_thread_blocked, id=2384, stack(0x000000b94c100000,0x000000b94c200000)]
  0x000001dafed8ee50 JavaThread "Sweeper thread" daemon [_thread_blocked, id=4120, stack(0x000000b94c200000,0x000000b94c300000)]
  0x000001dafef0d090 JavaThread "Common-Cleaner" daemon [_thread_blocked, id=1548, stack(0x000000b94c300000,0x000000b94c400000)]
  0x000001daff22e0e0 JavaThread "Monitor Ctrl-Break" daemon [_thread_in_native, id=9132, stack(0x000000b94c400000,0x000000b94c500000)]
  0x000001daff22e5a0 JavaThread "Notification Thread" daemon [_thread_blocked, id=2008, stack(0x000000b94c500000,0x000000b94c600000)]
  0x000001daff529590 JavaThread "Thread-0" [_thread_blocked, id=11696, stack(0x000000b94ca00000,0x000000b94cb00000)]
  0x000001daff872360 JavaThread "restartedMain" [_thread_in_vm, id=7540, stack(0x000000b94cb00000,0x000000b94cc00000)]
  0x000001da873bb990 JavaThread "C2 CompilerThread1" daemon [_thread_in_native, id=5604, stack(0x000000b94cc00000,0x000000b94cd00000)]
  0x000001da86dbf310 JavaThread "Catalina-utility-1" [_thread_blocked, id=8848, stack(0x000000b94cd00000,0x000000b94ce00000)]
  0x000001da86dbf7e0 JavaThread "Catalina-utility-2" [_thread_blocked, id=11184, stack(0x000000b94ce00000,0x000000b94cf00000)]
  0x000001da86dbe970 JavaThread "container-0" [_thread_blocked, id=4304, stack(0x000000b94cf00000,0x000000b94d000000)]

Other Threads:
  0x000001dafecedfc0 VMThread "VM Thread" [stack: 0x000000b94b900000,0x000000b94ba00000] [id=7508]
  0x000001daff118d50 WatcherThread "VM Periodic Task Thread" [stack: 0x000000b94c600000,0x000000b94c700000] [id=1444]
  0x000001dae57e57d0 WorkerThread "GC Thread#0" [stack: 0x000000b94b400000,0x000000b94b500000] [id=2812]
  0x000001daff531440 WorkerThread "GC Thread#1" [stack: 0x000000b94c700000,0x000000b94c800000] [id=1052]
  0x000001daffa39770 WorkerThread "GC Thread#2" [stack: 0x000000b94c800000,0x000000b94c900000] [id=8616]
  0x000001daff571cc0 WorkerThread "GC Thread#3" [stack: 0x000000b94c900000,0x000000b94ca00000] [id=4844]
  0x000001dae57ee480 ConcurrentGCThread "G1 Main Marker" [stack: 0x000000b94b500000,0x000000b94b600000] [id=9424]
  0x000001dae57f0280 WorkerThread "G1 Conc#0" [stack: 0x000000b94b600000,0x000000b94b700000] [id=492]
  0x000001dae5817690 ConcurrentGCThread "G1 Refine#0" [stack: 0x000000b94b700000,0x000000b94b800000] [id=3324]
  0x000001dae5817fa0 ConcurrentGCThread "G1 Service" [stack: 0x000000b94b800000,0x000000b94b900000] [id=11928]

Threads with active compile tasks:
C2 CompilerThread0    11366 3883       4       org.springframework.core.annotation.TypeMappedAnnotations::get (52 bytes)
C2 CompilerThread1    11366 3985   !   4       org.springframework.core.annotation.AnnotationsScanner::processMethodHierarchy (276 bytes)

VM state: not at safepoint (normal execution)

VM Mutex/Monitor currently owned by a thread: None

Heap address: 0x00000000c1400000, size: 1004 MB, Compressed Oops mode: 32-bit

CDS archive(s) mapped at: [0x0000000800000000-0x0000000800ba0000-0x0000000800ba0000), size 12189696, SharedBaseAddress: 0x0000000800000000, ArchiveRelocationMode: 0.
Compressed class space mapped at: 0x0000000800c00000-0x0000000840c00000, reserved size: 1073741824
Narrow klass base: 0x0000000800000000, Narrow klass shift: 0, Narrow klass range: 0x100000000

GC Precious Log:
 CardTable entry size: 512
 Card Set container configuration: InlinePtr #cards 5 size 8 Array Of Cards #cards 12 size 40 Howl #buckets 4 coarsen threshold 1843 Howl Bitmap #cards 512 size 80 coarsen threshold 460 Card regions per heap region 1 cards per card region 2048
 CPUs: 4 total, 4 available
 Memory: 4012M
 Large Page Support: Disabled
 NUMA Support: Disabled
 Compressed Oops: Enabled (32-bit)
 Heap Region Size: 1M
 Heap Min Capacity: 8M
 Heap Initial Capacity: 64M
 Heap Max Capacity: 1004M
 Pre-touch: Disabled
 Parallel Workers: 4
 Concurrent Workers: 1
 Concurrent Refinement Workers: 4
 Periodic GC: Disabled

Heap:
 garbage-first heap   total 51200K, used 29027K [0x00000000c1400000, 0x0000000100000000)
  region size 1024K, 16 young (16384K), 1 survivors (1024K)
 Metaspace       used 29217K, committed 29696K, reserved 1114112K
  class space    used 3630K, committed 3840K, reserved 1048576K

Heap Regions: E=young(eden), S=young(survivor), O=old, HS=humongous(starts), HC=humongous(continues), CS=collection set, F=free, OA=open archive, CA=closed archive, TAMS=top-at-mark-start (previous, next)
|   0|0x00000000c1400000, 0x00000000c1500000, 0x00000000c1500000|100%| O|  |TAMS 0x00000000c1500000, 0x00000000c1400000| Untracked 
|   1|0x00000000c1500000, 0x00000000c1600000, 0x00000000c1600000|100%| O|  |TAMS 0x00000000c1600000, 0x00000000c1500000| Untracked 
|   2|0x00000000c1600000, 0x00000000c1700000, 0x00000000c1700000|100%| O|  |TAMS 0x00000000c1700000, 0x00000000c1600000| Untracked 
|   3|0x00000000c1700000, 0x00000000c1800000, 0x00000000c1800000|100%| O|  |TAMS 0x00000000c1800000, 0x00000000c1700000| Untracked 
|   4|0x00000000c1800000, 0x00000000c1900000, 0x00000000c1900000|100%| O|  |TAMS 0x00000000c1900000, 0x00000000c1800000| Untracked 
|   5|0x00000000c1900000, 0x00000000c1a00000, 0x00000000c1a00000|100%| O|  |TAMS 0x00000000c19ee400, 0x00000000c1900000| Untracked 
|   6|0x00000000c1a00000, 0x00000000c1b00000, 0x00000000c1b00000|100%| O|  |TAMS 0x00000000c1a00000, 0x00000000c1a00000| Untracked 
|   7|0x00000000c1b00000, 0x00000000c1c00000, 0x00000000c1c00000|100%| O|  |TAMS 0x00000000c1b00000, 0x00000000c1b00000| Untracked 
|   8|0x00000000c1c00000, 0x00000000c1d00000, 0x00000000c1d00000|100%| O|  |TAMS 0x00000000c1c00000, 0x00000000c1c00000| Untracked 
|   9|0x00000000c1d00000, 0x00000000c1e00000, 0x00000000c1e00000|100%| O|  |TAMS 0x00000000c1d00000, 0x00000000c1d00000| Untracked 
|  10|0x00000000c1e00000, 0x00000000c1e00000, 0x00000000c1f00000|  0%| F|  |TAMS 0x00000000c1e00000, 0x00000000c1e00000| Untracked 
|  11|0x00000000c1f00000, 0x00000000c2000000, 0x00000000c2000000|100%| O|  |TAMS 0x00000000c1f00000, 0x00000000c1f00000| Untracked 
|  12|0x00000000c2000000, 0x00000000c2100000, 0x00000000c2100000|100%| O|  |TAMS 0x00000000c2000000, 0x00000000c2000000| Untracked 
|  13|0x00000000c2100000, 0x00000000c2200000, 0x00000000c2200000|100%| O|  |TAMS 0x00000000c2100000, 0x00000000c2100000| Untracked 
|  14|0x00000000c2200000, 0x00000000c2300000, 0x00000000c2300000|100%| O|  |TAMS 0x00000000c2200000, 0x00000000c2200000| Untracked 
|  15|0x00000000c2300000, 0x00000000c23a1e00, 0x00000000c2400000| 63%| O|  |TAMS 0x00000000c2300000, 0x00000000c2300000| Untracked 
|  16|0x00000000c2400000, 0x00000000c2400000, 0x00000000c2500000|  0%| F|  |TAMS 0x00000000c2400000, 0x00000000c2400000| Untracked 
|  17|0x00000000c2500000, 0x00000000c2500000, 0x00000000c2600000|  0%| F|  |TAMS 0x00000000c2500000, 0x00000000c2500000| Untracked 
|  18|0x00000000c2600000, 0x00000000c2600000, 0x00000000c2700000|  0%| F|  |TAMS 0x00000000c2600000, 0x00000000c2600000| Untracked 
|  19|0x00000000c2700000, 0x00000000c2700000, 0x00000000c2800000|  0%| F|  |TAMS 0x00000000c2700000, 0x00000000c2700000| Untracked 
|  20|0x00000000c2800000, 0x00000000c2800000, 0x00000000c2900000|  0%| F|  |TAMS 0x00000000c2800000, 0x00000000c2800000| Untracked 
|  21|0x00000000c2900000, 0x00000000c2900000, 0x00000000c2a00000|  0%| F|  |TAMS 0x00000000c2900000, 0x00000000c2900000| Untracked 
|  22|0x00000000c2a00000, 0x00000000c2a00000, 0x00000000c2b00000|  0%| F|  |TAMS 0x00000000c2a00000, 0x00000000c2a00000| Untracked 
|  23|0x00000000c2b00000, 0x00000000c2b00000, 0x00000000c2c00000|  0%| F|  |TAMS 0x00000000c2b00000, 0x00000000c2b00000| Untracked 
|  24|0x00000000c2c00000, 0x00000000c2c00000, 0x00000000c2d00000|  0%| F|  |TAMS 0x00000000c2c00000, 0x00000000c2c00000| Untracked 
|  25|0x00000000c2d00000, 0x00000000c2d00000, 0x00000000c2e00000|  0%| F|  |TAMS 0x00000000c2d00000, 0x00000000c2d00000| Untracked 
|  26|0x00000000c2e00000, 0x00000000c2e00000, 0x00000000c2f00000|  0%| F|  |TAMS 0x00000000c2e00000, 0x00000000c2e00000| Untracked 
|  27|0x00000000c2f00000, 0x00000000c2f00000, 0x00000000c3000000|  0%| F|  |TAMS 0x00000000c2f00000, 0x00000000c2f00000| Untracked 
|  28|0x00000000c3000000, 0x00000000c3000000, 0x00000000c3100000|  0%| F|  |TAMS 0x00000000c3000000, 0x00000000c3000000| Untracked 
|  29|0x00000000c3100000, 0x00000000c3100000, 0x00000000c3200000|  0%| F|  |TAMS 0x00000000c3100000, 0x00000000c3100000| Untracked 
|  30|0x00000000c3200000, 0x00000000c3200000, 0x00000000c3300000|  0%| F|  |TAMS 0x00000000c3200000, 0x00000000c3200000| Untracked 
|  31|0x00000000c3300000, 0x00000000c3300000, 0x00000000c3400000|  0%| F|  |TAMS 0x00000000c3300000, 0x00000000c3300000| Untracked 
|  32|0x00000000c3400000, 0x00000000c3400000, 0x00000000c3500000|  0%| F|  |TAMS 0x00000000c3400000, 0x00000000c3400000| Untracked 
|  33|0x00000000c3500000, 0x00000000c3500000, 0x00000000c3600000|  0%| F|  |TAMS 0x00000000c3500000, 0x00000000c3500000| Untracked 
|  34|0x00000000c3600000, 0x00000000c36fc5d8, 0x00000000c3700000| 99%| E|  |TAMS 0x00000000c3600000, 0x00000000c3600000| Complete 
|  35|0x00000000c3700000, 0x00000000c3800000, 0x00000000c3800000|100%| E|  |TAMS 0x00000000c3700000, 0x00000000c3700000| Complete 
|  36|0x00000000c3800000, 0x00000000c3900000, 0x00000000c3900000|100%| E|CS|TAMS 0x00000000c3800000, 0x00000000c3800000| Complete 
|  37|0x00000000c3900000, 0x00000000c3a00000, 0x00000000c3a00000|100%| E|CS|TAMS 0x00000000c3900000, 0x00000000c3900000| Complete 
|  38|0x00000000c3a00000, 0x00000000c3b00000, 0x00000000c3b00000|100%| E|CS|TAMS 0x00000000c3a00000, 0x00000000c3a00000| Complete 
|  39|0x00000000c3b00000, 0x00000000c3c00000, 0x00000000c3c00000|100%| E|CS|TAMS 0x00000000c3b00000, 0x00000000c3b00000| Complete 
|  40|0x00000000c3c00000, 0x00000000c3d00000, 0x00000000c3d00000|100%| E|CS|TAMS 0x00000000c3c00000, 0x00000000c3c00000| Complete 
|  41|0x00000000c3d00000, 0x00000000c3e00000, 0x00000000c3e00000|100%| E|CS|TAMS 0x00000000c3d00000, 0x00000000c3d00000| Complete 
|  42|0x00000000c3e00000, 0x00000000c3f00000, 0x00000000c3f00000|100%| E|CS|TAMS 0x00000000c3e00000, 0x00000000c3e00000| Complete 
|  43|0x00000000c3f00000, 0x00000000c4000000, 0x00000000c4000000|100%| E|CS|TAMS 0x00000000c3f00000, 0x00000000c3f00000| Complete 
|  44|0x00000000c4000000, 0x00000000c4100000, 0x00000000c4100000|100%| E|CS|TAMS 0x00000000c4000000, 0x00000000c4000000| Complete 
|  45|0x00000000c4100000, 0x00000000c4200000, 0x00000000c4200000|100%| E|CS|TAMS 0x00000000c4100000, 0x00000000c4100000| Complete 
|  46|0x00000000c4200000, 0x00000000c4300000, 0x00000000c4300000|100%| E|CS|TAMS 0x00000000c4200000, 0x00000000c4200000| Complete 
|  47|0x00000000c4300000, 0x00000000c4400000, 0x00000000c4400000|100%| E|CS|TAMS 0x00000000c4300000, 0x00000000c4300000| Complete 
|  48|0x00000000c4400000, 0x00000000c44b6e60, 0x00000000c4500000| 71%| S|CS|TAMS 0x00000000c4400000, 0x00000000c4400000| Complete 
|  63|0x00000000c5300000, 0x00000000c5400000, 0x00000000c5400000|100%| E|CS|TAMS 0x00000000c5300000, 0x00000000c5300000| Complete 

Card table byte_map: [0x000001dafc570000,0x000001dafc770000] _byte_map_base: 0x000001dafbf66000

Marking Bits (Prev, Next): (CMBitMap*) 0x000001dae57e5e10, (CMBitMap*) 0x000001dae57e5dd0
 Prev Bits: [0x000001dafd920000, 0x000001dafe8d0000)
 Next Bits: [0x000001dafc970000, 0x000001dafd920000)

Polling page: 0x000001dae3540000

Metaspace:

Usage:
  Non-class:     25.01 MB used.
      Class:      3.55 MB used.
       Both:     28.55 MB used.

Virtual space:
  Non-class space:       64.00 MB reserved,      25.25 MB ( 39%) committed,  1 nodes.
      Class space:        1.00 GB reserved,       3.75 MB ( <1%) committed,  1 nodes.
             Both:        1.06 GB reserved,      29.00 MB (  3%) committed. 

Chunk freelists:
   Non-Class:  2.58 MB
       Class:  128.00 KB
        Both:  2.70 MB

MaxMetaspaceSize: unlimited
CompressedClassSpaceSize: 1.00 GB
Initial GC threshold: 21.00 MB
Current GC threshold: 35.25 MB
CDS: on
MetaspaceReclaimPolicy: balanced
 - commit_granule_bytes: 65536.
 - commit_granule_words: 8192.
 - virtual_space_node_default_size: 8388608.
 - enlarge_chunks_in_place: 1.
 - new_chunks_are_fully_committed: 0.
 - uncommit_free_chunks: 1.
 - use_allocation_guard: 0.


Internal statistics:

num_allocs_failed_limit: 3.
num_arena_births: 698.
num_arena_deaths: 0.
num_vsnodes_births: 2.
num_vsnodes_deaths: 0.
num_space_committed: 464.
num_space_uncommitted: 0.
num_chunks_returned_to_freelist: 3.
num_chunks_taken_from_freelist: 1724.
num_chunk_merges: 3.
num_chunk_splits: 1187.
num_chunks_enlarged: 876.
num_inconsistent_stats: 0.

CodeHeap 'non-profiled nmethods': size=120000Kb used=1837Kb max_used=1837Kb free=118162Kb
 bounds [0x000001daf4e40000, 0x000001daf50b0000, 0x000001dafc370000]
CodeHeap 'profiled nmethods': size=120000Kb used=8823Kb max_used=8823Kb free=111176Kb
 bounds [0x000001daed910000, 0x000001daee1b0000, 0x000001daf4e40000]
CodeHeap 'non-nmethods': size=5760Kb used=1219Kb max_used=1274Kb free=4540Kb
 bounds [0x000001daed370000, 0x000001daed5e0000, 0x000001daed910000]
 total_blobs=4526 nmethods=4018 adapters=420
 compilation: enabled
              stopped_count=0, restarted_count=0
 full_count=0

Compilation events (20 events):
Event: 11.115 Thread 0x000001dafed0d510 4017       1       java.lang.invoke.MethodHandleImpl$IntrinsicMethodHandle::intrinsicName (5 bytes)
Event: 11.115 Thread 0x000001dafed0d510 nmethod 4017 0x000001daf500b090 code [0x000001daf500b220, 0x000001daf500b2f8]
Event: 11.119 Thread 0x000001dafed0d510 4018       3       org.springframework.core.convert.support.GenericConversionService$ConverterAdapter::<init> (41 bytes)
Event: 11.120 Thread 0x000001dafed0d510 nmethod 4018 0x000001daee1a5a90 code [0x000001daee1a5cc0, 0x000001daee1a68b8]
Event: 11.121 Thread 0x000001dafed0d510 4019       3       org.springframework.core.convert.support.GenericConversionService$ConverterAdapter::getConvertibleTypes (8 bytes)
Event: 11.121 Thread 0x000001dafed0d510 nmethod 4019 0x000001daee1a6c90 code [0x000001daee1a6e60, 0x000001daee1a71f8]
Event: 11.121 Thread 0x000001dafed0d510 4020       3       org.springframework.core.convert.support.GenericConversionService::getRequiredTypeInfo (57 bytes)
Event: 11.122 Thread 0x000001dafed0d510 nmethod 4020 0x000001daee1a7390 code [0x000001daee1a7580, 0x000001daee1a7bc8]
Event: 11.131 Thread 0x000001dafed0d510 4021       3       org.springframework.beans.AbstractNestablePropertyAccessor::getWrappedClass (8 bytes)
Event: 11.132 Thread 0x000001dafed0d510 nmethod 4021 0x000001daee1a7e10 code [0x000001daee1a7fe0, 0x000001daee1a8348]
Event: 11.134 Thread 0x000001dafed0d510 4022       3       org.springframework.aop.framework.autoproxy.AutoProxyUtils::isOriginalInstance (55 bytes)
Event: 11.136 Thread 0x000001dafed0d510 nmethod 4022 0x000001daee1a8510 code [0x000001daee1a87a0, 0x000001daee1a93b8]
Event: 11.146 Thread 0x000001dafed0d510 4023       3       org.springframework.util.ReflectionUtils::findDefaultMethodsOnInterfaces (97 bytes)
Event: 11.148 Thread 0x000001dafed0d510 nmethod 4023 0x000001daee1a9810 code [0x000001daee1a9a40, 0x000001daee1aa318]
Event: 11.157 Thread 0x000001dafed0d510 4024       1       java.lang.reflect.Method::getMethodAccessor (5 bytes)
Event: 11.157 Thread 0x000001dafed0d510 nmethod 4024 0x000001daf500b390 code [0x000001daf500b520, 0x000001daf500b5f8]
Event: 11.157 Thread 0x000001dafed0d510 4025       3       java.lang.reflect.Method::setMethodAccessor (20 bytes)
Event: 11.158 Thread 0x000001dafed0d510 nmethod 4025 0x000001daee1aa790 code [0x000001daee1aa940, 0x000001daee1aac28]
Event: 11.179 Thread 0x000001dafed0d510 4027       3       org.springframework.beans.factory.support.DefaultListableBeanFactory::findAnnotationOnBean (174 bytes)
Event: 11.181 Thread 0x000001dafed0d510 nmethod 4027 0x000001daee1aad10 code [0x000001daee1ab060, 0x000001daee1ac828]

GC Heap History (14 events):
Event: 1.774 GC heap before
{Heap before GC invocations=0 (full 0):
 garbage-first heap   total 65536K, used 12288K [0x00000000c1400000, 0x0000000100000000)
  region size 1024K, 13 young (13312K), 0 survivors (0K)
 Metaspace       used 3733K, committed 3840K, reserved 1114112K
  class space    used 386K, committed 448K, reserved 1048576K
}
Event: 1.784 GC heap after
{Heap after GC invocations=1 (full 0):
 garbage-first heap   total 65536K, used 4856K [0x00000000c1400000, 0x0000000100000000)
  region size 1024K, 2 young (2048K), 2 survivors (2048K)
 Metaspace       used 3733K, committed 3840K, reserved 1114112K
  class space    used 386K, committed 448K, reserved 1048576K
}
Event: 2.917 GC heap before
{Heap before GC invocations=1 (full 0):
 garbage-first heap   total 65536K, used 17144K [0x00000000c1400000, 0x0000000100000000)
  region size 1024K, 14 young (14336K), 2 survivors (2048K)
 Metaspace       used 6808K, committed 6976K, reserved 1114112K
  class space    used 763K, committed 832K, reserved 1048576K
}
Event: 2.925 GC heap after
{Heap after GC invocations=2 (full 0):
 garbage-first heap   total 65536K, used 6163K [0x00000000c1400000, 0x0000000100000000)
  region size 1024K, 2 young (2048K), 2 survivors (2048K)
 Metaspace       used 6808K, committed 6976K, reserved 1114112K
  class space    used 763K, committed 832K, reserved 1048576K
}
Event: 4.306 GC heap before
{Heap before GC invocations=2 (full 0):
 garbage-first heap   total 65536K, used 27667K [0x00000000c1400000, 0x0000000100000000)
  region size 1024K, 24 young (24576K), 2 survivors (2048K)
 Metaspace       used 12405K, committed 12672K, reserved 1114112K
  class space    used 1423K, committed 1536K, reserved 1048576K
}
Event: 4.313 GC heap after
{Heap after GC invocations=3 (full 0):
 garbage-first heap   total 65536K, used 7989K [0x00000000c1400000, 0x0000000100000000)
  region size 1024K, 3 young (3072K), 3 survivors (3072K)
 Metaspace       used 12405K, committed 12672K, reserved 1114112K
  class space    used 1423K, committed 1536K, reserved 1048576K
}
Event: 7.081 GC heap before
{Heap before GC invocations=3 (full 0):
 garbage-first heap   total 65536K, used 40757K [0x00000000c1400000, 0x0000000100000000)
  region size 1024K, 36 young (36864K), 3 survivors (3072K)
 Metaspace       used 18069K, committed 18368K, reserved 1114112K
  class space    used 2159K, committed 2304K, reserved 1048576K
}
Event: 7.095 GC heap after
{Heap after GC invocations=4 (full 0):
 garbage-first heap   total 65536K, used 10909K [0x00000000c1400000, 0x0000000100000000)
  region size 1024K, 5 young (5120K), 5 survivors (5120K)
 Metaspace       used 18069K, committed 18368K, reserved 1114112K
  class space    used 2159K, committed 2304K, reserved 1048576K
}
Event: 8.334 GC heap before
{Heap before GC invocations=4 (full 0):
 garbage-first heap   total 65536K, used 34461K [0x00000000c1400000, 0x0000000100000000)
  region size 1024K, 29 young (29696K), 5 survivors (5120K)
 Metaspace       used 21255K, committed 21504K, reserved 1114112K
  class space    used 2548K, committed 2688K, reserved 1048576K
}
Event: 8.345 GC heap after
{Heap after GC invocations=5 (full 0):
 garbage-first heap   total 65536K, used 12553K [0x00000000c1400000, 0x0000000100000000)
  region size 1024K, 3 young (3072K), 3 survivors (3072K)
 Metaspace       used 21255K, committed 21504K, reserved 1114112K
  class space    used 2548K, committed 2688K, reserved 1048576K
}
Event: 10.225 GC heap before
{Heap before GC invocations=6 (full 0):
 garbage-first heap   total 51200K, used 40201K [0x00000000c1400000, 0x0000000100000000)
  region size 1024K, 30 young (30720K), 3 survivors (3072K)
 Metaspace       used 26977K, committed 27456K, reserved 1114112K
  class space    used 3302K, committed 3520K, reserved 1048576K
}
Event: 10.237 GC heap after
{Heap after GC invocations=7 (full 0):
 garbage-first heap   total 51200K, used 14894K [0x00000000c1400000, 0x0000000100000000)
  region size 1024K, 4 young (4096K), 4 survivors (4096K)
 Metaspace       used 26977K, committed 27456K, reserved 1114112K
  class space    used 3302K, committed 3520K, reserved 1048576K
}
Event: 10.335 GC heap before
{Heap before GC invocations=7 (full 0):
 garbage-first heap   total 51200K, used 15918K [0x00000000c1400000, 0x0000000100000000)
  region size 1024K, 5 young (5120K), 4 survivors (4096K)
 Metaspace       used 27057K, committed 27520K, reserved 1114112K
  class space    used 3317K, committed 3520K, reserved 1048576K
}
Event: 10.349 GC heap after
{Heap after GC invocations=8 (full 0):
 garbage-first heap   total 51200K, used 15715K [0x00000000c1400000, 0x0000000100000000)
  region size 1024K, 1 young (1024K), 1 survivors (1024K)
 Metaspace       used 27057K, committed 27520K, reserved 1114112K
  class space    used 3317K, committed 3520K, reserved 1048576K
}

Deoptimization events (20 events):
Event: 10.850 Thread 0x000001daff872360 Uncommon trap: trap_request=0xffffffde fr.pc=0x000001daf4fe6260 relative=0x0000000000000160
Event: 10.850 Thread 0x000001daff872360 Uncommon trap: reason=class_check action=maybe_recompile pc=0x000001daf4fe6260 method=java.lang.reflect.Array.newInstance(Ljava/lang/Class;I)Ljava/lang/Object; @ 2 c2
Event: 10.850 Thread 0x000001daff872360 DEOPT PACKING pc=0x000001daf4fe6260 sp=0x000000b94cbf8f90
Event: 10.850 Thread 0x000001daff872360 DEOPT UNPACKING pc=0x000001daed3c23a3 sp=0x000000b94cbf8f28 mode 2
Event: 10.853 Thread 0x000001daff872360 Uncommon trap: trap_request=0xffffffde fr.pc=0x000001daf4fe6260 relative=0x0000000000000160
Event: 10.853 Thread 0x000001daff872360 Uncommon trap: reason=class_check action=maybe_recompile pc=0x000001daf4fe6260 method=java.lang.reflect.Array.newInstance(Ljava/lang/Class;I)Ljava/lang/Object; @ 2 c2
Event: 10.853 Thread 0x000001daff872360 DEOPT PACKING pc=0x000001daf4fe6260 sp=0x000000b94cbf8350
Event: 10.853 Thread 0x000001daff872360 DEOPT UNPACKING pc=0x000001daed3c23a3 sp=0x000000b94cbf82e8 mode 2
Event: 10.910 Thread 0x000001daff872360 Uncommon trap: trap_request=0xffffff45 fr.pc=0x000001daf4f789d8 relative=0x0000000000001458
Event: 10.910 Thread 0x000001daff872360 Uncommon trap: reason=unstable_if action=reinterpret pc=0x000001daf4f789d8 method=java.util.HashMap.putVal(ILjava/lang/Object;Ljava/lang/Object;ZZ)Ljava/lang/Object; @ 94 c2
Event: 10.910 Thread 0x000001daff872360 DEOPT PACKING pc=0x000001daf4f789d8 sp=0x000000b94cbf81c0
Event: 10.910 Thread 0x000001daff872360 DEOPT UNPACKING pc=0x000001daed3c23a3 sp=0x000000b94cbf8080 mode 2
Event: 10.910 Thread 0x000001daff872360 Uncommon trap: trap_request=0xffffffde fr.pc=0x000001daf4fe6260 relative=0x0000000000000160
Event: 10.910 Thread 0x000001daff872360 Uncommon trap: reason=class_check action=maybe_recompile pc=0x000001daf4fe6260 method=java.lang.reflect.Array.newInstance(Ljava/lang/Class;I)Ljava/lang/Object; @ 2 c2
Event: 10.910 Thread 0x000001daff872360 DEOPT PACKING pc=0x000001daf4fe6260 sp=0x000000b94cbf8350
Event: 10.910 Thread 0x000001daff872360 DEOPT UNPACKING pc=0x000001daed3c23a3 sp=0x000000b94cbf82e8 mode 2
Event: 10.911 Thread 0x000001daff872360 Uncommon trap: trap_request=0xffffffde fr.pc=0x000001daf4fe6260 relative=0x0000000000000160
Event: 10.911 Thread 0x000001daff872360 Uncommon trap: reason=class_check action=maybe_recompile pc=0x000001daf4fe6260 method=java.lang.reflect.Array.newInstance(Ljava/lang/Class;I)Ljava/lang/Object; @ 2 c2
Event: 10.911 Thread 0x000001daff872360 DEOPT PACKING pc=0x000001daf4fe6260 sp=0x000000b94cbf8350
Event: 10.911 Thread 0x000001daff872360 DEOPT UNPACKING pc=0x000001daed3c23a3 sp=0x000000b94cbf82e8 mode 2

Classes loaded (20 events):
Event: 11.221 Loading class java/nio/StringCharBuffer
Event: 11.222 Loading class java/nio/StringCharBuffer done
Event: 11.223 Loading class javax/crypto/SecretKeyFactory
Event: 11.223 Loading class javax/crypto/SecretKeyFactory done
Event: 11.223 Loading class javax/crypto/JceSecurity
Event: 11.224 Loading class javax/crypto/JceSecurity done
Event: 11.224 Loading class javax/crypto/JceSecurity$1
Event: 11.224 Loading class javax/crypto/JceSecurity$1 done
Event: 11.289 Loading class sun/nio/fs/WindowsFileSystemProvider$1
Event: 11.289 Loading class sun/nio/fs/WindowsFileSystemProvider$1 done
Event: 11.290 Loading class sun/nio/fs/Globs
Event: 11.291 Loading class sun/nio/fs/Globs done
Event: 11.291 Loading class java/util/regex/Pattern$SliceU
Event: 11.291 Loading class java/util/regex/Pattern$SliceU done
Event: 11.291 Loading class sun/nio/fs/WindowsFileSystem$2
Event: 11.291 Loading class java/nio/file/PathMatcher
Event: 11.291 Loading class java/nio/file/PathMatcher done
Event: 11.292 Loading class sun/nio/fs/WindowsFileSystem$2 done
Event: 11.292 Loading class java/nio/file/Files$1
Event: 11.292 Loading class java/nio/file/Files$1 done

Classes unloaded (0 events):
No events

Classes redefined (0 events):
No events

Internal exceptions (20 events):
Event: 10.020 Thread 0x000001daff872360 Exception <a 'sun/nio/fs/WindowsException'{0x00000000c2b5bb30}> (0x00000000c2b5bb30) 
thrown [s\src\hotspot\share\prims\jni.cpp, line 516]
Event: 10.022 Thread 0x000001daff872360 Exception <a 'sun/nio/fs/WindowsException'{0x00000000c2b61618}> (0x00000000c2b61618) 
thrown [s\src\hotspot\share\prims\jni.cpp, line 516]
Event: 10.023 Thread 0x000001daff872360 Exception <a 'sun/nio/fs/WindowsException'{0x00000000c2b61d10}> (0x00000000c2b61d10) 
thrown [s\src\hotspot\share\prims\jni.cpp, line 516]
Event: 10.030 Thread 0x000001daff872360 Exception <a 'java/lang/NoSuchMethodError'{0x00000000c2b7a5f0}: 'int java.lang.invoke.DirectMethodHandle$Holder.invokeVirtual(java.lang.Object, java.lang.Object, java.lang.Object, java.lang.Object)'> (0x00000000c2b7a5f0) 
thrown [s\src\hotspot\share\interpreter\linkResolver.cpp, line 759]
Event: 10.031 Thread 0x000001daff872360 Exception <a 'java/lang/NoSuchMethodError'{0x00000000c2b7e2f0}: 'int java.lang.invoke.DelegatingMethodHandle$Holder.reinvoke_L(java.lang.Object, java.lang.Object, java.lang.Object, java.lang.Object)'> (0x00000000c2b7e2f0) 
thrown [s\src\hotspot\share\interpreter\linkResolver.cpp, line 759]
Event: 10.087 Thread 0x000001daff872360 Exception <a 'java/lang/NoSuchMethodError'{0x00000000c2a9b0b0}: 'java.lang.Object java.lang.invoke.DirectMethodHandle$Holder.invokeSpecial(java.lang.Object, java.lang.Object, long, java.lang.Object, java.lang.Object, java.lang.Object, java.lang.Object, java.lang.Object, java.lang.Object)'> (0x00000000c2a9b0b0) 
thrown [s\src\hotspot\share\interpreter\linkResolver.cpp, line 759]
Event: 10.088 Thread 0x000001daff872360 Exception <a 'java/lang/NoSuchMethodError'{0x00000000c2a9fbe0}: 'java.lang.Object java.lang.invoke.DelegatingMethodHandle$Holder.reinvoke_L(java.lang.Object, long, java.lang.Object, java.lang.Object, java.lang.Object, java.lang.Object, java.lang.Object, java.lang.Object)'> (0x00000000c2a9fbe0) 
thrown [s\src\hotspot\share\interpreter\linkResolver.cpp, line 759]
Event: 10.170 Thread 0x000001daff872360 Exception <a 'java/io/FileNotFoundException'{0x00000000c29da9a8}> (0x00000000c29da9a8) 
thrown [s\src\hotspot\share\prims\jni.cpp, line 516]
Event: 10.217 Thread 0x000001daff872360 Exception <a 'java/lang/NoSuchMethodError'{0x00000000c28cc900}: 'int java.lang.invoke.DirectMethodHandle$Holder.invokeInterface(java.lang.Object, java.lang.Object, java.lang.Object, java.lang.Object)'> (0x00000000c28cc900) 
thrown [s\src\hotspot\share\interpreter\linkResolver.cpp, line 759]
Event: 10.406 Thread 0x000001daff872360 Exception <a 'sun/nio/fs/WindowsException'{0x00000000c53752b0}> (0x00000000c53752b0) 
thrown [s\src\hotspot\share\prims\jni.cpp, line 516]
Event: 10.634 Thread 0x000001daff872360 Exception <a 'java/lang/NoSuchMethodError'{0x00000000c40e96e8}: 'long java.lang.invoke.DirectMethodHandle$Holder.invokeVirtual(java.lang.Object, java.lang.Object)'> (0x00000000c40e96e8) 
thrown [s\src\hotspot\share\interpreter\linkResolver.cpp, line 759]
Event: 10.647 Thread 0x000001daff872360 Exception <a 'java/io/FileNotFoundException'{0x00000000c3f15500}> (0x00000000c3f15500) 
thrown [s\src\hotspot\share\prims\jni.cpp, line 516]
Event: 10.696 Thread 0x000001daff872360 Exception <a 'java/lang/NoSuchMethodError'{0x00000000c3fcb3b0}: 'void java.lang.invoke.Invokers$Holder.invokeExact_MT(java.lang.Object, java.lang.Object, java.lang.Object, java.lang.Object)'> (0x00000000c3fcb3b0) 
thrown [s\src\hotspot\share\interpreter\linkResolver.cpp, line 759]
Event: 10.916 Thread 0x000001daff872360 Exception <a 'java/lang/NoSuchMethodError'{0x00000000c3c7a3a8}: 'java.lang.Object java.lang.invoke.DirectMethodHandle$Holder.newInvokeSpecial(java.lang.Object, java.lang.Object, java.lang.Object, java.lang.Object, java.lang.Object, java.lang.Object)'> (0x00000000c3c7a3a8) 
thrown [s\src\hotspot\share\interpreter\linkResolver.cpp, line 759]
Event: 10.965 Thread 0x000001daff872360 Exception <a 'java/lang/NoSuchMethodError'{0x00000000c3b37850}: 'java.lang.Object java.lang.invoke.DirectMethodHandle$Holder.newInvokeSpecial(java.lang.Object, java.lang.Object, java.lang.Object, java.lang.Object, java.lang.Object, java.lang.Object, java.lang.Object, java.lang.Object)'> (0x00000000c3b37850) 
thrown [s\src\hotspot\share\interpreter\linkResolver.cpp, line 759]
Event: 11.084 Thread 0x000001daff872360 Exception <a 'java/lang/NoSuchMethodError'{0x00000000c3aac050}: 'java.lang.Object java.lang.invoke.DirectMethodHandle$Holder.newInvokeSpecial(java.lang.Object, java.lang.Object, java.lang.Object, java.lang.Object, java.lang.Object, java.lang.Object, java.lang.Object, java.lang.Object, java.lang.Object)'> (0x00000000c3aac050) 
thrown [s\src\hotspot\share\interpreter\linkResolver.cpp, line 759]
Event: 11.091 Thread 0x000001daff872360 Exception <a 'java/lang/IncompatibleClassChangeError'{0x00000000c3ae9ae0}: Found class java.lang.Object, but interface was expected> (0x00000000c3ae9ae0) 
thrown [s\src\hotspot\share\interpreter\linkResolver.cpp, line 826]
Event: 11.109 Thread 0x000001daff872360 Exception <a 'java/lang/NoSuchMethodError'{0x00000000c3939298}: 'java.lang.Object java.lang.invoke.DirectMethodHandle$Holder.newInvokeSpecial(java.lang.Object, java.lang.Object, java.lang.Object, java.lang.Object, java.lang.Object, java.lang.Object, java.lang.Object, java.lang.Object, java.lang.Object, java.lang.Object, java.lang.Object)'> (0x00000000c3939298) 
thrown [s\src\hotspot\share\interpreter\linkResolver.cpp, line 759]
Event: 11.110 Thread 0x000001daff872360 Exception <a 'java/lang/NoSuchMethodError'{0x00000000c393e9d0}: 'java.lang.Object java.lang.invoke.DirectMethodHandle$Holder.invokeSpecial(java.lang.Object, java.lang.Object, java.lang.Object, java.lang.Object, java.lang.Object, java.lang.Object, java.lang.Object, java.lang.Object, java.lang.Object, java.lang.Object, java.lang.Object, java.lang.Object)'> (0x00000000c393e9d0) 
thrown [s\src\hotspot\share\interpreter\linkResolver.cpp, line 759]
Event: 11.290 Thread 0x000001daff872360 Exception <a 'sun/nio/fs/WindowsException'{0x00000000c3763658}> (0x00000000c3763658) 
thrown [s\src\hotspot\share\prims\jni.cpp, line 516]

VM Operations (20 events):
Event: 10.120 Executing VM operation: HandshakeAllThreads
Event: 10.120 Executing VM operation: HandshakeAllThreads done
Event: 10.225 Executing VM operation: G1CollectForAllocation
Event: 10.237 Executing VM operation: G1CollectForAllocation done
Event: 10.334 Executing VM operation: G1CollectForAllocation
Event: 10.349 Executing VM operation: G1CollectForAllocation done
Event: 10.568 Executing VM operation: HandshakeAllThreads
Event: 10.568 Executing VM operation: HandshakeAllThreads done
Event: 10.568 Executing VM operation: HandshakeAllThreads
Event: 10.568 Executing VM operation: HandshakeAllThreads done
Event: 10.654 Executing VM operation: HandshakeAllThreads
Event: 10.654 Executing VM operation: HandshakeAllThreads done
Event: 10.921 Executing VM operation: ICBufferFull
Event: 10.957 Executing VM operation: ICBufferFull done
Event: 11.145 Executing VM operation: HandshakeAllThreads
Event: 11.146 Executing VM operation: HandshakeAllThreads done
Event: 11.222 Executing VM operation: HandshakeAllThreads
Event: 11.222 Executing VM operation: HandshakeAllThreads done
Event: 11.292 Executing VM operation: HandshakeAllThreads
Event: 11.292 Executing VM operation: HandshakeAllThreads done

Events (20 events):
Event: 1.037 Loaded shared library C:\Users\ERIN_JAVALead\.jdks\corretto-18.0.2\bin\jimage.dll
Event: 2.011 Loaded shared library C:\Users\ERIN_JAVALead\.jdks\corretto-18.0.2\bin\management.dll
Event: 2.020 Loaded shared library C:\Users\ERIN_JAVALead\.jdks\corretto-18.0.2\bin\management_ext.dll
Event: 2.186 Thread 0x000001daff529590 Thread added: 0x000001daff529590
Event: 2.212 Thread 0x000001daff872360 Thread added: 0x000001daff872360
Event: 3.535 Thread 0x000001da860eb860 Thread added: 0x000001da860eb860
Event: 4.732 Loaded shared library C:\Users\ERIN_JAVALead\.jdks\corretto-18.0.2\bin\sunmscapi.dll
Event: 4.780 Thread 0x000001da860eb860 Thread exited: 0x000001da860eb860
Event: 4.797 Thread 0x000001da86442f70 Thread added: 0x000001da86442f70
Event: 6.041 Thread 0x000001da86442f70 Thread exited: 0x000001da86442f70
Event: 6.280 Thread 0x000001da863155d0 Thread added: 0x000001da863155d0
Event: 6.290 Thread 0x000001dafedddb30 Thread added: 0x000001dafedddb30
Event: 6.448 Thread 0x000001dafedddb30 Thread exited: 0x000001dafedddb30
Event: 9.009 Thread 0x000001da863155d0 Thread exited: 0x000001da863155d0
Event: 9.151 Thread 0x000001da872cbfa0 Thread added: 0x000001da872cbfa0
Event: 9.695 Thread 0x000001da872cbfa0 Thread exited: 0x000001da872cbfa0
Event: 10.307 Thread 0x000001da873bb990 Thread added: 0x000001da873bb990
Event: 10.673 Thread 0x000001da86dbf310 Thread added: 0x000001da86dbf310
Event: 10.678 Thread 0x000001da86dbf7e0 Thread added: 0x000001da86dbf7e0
Event: 10.688 Thread 0x000001da86dbe970 Thread added: 0x000001da86dbe970


Dynamic libraries:
0x00007ff702e90000 - 0x00007ff702e9d000 	C:\Users\ERIN_JAVALead\.jdks\corretto-18.0.2\bin\java.exe
0x00007ffed73f0000 - 0x00007ffed75e8000 	C:\WINDOWS\SYSTEM32\ntdll.dll
0x00007ffed5cf0000 - 0x00007ffed5dad000 	C:\WINDOWS\System32\KERNEL32.DLL
0x00007ffed4f90000 - 0x00007ffed5286000 	C:\WINDOWS\System32\KERNELBASE.dll
0x00007ffed4b90000 - 0x00007ffed4c90000 	C:\WINDOWS\System32\ucrtbase.dll
0x00007ffec5bb0000 - 0x00007ffec5bc7000 	C:\Users\ERIN_JAVALead\.jdks\corretto-18.0.2\bin\jli.dll
0x00007ffecdd90000 - 0x00007ffecdda5000 	C:\Users\ERIN_JAVALead\.jdks\corretto-18.0.2\bin\VCRUNTIME140.dll
0x00007ffed6b40000 - 0x00007ffed6cde000 	C:\WINDOWS\System32\USER32.dll
0x00007ffed4f60000 - 0x00007ffed4f82000 	C:\WINDOWS\System32\win32u.dll
0x00007ffed6070000 - 0x00007ffed609c000 	C:\WINDOWS\System32\GDI32.dll
0x00007ffec2e30000 - 0x00007ffec30ca000 	C:\WINDOWS\WinSxS\amd64_microsoft.windows.common-controls_6595b64144ccf1df_6.0.19041.3636_none_60b6a03d71f818d5\COMCTL32.dll
0x00007ffed4e40000 - 0x00007ffed4f5a000 	C:\WINDOWS\System32\gdi32full.dll
0x00007ffed4aa0000 - 0x00007ffed4b3d000 	C:\WINDOWS\System32\msvcp_win.dll
0x00007ffed6a90000 - 0x00007ffed6b2e000 	C:\WINDOWS\System32\msvcrt.dll
0x00007ffed5e80000 - 0x00007ffed5eb0000 	C:\WINDOWS\System32\IMM32.DLL
0x00007ffebd8f0000 - 0x00007ffebd98b000 	C:\Users\ERIN_JAVALead\.jdks\corretto-18.0.2\bin\msvcp140.dll
0x00007ffe98450000 - 0x00007ffe990c1000 	C:\Users\ERIN_JAVALead\.jdks\corretto-18.0.2\bin\server\jvm.dll
0x00007ffed5ac0000 - 0x00007ffed5b6f000 	C:\WINDOWS\System32\ADVAPI32.dll
0x00007ffed72e0000 - 0x00007ffed737c000 	C:\WINDOWS\System32\sechost.dll
0x00007ffed5790000 - 0x00007ffed58b6000 	C:\WINDOWS\System32\RPCRT4.dll
0x00007ffed6b30000 - 0x00007ffed6b38000 	C:\WINDOWS\System32\PSAPI.DLL
0x00007ffed2240000 - 0x00007ffed2249000 	C:\WINDOWS\SYSTEM32\WSOCK32.dll
0x00007ffed5970000 - 0x00007ffed59db000 	C:\WINDOWS\System32\WS2_32.dll
0x00007ffead200000 - 0x00007ffead227000 	C:\WINDOWS\SYSTEM32\WINMM.dll
0x00007ffecec00000 - 0x00007ffecec0a000 	C:\WINDOWS\SYSTEM32\VERSION.dll
0x00007ffed2960000 - 0x00007ffed2972000 	C:\WINDOWS\SYSTEM32\kernel.appcore.dll
0x00007ffecf510000 - 0x00007ffecf51a000 	C:\Users\ERIN_JAVALead\.jdks\corretto-18.0.2\bin\jimage.dll
0x00007ffeb35b0000 - 0x00007ffeb3794000 	C:\WINDOWS\SYSTEM32\DBGHELP.DLL
0x00007ffeb3570000 - 0x00007ffeb35a4000 	C:\WINDOWS\SYSTEM32\dbgcore.DLL
0x00007ffed4d00000 - 0x00007ffed4d82000 	C:\WINDOWS\System32\bcryptPrimitives.dll
0x00007ffec3690000 - 0x00007ffec369e000 	C:\Users\ERIN_JAVALead\.jdks\corretto-18.0.2\bin\instrument.dll
0x00007ffec5140000 - 0x00007ffec5165000 	C:\Users\ERIN_JAVALead\.jdks\corretto-18.0.2\bin\java.dll
0x00007ffeb84d0000 - 0x00007ffeb85a6000 	C:\Users\ERIN_JAVALead\.jdks\corretto-18.0.2\bin\jsvml.dll
0x00007ffed60c0000 - 0x00007ffed6805000 	C:\WINDOWS\System32\SHELL32.dll
0x00007ffed2b60000 - 0x00007ffed32fb000 	C:\WINDOWS\SYSTEM32\windows.storage.dll
0x00007ffed5420000 - 0x00007ffed5774000 	C:\WINDOWS\System32\combase.dll
0x00007ffed4410000 - 0x00007ffed443d000 	C:\WINDOWS\SYSTEM32\Wldp.dll
0x00007ffed58c0000 - 0x00007ffed596d000 	C:\WINDOWS\System32\SHCORE.dll
0x00007ffed6ce0000 - 0x00007ffed6d35000 	C:\WINDOWS\System32\shlwapi.dll
0x00007ffed49d0000 - 0x00007ffed49f5000 	C:\WINDOWS\SYSTEM32\profapi.dll
0x00007ffebfda0000 - 0x00007ffebfdb8000 	C:\Users\ERIN_JAVALead\.jdks\corretto-18.0.2\bin\zip.dll
0x00007ffec5b90000 - 0x00007ffec5ba3000 	C:\Users\ERIN_JAVALead\.jdks\corretto-18.0.2\bin\net.dll
0x00007ffece770000 - 0x00007ffece87a000 	C:\WINDOWS\SYSTEM32\WINHTTP.dll
0x00007ffed4170000 - 0x00007ffed41da000 	C:\WINDOWS\system32\mswsock.dll
0x00007ffec37b0000 - 0x00007ffec37c5000 	C:\Users\ERIN_JAVALead\.jdks\corretto-18.0.2\bin\nio.dll
0x00007ffebfbe0000 - 0x00007ffebfbfa000 	C:\Program Files\JetBrains\IntelliJ IDEA Community Edition 2021.3.3\bin\breakgen64.dll
0x00007ffec3630000 - 0x00007ffec3639000 	C:\Users\ERIN_JAVALead\.jdks\corretto-18.0.2\bin\management.dll
0x00007ffec1f50000 - 0x00007ffec1f5b000 	C:\Users\ERIN_JAVALead\.jdks\corretto-18.0.2\bin\management_ext.dll
0x00007ffec1720000 - 0x00007ffec172e000 	C:\Users\ERIN_JAVALead\.jdks\corretto-18.0.2\bin\sunmscapi.dll
0x00007ffed52c0000 - 0x00007ffed541d000 	C:\WINDOWS\System32\CRYPT32.dll
0x00007ffed4480000 - 0x00007ffed44a7000 	C:\WINDOWS\SYSTEM32\ncrypt.dll
0x00007ffed4440000 - 0x00007ffed447b000 	C:\WINDOWS\SYSTEM32\NTASN1.dll
0x00007ffed4370000 - 0x00007ffed4388000 	C:\WINDOWS\SYSTEM32\CRYPTSP.dll
0x00007ffed3aa0000 - 0x00007ffed3ad4000 	C:\WINDOWS\system32\rsaenh.dll
0x00007ffed5290000 - 0x00007ffed52b7000 	C:\WINDOWS\System32\bcrypt.dll
0x00007ffed4950000 - 0x00007ffed497e000 	C:\WINDOWS\SYSTEM32\USERENV.dll
0x00007ffed4360000 - 0x00007ffed436c000 	C:\WINDOWS\SYSTEM32\CRYPTBASE.dll
0x00007ffed3e60000 - 0x00007ffed3e9b000 	C:\WINDOWS\SYSTEM32\IPHLPAPI.DLL
0x00007ffed5780000 - 0x00007ffed5788000 	C:\WINDOWS\System32\NSI.dll
0x00007ffecea00000 - 0x00007ffecea17000 	C:\WINDOWS\SYSTEM32\dhcpcsvc6.DLL
0x00007ffeceb70000 - 0x00007ffeceb8d000 	C:\WINDOWS\SYSTEM32\dhcpcsvc.DLL
0x00007ffed3ea0000 - 0x00007ffed3f6a000 	C:\WINDOWS\SYSTEM32\DNSAPI.dll

dbghelp: loaded successfully - version: 4.0.5 - missing functions: none
symbol engine: initialized successfully - sym options: 0x614 - pdb path: .;C:\Users\ERIN_JAVALead\.jdks\corretto-18.0.2\bin;C:\WINDOWS\SYSTEM32;C:\WINDOWS\WinSxS\amd64_microsoft.windows.common-controls_6595b64144ccf1df_6.0.19041.3636_none_60b6a03d71f818d5;C:\Users\ERIN_JAVALead\.jdks\corretto-18.0.2\bin\server;C:\Program Files\JetBrains\IntelliJ IDEA Community Edition 2021.3.3\bin

VM Arguments:
jvm_args: -javaagent:C:\Program Files\JetBrains\IntelliJ IDEA Community Edition 2021.3.3\lib\idea_rt.jar=51029:C:\Program Files\JetBrains\IntelliJ IDEA Community Edition 2021.3.3\bin -Dfile.encoding=UTF-8 
java_command: test.springbootsecurity.springbootWithSecurity.SpringbootWithSecurityApplication
java_class_path (initial): C:\Users\ERIN_JAVALead\Downloads\springbootWithSecurity\springbootWithSecurity\target\classes;C:\Users\ERIN_JAVALead\.m2\repository\org\springframework\boot\spring-boot-starter-data-rest\3.2.1\spring-boot-starter-data-rest-3.2.1.jar;C:\Users\ERIN_JAVALead\.m2\repository\org\springframework\data\spring-data-rest-webmvc\4.2.1\spring-data-rest-webmvc-4.2.1.jar;C:\Users\ERIN_JAVALead\.m2\repository\org\springframework\data\spring-data-rest-core\4.2.1\spring-data-rest-core-4.2.1.jar;C:\Users\ERIN_JAVALead\.m2\repository\org\springframework\hateoas\spring-hateoas\2.2.0\spring-hateoas-2.2.0.jar;C:\Users\ERIN_JAVALead\.m2\repository\org\springframework\data\spring-data-commons\3.2.1\spring-data-commons-3.2.1.jar;C:\Users\ERIN_JAVALead\.m2\repository\org\springframework\plugin\spring-plugin-core\3.0.0\spring-plugin-core-3.0.0.jar;C:\Users\ERIN_JAVALead\.m2\repository\org\atteo\evo-inflector\1.3\evo-inflector-1.3.jar;C:\Users\ERIN_JAVALead\.m2\repository\com\fasterxml\jackson\core\jackson-databind\2.15.3\jackson-databind-2.15.3.jar;C:\Users\ERIN_JAVALead\.m2\repository\com\fasterxml\jackson\core\jackson-core\2.15.3\jackson-core-2.15.3.jar;C:\Users\ERIN_JAVALead\.m2\repository\com\fasterxml\jackson\core\jackson-annotations\2.15.3\jackson-annotations-2.15.3.jar;C:\Users\ERIN_JAVALead\.m2\repository\org\slf4j\slf4j-api\2.0.9\slf4j-api-2.0.9.jar;C:\Users\ERIN_JAVALead\.m2\repository\org\springframework\boot\spring-boot-starter-security\3.2.1\spring-boot-starter-security-3.2.1.jar;C:\Users\ERIN_JAVALead\.m2\repository\org\springframework\boot\spring-boot-starter\3.2.1\spring-boot-starter-3.2.1.jar;C:\Users\ERIN_JAVALead\.m2\repository\org\springframework\boot\spring-boot-starter-logging\3.2.1\spring-boot-starter-logging-3.2.1.jar;C:\Users\ERIN_JAVALead\.m2\repository\org\apache\logging\log4j\log4j-to-slf4j\2.21.1\log4j-to-slf4j-2.21.1.jar;C:\Users\ERIN_JAVALead\.m2\repository\org\apache\logging\log4j\log4j-api\2.21.1\log4j-api-2.21.1.jar;C:\Users\ERIN_JAVALead\.m2\repository\org\slf4j\jul-to-slf4j\2.0.9\jul-to-slf4j-2.0.9.jar;C:\Users\ERIN_JAVALead\.m2\repository\jakarta\annotation\jakarta.annotation-api\2.1.1\jakarta.annotation-api-2.1.1.jar;C:\Users\ERIN_JAVALead\.m2\repository\org\yaml\snakeyaml\2.2\snakeyaml-2.2.jar;C:\Users\ERIN_JAVALead\.m2\repository\org\springframework\spring-aop\6.1.2\spring-aop-6.1.2.jar;C:\Users\ERIN_JAVALead\.m2\repository\org\springframework\spring-beans\6.1.2\spring-beans-6.1.2.jar;C:\Users\ERIN_JAVALead\.m2\repository\org\springframework\security\spring-security-config\6.2.1\spring-security-config-6.2.1.jar;C:\Users\ERIN_JAVALead\.m2\repository\org\springframework\security\spring-security-web\6.2.1\spring-security-web-6.2.1.jar;C:\Users\ERIN_JAVALead\.m2\repository\org\springframework\spring-expression\6.1.2\spring-expression-6.1.2.jar;C:\Users\ERIN_JAVALead\.m2\repository\org\springframework\boot\spring-boot-starter-web\3.2.1\spring-boot-starter-web-3.2.1.jar;C:\Users\ERIN_JAVALead\.m2\repository\org\springframework\boot\spring-boot-starter-json\3.2.1\spring-boot-starter-json-3.2.1.jar;C:\Users\ERIN_JAVALead\.m2\repository\com\fasterxml\jackson\datatype\jackson-datatype-jdk8\2.15.3\jackson-datatype-jdk8-2.15.3.jar;C:\Users\ERIN_JAVALead\.m2\repository\com\fasterxml\jackson\datatype\jackson-datatype-jsr310\2.15.3\jackson-datatype-jsr310-2.15.3.jar;C:\Users\ERIN_JAVALead\.m2\repository\com\fasterxml\jackson\module\jackson-module-parameter-names\2.15.3\jackson-module-parameter-names-2.15.3.jar;C:\Users\ERIN_JAVALead\.m2\repository\org\springframework\boot\spring-boot-starter-tomcat\3.2.1\spring-boot-starter-tomcat-3.2.1.jar;C:\Users\ERIN_JAVALead\.m2\repository\org\apache\tomcat\embed\tomcat-embed-core\10.1.17\tomcat-embed-core-10.1.17.jar;C:\Users\ERIN_JAVALead\.m2\repository\org\apache\tomcat\embed\tomcat-embed-el\10.1.17\tomcat-embed-el-10.1.17.jar;C:\Users\ERIN_JAVALead\.m2\repository\org\apache\tomcat\embed\tomcat-embed-websocket\10.1.17\tomcat-embed-websocket-10.1.17.jar;C:\Users\ERIN_JAVALead\.m2\repository\org\springframework\spring-web\6.1.2\spring-web-6.1.2.jar;C:\Users\ERIN_JAVALead\.m2\repository\org\springframework\spring-webmvc\6.1.2\spring-webmvc-6.1.2.jar;C:\Users\ERIN_JAVALead\.m2\repository\org\springframework\kafka\spring-kafka\3.1.1\spring-kafka-3.1.1.jar;C:\Users\ERIN_JAVALead\.m2\repository\org\springframework\spring-context\6.1.2\spring-context-6.1.2.jar;C:\Users\ERIN_JAVALead\.m2\repository\org\springframework\spring-messaging\6.1.2\spring-messaging-6.1.2.jar;C:\Users\ERIN_JAVALead\.m2\repository\org\springframework\spring-tx\6.1.2\spring-tx-6.1.2.jar;C:\Users\ERIN_JAVALead\.m2\repository\org\springframework\retry\spring-retry\2.0.5\spring-retry-2.0.5.jar;C:\Users\ERIN_JAVALead\.m2\repository\org\apache\kafka\kafka-clients\3.6.1\kafka-clients-3.6.1.jar;C:\Users\ERIN_JAVALead\.m2\repository\com\github\luben\zstd-jni\1.5.5-1\zstd-jni-1.5.5-1.jar;C:\Users\ERIN_JAVALead\.m2\repository\org\lz4\lz4-java\1.8.0\lz4-java-1.8.0.jar;C:\Users\ERIN_JAVALead\.m2\repository\org\xerial\snappy\snappy-java\1.1.10.5\snappy-java-1.1.10.5.jar;C:\Users\ERIN_JAVALead\.m2\repository\io\micrometer\micrometer-observation\1.12.1\micrometer-observation-1.12.1.jar;C:\Users\ERIN_JAVALead\.m2\repository\io\micrometer\micrometer-commons\1.12.1\micrometer-commons-1.12.1.jar;C:\Users\ERIN_JAVALead\.m2\repository\com\google\code\findbugs\jsr305\3.0.2\jsr305-3.0.2.jar;C:\Users\ERIN_JAVALead\.m2\repository\org\springframework\boot\spring-boot-devtools\3.2.1\spring-boot-devtools-3.2.1.jar;C:\Users\ERIN_JAVALead\.m2\repository\org\springframework\boot\spring-boot\3.2.1\spring-boot-3.2.1.jar;C:\Users\ERIN_JAVALead\.m2\repository\org\springframework\boot\spring-boot-autoconfigure\3.2.1\spring-boot-autoconfigure-3.2.1.jar;C:\Users\ERIN_JAVALead\.m2\repository\org\projectlombok\lombok\1.18.30\lombok-1.18.30.jar;C:\Users\ERIN_JAVALead\.m2\repository\com\jayway\jsonpath\json-path\2.8.0\json-path-2.8.0.jar;C:\Users\ERIN_JAVALead\.m2\repository\net\minidev\json-smart\2.5.0\json-smart-2.5.0.jar;C:\Users\ERIN_JAVALead\.m2\repository\net\minidev\accessors-smart\2.5.0\accessors-smart-2.5.0.jar;C:\Users\ERIN_JAVALead\.m2\repository\org\ow2\asm\asm\9.3\asm-9.3.jar;C:\Users\ERIN_JAVALead\.m2\repository\org\springframework\spring-core\6.1.2\spring-core-6.1.2.jar;C:\Users\ERIN_JAVALead\.m2\repository\org\springframework\spring-jcl\6.1.2\spring-jcl-6.1.2.jar;C:\Users\ERIN_JAVALead\.m2\repository\ch\qos\logback\logback-core\1.4.14\logback-core-1.4.14.jar;C:\Users\ERIN_JAVALead\.m2\repository\ch\qos\logback\logback-classic\1.4.14\logback-classic-1.4.14.jar;C:\Users\ERIN_JAVALead\.m2\repository\org\springframework\security\spring-security-core\6.2.1\spring-security-core-6.2.1.jar;C:\Users\ERIN_JAVALead\.m2\repository\org\springframework\security\spring-security-crypto\6.2.1\spring-security-crypto-6.2.1.jar;C:\Users\ERIN_JAVALead\.m2\repository\io\jsonwebtoken\jjwt\0.12.3\jjwt-0.12.3.jar;C:\Users\ERIN_JAVALead\.m2\repository\io\jsonwebtoken\jjwt-api\0.12.3\jjwt-api-0.12.3.jar;C:\Users\ERIN_JAVALead\.m2\repository\io\jsonwebtoken\jjwt-impl\0.12.3\jjwt-impl-0.12.3.jar;C:\Users\ERIN_JAVALead\.m2\repository\io\jsonwebtoken\jjwt-jackson\0.12.3\jjwt-jackson-0.12.3.jar;C:\Users\ERIN_JAVALead\.m2\repository\javax\xml\bind\jaxb-api\2.3.0\jaxb-api-2.3.0.jar
Launcher Type: SUN_STANDARD

[Global flags]
     intx CICompilerCount                          = 3                                         {product} {ergonomic}
     uint ConcGCThreads                            = 1                                         {product} {ergonomic}
     uint G1ConcRefinementThreads                  = 4                                         {product} {ergonomic}
   size_t G1HeapRegionSize                         = 1048576                                   {product} {ergonomic}
    uintx GCDrainStackTargetSize                   = 64                                        {product} {ergonomic}
   size_t InitialHeapSize                          = 67108864                                  {product} {ergonomic}
   size_t MarkStackSize                            = 4194304                                   {product} {ergonomic}
   size_t MaxHeapSize                              = 1052770304                                {product} {ergonomic}
   size_t MaxNewSize                               = 631242752                                 {product} {ergonomic}
   size_t MinHeapDeltaBytes                        = 1048576                                   {product} {ergonomic}
   size_t MinHeapSize                              = 8388608                                   {product} {ergonomic}
    uintx NonNMethodCodeHeapSize                   = 5832780                                {pd product} {ergonomic}
    uintx NonProfiledCodeHeapSize                  = 122912730                              {pd product} {ergonomic}
    uintx ProfiledCodeHeapSize                     = 122912730                              {pd product} {ergonomic}
    uintx ReservedCodeCacheSize                    = 251658240                              {pd product} {ergonomic}
     bool SegmentedCodeCache                       = true                                      {product} {ergonomic}
   size_t SoftMaxHeapSize                          = 1052770304                             {manageable} {ergonomic}
     bool UseCompressedClassPointers               = true                           {product lp64_product} {ergonomic}
     bool UseCompressedOops                        = true                           {product lp64_product} {ergonomic}
     bool UseG1GC                                  = true                                      {product} {ergonomic}
     bool UseLargePagesIndividualAllocation        = false                                  {pd product} {ergonomic}

Logging:
Log output configuration:
 #0: stdout all=warning uptime,level,tags foldmultilines=false
 #1: stderr all=off uptime,level,tags foldmultilines=false

Environment Variables:
PATH=C:\WINDOWS\system32;C:\WINDOWS;C:\WINDOWS\System32\Wbem;C:\WINDOWS\System32\WindowsPowerShell\v1.0\;C:\WINDOWS\System32\OpenSSH\;C:\Program Files (x86)\nodejs\;C:\Program Files (x86)\nodejs\npm;C:\Users\ERIN_JAVALead\AppData\Roaming\npm;C:\Program Files\Git\cmd;C:\Program Files (x86)\dotnet\;C:\Program Files (x86)\Microsoft SQL Server\160\DTS\Binn\;C:\Program Files\Azure Data Studio\bin;C:\Program Files (x86)\Microsoft SQL Server\160\Tools\Binn\;C:\Program Files\Microsoft SQL Server\160\Tools\Binn\;C:\Program Files\Microsoft SQL Server\Client SDK\ODBC\170\Tools\Binn\;C:\Program Files\Microsoft SQL Server\160\DTS\Binn\;C:\Users\ERIN_JAVALead\AppData\Local\Microsoft\WindowsApps;;C:\Users\ERIN_JAVALead\AppData\Local\Programs\Microsoft VS Code\bin;C:\Users\ERIN_JAVALead\AppData\Roaming\npm;C:\Program Files\Azure Data Studio\bin
USERNAME=ERIN_JAVALead
OS=Windows_NT
PROCESSOR_IDENTIFIER=Intel64 Family 6 Model 78 Stepping 3, GenuineIntel



---------------  S Y S T E M  ---------------

OS:
 Windows 10 , 64 bit Build 19041 (10.0.19041.3636)
OS uptime: 0 days 5:32 hours

CPU: total 4 (initial active 4) (2 cores per cpu, 2 threads per core) family 6 model 78 stepping 3 microcode 0xcc, cx8, cmov, fxsr, ht, mmx, 3dnowpref, sse, sse2, sse3, ssse3, sse4.1, sse4.2, popcnt, lzcnt, tsc, tscinvbit, avx, avx2, aes, erms, clmul, bmi1, bmi2, adx, fma, vzeroupper, clflush, clflushopt

Memory: 4k page, system-wide physical 4012M (527M free)
TotalPageFile size 6060M (AvailPageFile size 6M)
current process WorkingSet (physical memory assigned to process): 172M, peak: 172M
current process commit charge ("private bytes"): 208M, peak: 210M

vm_info: OpenJDK 64-Bit Server VM (18.0.2+9-FR) for windows-amd64 JRE (18.0.2+9-FR), built on Jul 15 2022 20:03:03 by "Administrator" with MS VC++ 15.9 (VS2017)

END.
