#
# There is insufficient memory for the Java Runtime Environment to continue.
# Native memory allocation (malloc) failed to allocate 32744 bytes for Chunk::new
# Possible reasons:
#   The system is out of physical RAM or swap space
#   The process is running with CompressedOops enabled, and the Java Heap may be blocking the growth of the native heap
# Possible solutions:
#   Reduce memory load on the system
#   Increase physical memory or swap space
#   Check if swap backing store is full
#   Decrease Java heap size (-Xmx/-Xms)
#   Decrease number of Java threads
#   Decrease Java thread stack sizes (-Xss)
#   Set larger code cache with -XX:ReservedCodeCacheSize=
#   JVM is running with Unscaled Compressed Oops mode in which the Java heap is
#     placed in the first 4GB address space. The Java Heap base address is the
#     maximum limit for the native heap growth. Please use -XX:HeapBaseMinAddress
#     to set the Java Heap base and to place the Java Heap above 4GB virtual address.
# This output file may be truncated or incomplete.
#
#  Out of Memory Error (arena.cpp:184), pid=9124, tid=9672
#
# JRE version: OpenJDK Runtime Environment Corretto-18.0.2.9.1 (18.0.2+9) (build 18.0.2+9-FR)
# Java VM: OpenJDK 64-Bit Server VM Corretto-18.0.2.9.1 (18.0.2+9-FR, mixed mode, sharing, tiered, compressed oops, compressed class ptrs, g1 gc, windows-amd64)
# No core dump will be written. Minidumps are not enabled by default on client versions of Windows
#

---------------  S U M M A R Y ------------

Command Line: -agentlib:jdwp=transport=dt_socket,address=127.0.0.1:52379,suspend=y,server=n -javaagent:C:\Users\ERIN_JAVALead\AppData\Local\JetBrains\IdeaIC2021.3\captureAgent\debugger-agent.jar=file:/C:/Users/ERIN_JAVALead/AppData/Local/Temp/capture.props -Dfile.encoding=UTF-8 test.springbootsecurity.springbootWithSecurity.SpringbootWithSecurityApplication

Host: Intel(R) Core(TM) i3-6006U CPU @ 2.00GHz, 4 cores, 3G,  Windows 10 , 64 bit Build 19041 (10.0.19041.3636)
Time: Sat Dec 23 02:06:21 2023 Egypt Standard Time elapsed time: 12.787912 seconds (0d 0h 0m 12s)

---------------  T H R E A D  ---------------

Current thread (0x000002c7fbe10630):  JavaThread "C2 CompilerThread0" daemon [_thread_in_native, id=9672, stack(0x000000d4bf100000,0x000000d4bf200000)]


Current CompileTask:
C2:  12788 4074       4       org.springframework.core.annotation.TypeMappedAnnotations::get (52 bytes)

Stack: [0x000000d4bf100000,0x000000d4bf200000]
Native frames: (J=compiled Java code, j=interpreted, Vv=VM code, C=native code)
V  [jvm.dll+0x685a2a]
V  [jvm.dll+0x82ae8d]
V  [jvm.dll+0x82c75e]
V  [jvm.dll+0x82ce03]
V  [jvm.dll+0x25ef4b]
V  [jvm.dll+0xd42d2]
V  [jvm.dll+0xd4665]
V  [jvm.dll+0x38a647]
V  [jvm.dll+0x3857be]
V  [jvm.dll+0x1d8f20]
V  [jvm.dll+0x233b4f]
V  [jvm.dll+0x232f37]
V  [jvm.dll+0x1c0a35]
V  [jvm.dll+0x24212c]
V  [jvm.dll+0x240534]
V  [jvm.dll+0x7df6db]
V  [jvm.dll+0x7d9cba]
V  [jvm.dll+0x6848a5]
C  [ucrtbase.dll+0x21bb2]
C  [KERNEL32.DLL+0x17344]
C  [ntdll.dll+0x526b1]


---------------  P R O C E S S  ---------------

Threads class SMR info:
_java_thread_list=0x000002c794caf130, length=20, elements={
0x000002c7ef895720, 0x000002c7fbdf5b80, 0x000002c7fbdf67e0, 0x000002c7fbe0cd60,
0x000002c7fbe0e620, 0x000002c7fbe0efc0, 0x000002c7fbe0f960, 0x000002c7fbe10630,
0x000002c7fbe76c00, 0x000002c7fbe7a210, 0x000002c7fbefe9d0, 0x000002c7931c0fd0,
0x000002c7931e3c60, 0x000002c7931e4140, 0x000002c7932357e0, 0x000002c7938f16a0,
0x000002c793c91490, 0x000002c795650410, 0x000002c7956508d0, 0x000002c794e1dff0
}

Java Threads: ( => current thread )
  0x000002c7ef895720 JavaThread "main" [_thread_blocked, id=7268, stack(0x000000d4be300000,0x000000d4be400000)]
  0x000002c7fbdf5b80 JavaThread "Reference Handler" daemon [_thread_blocked, id=2132, stack(0x000000d4beb00000,0x000000d4bec00000)]
  0x000002c7fbdf67e0 JavaThread "Finalizer" daemon [_thread_blocked, id=6228, stack(0x000000d4bec00000,0x000000d4bed00000)]
  0x000002c7fbe0cd60 JavaThread "Signal Dispatcher" daemon [_thread_blocked, id=3280, stack(0x000000d4bed00000,0x000000d4bee00000)]
  0x000002c7fbe0e620 JavaThread "Attach Listener" daemon [_thread_blocked, id=10312, stack(0x000000d4bee00000,0x000000d4bef00000)]
  0x000002c7fbe0efc0 JavaThread "Service Thread" daemon [_thread_blocked, id=5028, stack(0x000000d4bef00000,0x000000d4bf000000)]
  0x000002c7fbe0f960 JavaThread "Monitor Deflation Thread" daemon [_thread_blocked, id=2788, stack(0x000000d4bf000000,0x000000d4bf100000)]
=>0x000002c7fbe10630 JavaThread "C2 CompilerThread0" daemon [_thread_in_native, id=9672, stack(0x000000d4bf100000,0x000000d4bf200000)]
  0x000002c7fbe76c00 JavaThread "C1 CompilerThread0" daemon [_thread_blocked, id=7024, stack(0x000000d4bf200000,0x000000d4bf300000)]
  0x000002c7fbe7a210 JavaThread "Sweeper thread" daemon [_thread_blocked, id=5312, stack(0x000000d4bf300000,0x000000d4bf400000)]
  0x000002c7fbefe9d0 JavaThread "Common-Cleaner" daemon [_thread_blocked, id=9420, stack(0x000000d4bf400000,0x000000d4bf500000)]
  0x000002c7931c0fd0 JavaThread "JDWP Transport Listener: dt_socket" daemon [_thread_blocked, id=12308, stack(0x000000d4bf500000,0x000000d4bf600000)]
  0x000002c7931e3c60 JavaThread "JDWP Event Helper Thread" daemon [_thread_blocked, id=10324, stack(0x000000d4bf600000,0x000000d4bf700000)]
  0x000002c7931e4140 JavaThread "JDWP Command Reader" daemon [_thread_in_native, id=11948, stack(0x000000d4bf700000,0x000000d4bf800000)]
  0x000002c7932357e0 JavaThread "Notification Thread" daemon [_thread_blocked, id=11332, stack(0x000000d4bf800000,0x000000d4bf900000)]
  0x000002c7938f16a0 JavaThread "Thread-0" [_thread_blocked, id=4844, stack(0x000000d4bfa00000,0x000000d4bfb00000)]
  0x000002c793c91490 JavaThread "restartedMain" [_thread_in_vm, id=3912, stack(0x000000d4bfe00000,0x000000d4bff00000)]
  0x000002c795650410 JavaThread "Catalina-utility-1" [_thread_blocked, id=11676, stack(0x000000d4bff00000,0x000000d4c0000000)]
  0x000002c7956508d0 JavaThread "Catalina-utility-2" [_thread_blocked, id=328, stack(0x000000d4c0000000,0x000000d4c0100000)]
  0x000002c794e1dff0 JavaThread "container-0" [_thread_blocked, id=9868, stack(0x000000d4c0100000,0x000000d4c0200000)]

Other Threads:
  0x000002c7fbdf14a0 VMThread "VM Thread" [stack: 0x000000d4bea00000,0x000000d4beb00000] [id=7908]
  0x000002c793235ca0 WatcherThread "VM Periodic Task Thread" [stack: 0x000000d4bf900000,0x000000d4bfa00000] [id=10328]
  0x000002c7ef8d71b0 WorkerThread "GC Thread#0" [stack: 0x000000d4be500000,0x000000d4be600000] [id=10364]
  0x000002c7936e02b0 WorkerThread "GC Thread#1" [stack: 0x000000d4bfb00000,0x000000d4bfc00000] [id=11340]
  0x000002c793756bc0 WorkerThread "GC Thread#2" [stack: 0x000000d4bfc00000,0x000000d4bfd00000] [id=10380]
  0x000002c7937b5240 WorkerThread "GC Thread#3" [stack: 0x000000d4bfd00000,0x000000d4bfe00000] [id=8988]
  0x000002c7ef8dfe60 ConcurrentGCThread "G1 Main Marker" [stack: 0x000000d4be600000,0x000000d4be700000] [id=3480]
  0x000002c7ef8e1860 WorkerThread "G1 Conc#0" [stack: 0x000000d4be700000,0x000000d4be800000] [id=3164]
  0x000002c7ef90a9c0 ConcurrentGCThread "G1 Refine#0" [stack: 0x000000d4be800000,0x000000d4be900000] [id=4676]
  0x000002c7ef90c2e0 ConcurrentGCThread "G1 Service" [stack: 0x000000d4be900000,0x000000d4bea00000] [id=7904]

Threads with active compile tasks:
C2 CompilerThread0    12859 4074       4       org.springframework.core.annotation.TypeMappedAnnotations::get (52 bytes)

VM state: not at safepoint (normal execution)

VM Mutex/Monitor currently owned by a thread: None

Heap address: 0x00000000c1400000, size: 1004 MB, Compressed Oops mode: 32-bit

CDS archive(s) mapped at: [0x0000000800000000-0x0000000800ba0000-0x0000000800ba0000), size 12189696, SharedBaseAddress: 0x0000000800000000, ArchiveRelocationMode: 0.
Compressed class space mapped at: 0x0000000800c00000-0x0000000840c00000, reserved size: 1073741824
Narrow klass base: 0x0000000800000000, Narrow klass shift: 0, Narrow klass range: 0x100000000

GC Precious Log:
 CardTable entry size: 512
 Card Set container configuration: InlinePtr #cards 5 size 8 Array Of Cards #cards 12 size 40 Howl #buckets 4 coarsen threshold 1843 Howl Bitmap #cards 512 size 80 coarsen threshold 460 Card regions per heap region 1 cards per card region 2048
 CPUs: 4 total, 4 available
 Memory: 4012M
 Large Page Support: Disabled
 NUMA Support: Disabled
 Compressed Oops: Enabled (32-bit)
 Heap Region Size: 1M
 Heap Min Capacity: 8M
 Heap Initial Capacity: 64M
 Heap Max Capacity: 1004M
 Pre-touch: Disabled
 Parallel Workers: 4
 Concurrent Workers: 1
 Concurrent Refinement Workers: 4
 Periodic GC: Disabled

Heap:
 garbage-first heap   total 48128K, used 22628K [0x00000000c1400000, 0x0000000100000000)
  region size 1024K, 7 young (7168K), 3 survivors (3072K)
 Metaspace       used 35389K, committed 36032K, reserved 1114112K
  class space    used 4507K, committed 4800K, reserved 1048576K

Heap Regions: E=young(eden), S=young(survivor), O=old, HS=humongous(starts), HC=humongous(continues), CS=collection set, F=free, OA=open archive, CA=closed archive, TAMS=top-at-mark-start (previous, next)
|   0|0x00000000c1400000, 0x00000000c1500000, 0x00000000c1500000|100%| O|  |TAMS 0x00000000c1500000, 0x00000000c1400000| Untracked 
|   1|0x00000000c1500000, 0x00000000c1600000, 0x00000000c1600000|100%| O|  |TAMS 0x00000000c1600000, 0x00000000c1500000| Untracked 
|   2|0x00000000c1600000, 0x00000000c1700000, 0x00000000c1700000|100%| O|  |TAMS 0x00000000c1700000, 0x00000000c1600000| Untracked 
|   3|0x00000000c1700000, 0x00000000c1800000, 0x00000000c1800000|100%| O|  |TAMS 0x00000000c1800000, 0x00000000c1700000| Untracked 
|   4|0x00000000c1800000, 0x00000000c1900000, 0x00000000c1900000|100%| O|  |TAMS 0x00000000c1900000, 0x00000000c1800000| Untracked 
|   5|0x00000000c1900000, 0x00000000c1a00000, 0x00000000c1a00000|100%| O|  |TAMS 0x00000000c1a00000, 0x00000000c1900000| Untracked 
|   6|0x00000000c1a00000, 0x00000000c1b00000, 0x00000000c1b00000|100%| O|  |TAMS 0x00000000c1b00000, 0x00000000c1a00000| Untracked 
|   7|0x00000000c1b00000, 0x00000000c1c00000, 0x00000000c1c00000|100%| O|  |TAMS 0x00000000c1c00000, 0x00000000c1b00000| Untracked 
|   8|0x00000000c1c00000, 0x00000000c1d00000, 0x00000000c1d00000|100%| O|  |TAMS 0x00000000c1d00000, 0x00000000c1c00000| Untracked 
|   9|0x00000000c1d00000, 0x00000000c1d4ce00, 0x00000000c1e00000| 30%| O|  |TAMS 0x00000000c1d4ce00, 0x00000000c1d00000| Untracked 
|  10|0x00000000c1e00000, 0x00000000c1f00000, 0x00000000c1f00000|100%| O|  |TAMS 0x00000000c1e00000, 0x00000000c1e00000| Untracked 
|  11|0x00000000c1f00000, 0x00000000c2000000, 0x00000000c2000000|100%| O|  |TAMS 0x00000000c1f00000, 0x00000000c1f00000| Untracked 
|  12|0x00000000c2000000, 0x00000000c2100000, 0x00000000c2100000|100%| O|  |TAMS 0x00000000c2000000, 0x00000000c2000000| Untracked 
|  13|0x00000000c2100000, 0x00000000c2200000, 0x00000000c2200000|100%| O|  |TAMS 0x00000000c2100000, 0x00000000c2100000| Untracked 
|  14|0x00000000c2200000, 0x00000000c2300000, 0x00000000c2300000|100%| O|  |TAMS 0x00000000c2200000, 0x00000000c2200000| Untracked 
|  15|0x00000000c2300000, 0x00000000c2400000, 0x00000000c2400000|100%| O|  |TAMS 0x00000000c2300000, 0x00000000c2300000| Untracked 
|  16|0x00000000c2400000, 0x00000000c24cc400, 0x00000000c2500000| 79%| O|  |TAMS 0x00000000c2400000, 0x00000000c2400000| Untracked 
|  17|0x00000000c2500000, 0x00000000c2500000, 0x00000000c2600000|  0%| F|  |TAMS 0x00000000c2500000, 0x00000000c2500000| Untracked 
|  18|0x00000000c2600000, 0x00000000c2600000, 0x00000000c2700000|  0%| F|  |TAMS 0x00000000c2600000, 0x00000000c2600000| Untracked 
|  19|0x00000000c2700000, 0x00000000c2700000, 0x00000000c2800000|  0%| F|  |TAMS 0x00000000c2700000, 0x00000000c2700000| Untracked 
|  20|0x00000000c2800000, 0x00000000c2800000, 0x00000000c2900000|  0%| F|  |TAMS 0x00000000c2800000, 0x00000000c2800000| Untracked 
|  21|0x00000000c2900000, 0x00000000c2900000, 0x00000000c2a00000|  0%| F|  |TAMS 0x00000000c2900000, 0x00000000c2900000| Untracked 
|  22|0x00000000c2a00000, 0x00000000c2a00000, 0x00000000c2b00000|  0%| F|  |TAMS 0x00000000c2a00000, 0x00000000c2a00000| Untracked 
|  23|0x00000000c2b00000, 0x00000000c2b00000, 0x00000000c2c00000|  0%| F|  |TAMS 0x00000000c2b00000, 0x00000000c2b00000| Untracked 
|  24|0x00000000c2c00000, 0x00000000c2c00000, 0x00000000c2d00000|  0%| F|  |TAMS 0x00000000c2c00000, 0x00000000c2c00000| Untracked 
|  25|0x00000000c2d00000, 0x00000000c2d00000, 0x00000000c2e00000|  0%| F|  |TAMS 0x00000000c2d00000, 0x00000000c2d00000| Untracked 
|  26|0x00000000c2e00000, 0x00000000c2e00000, 0x00000000c2f00000|  0%| F|  |TAMS 0x00000000c2e00000, 0x00000000c2e00000| Untracked 
|  27|0x00000000c2f00000, 0x00000000c3000000, 0x00000000c3000000|100%| S|CS|TAMS 0x00000000c2f00000, 0x00000000c2f00000| Complete 
|  28|0x00000000c3000000, 0x00000000c3100000, 0x00000000c3100000|100%| S|CS|TAMS 0x00000000c3000000, 0x00000000c3000000| Complete 
|  29|0x00000000c3100000, 0x00000000c3200000, 0x00000000c3200000|100%| S|CS|TAMS 0x00000000c3100000, 0x00000000c3100000| Complete 
|  30|0x00000000c3200000, 0x00000000c3200000, 0x00000000c3300000|  0%| F|  |TAMS 0x00000000c3200000, 0x00000000c3200000| Untracked 
|  31|0x00000000c3300000, 0x00000000c3300000, 0x00000000c3400000|  0%| F|  |TAMS 0x00000000c3300000, 0x00000000c3300000| Untracked 
|  32|0x00000000c3400000, 0x00000000c3400000, 0x00000000c3500000|  0%| F|  |TAMS 0x00000000c3400000, 0x00000000c3400000| Untracked 
|  33|0x00000000c3500000, 0x00000000c3500000, 0x00000000c3600000|  0%| F|  |TAMS 0x00000000c3500000, 0x00000000c3500000| Untracked 
|  34|0x00000000c3600000, 0x00000000c3600000, 0x00000000c3700000|  0%| F|  |TAMS 0x00000000c3600000, 0x00000000c3600000| Untracked 
|  35|0x00000000c3700000, 0x00000000c3700000, 0x00000000c3800000|  0%| F|  |TAMS 0x00000000c3700000, 0x00000000c3700000| Untracked 
|  36|0x00000000c3800000, 0x00000000c3800000, 0x00000000c3900000|  0%| F|  |TAMS 0x00000000c3800000, 0x00000000c3800000| Untracked 
|  37|0x00000000c3900000, 0x00000000c3900000, 0x00000000c3a00000|  0%| F|  |TAMS 0x00000000c3900000, 0x00000000c3900000| Untracked 
|  38|0x00000000c3a00000, 0x00000000c3a00000, 0x00000000c3b00000|  0%| F|  |TAMS 0x00000000c3a00000, 0x00000000c3a00000| Untracked 
|  39|0x00000000c3b00000, 0x00000000c3b00000, 0x00000000c3c00000|  0%| F|  |TAMS 0x00000000c3b00000, 0x00000000c3b00000| Untracked 
|  40|0x00000000c3c00000, 0x00000000c3c00000, 0x00000000c3d00000|  0%| F|  |TAMS 0x00000000c3c00000, 0x00000000c3c00000| Untracked 
|  41|0x00000000c3d00000, 0x00000000c3d00000, 0x00000000c3e00000|  0%| F|  |TAMS 0x00000000c3d00000, 0x00000000c3d00000| Untracked 
|  42|0x00000000c3e00000, 0x00000000c3e00000, 0x00000000c3f00000|  0%| F|  |TAMS 0x00000000c3e00000, 0x00000000c3e00000| Untracked 
|  53|0x00000000c4900000, 0x00000000c494c748, 0x00000000c4a00000| 29%| E|  |TAMS 0x00000000c4900000, 0x00000000c4900000| Complete 
|  54|0x00000000c4a00000, 0x00000000c4b00000, 0x00000000c4b00000|100%| E|CS|TAMS 0x00000000c4a00000, 0x00000000c4a00000| Complete 
|  55|0x00000000c4b00000, 0x00000000c4c00000, 0x00000000c4c00000|100%| E|CS|TAMS 0x00000000c4b00000, 0x00000000c4b00000| Complete 
|  63|0x00000000c5300000, 0x00000000c5400000, 0x00000000c5400000|100%| E|CS|TAMS 0x00000000c5300000, 0x00000000c5300000| Complete 

Card table byte_map: [0x000002c7f7660000,0x000002c7f7860000] _byte_map_base: 0x000002c7f7056000

Marking Bits (Prev, Next): (CMBitMap*) 0x000002c7ef8d77f0, (CMBitMap*) 0x000002c7ef8d77b0
 Prev Bits: [0x000002c7f8a10000, 0x000002c7f99c0000)
 Next Bits: [0x000002c7f7a60000, 0x000002c7f8a10000)

Polling page: 0x000002c7ed760000

Metaspace:

Usage:
  Non-class:     30.16 MB used.
      Class:      4.40 MB used.
       Both:     34.56 MB used.

Virtual space:
  Non-class space:       64.00 MB reserved,      30.50 MB ( 48%) committed,  1 nodes.
      Class space:        1.00 GB reserved,       4.69 MB ( <1%) committed,  1 nodes.
             Both:        1.06 GB reserved,      35.19 MB (  3%) committed. 

Chunk freelists:
   Non-Class:  1.39 MB
       Class:  3.28 MB
        Both:  4.67 MB

MaxMetaspaceSize: unlimited
CompressedClassSpaceSize: 1.00 GB
Initial GC threshold: 21.00 MB
Current GC threshold: 35.25 MB
CDS: on
MetaspaceReclaimPolicy: balanced
 - commit_granule_bytes: 65536.
 - commit_granule_words: 8192.
 - virtual_space_node_default_size: 8388608.
 - enlarge_chunks_in_place: 1.
 - new_chunks_are_fully_committed: 0.
 - uncommit_free_chunks: 1.
 - use_allocation_guard: 0.


Internal statistics:

num_allocs_failed_limit: 3.
num_arena_births: 868.
num_arena_deaths: 0.
num_vsnodes_births: 2.
num_vsnodes_deaths: 0.
num_space_committed: 563.
num_space_uncommitted: 0.
num_chunks_returned_to_freelist: 3.
num_chunks_taken_from_freelist: 2124.
num_chunk_merges: 3.
num_chunk_splits: 1473.
num_chunks_enlarged: 1124.
num_inconsistent_stats: 0.

CodeHeap 'non-profiled nmethods': size=120000Kb used=1804Kb max_used=1804Kb free=118195Kb
 bounds [0x000002c787ad0000, 0x000002c787d40000, 0x000002c78f000000]
CodeHeap 'profiled nmethods': size=120000Kb used=9537Kb max_used=9537Kb free=110462Kb
 bounds [0x000002c7805a0000, 0x000002c780f00000, 0x000002c787ad0000]
CodeHeap 'non-nmethods': size=5760Kb used=1287Kb max_used=1352Kb free=4472Kb
 bounds [0x000002c780000000, 0x000002c780270000, 0x000002c7805a0000]
 total_blobs=4866 nmethods=4354 adapters=424
 compilation: enabled
              stopped_count=0, restarted_count=0
 full_count=0

Compilation events (20 events):
Event: 12.766 Thread 0x000002c7fbe76c00 nmethod 4408 0x000002c780eedc90 code [0x000002c780eede40, 0x000002c780eee028]
Event: 12.766 Thread 0x000002c7fbe76c00 4411       1       org.springframework.core.annotation.MissingMergedAnnotation::getDistance (2 bytes)
Event: 12.766 Thread 0x000002c7fbe76c00 nmethod 4411 0x000002c787c92910 code [0x000002c787c92aa0, 0x000002c787c92b78]
Event: 12.769 Thread 0x000002c7fbe76c00 4412       1       org.springframework.beans.factory.config.BeanDefinitionHolder::getBeanName (5 bytes)
Event: 12.769 Thread 0x000002c7fbe76c00 nmethod 4412 0x000002c787c92c10 code [0x000002c787c92da0, 0x000002c787c92e78]
Event: 12.773 Thread 0x000002c7fbe76c00 4413       2       java.lang.invoke.LambdaFormBuffer::insertParameter (30 bytes)
Event: 12.774 Thread 0x000002c7fbe76c00 nmethod 4413 0x000002c780eee190 code [0x000002c780eee320, 0x000002c780eee468]
Event: 12.775 Thread 0x000002c7fbe76c00 4414       2       com.fasterxml.jackson.databind.util.internal.PrivateMaxEntriesMap::checkArgument (13 bytes)
Event: 12.775 Thread 0x000002c7fbe76c00 nmethod 4414 0x000002c780eee510 code [0x000002c780eee6c0, 0x000002c780eee868]
Event: 12.777 Thread 0x000002c7fbe76c00 4415       2       java.lang.reflect.AccessibleObject::getDeclaredAnnotation (6 bytes)
Event: 12.778 Thread 0x000002c7fbe76c00 nmethod 4415 0x000002c780eee990 code [0x000002c780eeeb20, 0x000002c780eeec68]
Event: 12.779 Thread 0x000002c7fbe76c00 4417       1       org.springframework.beans.factory.support.AbstractBeanFactory::getCustomTypeConverter (5 bytes)
Event: 12.780 Thread 0x000002c7fbe76c00 nmethod 4417 0x000002c787c92f10 code [0x000002c787c930a0, 0x000002c787c93178]
Event: 12.780 Thread 0x000002c7fbe76c00 4418       2       org.springframework.util.CollectionUtils::computeMapInitialCapacity (11 bytes)
Event: 12.780 Thread 0x000002c7fbe76c00 nmethod 4418 0x000002c780eeed10 code [0x000002c780eeeec0, 0x000002c780eeefe8]
Event: 12.780 Thread 0x000002c7fbe76c00 4419       2       java.lang.Math::ceil (5 bytes)
Event: 12.781 Thread 0x000002c7fbe76c00 nmethod 4419 0x000002c780eef090 code [0x000002c780eef220, 0x000002c780eef328]
Event: 12.781 Thread 0x000002c7fbe76c00 4420       2       org.springframework.core.io.ResourceEditor::<init> (8 bytes)
Event: 12.782 Thread 0x000002c7fbe76c00 nmethod 4420 0x000002c780eef410 code [0x000002c780eef5c0, 0x000002c780eef8c8]
Event: 12.782 Thread 0x000002c7fbe76c00 4422       2       org.springframework.beans.support.ResourceEditorRegistrar::doRegisterEditor (32 bytes)

GC Heap History (20 events):
Event: 2.139 GC heap before
{Heap before GC invocations=0 (full 0):
 garbage-first heap   total 65536K, used 12288K [0x00000000c1400000, 0x0000000100000000)
  region size 1024K, 13 young (13312K), 0 survivors (0K)
 Metaspace       used 2561K, committed 2688K, reserved 1114112K
  class space    used 243K, committed 320K, reserved 1048576K
}
Event: 2.148 GC heap after
{Heap after GC invocations=1 (full 0):
 garbage-first heap   total 65536K, used 4565K [0x00000000c1400000, 0x0000000100000000)
  region size 1024K, 2 young (2048K), 2 survivors (2048K)
 Metaspace       used 2561K, committed 2688K, reserved 1114112K
  class space    used 243K, committed 320K, reserved 1048576K
}
Event: 2.974 GC heap before
{Heap before GC invocations=1 (full 0):
 garbage-first heap   total 65536K, used 16853K [0x00000000c1400000, 0x0000000100000000)
  region size 1024K, 14 young (14336K), 2 survivors (2048K)
 Metaspace       used 5211K, committed 5376K, reserved 1114112K
  class space    used 577K, committed 640K, reserved 1048576K
}
Event: 2.979 GC heap after
{Heap after GC invocations=2 (full 0):
 garbage-first heap   total 65536K, used 5432K [0x00000000c1400000, 0x0000000100000000)
  region size 1024K, 1 young (1024K), 1 survivors (1024K)
 Metaspace       used 5211K, committed 5376K, reserved 1114112K
  class space    used 577K, committed 640K, reserved 1048576K
}
Event: 3.980 GC heap before
{Heap before GC invocations=2 (full 0):
 garbage-first heap   total 65536K, used 26936K [0x00000000c1400000, 0x0000000100000000)
  region size 1024K, 23 young (23552K), 1 survivors (1024K)
 Metaspace       used 10014K, committed 10304K, reserved 1114112K
  class space    used 1172K, committed 1344K, reserved 1048576K
}
Event: 3.985 GC heap after
{Heap after GC invocations=3 (full 0):
 garbage-first heap   total 65536K, used 6717K [0x00000000c1400000, 0x0000000100000000)
  region size 1024K, 2 young (2048K), 2 survivors (2048K)
 Metaspace       used 10014K, committed 10304K, reserved 1114112K
  class space    used 1172K, committed 1344K, reserved 1048576K
}
Event: 5.319 GC heap before
{Heap before GC invocations=3 (full 0):
 garbage-first heap   total 65536K, used 42557K [0x00000000c1400000, 0x0000000100000000)
  region size 1024K, 38 young (38912K), 2 survivors (2048K)
 Metaspace       used 17014K, committed 17280K, reserved 1114112K
  class space    used 2025K, committed 2112K, reserved 1048576K
}
Event: 5.329 GC heap after
{Heap after GC invocations=4 (full 0):
 garbage-first heap   total 65536K, used 9862K [0x00000000c1400000, 0x0000000100000000)
  region size 1024K, 5 young (5120K), 5 survivors (5120K)
 Metaspace       used 17014K, committed 17280K, reserved 1114112K
  class space    used 2025K, committed 2112K, reserved 1048576K
}
Event: 7.165 GC heap before
{Heap before GC invocations=4 (full 0):
 garbage-first heap   total 65536K, used 42630K [0x00000000c1400000, 0x0000000100000000)
  region size 1024K, 37 young (37888K), 5 survivors (5120K)
 Metaspace       used 20259K, committed 20544K, reserved 1114112K
  class space    used 2427K, committed 2560K, reserved 1048576K
}
Event: 7.183 GC heap after
{Heap after GC invocations=5 (full 0):
 garbage-first heap   total 65536K, used 11984K [0x00000000c1400000, 0x0000000100000000)
  region size 1024K, 3 young (3072K), 3 survivors (3072K)
 Metaspace       used 20259K, committed 20544K, reserved 1114112K
  class space    used 2427K, committed 2560K, reserved 1048576K
}
Event: 7.714 GC heap before
{Heap before GC invocations=5 (full 0):
 garbage-first heap   total 65536K, used 19152K [0x00000000c1400000, 0x0000000100000000)
  region size 1024K, 11 young (11264K), 3 survivors (3072K)
 Metaspace       used 21203K, committed 21504K, reserved 1114112K
  class space    used 2526K, committed 2688K, reserved 1048576K
}
Event: 7.722 GC heap after
{Heap after GC invocations=6 (full 0):
 garbage-first heap   total 65536K, used 12547K [0x00000000c1400000, 0x0000000100000000)
  region size 1024K, 3 young (3072K), 3 survivors (3072K)
 Metaspace       used 21203K, committed 21504K, reserved 1114112K
  class space    used 2526K, committed 2688K, reserved 1048576K
}
Event: 9.550 GC heap before
{Heap before GC invocations=7 (full 0):
 garbage-first heap   total 48128K, used 38147K [0x00000000c1400000, 0x0000000100000000)
  region size 1024K, 28 young (28672K), 3 survivors (3072K)
 Metaspace       used 26497K, committed 26944K, reserved 1114112K
  class space    used 3213K, committed 3456K, reserved 1048576K
}
Event: 9.561 GC heap after
{Heap after GC invocations=8 (full 0):
 garbage-first heap   total 48128K, used 14768K [0x00000000c1400000, 0x0000000100000000)
  region size 1024K, 3 young (3072K), 3 survivors (3072K)
 Metaspace       used 26497K, committed 26944K, reserved 1114112K
  class space    used 3213K, committed 3456K, reserved 1048576K
}
Event: 10.533 GC heap before
{Heap before GC invocations=8 (full 0):
 garbage-first heap   total 48128K, used 34224K [0x00000000c1400000, 0x0000000100000000)
  region size 1024K, 22 young (22528K), 3 survivors (3072K)
 Metaspace       used 28919K, committed 29440K, reserved 1114112K
  class space    used 3535K, committed 3776K, reserved 1048576K
}
Event: 10.555 GC heap after
{Heap after GC invocations=9 (full 0):
 garbage-first heap   total 48128K, used 16298K [0x00000000c1400000, 0x0000000100000000)
  region size 1024K, 2 young (2048K), 2 survivors (2048K)
 Metaspace       used 28919K, committed 29440K, reserved 1114112K
  class space    used 3535K, committed 3776K, reserved 1048576K
}
Event: 11.553 GC heap before
{Heap before GC invocations=9 (full 0):
 garbage-first heap   total 48128K, used 35754K [0x00000000c1400000, 0x0000000100000000)
  region size 1024K, 21 young (21504K), 2 survivors (2048K)
 Metaspace       used 32303K, committed 32960K, reserved 1114112K
  class space    used 4059K, committed 4352K, reserved 1048576K
}
Event: 11.563 GC heap after
{Heap after GC invocations=10 (full 0):
 garbage-first heap   total 48128K, used 18116K [0x00000000c1400000, 0x0000000100000000)
  region size 1024K, 2 young (2048K), 2 survivors (2048K)
 Metaspace       used 32303K, committed 32960K, reserved 1114112K
  class space    used 4059K, committed 4352K, reserved 1048576K
}
Event: 12.656 GC heap before
{Heap before GC invocations=10 (full 0):
 garbage-first heap   total 48128K, used 35524K [0x00000000c1400000, 0x0000000100000000)
  region size 1024K, 19 young (19456K), 2 survivors (2048K)
 Metaspace       used 34876K, committed 35456K, reserved 1114112K
  class space    used 4441K, committed 4736K, reserved 1048576K
}
Event: 12.663 GC heap after
{Heap after GC invocations=11 (full 0):
 garbage-first heap   total 48128K, used 19556K [0x00000000c1400000, 0x0000000100000000)
  region size 1024K, 3 young (3072K), 3 survivors (3072K)
 Metaspace       used 34876K, committed 35456K, reserved 1114112K
  class space    used 4441K, committed 4736K, reserved 1048576K
}

Deoptimization events (20 events):
Event: 12.740 Thread 0x000002c793c91490 DEOPT PACKING pc=0x000002c780b93784 sp=0x000000d4bfefe200
Event: 12.740 Thread 0x000002c793c91490 DEOPT UNPACKING pc=0x000002c780052b43 sp=0x000000d4bfefd768 mode 1
Event: 12.740 Thread 0x000002c793c91490 DEOPT PACKING pc=0x000002c780b93784 sp=0x000000d4bfefe200
Event: 12.740 Thread 0x000002c793c91490 DEOPT UNPACKING pc=0x000002c780052b43 sp=0x000000d4bfefd768 mode 1
Event: 12.742 Thread 0x000002c793c91490 DEOPT PACKING pc=0x000002c780b93784 sp=0x000000d4bfefe200
Event: 12.742 Thread 0x000002c793c91490 DEOPT UNPACKING pc=0x000002c780052b43 sp=0x000000d4bfefd768 mode 1
Event: 12.742 Thread 0x000002c793c91490 DEOPT PACKING pc=0x000002c780b93784 sp=0x000000d4bfefe200
Event: 12.742 Thread 0x000002c793c91490 DEOPT UNPACKING pc=0x000002c780052b43 sp=0x000000d4bfefd768 mode 1
Event: 12.743 Thread 0x000002c793c91490 DEOPT PACKING pc=0x000002c780b93784 sp=0x000000d4bfefe200
Event: 12.743 Thread 0x000002c793c91490 DEOPT UNPACKING pc=0x000002c780052b43 sp=0x000000d4bfefd768 mode 1
Event: 12.743 Thread 0x000002c793c91490 DEOPT PACKING pc=0x000002c780b93784 sp=0x000000d4bfefe200
Event: 12.743 Thread 0x000002c793c91490 DEOPT UNPACKING pc=0x000002c780052b43 sp=0x000000d4bfefd768 mode 1
Event: 12.744 Thread 0x000002c793c91490 DEOPT PACKING pc=0x000002c780b93784 sp=0x000000d4bfefe200
Event: 12.744 Thread 0x000002c793c91490 DEOPT UNPACKING pc=0x000002c780052b43 sp=0x000000d4bfefd768 mode 1
Event: 12.744 Thread 0x000002c793c91490 DEOPT PACKING pc=0x000002c780b93784 sp=0x000000d4bfefe200
Event: 12.744 Thread 0x000002c793c91490 DEOPT UNPACKING pc=0x000002c780052b43 sp=0x000000d4bfefd768 mode 1
Event: 12.778 Thread 0x000002c793c91490 DEOPT PACKING pc=0x000002c780b93784 sp=0x000000d4bfefc1b0
Event: 12.778 Thread 0x000002c793c91490 DEOPT UNPACKING pc=0x000002c780052b43 sp=0x000000d4bfefb718 mode 1
Event: 12.778 Thread 0x000002c793c91490 DEOPT PACKING pc=0x000002c780b93784 sp=0x000000d4bfefc1b0
Event: 12.778 Thread 0x000002c793c91490 DEOPT UNPACKING pc=0x000002c780052b43 sp=0x000000d4bfefb718 mode 1

Classes loaded (20 events):
Event: 12.739 Loading class org/springframework/web/servlet/function/ServerResponse
Event: 12.739 Loading class org/springframework/web/servlet/function/ServerResponse done
Event: 12.746 Loading class org/springframework/web/util/DisconnectedClientHelper
Event: 12.746 Loading class org/springframework/web/util/DisconnectedClientHelper done
Event: 12.752 Loading class org/springframework/web/method/annotation/ExceptionHandlerMethodResolver
Event: 12.752 Loading class org/springframework/web/method/annotation/ExceptionHandlerMethodResolver done
Event: 12.754 Loading class org/springframework/util/ReflectionUtils$MethodFilter
Event: 12.754 Loading class org/springframework/util/ReflectionUtils$MethodFilter done
Event: 12.755 Loading class org/springframework/web/servlet/mvc/annotation/ResponseStatusExceptionResolver
Event: 12.755 Loading class org/springframework/web/servlet/mvc/annotation/ResponseStatusExceptionResolver done
Event: 12.757 Loading class org/springframework/web/servlet/mvc/support/DefaultHandlerExceptionResolver
Event: 12.757 Loading class org/springframework/web/servlet/mvc/support/DefaultHandlerExceptionResolver done
Event: 12.759 Loading class org/springframework/validation/method/MethodValidationException
Event: 12.759 Loading class org/springframework/validation/method/MethodValidationException done
Event: 12.759 Loading class org/springframework/validation/method/MethodValidationResult
Event: 12.759 Loading class org/springframework/validation/method/MethodValidationResult done
Event: 12.776 Loading class java/io/ObjectOutputStream
Event: 12.776 Loading class java/io/ObjectOutput
Event: 12.776 Loading class java/io/ObjectOutput done
Event: 12.777 Loading class java/io/ObjectOutputStream done

Classes unloaded (0 events):
No events

Classes redefined (0 events):
No events

Internal exceptions (20 events):
Event: 9.682 Thread 0x000002c793c91490 Exception <a 'java/lang/NoSuchMethodError'{0x00000000c49289b0}: 'java.lang.Object java.lang.invoke.DelegatingMethodHandle$Holder.reinvoke_L(java.lang.Object, long, java.lang.Object, java.lang.Object, java.lang.Object, java.lang.Object, java.lang.Object, java.lang.Object)'> (0x00000000c49289b0) 
thrown [s\src\hotspot\share\interpreter\linkResolver.cpp, line 759]
Event: 9.761 Thread 0x000002c793c91490 Exception <a 'java/io/FileNotFoundException'{0x00000000c3e92ae0}> (0x00000000c3e92ae0) 
thrown [s\src\hotspot\share\prims\jni.cpp, line 516]
Event: 9.802 Thread 0x000002c793c91490 Exception <a 'java/lang/NoSuchMethodError'{0x00000000c3d9ae08}: 'int java.lang.invoke.DirectMethodHandle$Holder.invokeInterface(java.lang.Object, java.lang.Object, java.lang.Object, java.lang.Object)'> (0x00000000c3d9ae08) 
thrown [s\src\hotspot\share\interpreter\linkResolver.cpp, line 759]
Event: 9.903 Thread 0x000002c793c91490 Exception <a 'sun/nio/fs/WindowsException'{0x00000000c3b4d460}> (0x00000000c3b4d460) 
thrown [s\src\hotspot\share\prims\jni.cpp, line 516]
Event: 10.107 Thread 0x000002c793c91490 Exception <a 'java/lang/NoSuchMethodError'{0x00000000c3622450}: 'long java.lang.invoke.DirectMethodHandle$Holder.invokeVirtual(java.lang.Object, java.lang.Object)'> (0x00000000c3622450) 
thrown [s\src\hotspot\share\interpreter\linkResolver.cpp, line 759]
Event: 10.119 Thread 0x000002c793c91490 Exception <a 'java/io/FileNotFoundException'{0x00000000c36548b0}> (0x00000000c36548b0) 
thrown [s\src\hotspot\share\prims\jni.cpp, line 516]
Event: 10.169 Thread 0x000002c793c91490 Exception <a 'java/lang/NoSuchMethodError'{0x00000000c3580bd0}: 'void java.lang.invoke.Invokers$Holder.invokeExact_MT(java.lang.Object, java.lang.Object, java.lang.Object, java.lang.Object)'> (0x00000000c3580bd0) 
thrown [s\src\hotspot\share\interpreter\linkResolver.cpp, line 759]
Event: 10.348 Thread 0x000002c793c91490 Exception <a 'java/lang/NoSuchMethodError'{0x00000000c32563a0}: 'java.lang.Object java.lang.invoke.DirectMethodHandle$Holder.newInvokeSpecial(java.lang.Object, java.lang.Object, java.lang.Object, java.lang.Object, java.lang.Object, java.lang.Object)'> (0x00000000c32563a0) 
thrown [s\src\hotspot\share\interpreter\linkResolver.cpp, line 759]
Event: 10.364 Thread 0x000002c793c91490 Exception <a 'java/lang/NoSuchMethodError'{0x00000000c32b4908}: 'java.lang.Object java.lang.invoke.DirectMethodHandle$Holder.newInvokeSpecial(java.lang.Object, java.lang.Object, java.lang.Object, java.lang.Object, java.lang.Object, java.lang.Object, java.lang.Object, java.lang.Object)'> (0x00000000c32b4908) 
thrown [s\src\hotspot\share\interpreter\linkResolver.cpp, line 759]
Event: 10.466 Thread 0x000002c793c91490 Exception <a 'java/lang/NoSuchMethodError'{0x00000000c302ccb0}: 'java.lang.Object java.lang.invoke.DirectMethodHandle$Holder.newInvokeSpecial(java.lang.Object, java.lang.Object, java.lang.Object, java.lang.Object, java.lang.Object, java.lang.Object, java.lang.Object, java.lang.Object, java.lang.Object)'> (0x00000000c302ccb0) 
thrown [s\src\hotspot\share\interpreter\linkResolver.cpp, line 759]
Event: 10.481 Thread 0x000002c793c91490 Exception <a 'java/lang/IncompatibleClassChangeError'{0x00000000c306cde8}: Found class java.lang.Object, but interface was expected> (0x00000000c306cde8) 
thrown [s\src\hotspot\share\interpreter\linkResolver.cpp, line 826]
Event: 10.518 Thread 0x000002c793c91490 Exception <a 'java/lang/NoSuchMethodError'{0x00000000c30be7b0}: 'java.lang.Object java.lang.invoke.DirectMethodHandle$Holder.newInvokeSpecial(java.lang.Object, java.lang.Object, java.lang.Object, java.lang.Object, java.lang.Object, java.lang.Object, java.lang.Object, java.lang.Object, java.lang.Object, java.lang.Object, java.lang.Object)'> (0x00000000c30be7b0) 
thrown [s\src\hotspot\share\interpreter\linkResolver.cpp, line 759]
Event: 10.518 Thread 0x000002c793c91490 Exception <a 'java/lang/NoSuchMethodError'{0x00000000c30c3ee8}: 'java.lang.Object java.lang.invoke.DirectMethodHandle$Holder.invokeSpecial(java.lang.Object, java.lang.Object, java.lang.Object, java.lang.Object, java.lang.Object, java.lang.Object, java.lang.Object, java.lang.Object, java.lang.Object, java.lang.Object, java.lang.Object, java.lang.Object)'> (0x00000000c30c3ee8) 
thrown [s\src\hotspot\share\interpreter\linkResolver.cpp, line 759]
Event: 10.701 Thread 0x000002c793c91490 Exception <a 'sun/nio/fs/WindowsException'{0x00000000c4a19b10}> (0x00000000c4a19b10) 
thrown [s\src\hotspot\share\prims\jni.cpp, line 516]
Event: 11.227 Thread 0x000002c793c91490 Exception <a 'java/lang/NoSuchMethodError'{0x00000000c353fbd0}: 'java.lang.Object java.lang.invoke.DirectMethodHandle$Holder.invokeVirtual(java.lang.Object, java.lang.Object, int)'> (0x00000000c353fbd0) 
thrown [s\src\hotspot\share\interpreter\linkResolver.cpp, line 759]
Event: 11.322 Thread 0x000002c793c91490 Exception <a 'java/lang/NoSuchMethodError'{0x00000000c332ead0}: 'java.lang.Object java.lang.invoke.DirectMethodHandle$Holder.invokeVirtual(java.lang.Object, java.lang.Object, java.lang.Object, java.lang.Object, java.lang.Object, java.lang.Object, java.lang.Object, java.lang.Object)'> (0x00000000c332ead0) 
thrown [s\src\hotspot\share\interpreter\linkResolver.cpp, line 759]
Event: 11.684 Thread 0x000002c793c91490 Exception <a 'java/lang/NoSuchMethodError'{0x00000000c4a2bd38}: 'java.lang.Object java.lang.invoke.DirectMethodHandle$Holder.invokeSpecialIFC(java.lang.Object, java.lang.Object, java.lang.Object)'> (0x00000000c4a2bd38) 
thrown [s\src\hotspot\share\interpreter\linkResolver.cpp, line 759]
Event: 11.867 Thread 0x000002c793c91490 Exception <a 'java/lang/IncompatibleClassChangeError'{0x00000000c3de4cb8}: Found class java.lang.Object, but interface was expected> (0x00000000c3de4cb8) 
thrown [s\src\hotspot\share\interpreter\linkResolver.cpp, line 826]
Event: 11.921 Thread 0x000002c793c91490 Exception <a 'java/lang/NoSuchMethodError'{0x00000000c3ca9ab0}: 'java.lang.Object java.lang.invoke.DirectMethodHandle$Holder.invokeVirtual(java.lang.Object, java.lang.Object, java.lang.Object, java.lang.Object, java.lang.Object, java.lang.Object, java.lang.Object)'> (0x00000000c3ca9ab0) 
thrown [s\src\hotspot\share\interpreter\linkResolver.cpp, line 759]
Event: 12.628 Thread 0x000002c793c91490 Exception <a 'java/lang/NoSuchMethodError'{0x00000000c3237370}: 'void java.lang.invoke.DirectMethodHandle$Holder.invokeVirtual(java.lang.Object, java.lang.Object, long)'> (0x00000000c3237370) 
thrown [s\src\hotspot\share\interpreter\linkResolver.cpp, line 759]

VM Operations (20 events):
Event: 10.718 Executing VM operation: HandshakeAllThreads
Event: 10.718 Executing VM operation: HandshakeAllThreads done
Event: 11.051 Executing VM operation: HandshakeAllThreads
Event: 11.051 Executing VM operation: HandshakeAllThreads done
Event: 11.341 Executing VM operation: HandshakeAllThreads
Event: 11.341 Executing VM operation: HandshakeAllThreads done
Event: 11.461 Executing VM operation: HandshakeAllThreads
Event: 11.461 Executing VM operation: HandshakeAllThreads done
Event: 11.510 Executing VM operation: HandshakeAllThreads
Event: 11.510 Executing VM operation: HandshakeAllThreads done
Event: 11.553 Executing VM operation: G1CollectForAllocation
Event: 11.563 Executing VM operation: G1CollectForAllocation done
Event: 11.577 Executing VM operation: HandshakeAllThreads
Event: 11.577 Executing VM operation: HandshakeAllThreads done
Event: 12.579 Executing VM operation: Cleanup
Event: 12.579 Executing VM operation: Cleanup done
Event: 12.656 Executing VM operation: G1CollectForAllocation
Event: 12.663 Executing VM operation: G1CollectForAllocation done
Event: 12.692 Executing VM operation: HandshakeAllThreads
Event: 12.692 Executing VM operation: HandshakeAllThreads done

Events (20 events):
Event: 0.801 Loaded shared library C:\Users\ERIN_JAVALead\.jdks\corretto-18.0.2\bin\instrument.dll
Event: 1.120 Thread 0x000002c7932357e0 Thread added: 0x000002c7932357e0
Event: 1.185 Loaded shared library C:\Users\ERIN_JAVALead\.jdks\corretto-18.0.2\bin\net.dll
Event: 1.189 Loaded shared library C:\Users\ERIN_JAVALead\.jdks\corretto-18.0.2\bin\nio.dll
Event: 1.206 Loaded shared library C:\Users\ERIN_JAVALead\.jdks\corretto-18.0.2\bin\zip.dll
Event: 1.325 Thread 0x000002c7932da920 Thread added: 0x000002c7932da920
Event: 1.552 Loaded shared library C:\Users\ERIN_JAVALead\.jdks\corretto-18.0.2\bin\jimage.dll
Event: 2.349 Thread 0x000002c7932da920 Thread exited: 0x000002c7932da920
Event: 2.593 Loaded shared library C:\Users\ERIN_JAVALead\.jdks\corretto-18.0.2\bin\management.dll
Event: 2.603 Loaded shared library C:\Users\ERIN_JAVALead\.jdks\corretto-18.0.2\bin\management_ext.dll
Event: 2.786 Thread 0x000002c7938f16a0 Thread added: 0x000002c7938f16a0
Event: 2.793 Thread 0x000002c793c91490 Thread added: 0x000002c793c91490
Event: 3.821 Thread 0x000002c793f24860 Thread added: 0x000002c793f24860
Event: 4.961 Loaded shared library C:\Users\ERIN_JAVALead\.jdks\corretto-18.0.2\bin\sunmscapi.dll
Event: 5.072 Thread 0x000002c793f24860 Thread exited: 0x000002c793f24860
Event: 5.140 Thread 0x000002c793f24860 Thread added: 0x000002c793f24860
Event: 5.338 Thread 0x000002c793f24860 Thread exited: 0x000002c793f24860
Event: 10.147 Thread 0x000002c795650410 Thread added: 0x000002c795650410
Event: 10.152 Thread 0x000002c7956508d0 Thread added: 0x000002c7956508d0
Event: 10.162 Thread 0x000002c794e1dff0 Thread added: 0x000002c794e1dff0


Dynamic libraries:
0x00007ff6509e0000 - 0x00007ff6509ed000 	C:\Users\ERIN_JAVALead\.jdks\corretto-18.0.2\bin\java.exe
0x00007ffed73f0000 - 0x00007ffed75e8000 	C:\WINDOWS\SYSTEM32\ntdll.dll
0x00007ffed5cf0000 - 0x00007ffed5dad000 	C:\WINDOWS\System32\KERNEL32.DLL
0x00007ffed4f90000 - 0x00007ffed5286000 	C:\WINDOWS\System32\KERNELBASE.dll
0x00007ffed4b90000 - 0x00007ffed4c90000 	C:\WINDOWS\System32\ucrtbase.dll
0x00007ffecdf90000 - 0x00007ffecdfa7000 	C:\Users\ERIN_JAVALead\.jdks\corretto-18.0.2\bin\jli.dll
0x00007ffed6b40000 - 0x00007ffed6cde000 	C:\WINDOWS\System32\USER32.dll
0x00007ffed4f60000 - 0x00007ffed4f82000 	C:\WINDOWS\System32\win32u.dll
0x00007ffed6070000 - 0x00007ffed609c000 	C:\WINDOWS\System32\GDI32.dll
0x00007ffed4e40000 - 0x00007ffed4f5a000 	C:\WINDOWS\System32\gdi32full.dll
0x00007ffed4aa0000 - 0x00007ffed4b3d000 	C:\WINDOWS\System32\msvcp_win.dll
0x00007ffecde60000 - 0x00007ffecde75000 	C:\Users\ERIN_JAVALead\.jdks\corretto-18.0.2\bin\VCRUNTIME140.dll
0x00007ffec2e30000 - 0x00007ffec30ca000 	C:\WINDOWS\WinSxS\amd64_microsoft.windows.common-controls_6595b64144ccf1df_6.0.19041.3636_none_60b6a03d71f818d5\COMCTL32.dll
0x00007ffed6a90000 - 0x00007ffed6b2e000 	C:\WINDOWS\System32\msvcrt.dll
0x00007ffed5e80000 - 0x00007ffed5eb0000 	C:\WINDOWS\System32\IMM32.DLL
0x00007ffeb62e0000 - 0x00007ffeb637b000 	C:\Users\ERIN_JAVALead\.jdks\corretto-18.0.2\bin\msvcp140.dll
0x00007ffe98450000 - 0x00007ffe990c1000 	C:\Users\ERIN_JAVALead\.jdks\corretto-18.0.2\bin\server\jvm.dll
0x00007ffed5ac0000 - 0x00007ffed5b6f000 	C:\WINDOWS\System32\ADVAPI32.dll
0x00007ffed72e0000 - 0x00007ffed737c000 	C:\WINDOWS\System32\sechost.dll
0x00007ffed5790000 - 0x00007ffed58b6000 	C:\WINDOWS\System32\RPCRT4.dll
0x00007ffed6b30000 - 0x00007ffed6b38000 	C:\WINDOWS\System32\PSAPI.DLL
0x00007ffed2240000 - 0x00007ffed2249000 	C:\WINDOWS\SYSTEM32\WSOCK32.dll
0x00007ffed5970000 - 0x00007ffed59db000 	C:\WINDOWS\System32\WS2_32.dll
0x00007ffead200000 - 0x00007ffead227000 	C:\WINDOWS\SYSTEM32\WINMM.dll
0x00007ffecec00000 - 0x00007ffecec0a000 	C:\WINDOWS\SYSTEM32\VERSION.dll
0x00007ffed2960000 - 0x00007ffed2972000 	C:\WINDOWS\SYSTEM32\kernel.appcore.dll
0x00007ffed21e0000 - 0x00007ffed21ea000 	C:\Users\ERIN_JAVALead\.jdks\corretto-18.0.2\bin\jimage.dll
0x00007ffeb35b0000 - 0x00007ffeb3794000 	C:\WINDOWS\SYSTEM32\DBGHELP.DLL
0x00007ffeb3570000 - 0x00007ffeb35a4000 	C:\WINDOWS\SYSTEM32\dbgcore.DLL
0x00007ffed4d00000 - 0x00007ffed4d82000 	C:\WINDOWS\System32\bcryptPrimitives.dll
0x00007ffec5c30000 - 0x00007ffec5c6a000 	C:\Users\ERIN_JAVALead\.jdks\corretto-18.0.2\bin\jdwp.dll
0x00007ffecf510000 - 0x00007ffecf51e000 	C:\Users\ERIN_JAVALead\.jdks\corretto-18.0.2\bin\instrument.dll
0x00007ffecde30000 - 0x00007ffecde55000 	C:\Users\ERIN_JAVALead\.jdks\corretto-18.0.2\bin\java.dll
0x00007ffeca610000 - 0x00007ffeca628000 	C:\Users\ERIN_JAVALead\.jdks\corretto-18.0.2\bin\zip.dll
0x00007ffeb30b0000 - 0x00007ffeb3186000 	C:\Users\ERIN_JAVALead\.jdks\corretto-18.0.2\bin\jsvml.dll
0x00007ffed60c0000 - 0x00007ffed6805000 	C:\WINDOWS\System32\SHELL32.dll
0x00007ffed2b60000 - 0x00007ffed32fb000 	C:\WINDOWS\SYSTEM32\windows.storage.dll
0x00007ffed5420000 - 0x00007ffed5774000 	C:\WINDOWS\System32\combase.dll
0x00007ffed4410000 - 0x00007ffed443d000 	C:\WINDOWS\SYSTEM32\Wldp.dll
0x00007ffed58c0000 - 0x00007ffed596d000 	C:\WINDOWS\System32\SHCORE.dll
0x00007ffed6ce0000 - 0x00007ffed6d35000 	C:\WINDOWS\System32\shlwapi.dll
0x00007ffed49d0000 - 0x00007ffed49f5000 	C:\WINDOWS\SYSTEM32\profapi.dll
0x00007ffec5c10000 - 0x00007ffec5c1c000 	C:\Users\ERIN_JAVALead\.jdks\corretto-18.0.2\bin\dt_socket.dll
0x00007ffed3e60000 - 0x00007ffed3e9b000 	C:\WINDOWS\SYSTEM32\IPHLPAPI.DLL
0x00007ffed4170000 - 0x00007ffed41da000 	C:\WINDOWS\system32\mswsock.dll
0x00007ffecdd90000 - 0x00007ffecdda3000 	C:\Users\ERIN_JAVALead\.jdks\corretto-18.0.2\bin\net.dll
0x00007ffece770000 - 0x00007ffece87a000 	C:\WINDOWS\SYSTEM32\WINHTTP.dll
0x00007ffecdc70000 - 0x00007ffecdc85000 	C:\Users\ERIN_JAVALead\.jdks\corretto-18.0.2\bin\nio.dll
0x00007ffecde20000 - 0x00007ffecde29000 	C:\Users\ERIN_JAVALead\.jdks\corretto-18.0.2\bin\management.dll
0x00007ffec5c20000 - 0x00007ffec5c2b000 	C:\Users\ERIN_JAVALead\.jdks\corretto-18.0.2\bin\management_ext.dll
0x00007ffecdf80000 - 0x00007ffecdf8e000 	C:\Users\ERIN_JAVALead\.jdks\corretto-18.0.2\bin\sunmscapi.dll
0x00007ffed52c0000 - 0x00007ffed541d000 	C:\WINDOWS\System32\CRYPT32.dll
0x00007ffed4480000 - 0x00007ffed44a7000 	C:\WINDOWS\SYSTEM32\ncrypt.dll
0x00007ffed4440000 - 0x00007ffed447b000 	C:\WINDOWS\SYSTEM32\NTASN1.dll
0x00007ffed4370000 - 0x00007ffed4388000 	C:\WINDOWS\SYSTEM32\CRYPTSP.dll
0x00007ffed3aa0000 - 0x00007ffed3ad4000 	C:\WINDOWS\system32\rsaenh.dll
0x00007ffed5290000 - 0x00007ffed52b7000 	C:\WINDOWS\System32\bcrypt.dll
0x00007ffed4950000 - 0x00007ffed497e000 	C:\WINDOWS\SYSTEM32\USERENV.dll
0x00007ffed4360000 - 0x00007ffed436c000 	C:\WINDOWS\SYSTEM32\CRYPTBASE.dll
0x00007ffed5780000 - 0x00007ffed5788000 	C:\WINDOWS\System32\NSI.dll
0x00007ffecea00000 - 0x00007ffecea17000 	C:\WINDOWS\SYSTEM32\dhcpcsvc6.DLL
0x00007ffeceb70000 - 0x00007ffeceb8d000 	C:\WINDOWS\SYSTEM32\dhcpcsvc.DLL
0x00007ffed3ea0000 - 0x00007ffed3f6a000 	C:\WINDOWS\SYSTEM32\DNSAPI.dll

dbghelp: loaded successfully - version: 4.0.5 - missing functions: none
symbol engine: initialized successfully - sym options: 0x614 - pdb path: .;C:\Users\ERIN_JAVALead\.jdks\corretto-18.0.2\bin;C:\WINDOWS\SYSTEM32;C:\WINDOWS\WinSxS\amd64_microsoft.windows.common-controls_6595b64144ccf1df_6.0.19041.3636_none_60b6a03d71f818d5;C:\Users\ERIN_JAVALead\.jdks\corretto-18.0.2\bin\server

VM Arguments:
jvm_args: -agentlib:jdwp=transport=dt_socket,address=127.0.0.1:52379,suspend=y,server=n -javaagent:C:\Users\ERIN_JAVALead\AppData\Local\JetBrains\IdeaIC2021.3\captureAgent\debugger-agent.jar=file:/C:/Users/ERIN_JAVALead/AppData/Local/Temp/capture.props -Dfile.encoding=UTF-8 
java_command: test.springbootsecurity.springbootWithSecurity.SpringbootWithSecurityApplication
java_class_path (initial): C:\Users\ERIN_JAVALead\Downloads\springbootWithSecurity\springbootWithSecurity\target\classes;C:\Users\ERIN_JAVALead\.m2\repository\org\springframework\boot\spring-boot-starter-data-rest\3.2.1\spring-boot-starter-data-rest-3.2.1.jar;C:\Users\ERIN_JAVALead\.m2\repository\org\springframework\data\spring-data-rest-webmvc\4.2.1\spring-data-rest-webmvc-4.2.1.jar;C:\Users\ERIN_JAVALead\.m2\repository\org\springframework\data\spring-data-rest-core\4.2.1\spring-data-rest-core-4.2.1.jar;C:\Users\ERIN_JAVALead\.m2\repository\org\springframework\hateoas\spring-hateoas\2.2.0\spring-hateoas-2.2.0.jar;C:\Users\ERIN_JAVALead\.m2\repository\org\springframework\data\spring-data-commons\3.2.1\spring-data-commons-3.2.1.jar;C:\Users\ERIN_JAVALead\.m2\repository\org\springframework\plugin\spring-plugin-core\3.0.0\spring-plugin-core-3.0.0.jar;C:\Users\ERIN_JAVALead\.m2\repository\org\atteo\evo-inflector\1.3\evo-inflector-1.3.jar;C:\Users\ERIN_JAVALead\.m2\repository\com\fasterxml\jackson\core\jackson-databind\2.15.3\jackson-databind-2.15.3.jar;C:\Users\ERIN_JAVALead\.m2\repository\com\fasterxml\jackson\core\jackson-core\2.15.3\jackson-core-2.15.3.jar;C:\Users\ERIN_JAVALead\.m2\repository\com\fasterxml\jackson\core\jackson-annotations\2.15.3\jackson-annotations-2.15.3.jar;C:\Users\ERIN_JAVALead\.m2\repository\org\slf4j\slf4j-api\2.0.9\slf4j-api-2.0.9.jar;C:\Users\ERIN_JAVALead\.m2\repository\org\springframework\boot\spring-boot-starter-security\3.2.1\spring-boot-starter-security-3.2.1.jar;C:\Users\ERIN_JAVALead\.m2\repository\org\springframework\boot\spring-boot-starter\3.2.1\spring-boot-starter-3.2.1.jar;C:\Users\ERIN_JAVALead\.m2\repository\org\springframework\boot\spring-boot-starter-logging\3.2.1\spring-boot-starter-logging-3.2.1.jar;C:\Users\ERIN_JAVALead\.m2\repository\org\apache\logging\log4j\log4j-to-slf4j\2.21.1\log4j-to-slf4j-2.21.1.jar;C:\Users\ERIN_JAVALead\.m2\repository\org\apache\logging\log4j\log4j-api\2.21.1\log4j-api-2.21.1.jar;C:\Users\ERIN_JAVALead\.m2\repository\org\slf4j\jul-to-slf4j\2.0.9\jul-to-slf4j-2.0.9.jar;C:\Users\ERIN_JAVALead\.m2\repository\jakarta\annotation\jakarta.annotation-api\2.1.1\jakarta.annotation-api-2.1.1.jar;C:\Users\ERIN_JAVALead\.m2\repository\org\yaml\snakeyaml\2.2\snakeyaml-2.2.jar;C:\Users\ERIN_JAVALead\.m2\repository\org\springframework\spring-aop\6.1.2\spring-aop-6.1.2.jar;C:\Users\ERIN_JAVALead\.m2\repository\org\springframework\spring-beans\6.1.2\spring-beans-6.1.2.jar;C:\Users\ERIN_JAVALead\.m2\repository\org\springframework\security\spring-security-config\6.2.1\spring-security-config-6.2.1.jar;C:\Users\ERIN_JAVALead\.m2\repository\org\springframework\security\spring-security-web\6.2.1\spring-security-web-6.2.1.jar;C:\Users\ERIN_JAVALead\.m2\repository\org\springframework\spring-expression\6.1.2\spring-expression-6.1.2.jar;C:\Users\ERIN_JAVALead\.m2\repository\org\springframework\boot\spring-boot-starter-web\3.2.1\spring-boot-starter-web-3.2.1.jar;C:\Users\ERIN_JAVALead\.m2\repository\org\springframework\boot\spring-boot-starter-json\3.2.1\spring-boot-starter-json-3.2.1.jar;C:\Users\ERIN_JAVALead\.m2\repository\com\fasterxml\jackson\datatype\jackson-datatype-jdk8\2.15.3\jackson-datatype-jdk8-2.15.3.jar;C:\Users\ERIN_JAVALead\.m2\repository\com\fasterxml\jackson\datatype\jackson-datatype-jsr310\2.15.3\jackson-datatype-jsr310-2.15.3.jar;C:\Users\ERIN_JAVALead\.m2\repository\com\fasterxml\jackson\module\jackson-module-parameter-names\2.15.3\jackson-module-parameter-names-2.15.3.jar;C:\Users\ERIN_JAVALead\.m2\repository\org\springframework\boot\spring-boot-starter-tomcat\3.2.1\spring-boot-starter-tomcat-3.2.1.jar;C:\Users\ERIN_JAVALead\.m2\repository\org\apache\tomcat\embed\tomcat-embed-core\10.1.17\tomcat-embed-core-10.1.17.jar;C:\Users\ERIN_JAVALead\.m2\repository\org\apache\tomcat\embed\tomcat-embed-el\10.1.17\tomcat-embed-el-10.1.17.jar;C:\Users\ERIN_JAVALead\.m2\repository\org\apache\tomcat\embed\tomcat-embed-websocket\10.1.17\tomcat-embed-websocket-10.1.17.jar;C:\Users\ERIN_JAVALead\.m2\repository\org\springframework\spring-web\6.1.2\spring-web-6.1.2.jar;C:\Users\ERIN_JAVALead\.m2\repository\org\springframework\spring-webmvc\6.1.2\spring-webmvc-6.1.2.jar;C:\Users\ERIN_JAVALead\.m2\repository\org\springframework\kafka\spring-kafka\3.1.1\spring-kafka-3.1.1.jar;C:\Users\ERIN_JAVALead\.m2\repository\org\springframework\spring-context\6.1.2\spring-context-6.1.2.jar;C:\Users\ERIN_JAVALead\.m2\repository\org\springframework\spring-messaging\6.1.2\spring-messaging-6.1.2.jar;C:\Users\ERIN_JAVALead\.m2\repository\org\springframework\spring-tx\6.1.2\spring-tx-6.1.2.jar;C:\Users\ERIN_JAVALead\.m2\repository\org\springframework\retry\spring-retry\2.0.5\spring-retry-2.0.5.jar;C:\Users\ERIN_JAVALead\.m2\repository\org\apache\kafka\kafka-clients\3.6.1\kafka-clients-3.6.1.jar;C:\Users\ERIN_JAVALead\.m2\repository\com\github\luben\zstd-jni\1.5.5-1\zstd-jni-1.5.5-1.jar;C:\Users\ERIN_JAVALead\.m2\repository\org\lz4\lz4-java\1.8.0\lz4-java-1.8.0.jar;C:\Users\ERIN_JAVALead\.m2\repository\org\xerial\snappy\snappy-java\1.1.10.5\snappy-java-1.1.10.5.jar;C:\Users\ERIN_JAVALead\.m2\repository\io\micrometer\micrometer-observation\1.12.1\micrometer-observation-1.12.1.jar;C:\Users\ERIN_JAVALead\.m2\repository\io\micrometer\micrometer-commons\1.12.1\micrometer-commons-1.12.1.jar;C:\Users\ERIN_JAVALead\.m2\repository\com\google\code\findbugs\jsr305\3.0.2\jsr305-3.0.2.jar;C:\Users\ERIN_JAVALead\.m2\repository\org\springframework\boot\spring-boot-devtools\3.2.1\spring-boot-devtools-3.2.1.jar;C:\Users\ERIN_JAVALead\.m2\repository\org\springframework\boot\spring-boot\3.2.1\spring-boot-3.2.1.jar;C:\Users\ERIN_JAVALead\.m2\repository\org\springframework\boot\spring-boot-autoconfigure\3.2.1\spring-boot-autoconfigure-3.2.1.jar;C:\Users\ERIN_JAVALead\.m2\repository\org\projectlombok\lombok\1.18.30\lombok-1.18.30.jar;C:\Users\ERIN_JAVALead\.m2\repository\com\jayway\jsonpath\json-path\2.8.0\json-path-2.8.0.jar;C:\Users\ERIN_JAVALead\.m2\repository\net\minidev\json-smart\2.5.0\json-smart-2.5.0.jar;C:\Users\ERIN_JAVALead\.m2\repository\net\minidev\accessors-smart\2.5.0\accessors-smart-2.5.0.jar;C:\Users\ERIN_JAVALead\.m2\repository\org\ow2\asm\asm\9.3\asm-9.3.jar;C:\Users\ERIN_JAVALead\.m2\repository\org\springframework\spring-core\6.1.2\spring-core-6.1.2.jar;C:\Users\ERIN_JAVALead\.m2\repository\org\springframework\spring-jcl\6.1.2\spring-jcl-6.1.2.jar;C:\Users\ERIN_JAVALead\.m2\repository\ch\qos\logback\logback-core\1.4.14\logback-core-1.4.14.jar;C:\Users\ERIN_JAVALead\.m2\repository\ch\qos\logback\logback-classic\1.4.14\logback-classic-1.4.14.jar;C:\Users\ERIN_JAVALead\.m2\repository\org\springframework\security\spring-security-core\6.2.1\spring-security-core-6.2.1.jar;C:\Users\ERIN_JAVALead\.m2\repository\org\springframework\security\spring-security-crypto\6.2.1\spring-security-crypto-6.2.1.jar;C:\Users\ERIN_JAVALead\.m2\repository\io\jsonwebtoken\jjwt\0.12.3\jjwt-0.12.3.jar;C:\Users\ERIN_JAVALead\.m2\repository\io\jsonwebtoken\jjwt-api\0.12.3\jjwt-api-0.12.3.jar;C:\Users\ERIN_JAVALead\.m2\repository\io\jsonwebtoken\jjwt-impl\0.12.3\jjwt-impl-0.12.3.jar;C:\Users\ERIN_JAVALead\.m2\repository\io\jsonwebtoken\jjwt-jackson\0.12.3\jjwt-jackson-0.12.3.jar;C:\Users\ERIN_JAVALead\.m2\repository\javax\xml\bind\jaxb-api\2.3.0\jaxb-api-2.3.0.jar;C:\Program Files\JetBrains\IntelliJ IDEA Community Edition 2021.3.3\lib\idea_rt.jar
Launcher Type: SUN_STANDARD

[Global flags]
     intx CICompilerCount                          = 3                                         {product} {ergonomic}
     uint ConcGCThreads                            = 1                                         {product} {ergonomic}
     uint G1ConcRefinementThreads                  = 4                                         {product} {ergonomic}
   size_t G1HeapRegionSize                         = 1048576                                   {product} {ergonomic}
    uintx GCDrainStackTargetSize                   = 64                                        {product} {ergonomic}
   size_t InitialHeapSize                          = 67108864                                  {product} {ergonomic}
   size_t MarkStackSize                            = 4194304                                   {product} {ergonomic}
   size_t MaxHeapSize                              = 1052770304                                {product} {ergonomic}
   size_t MaxNewSize                               = 631242752                                 {product} {ergonomic}
   size_t MinHeapDeltaBytes                        = 1048576                                   {product} {ergonomic}
   size_t MinHeapSize                              = 8388608                                   {product} {ergonomic}
    uintx NonNMethodCodeHeapSize                   = 5832780                                {pd product} {ergonomic}
    uintx NonProfiledCodeHeapSize                  = 122912730                              {pd product} {ergonomic}
    uintx ProfiledCodeHeapSize                     = 122912730                              {pd product} {ergonomic}
    uintx ReservedCodeCacheSize                    = 251658240                              {pd product} {ergonomic}
     bool SegmentedCodeCache                       = true                                      {product} {ergonomic}
   size_t SoftMaxHeapSize                          = 1052770304                             {manageable} {ergonomic}
     bool UseCompressedClassPointers               = true                           {product lp64_product} {ergonomic}
     bool UseCompressedOops                        = true                           {product lp64_product} {ergonomic}
     bool UseG1GC                                  = true                                      {product} {ergonomic}
     bool UseLargePagesIndividualAllocation        = false                                  {pd product} {ergonomic}

Logging:
Log output configuration:
 #0: stdout all=warning uptime,level,tags foldmultilines=false
 #1: stderr all=off uptime,level,tags foldmultilines=false

Environment Variables:
PATH=C:\WINDOWS\system32;C:\WINDOWS;C:\WINDOWS\System32\Wbem;C:\WINDOWS\System32\WindowsPowerShell\v1.0\;C:\WINDOWS\System32\OpenSSH\;C:\Program Files (x86)\nodejs\;C:\Program Files (x86)\nodejs\npm;C:\Users\ERIN_JAVALead\AppData\Roaming\npm;C:\Program Files\Git\cmd;C:\Program Files (x86)\dotnet\;C:\Program Files (x86)\Microsoft SQL Server\160\DTS\Binn\;C:\Program Files\Azure Data Studio\bin;C:\Program Files (x86)\Microsoft SQL Server\160\Tools\Binn\;C:\Program Files\Microsoft SQL Server\160\Tools\Binn\;C:\Program Files\Microsoft SQL Server\Client SDK\ODBC\170\Tools\Binn\;C:\Program Files\Microsoft SQL Server\160\DTS\Binn\;C:\Users\ERIN_JAVALead\AppData\Local\Microsoft\WindowsApps;;C:\Users\ERIN_JAVALead\AppData\Local\Programs\Microsoft VS Code\bin;C:\Users\ERIN_JAVALead\AppData\Roaming\npm;C:\Program Files\Azure Data Studio\bin
USERNAME=ERIN_JAVALead
OS=Windows_NT
PROCESSOR_IDENTIFIER=Intel64 Family 6 Model 78 Stepping 3, GenuineIntel



---------------  S Y S T E M  ---------------

OS:
 Windows 10 , 64 bit Build 19041 (10.0.19041.3636)
OS uptime: 0 days 6:36 hours

CPU: total 4 (initial active 4) (2 cores per cpu, 2 threads per core) family 6 model 78 stepping 3 microcode 0xcc, cx8, cmov, fxsr, ht, mmx, 3dnowpref, sse, sse2, sse3, ssse3, sse4.1, sse4.2, popcnt, lzcnt, tsc, tscinvbit, avx, avx2, aes, erms, clmul, bmi1, bmi2, adx, fma, vzeroupper, clflush, clflushopt

Memory: 4k page, system-wide physical 4012M (286M free)
TotalPageFile size 6060M (AvailPageFile size 3M)
current process WorkingSet (physical memory assigned to process): 219M, peak: 219M
current process commit charge ("private bytes"): 252M, peak: 252M

vm_info: OpenJDK 64-Bit Server VM (18.0.2+9-FR) for windows-amd64 JRE (18.0.2+9-FR), built on Jul 15 2022 20:03:03 by "Administrator" with MS VC++ 15.9 (VS2017)

END.
