#
# There is insufficient memory for the Java Runtime Environment to continue.
# Native memory allocation (mmap) failed to map 65536 bytes for Failed to commit metaspace.
# Possible reasons:
#   The system is out of physical RAM or swap space
#   The process is running with CompressedOops enabled, and the Java Heap may be blocking the growth of the native heap
# Possible solutions:
#   Reduce memory load on the system
#   Increase physical memory or swap space
#   Check if swap backing store is full
#   Decrease Java heap size (-Xmx/-Xms)
#   Decrease number of Java threads
#   Decrease Java thread stack sizes (-Xss)
#   Set larger code cache with -XX:ReservedCodeCacheSize=
#   JVM is running with Unscaled Compressed Oops mode in which the Java heap is
#     placed in the first 4GB address space. The Java Heap base address is the
#     maximum limit for the native heap growth. Please use -XX:HeapBaseMinAddress
#     to set the Java Heap base and to place the Java Heap above 4GB virtual address.
# This output file may be truncated or incomplete.
#
#  Out of Memory Error (virtualSpaceNode.cpp:110), pid=8964, tid=7920
#
# JRE version: OpenJDK Runtime Environment Corretto-18.0.2.9.1 (18.0.2+9) (build 18.0.2+9-FR)
# Java VM: OpenJDK 64-Bit Server VM Corretto-18.0.2.9.1 (18.0.2+9-FR, mixed mode, sharing, tiered, compressed oops, compressed class ptrs, g1 gc, windows-amd64)
# No core dump will be written. Minidumps are not enabled by default on client versions of Windows
#

---------------  S U M M A R Y ------------

Command Line: -javaagent:C:\Program Files\JetBrains\IntelliJ IDEA Community Edition 2021.3.3\lib\idea_rt.jar=53587:C:\Program Files\JetBrains\IntelliJ IDEA Community Edition 2021.3.3\bin -Dfile.encoding=UTF-8 test.springbootsecurity.springbootWithSecurity.SpringbootWithSecurityApplication

Host: Intel(R) Core(TM) i3-6006U CPU @ 2.00GHz, 4 cores, 3G,  Windows 10 , 64 bit Build 19041 (10.0.19041.3636)
Time: Fri Dec 22 17:16:38 2023 Egypt Standard Time elapsed time: 2.575721 seconds (0d 0h 0m 2s)

---------------  T H R E A D  ---------------

Current thread (0x000001aae6444f80):  JavaThread "main" [_thread_in_vm, id=7920, stack(0x000000aa6de00000,0x000000aa6df00000)]

Stack: [0x000000aa6de00000,0x000000aa6df00000]
Native frames: (J=compiled Java code, j=interpreted, Vv=VM code, C=native code)
V  [jvm.dll+0x685a2a]
V  [jvm.dll+0x82ae8d]
V  [jvm.dll+0x82c75e]
V  [jvm.dll+0x82ce03]
V  [jvm.dll+0x25ef4b]
V  [jvm.dll+0x826bdb]
V  [jvm.dll+0x62d206]
V  [jvm.dll+0x1dd6de]
V  [jvm.dll+0x62fa7e]
V  [jvm.dll+0x62f88e]
V  [jvm.dll+0x62dbc5]
V  [jvm.dll+0x25391f]
V  [jvm.dll+0x637785]
V  [jvm.dll+0x267aa7]
V  [jvm.dll+0x268f6e]
V  [jvm.dll+0x20035a]
V  [jvm.dll+0x1ff9aa]
V  [jvm.dll+0x54c26e]
V  [jvm.dll+0x7a896f]
V  [jvm.dll+0x7a8a54]
V  [jvm.dll+0x424844]
V  [jvm.dll+0x42a218]
C  [java.dll+0x17ec]

Java frames: (J=compiled Java code, j=interpreted, Vv=VM code)
j  java.lang.ClassLoader.defineClass1(Ljava/lang/ClassLoader;Ljava/lang/String;[BIILjava/security/ProtectionDomain;Ljava/lang/String;)Ljava/lang/Class;+0 java.base@18.0.2
j  java.lang.ClassLoader.defineClass(Ljava/lang/String;[BIILjava/security/ProtectionDomain;)Ljava/lang/Class;+27 java.base@18.0.2
j  java.security.SecureClassLoader.defineClass(Ljava/lang/String;[BIILjava/security/CodeSource;)Ljava/lang/Class;+12 java.base@18.0.2
j  jdk.internal.loader.BuiltinClassLoader.defineClass(Ljava/lang/String;Ljdk/internal/loader/Resource;)Ljava/lang/Class;+117 java.base@18.0.2
j  jdk.internal.loader.BuiltinClassLoader.findClassOnClassPathOrNull(Ljava/lang/String;)Ljava/lang/Class;+37 java.base@18.0.2
J 464 c1 jdk.internal.loader.BuiltinClassLoader.loadClassOrNull(Ljava/lang/String;Z)Ljava/lang/Class; java.base@18.0.2 (143 bytes) @ 0x000001aaee64ab34 [0x000001aaee64a0c0+0x0000000000000a74]
J 713 c1 jdk.internal.loader.ClassLoaders$AppClassLoader.loadClass(Ljava/lang/String;Z)Ljava/lang/Class; java.base@18.0.2 (40 bytes) @ 0x000001aaee6bc844 [0x000001aaee6bc660+0x00000000000001e4]
J 712 c1 java.lang.ClassLoader.loadClass(Ljava/lang/String;)Ljava/lang/Class; java.base@18.0.2 (7 bytes) @ 0x000001aaee6bc34c [0x000001aaee6bc240+0x000000000000010c]
v  ~StubRoutines::call_stub
j  java.lang.ClassLoader.defineClass1(Ljava/lang/ClassLoader;Ljava/lang/String;[BIILjava/security/ProtectionDomain;Ljava/lang/String;)Ljava/lang/Class;+0 java.base@18.0.2
j  java.lang.ClassLoader.defineClass(Ljava/lang/String;[BIILjava/security/ProtectionDomain;)Ljava/lang/Class;+27 java.base@18.0.2
j  java.security.SecureClassLoader.defineClass(Ljava/lang/String;[BIILjava/security/CodeSource;)Ljava/lang/Class;+12 java.base@18.0.2
j  jdk.internal.loader.BuiltinClassLoader.defineClass(Ljava/lang/String;Ljdk/internal/loader/Resource;)Ljava/lang/Class;+117 java.base@18.0.2
j  jdk.internal.loader.BuiltinClassLoader.findClassOnClassPathOrNull(Ljava/lang/String;)Ljava/lang/Class;+37 java.base@18.0.2
J 464 c1 jdk.internal.loader.BuiltinClassLoader.loadClassOrNull(Ljava/lang/String;Z)Ljava/lang/Class; java.base@18.0.2 (143 bytes) @ 0x000001aaee64ab34 [0x000001aaee64a0c0+0x0000000000000a74]
J 713 c1 jdk.internal.loader.ClassLoaders$AppClassLoader.loadClass(Ljava/lang/String;Z)Ljava/lang/Class; java.base@18.0.2 (40 bytes) @ 0x000001aaee6bc844 [0x000001aaee6bc660+0x00000000000001e4]
J 712 c1 java.lang.ClassLoader.loadClass(Ljava/lang/String;)Ljava/lang/Class; java.base@18.0.2 (7 bytes) @ 0x000001aaee6bc34c [0x000001aaee6bc240+0x000000000000010c]
v  ~StubRoutines::call_stub
j  java.lang.Class.forName0(Ljava/lang/String;ZLjava/lang/ClassLoader;Ljava/lang/Class;)Ljava/lang/Class;+0 java.base@18.0.2
j  java.lang.Class.forName(Ljava/lang/String;ZLjava/lang/ClassLoader;Ljava/lang/Class;)Ljava/lang/Class;+37 java.base@18.0.2
j  java.lang.Class.forName(Ljava/lang/String;ZLjava/lang/ClassLoader;)Ljava/lang/Class;+20 java.base@18.0.2
j  org.springframework.util.ClassUtils.forName(Ljava/lang/String;Ljava/lang/ClassLoader;)Ljava/lang/Class;+164
j  org.springframework.util.ClassUtils.isPresent(Ljava/lang/String;Ljava/lang/ClassLoader;)Z+2
j  org.springframework.boot.WebApplicationType.deduceFromClasspath()Lorg/springframework/boot/WebApplicationType;+51
j  org.springframework.boot.SpringApplication.<init>(Lorg/springframework/core/io/ResourceLoader;[Ljava/lang/Class;)V+105
j  org.springframework.boot.SpringApplication.<init>([Ljava/lang/Class;)V+3
j  org.springframework.boot.SpringApplication.run([Ljava/lang/Class;[Ljava/lang/String;)Lorg/springframework/context/ConfigurableApplicationContext;+5
j  org.springframework.boot.SpringApplication.run(Ljava/lang/Class;[Ljava/lang/String;)Lorg/springframework/context/ConfigurableApplicationContext;+9
j  test.springbootsecurity.springbootWithSecurity.SpringbootWithSecurityApplication.main([Ljava/lang/String;)V+3
v  ~StubRoutines::call_stub

---------------  P R O C E S S  ---------------

Threads class SMR info:
_java_thread_list=0x000001aa860d0040, length=13, elements={
0x000001aae6444f80, 0x000001aaff9951a0, 0x000001aaff995d10, 0x000001aaff9a9080,
0x000001aaff9aa940, 0x000001aaff9ab1f0, 0x000001aaff9abaa0, 0x000001aaff9ac680,
0x000001aaffa12b60, 0x000001aaffa15070, 0x000001aae650bc10, 0x000001aaffe8b6e0,
0x000001aafff804f0
}

Java Threads: ( => current thread )
=>0x000001aae6444f80 JavaThread "main" [_thread_in_vm, id=7920, stack(0x000000aa6de00000,0x000000aa6df00000)]
  0x000001aaff9951a0 JavaThread "Reference Handler" daemon [_thread_blocked, id=12268, stack(0x000000aa6e500000,0x000000aa6e600000)]
  0x000001aaff995d10 JavaThread "Finalizer" daemon [_thread_blocked, id=3616, stack(0x000000aa6e600000,0x000000aa6e700000)]
  0x000001aaff9a9080 JavaThread "Signal Dispatcher" daemon [_thread_blocked, id=4428, stack(0x000000aa6e700000,0x000000aa6e800000)]
  0x000001aaff9aa940 JavaThread "Attach Listener" daemon [_thread_blocked, id=5864, stack(0x000000aa6e800000,0x000000aa6e900000)]
  0x000001aaff9ab1f0 JavaThread "Service Thread" daemon [_thread_blocked, id=2732, stack(0x000000aa6e900000,0x000000aa6ea00000)]
  0x000001aaff9abaa0 JavaThread "Monitor Deflation Thread" daemon [_thread_blocked, id=6900, stack(0x000000aa6ea00000,0x000000aa6eb00000)]
  0x000001aaff9ac680 JavaThread "C2 CompilerThread0" daemon [_thread_blocked, id=9252, stack(0x000000aa6eb00000,0x000000aa6ec00000)]
  0x000001aaffa12b60 JavaThread "C1 CompilerThread0" daemon [_thread_blocked, id=13044, stack(0x000000aa6ec00000,0x000000aa6ed00000)]
  0x000001aaffa15070 JavaThread "Sweeper thread" daemon [_thread_blocked, id=13280, stack(0x000000aa6ed00000,0x000000aa6ee00000)]
  0x000001aae650bc10 JavaThread "Common-Cleaner" daemon [_thread_blocked, id=3016, stack(0x000000aa6ee00000,0x000000aa6ef00000)]
  0x000001aaffe8b6e0 JavaThread "Monitor Ctrl-Break" daemon [_thread_in_native, id=7636, stack(0x000000aa6f000000,0x000000aa6f100000)]
  0x000001aafff804f0 JavaThread "Notification Thread" daemon [_thread_blocked, id=3644, stack(0x000000aa6f100000,0x000000aa6f200000)]

Other Threads:
  0x000001aaff990ae0 VMThread "VM Thread" [stack: 0x000000aa6e400000,0x000000aa6e500000] [id=12864] _threads_hazard_ptr=0x000001aa860d0040
  0x000001aaffe70770 WatcherThread "VM Periodic Task Thread" [stack: 0x000000aa6f200000,0x000000aa6f300000] [id=5948]
  0x000001aae6485830 WorkerThread "GC Thread#0" [stack: 0x000000aa6df00000,0x000000aa6e000000] [id=12344]
  0x000001aae648f800 ConcurrentGCThread "G1 Main Marker" [stack: 0x000000aa6e000000,0x000000aa6e100000] [id=6828]
  0x000001aae6491110 WorkerThread "G1 Conc#0" [stack: 0x000000aa6e100000,0x000000aa6e200000] [id=12796]
  0x000001aae64b8220 ConcurrentGCThread "G1 Refine#0" [stack: 0x000000aa6e200000,0x000000aa6e300000] [id=9192]
  0x000001aae64b8a40 ConcurrentGCThread "G1 Service" [stack: 0x000000aa6e300000,0x000000aa6e400000] [id=2344]

Threads with active compile tasks:

VM state: synchronizing (normal execution)

VM Mutex/Monitor currently owned by a thread:  ([mutex/lock_event])
[0x000001aae6430b40] Metaspace_lock - owner thread: 0x000001aae6444f80
[0x000001aae6442690] Threads_lock - owner thread: 0x000001aaff990ae0

Heap address: 0x00000000c1400000, size: 1004 MB, Compressed Oops mode: 32-bit

CDS archive(s) mapped at: [0x0000000800000000-0x0000000800ba0000-0x0000000800ba0000), size 12189696, SharedBaseAddress: 0x0000000800000000, ArchiveRelocationMode: 0.
Compressed class space mapped at: 0x0000000800c00000-0x0000000840c00000, reserved size: 1073741824
Narrow klass base: 0x0000000800000000, Narrow klass shift: 0, Narrow klass range: 0x100000000

GC Precious Log:
 CardTable entry size: 512
 Card Set container configuration: InlinePtr #cards 5 size 8 Array Of Cards #cards 12 size 40 Howl #buckets 4 coarsen threshold 1843 Howl Bitmap #cards 512 size 80 coarsen threshold 460 Card regions per heap region 1 cards per card region 2048
 CPUs: 4 total, 4 available
 Memory: 4012M
 Large Page Support: Disabled
 NUMA Support: Disabled
 Compressed Oops: Enabled (32-bit)
 Heap Region Size: 1M
 Heap Min Capacity: 8M
 Heap Initial Capacity: 64M
 Heap Max Capacity: 1004M
 Pre-touch: Disabled
 Parallel Workers: 4
 Concurrent Workers: 1
 Concurrent Refinement Workers: 4
 Periodic GC: Disabled

Heap:
 garbage-first heap   total 65536K, used 9216K [0x00000000c1400000, 0x0000000100000000)
  region size 1024K, 11 young (11264K), 0 survivors (0K)
 Metaspace       used 2735K, committed 2880K, reserved 1114112K
  class space    used 263K, committed 384K, reserved 1048576K

Heap Regions: E=young(eden), S=young(survivor), O=old, HS=humongous(starts), HC=humongous(continues), CS=collection set, F=free, OA=open archive, CA=closed archive, TAMS=top-at-mark-start (previous, next)
|   0|0x00000000c1400000, 0x00000000c1400000, 0x00000000c1500000|  0%| F|  |TAMS 0x00000000c1400000, 0x00000000c1400000| Untracked 
|   1|0x00000000c1500000, 0x00000000c1500000, 0x00000000c1600000|  0%| F|  |TAMS 0x00000000c1500000, 0x00000000c1500000| Untracked 
|   2|0x00000000c1600000, 0x00000000c1600000, 0x00000000c1700000|  0%| F|  |TAMS 0x00000000c1600000, 0x00000000c1600000| Untracked 
|   3|0x00000000c1700000, 0x00000000c1700000, 0x00000000c1800000|  0%| F|  |TAMS 0x00000000c1700000, 0x00000000c1700000| Untracked 
|   4|0x00000000c1800000, 0x00000000c1800000, 0x00000000c1900000|  0%| F|  |TAMS 0x00000000c1800000, 0x00000000c1800000| Untracked 
|   5|0x00000000c1900000, 0x00000000c1900000, 0x00000000c1a00000|  0%| F|  |TAMS 0x00000000c1900000, 0x00000000c1900000| Untracked 
|   6|0x00000000c1a00000, 0x00000000c1a00000, 0x00000000c1b00000|  0%| F|  |TAMS 0x00000000c1a00000, 0x00000000c1a00000| Untracked 
|   7|0x00000000c1b00000, 0x00000000c1b00000, 0x00000000c1c00000|  0%| F|  |TAMS 0x00000000c1b00000, 0x00000000c1b00000| Untracked 
|   8|0x00000000c1c00000, 0x00000000c1c00000, 0x00000000c1d00000|  0%| F|  |TAMS 0x00000000c1c00000, 0x00000000c1c00000| Untracked 
|   9|0x00000000c1d00000, 0x00000000c1d00000, 0x00000000c1e00000|  0%| F|  |TAMS 0x00000000c1d00000, 0x00000000c1d00000| Untracked 
|  10|0x00000000c1e00000, 0x00000000c1e00000, 0x00000000c1f00000|  0%| F|  |TAMS 0x00000000c1e00000, 0x00000000c1e00000| Untracked 
|  11|0x00000000c1f00000, 0x00000000c1f00000, 0x00000000c2000000|  0%| F|  |TAMS 0x00000000c1f00000, 0x00000000c1f00000| Untracked 
|  12|0x00000000c2000000, 0x00000000c2000000, 0x00000000c2100000|  0%| F|  |TAMS 0x00000000c2000000, 0x00000000c2000000| Untracked 
|  13|0x00000000c2100000, 0x00000000c2100000, 0x00000000c2200000|  0%| F|  |TAMS 0x00000000c2100000, 0x00000000c2100000| Untracked 
|  14|0x00000000c2200000, 0x00000000c2200000, 0x00000000c2300000|  0%| F|  |TAMS 0x00000000c2200000, 0x00000000c2200000| Untracked 
|  15|0x00000000c2300000, 0x00000000c2300000, 0x00000000c2400000|  0%| F|  |TAMS 0x00000000c2300000, 0x00000000c2300000| Untracked 
|  16|0x00000000c2400000, 0x00000000c2400000, 0x00000000c2500000|  0%| F|  |TAMS 0x00000000c2400000, 0x00000000c2400000| Untracked 
|  17|0x00000000c2500000, 0x00000000c2500000, 0x00000000c2600000|  0%| F|  |TAMS 0x00000000c2500000, 0x00000000c2500000| Untracked 
|  18|0x00000000c2600000, 0x00000000c2600000, 0x00000000c2700000|  0%| F|  |TAMS 0x00000000c2600000, 0x00000000c2600000| Untracked 
|  19|0x00000000c2700000, 0x00000000c2700000, 0x00000000c2800000|  0%| F|  |TAMS 0x00000000c2700000, 0x00000000c2700000| Untracked 
|  20|0x00000000c2800000, 0x00000000c2800000, 0x00000000c2900000|  0%| F|  |TAMS 0x00000000c2800000, 0x00000000c2800000| Untracked 
|  21|0x00000000c2900000, 0x00000000c2900000, 0x00000000c2a00000|  0%| F|  |TAMS 0x00000000c2900000, 0x00000000c2900000| Untracked 
|  22|0x00000000c2a00000, 0x00000000c2a00000, 0x00000000c2b00000|  0%| F|  |TAMS 0x00000000c2a00000, 0x00000000c2a00000| Untracked 
|  23|0x00000000c2b00000, 0x00000000c2b00000, 0x00000000c2c00000|  0%| F|  |TAMS 0x00000000c2b00000, 0x00000000c2b00000| Untracked 
|  24|0x00000000c2c00000, 0x00000000c2c00000, 0x00000000c2d00000|  0%| F|  |TAMS 0x00000000c2c00000, 0x00000000c2c00000| Untracked 
|  25|0x00000000c2d00000, 0x00000000c2d00000, 0x00000000c2e00000|  0%| F|  |TAMS 0x00000000c2d00000, 0x00000000c2d00000| Untracked 
|  26|0x00000000c2e00000, 0x00000000c2e00000, 0x00000000c2f00000|  0%| F|  |TAMS 0x00000000c2e00000, 0x00000000c2e00000| Untracked 
|  27|0x00000000c2f00000, 0x00000000c2f00000, 0x00000000c3000000|  0%| F|  |TAMS 0x00000000c2f00000, 0x00000000c2f00000| Untracked 
|  28|0x00000000c3000000, 0x00000000c3000000, 0x00000000c3100000|  0%| F|  |TAMS 0x00000000c3000000, 0x00000000c3000000| Untracked 
|  29|0x00000000c3100000, 0x00000000c3100000, 0x00000000c3200000|  0%| F|  |TAMS 0x00000000c3100000, 0x00000000c3100000| Untracked 
|  30|0x00000000c3200000, 0x00000000c3200000, 0x00000000c3300000|  0%| F|  |TAMS 0x00000000c3200000, 0x00000000c3200000| Untracked 
|  31|0x00000000c3300000, 0x00000000c3300000, 0x00000000c3400000|  0%| F|  |TAMS 0x00000000c3300000, 0x00000000c3300000| Untracked 
|  32|0x00000000c3400000, 0x00000000c3400000, 0x00000000c3500000|  0%| F|  |TAMS 0x00000000c3400000, 0x00000000c3400000| Untracked 
|  33|0x00000000c3500000, 0x00000000c3500000, 0x00000000c3600000|  0%| F|  |TAMS 0x00000000c3500000, 0x00000000c3500000| Untracked 
|  34|0x00000000c3600000, 0x00000000c3600000, 0x00000000c3700000|  0%| F|  |TAMS 0x00000000c3600000, 0x00000000c3600000| Untracked 
|  35|0x00000000c3700000, 0x00000000c3700000, 0x00000000c3800000|  0%| F|  |TAMS 0x00000000c3700000, 0x00000000c3700000| Untracked 
|  36|0x00000000c3800000, 0x00000000c3800000, 0x00000000c3900000|  0%| F|  |TAMS 0x00000000c3800000, 0x00000000c3800000| Untracked 
|  37|0x00000000c3900000, 0x00000000c3900000, 0x00000000c3a00000|  0%| F|  |TAMS 0x00000000c3900000, 0x00000000c3900000| Untracked 
|  38|0x00000000c3a00000, 0x00000000c3a00000, 0x00000000c3b00000|  0%| F|  |TAMS 0x00000000c3a00000, 0x00000000c3a00000| Untracked 
|  39|0x00000000c3b00000, 0x00000000c3b00000, 0x00000000c3c00000|  0%| F|  |TAMS 0x00000000c3b00000, 0x00000000c3b00000| Untracked 
|  40|0x00000000c3c00000, 0x00000000c3c00000, 0x00000000c3d00000|  0%| F|  |TAMS 0x00000000c3c00000, 0x00000000c3c00000| Untracked 
|  41|0x00000000c3d00000, 0x00000000c3d00000, 0x00000000c3e00000|  0%| F|  |TAMS 0x00000000c3d00000, 0x00000000c3d00000| Untracked 
|  42|0x00000000c3e00000, 0x00000000c3e00000, 0x00000000c3f00000|  0%| F|  |TAMS 0x00000000c3e00000, 0x00000000c3e00000| Untracked 
|  43|0x00000000c3f00000, 0x00000000c3f00000, 0x00000000c4000000|  0%| F|  |TAMS 0x00000000c3f00000, 0x00000000c3f00000| Untracked 
|  44|0x00000000c4000000, 0x00000000c4000000, 0x00000000c4100000|  0%| F|  |TAMS 0x00000000c4000000, 0x00000000c4000000| Untracked 
|  45|0x00000000c4100000, 0x00000000c4100000, 0x00000000c4200000|  0%| F|  |TAMS 0x00000000c4100000, 0x00000000c4100000| Untracked 
|  46|0x00000000c4200000, 0x00000000c4200000, 0x00000000c4300000|  0%| F|  |TAMS 0x00000000c4200000, 0x00000000c4200000| Untracked 
|  47|0x00000000c4300000, 0x00000000c4300000, 0x00000000c4400000|  0%| F|  |TAMS 0x00000000c4300000, 0x00000000c4300000| Untracked 
|  48|0x00000000c4400000, 0x00000000c4400000, 0x00000000c4500000|  0%| F|  |TAMS 0x00000000c4400000, 0x00000000c4400000| Untracked 
|  49|0x00000000c4500000, 0x00000000c4500000, 0x00000000c4600000|  0%| F|  |TAMS 0x00000000c4500000, 0x00000000c4500000| Untracked 
|  50|0x00000000c4600000, 0x00000000c4600000, 0x00000000c4700000|  0%| F|  |TAMS 0x00000000c4600000, 0x00000000c4600000| Untracked 
|  51|0x00000000c4700000, 0x00000000c4700000, 0x00000000c4800000|  0%| F|  |TAMS 0x00000000c4700000, 0x00000000c4700000| Untracked 
|  52|0x00000000c4800000, 0x00000000c4800000, 0x00000000c4900000|  0%| F|  |TAMS 0x00000000c4800000, 0x00000000c4800000| Untracked 
|  53|0x00000000c4900000, 0x00000000c4946918, 0x00000000c4a00000| 27%| E|  |TAMS 0x00000000c4900000, 0x00000000c4900000| Complete 
|  54|0x00000000c4a00000, 0x00000000c4b00000, 0x00000000c4b00000|100%| E|CS|TAMS 0x00000000c4a00000, 0x00000000c4a00000| Complete 
|  55|0x00000000c4b00000, 0x00000000c4c00000, 0x00000000c4c00000|100%| E|CS|TAMS 0x00000000c4b00000, 0x00000000c4b00000| Complete 
|  56|0x00000000c4c00000, 0x00000000c4d00000, 0x00000000c4d00000|100%| E|CS|TAMS 0x00000000c4c00000, 0x00000000c4c00000| Complete 
|  57|0x00000000c4d00000, 0x00000000c4e00000, 0x00000000c4e00000|100%| E|CS|TAMS 0x00000000c4d00000, 0x00000000c4d00000| Complete 
|  58|0x00000000c4e00000, 0x00000000c4f00000, 0x00000000c4f00000|100%| E|CS|TAMS 0x00000000c4e00000, 0x00000000c4e00000| Complete 
|  59|0x00000000c4f00000, 0x00000000c5000000, 0x00000000c5000000|100%| E|CS|TAMS 0x00000000c4f00000, 0x00000000c4f00000| Complete 
|  60|0x00000000c5000000, 0x00000000c5100000, 0x00000000c5100000|100%| E|CS|TAMS 0x00000000c5000000, 0x00000000c5000000| Complete 
|  61|0x00000000c5100000, 0x00000000c5200000, 0x00000000c5200000|100%| E|  |TAMS 0x00000000c5100000, 0x00000000c5100000| Complete 
|  62|0x00000000c5200000, 0x00000000c5300000, 0x00000000c5300000|100%| E|CS|TAMS 0x00000000c5200000, 0x00000000c5200000| Complete 
|  63|0x00000000c5300000, 0x00000000c5400000, 0x00000000c5400000|100%| E|CS|TAMS 0x00000000c5300000, 0x00000000c5300000| Complete 

Card table byte_map: [0x000001aafd210000,0x000001aafd410000] _byte_map_base: 0x000001aafcc06000

Marking Bits (Prev, Next): (CMBitMap*) 0x000001aae6487150, (CMBitMap*) 0x000001aae6487190
 Prev Bits: [0x000001aafd610000, 0x000001aafe5c0000)
 Next Bits: [0x000001aafe5c0000, 0x000001aaff570000)

Polling page: 0x000001aae43d0000

Metaspace:

Usage:
  Non-class:      2.41 MB used.
      Class:    263.43 KB used.
       Both:      2.67 MB used.

Virtual space:
  Non-class space:       64.00 MB reserved,       2.44 MB (  4%) committed,  1 nodes.
      Class space:        1.00 GB reserved,     384.00 KB ( <1%) committed,  1 nodes.
             Both:        1.06 GB reserved,       2.81 MB ( <1%) committed. 

Chunk freelists:
   Non-Class:  3.11 MB
       Class:  3.61 MB
        Both:  6.72 MB

MaxMetaspaceSize: unlimited
CompressedClassSpaceSize: 1.00 GB
Initial GC threshold: 21.00 MB
Current GC threshold: 21.00 MB
CDS: on
MetaspaceReclaimPolicy: balanced
 - commit_granule_bytes: 65536.
 - commit_granule_words: 8192.
 - virtual_space_node_default_size: 8388608.
 - enlarge_chunks_in_place: 1.
 - new_chunks_are_fully_committed: 0.
 - uncommit_free_chunks: 1.
 - use_allocation_guard: 0.


Internal statistics:

num_allocs_failed_limit: 0.
num_arena_births: 66.
num_arena_deaths: 0.
num_vsnodes_births: 2.
num_vsnodes_deaths: 0.
num_space_committed: 45.
num_space_uncommitted: 0.
num_chunks_returned_to_freelist: 0.
num_chunks_taken_from_freelist: 112.
num_chunk_merges: 0.
num_chunk_splits: 79.
num_chunks_enlarged: 56.
num_inconsistent_stats: 0.

CodeHeap 'non-profiled nmethods': size=120000Kb used=277Kb max_used=277Kb free=119723Kb
 bounds [0x000001aaf5ae0000, 0x000001aaf5d50000, 0x000001aafd010000]
CodeHeap 'profiled nmethods': size=120000Kb used=1131Kb max_used=1131Kb free=118868Kb
 bounds [0x000001aaee5b0000, 0x000001aaee820000, 0x000001aaf5ae0000]
CodeHeap 'non-nmethods': size=5760Kb used=1151Kb max_used=1177Kb free=4608Kb
 bounds [0x000001aaee010000, 0x000001aaee280000, 0x000001aaee5b0000]
 total_blobs=1163 nmethods=732 adapters=344
 compilation: enabled
              stopped_count=0, restarted_count=0
 full_count=0

Compilation events (20 events):
Event: 2.150 Thread 0x000001aaffa12b60  721   !   3       java.util.zip.ZipFile$ZipFileInputStream::read (135 bytes)
Event: 2.151 Thread 0x000001aaffa12b60 nmethod 721 0x000001aaee6c1010 code [0x000001aaee6c1220, 0x000001aaee6c18b8]
Event: 2.151 Thread 0x000001aaffa12b60  724   !   3       java.net.URL::set (114 bytes)
Event: 2.152 Thread 0x000001aaffa12b60 nmethod 724 0x000001aaee6c1c10 code [0x000001aaee6c1e60, 0x000001aaee6c2918]
Event: 2.189 Thread 0x000001aaffa12b60  725       3       java.net.URL::<init> (8 bytes)
Event: 2.189 Thread 0x000001aaffa12b60 nmethod 725 0x000001aaee6c2c90 code [0x000001aaee6c2e40, 0x000001aaee6c2f88]
Event: 2.193 Thread 0x000001aaffa12b60  726       3       java.lang.String::<init> (830 bytes)
Event: 2.198 Thread 0x000001aaffa12b60 nmethod 726 0x000001aaee6c3010 code [0x000001aaee6c3500, 0x000001aaee6c6348]
Event: 2.198 Thread 0x000001aaffa12b60  727       3       java.util.AbstractMap::<init> (5 bytes)
Event: 2.198 Thread 0x000001aaffa12b60 nmethod 727 0x000001aaee6c6f90 code [0x000001aaee6c7120, 0x000001aaee6c7278]
Event: 2.198 Thread 0x000001aaffa12b60  728   !   3       java.util.zip.ZipFile::getInputStream (275 bytes)
Event: 2.200 Thread 0x000001aaffa12b60 nmethod 728 0x000001aaee6c7310 code [0x000001aaee6c7600, 0x000001aaee6c8768]
Event: 2.231 Thread 0x000001aaffa12b60  729       3       java.util.zip.ZipUtils::LOCNAM (7 bytes)
Event: 2.231 Thread 0x000001aaffa12b60 nmethod 729 0x000001aaee6c9210 code [0x000001aaee6c93a0, 0x000001aaee6c9558]
Event: 2.231 Thread 0x000001aaffa12b60  730       3       java.util.zip.ZipUtils::LOCEXT (7 bytes)
Event: 2.232 Thread 0x000001aaffa12b60 nmethod 730 0x000001aaee6c9690 code [0x000001aaee6c9820, 0x000001aaee6c99d8]
Event: 2.232 Thread 0x000001aaffa12b60  731       3       jdk.internal.ref.PhantomCleanable::clean (16 bytes)
Event: 2.232 Thread 0x000001aaffa12b60 nmethod 731 0x000001aaee6c9b10 code [0x000001aaee6c9ce0, 0x000001aaee6c9fa8]
Event: 2.319 Thread 0x000001aaffa12b60  732   !   3       java.util.zip.ZipFile$ZipFileInflaterInputStream::close (67 bytes)
Event: 2.320 Thread 0x000001aaffa12b60 nmethod 732 0x000001aaee6ca090 code [0x000001aaee6ca2c0, 0x000001aaee6cab18]

GC Heap History (0 events):
No events

Deoptimization events (20 events):
Event: 0.945 Thread 0x000001aae6444f80 Uncommon trap: trap_request=0xfffffff4 fr.pc=0x000001aaf5aeed50 relative=0x00000000000001b0
Event: 0.945 Thread 0x000001aae6444f80 Uncommon trap: reason=null_check action=make_not_entrant pc=0x000001aaf5aeed50 method=java.lang.String.equals(Ljava/lang/Object;)Z @ 8 c2
Event: 0.945 Thread 0x000001aae6444f80 DEOPT PACKING pc=0x000001aaf5aeed50 sp=0x000000aa6defe860
Event: 0.945 Thread 0x000001aae6444f80 DEOPT UNPACKING pc=0x000001aaee0623a3 sp=0x000000aa6defe808 mode 2
Event: 0.999 Thread 0x000001aae6444f80 Uncommon trap: trap_request=0xffffff45 fr.pc=0x000001aaf5aef0a8 relative=0x00000000000000a8
Event: 0.999 Thread 0x000001aae6444f80 Uncommon trap: reason=unstable_if action=reinterpret pc=0x000001aaf5aef0a8 method=java.lang.String.isLatin1()Z @ 10 c2
Event: 0.999 Thread 0x000001aae6444f80 DEOPT PACKING pc=0x000001aaf5aef0a8 sp=0x000000aa6defeb50
Event: 0.999 Thread 0x000001aae6444f80 DEOPT UNPACKING pc=0x000001aaee0623a3 sp=0x000000aa6defea90 mode 2
Event: 1.207 Thread 0x000001aae6444f80 Uncommon trap: trap_request=0xffffff45 fr.pc=0x000001aaf5af4be4 relative=0x0000000000000064
Event: 1.207 Thread 0x000001aae6444f80 Uncommon trap: reason=unstable_if action=reinterpret pc=0x000001aaf5af4be4 method=java.io.WinNTFileSystem.isSlash(C)Z @ 9 c2
Event: 1.207 Thread 0x000001aae6444f80 DEOPT PACKING pc=0x000001aaf5af4be4 sp=0x000000aa6defd920
Event: 1.207 Thread 0x000001aae6444f80 DEOPT UNPACKING pc=0x000001aaee0623a3 sp=0x000000aa6defd8a8 mode 2
Event: 1.311 Thread 0x000001aae6444f80 Uncommon trap: trap_request=0xffffff45 fr.pc=0x000001aaf5b07618 relative=0x0000000000000278
Event: 1.311 Thread 0x000001aae6444f80 Uncommon trap: reason=unstable_if action=reinterpret pc=0x000001aaf5b07618 method=java.io.BufferedReader.read()I @ 19 c2
Event: 1.311 Thread 0x000001aae6444f80 DEOPT PACKING pc=0x000001aaf5b07618 sp=0x000000aa6defcac0
Event: 1.311 Thread 0x000001aae6444f80 DEOPT UNPACKING pc=0x000001aaee0623a3 sp=0x000000aa6defca00 mode 2
Event: 1.509 Thread 0x000001aae6444f80 DEOPT PACKING pc=0x000001aaee61e4e5 sp=0x000000aa6def9040
Event: 1.509 Thread 0x000001aae6444f80 DEOPT UNPACKING pc=0x000001aaee062b43 sp=0x000000aa6def8490 mode 0
Event: 2.193 Thread 0x000001aae6444f80 DEOPT PACKING pc=0x000001aaee5f3826 sp=0x000000aa6defda90
Event: 2.193 Thread 0x000001aae6444f80 DEOPT UNPACKING pc=0x000001aaee062b43 sp=0x000000aa6defcf80 mode 0

Classes loaded (20 events):
Event: 1.560 Loading class java/time/zone/ZoneOffsetTransition
Event: 1.560 Loading class java/time/zone/ZoneOffsetTransition done
Event: 1.587 Loading class java/util/concurrent/atomic/AtomicReference
Event: 1.587 Loading class java/util/concurrent/atomic/AtomicReference done
Event: 1.602 Loading class java/lang/NumberFormatException
Event: 1.602 Loading class java/lang/NumberFormatException done
Event: 1.620 Loading class java/lang/InterruptedException
Event: 1.620 Loading class java/lang/InterruptedException done
Event: 1.620 Loading class java/util/concurrent/TimeoutException
Event: 1.621 Loading class java/util/concurrent/TimeoutException done
Event: 1.895 Loading class java/lang/IllegalAccessError
Event: 1.895 Loading class java/lang/IllegalAccessError done
Event: 2.189 Loading class java/util/IdentityHashMap$EntrySet
Event: 2.190 Loading class java/util/IdentityHashMap$EntrySet done
Event: 2.190 Loading class java/util/IdentityHashMap$EntryIterator
Event: 2.190 Loading class java/util/IdentityHashMap$EntryIterator done
Event: 2.190 Loading class java/util/IdentityHashMap$EntryIterator$Entry
Event: 2.190 Loading class java/util/IdentityHashMap$EntryIterator$Entry done
Event: 2.190 Loading class java/util/IdentityHashMap$ValueIterator
Event: 2.190 Loading class java/util/IdentityHashMap$ValueIterator done

Classes unloaded (0 events):
No events

Classes redefined (0 events):
No events

Internal exceptions (8 events):
Event: 0.945 Thread 0x000001aae6444f80 Implicit null exception at 0x000001aaf5aeebd5 to 0x000001aaf5aeed40
Event: 0.947 Thread 0x000001aae6444f80 Exception <a 'java/lang/NoSuchMethodError'{0x00000000c4e183c0}: 'void java.lang.invoke.DirectMethodHandle$Holder.invokeStatic(java.lang.Object, java.lang.Object, java.lang.Object)'> (0x00000000c4e183c0) 
thrown [s\src\hotspot\share\interpreter\linkResolver.cpp, line 759]
Event: 0.966 Thread 0x000001aae6444f80 Exception <a 'java/lang/NoSuchMethodError'{0x00000000c4e310d8}: 'java.lang.Object java.lang.invoke.Invokers$Holder.invokeExact_MT(java.lang.Object, java.lang.Object, java.lang.Object, java.lang.Object, java.lang.Object)'> (0x00000000c4e310d8) 
thrown [s\src\hotspot\share\interpreter\linkResolver.cpp, line 759]
Event: 1.015 Thread 0x000001aaffe8b6e0 Exception <a 'java/lang/NoSuchMethodError'{0x00000000c4e4b208}: 'void java.lang.invoke.DirectMethodHandle$Holder.invokeStatic(java.lang.Object, java.lang.Object)'> (0x00000000c4e4b208) 
thrown [s\src\hotspot\share\interpreter\linkResolver.cpp, line 759]
Event: 1.308 Thread 0x000001aae6444f80 Exception <a 'java/lang/ClassNotFoundException'{0x00000000c4ca5310}: javax/smartcardio/CardPermission> (0x00000000c4ca5310) 
thrown [s\src\hotspot\share\classfile\systemDictionary.cpp, line 255]
Event: 1.328 Thread 0x000001aae6444f80 Exception <a 'java/io/FileNotFoundException'{0x00000000c4cb35b0}> (0x00000000c4cb35b0) 
thrown [s\src\hotspot\share\prims\jni.cpp, line 516]
Event: 1.414 Thread 0x000001aae6444f80 Exception <a 'java/lang/NoSuchMethodError'{0x00000000c4b2c550}: 'java.lang.Object java.lang.invoke.DirectMethodHandle$Holder.invokeSpecial(java.lang.Object, java.lang.Object, java.lang.Object, long, java.lang.Object)'> (0x00000000c4b2c550) 
thrown [s\src\hotspot\share\interpreter\linkResolver.cpp, line 759]
Event: 1.415 Thread 0x000001aae6444f80 Exception <a 'java/lang/NoSuchMethodError'{0x00000000c4b30120}: 'java.lang.Object java.lang.invoke.Invokers$Holder.linkToTargetMethod(java.lang.Object, long, java.lang.Object, java.lang.Object)'> (0x00000000c4b30120) 
thrown [s\src\hotspot\share\interpreter\linkResolver.cpp, line 759]

VM Operations (12 events):
Event: 0.657 Executing VM operation: HandshakeAllThreads
Event: 0.657 Executing VM operation: HandshakeAllThreads done
Event: 1.004 Executing VM operation: HandshakeAllThreads
Event: 1.004 Executing VM operation: HandshakeAllThreads done
Event: 1.180 Executing VM operation: HandshakeAllThreads
Event: 1.180 Executing VM operation: HandshakeAllThreads done
Event: 1.180 Executing VM operation: Cleanup
Event: 1.180 Executing VM operation: Cleanup done
Event: 1.206 Executing VM operation: HandshakeAllThreads
Event: 1.206 Executing VM operation: HandshakeAllThreads done
Event: 1.602 Executing VM operation: HandshakeAllThreads
Event: 1.602 Executing VM operation: HandshakeAllThreads done

Events (20 events):
Event: 0.118 Thread 0x000001aaff9aa940 Thread added: 0x000001aaff9aa940
Event: 0.118 Thread 0x000001aaff9ab1f0 Thread added: 0x000001aaff9ab1f0
Event: 0.118 Thread 0x000001aaff9abaa0 Thread added: 0x000001aaff9abaa0
Event: 0.118 Thread 0x000001aaff9ac680 Thread added: 0x000001aaff9ac680
Event: 0.159 Thread 0x000001aaffa12b60 Thread added: 0x000001aaffa12b60
Event: 0.164 Thread 0x000001aaffa15070 Thread added: 0x000001aaffa15070
Event: 0.638 Thread 0x000001aae650bc10 Thread added: 0x000001aae650bc10
Event: 0.690 Loaded shared library C:\Users\ERIN_JAVALead\.jdks\corretto-18.0.2\bin\zip.dll
Event: 0.695 Loaded shared library C:\Users\ERIN_JAVALead\.jdks\corretto-18.0.2\bin\instrument.dll
Event: 0.729 Loaded shared library C:\Users\ERIN_JAVALead\.jdks\corretto-18.0.2\bin\net.dll
Event: 0.734 Loaded shared library C:\Users\ERIN_JAVALead\.jdks\corretto-18.0.2\bin\nio.dll
Event: 0.742 Loaded shared library C:\Users\ERIN_JAVALead\.jdks\corretto-18.0.2\bin\zip.dll
Event: 0.858 Thread 0x000001aaffc707f0 Thread added: 0x000001aaffc707f0
Event: 0.997 Loaded shared library C:\Program Files\JetBrains\IntelliJ IDEA Community Edition 2021.3.3\bin\breakgen64.dll
Event: 0.998 Thread 0x000001aaffe8b6e0 Thread added: 0x000001aaffe8b6e0
Event: 0.998 Thread 0x000001aafff804f0 Thread added: 0x000001aafff804f0
Event: 1.079 Thread 0x000001aaffc707f0 Thread exited: 0x000001aaffc707f0
Event: 1.190 Loaded shared library C:\Users\ERIN_JAVALead\.jdks\corretto-18.0.2\bin\jimage.dll
Event: 1.609 Thread 0x000001aa86202790 Thread added: 0x000001aa86202790
Event: 1.812 Thread 0x000001aa86202790 Thread exited: 0x000001aa86202790


Dynamic libraries:
0x00007ff68cf50000 - 0x00007ff68cf5d000 	C:\Users\ERIN_JAVALead\.jdks\corretto-18.0.2\bin\java.exe
0x00007ffce5eb0000 - 0x00007ffce60a8000 	C:\WINDOWS\SYSTEM32\ntdll.dll
0x00007ffce4880000 - 0x00007ffce493d000 	C:\WINDOWS\System32\KERNEL32.DLL
0x00007ffce3560000 - 0x00007ffce3856000 	C:\WINDOWS\System32\KERNELBASE.dll
0x00007ffce3be0000 - 0x00007ffce3ce0000 	C:\WINDOWS\System32\ucrtbase.dll
0x00007ffccf530000 - 0x00007ffccf547000 	C:\Users\ERIN_JAVALead\.jdks\corretto-18.0.2\bin\jli.dll
0x00007ffce4fe0000 - 0x00007ffce517e000 	C:\WINDOWS\System32\USER32.dll
0x00007ffce3ce0000 - 0x00007ffce3d02000 	C:\WINDOWS\System32\win32u.dll
0x00007ffce4a90000 - 0x00007ffce4abc000 	C:\WINDOWS\System32\GDI32.dll
0x00007ffce3860000 - 0x00007ffce397a000 	C:\WINDOWS\System32\gdi32full.dll
0x00007ffce3b40000 - 0x00007ffce3bdd000 	C:\WINDOWS\System32\msvcp_win.dll
0x00007ffcc8010000 - 0x00007ffcc8025000 	C:\Users\ERIN_JAVALead\.jdks\corretto-18.0.2\bin\VCRUNTIME140.dll
0x00007ffce29d0000 - 0x00007ffce2c6a000 	C:\WINDOWS\WinSxS\amd64_microsoft.windows.common-controls_6595b64144ccf1df_6.0.19041.3636_none_60b6a03d71f818d5\COMCTL32.dll
0x00007ffce4570000 - 0x00007ffce460e000 	C:\WINDOWS\System32\msvcrt.dll
0x00007ffce5ab0000 - 0x00007ffce5ae0000 	C:\WINDOWS\System32\IMM32.DLL
0x00007ffcbb290000 - 0x00007ffcbb32b000 	C:\Users\ERIN_JAVALead\.jdks\corretto-18.0.2\bin\msvcp140.dll
0x00007ffc932f0000 - 0x00007ffc93f61000 	C:\Users\ERIN_JAVALead\.jdks\corretto-18.0.2\bin\server\jvm.dll
0x00007ffce49e0000 - 0x00007ffce4a8f000 	C:\WINDOWS\System32\ADVAPI32.dll
0x00007ffce4f40000 - 0x00007ffce4fdc000 	C:\WINDOWS\System32\sechost.dll
0x00007ffce4ba0000 - 0x00007ffce4cc6000 	C:\WINDOWS\System32\RPCRT4.dll
0x00007ffce4420000 - 0x00007ffce4428000 	C:\WINDOWS\System32\PSAPI.DLL
0x00007ffce07e0000 - 0x00007ffce07e9000 	C:\WINDOWS\SYSTEM32\WSOCK32.dll
0x00007ffce4670000 - 0x00007ffce46db000 	C:\WINDOWS\System32\WS2_32.dll
0x00007ffcb9990000 - 0x00007ffcb99b7000 	C:\WINDOWS\SYSTEM32\WINMM.dll
0x00007ffcdd1e0000 - 0x00007ffcdd1ea000 	C:\WINDOWS\SYSTEM32\VERSION.dll
0x00007ffce0db0000 - 0x00007ffce0dc2000 	C:\WINDOWS\SYSTEM32\kernel.appcore.dll
0x00007ffcdde60000 - 0x00007ffcdde6a000 	C:\Users\ERIN_JAVALead\.jdks\corretto-18.0.2\bin\jimage.dll
0x00007ffce2e70000 - 0x00007ffce3054000 	C:\WINDOWS\SYSTEM32\DBGHELP.DLL
0x00007ffce2e30000 - 0x00007ffce2e64000 	C:\WINDOWS\SYSTEM32\dbgcore.DLL
0x00007ffce3ab0000 - 0x00007ffce3b32000 	C:\WINDOWS\System32\bcryptPrimitives.dll
0x00007ffccf480000 - 0x00007ffccf48e000 	C:\Users\ERIN_JAVALead\.jdks\corretto-18.0.2\bin\instrument.dll
0x00007ffcc6300000 - 0x00007ffcc6325000 	C:\Users\ERIN_JAVALead\.jdks\corretto-18.0.2\bin\java.dll
0x00007ffcba720000 - 0x00007ffcba7f6000 	C:\Users\ERIN_JAVALead\.jdks\corretto-18.0.2\bin\jsvml.dll
0x00007ffce5230000 - 0x00007ffce5975000 	C:\WINDOWS\System32\SHELL32.dll
0x00007ffce0fb0000 - 0x00007ffce174b000 	C:\WINDOWS\SYSTEM32\windows.storage.dll
0x00007ffce5ae0000 - 0x00007ffce5e34000 	C:\WINDOWS\System32\combase.dll
0x00007ffce2700000 - 0x00007ffce272d000 	C:\WINDOWS\SYSTEM32\Wldp.dll
0x00007ffce5180000 - 0x00007ffce522d000 	C:\WINDOWS\System32\SHCORE.dll
0x00007ffce46e0000 - 0x00007ffce4735000 	C:\WINDOWS\System32\shlwapi.dll
0x00007ffce3490000 - 0x00007ffce34b5000 	C:\WINDOWS\SYSTEM32\profapi.dll
0x00007ffcc60c0000 - 0x00007ffcc60d8000 	C:\Users\ERIN_JAVALead\.jdks\corretto-18.0.2\bin\zip.dll
0x00007ffcc62e0000 - 0x00007ffcc62f3000 	C:\Users\ERIN_JAVALead\.jdks\corretto-18.0.2\bin\net.dll
0x00007ffcdcfa0000 - 0x00007ffcdd0aa000 	C:\WINDOWS\SYSTEM32\WINHTTP.dll
0x00007ffce2570000 - 0x00007ffce25da000 	C:\WINDOWS\system32\mswsock.dll
0x00007ffcc62c0000 - 0x00007ffcc62d5000 	C:\Users\ERIN_JAVALead\.jdks\corretto-18.0.2\bin\nio.dll
0x00007ffcc4410000 - 0x00007ffcc442a000 	C:\Program Files\JetBrains\IntelliJ IDEA Community Edition 2021.3.3\bin\breakgen64.dll

dbghelp: loaded successfully - version: 4.0.5 - missing functions: none
symbol engine: initialized successfully - sym options: 0x614 - pdb path: .;C:\Users\ERIN_JAVALead\.jdks\corretto-18.0.2\bin;C:\WINDOWS\SYSTEM32;C:\WINDOWS\WinSxS\amd64_microsoft.windows.common-controls_6595b64144ccf1df_6.0.19041.3636_none_60b6a03d71f818d5;C:\Users\ERIN_JAVALead\.jdks\corretto-18.0.2\bin\server;C:\Program Files\JetBrains\IntelliJ IDEA Community Edition 2021.3.3\bin

VM Arguments:
jvm_args: -javaagent:C:\Program Files\JetBrains\IntelliJ IDEA Community Edition 2021.3.3\lib\idea_rt.jar=53587:C:\Program Files\JetBrains\IntelliJ IDEA Community Edition 2021.3.3\bin -Dfile.encoding=UTF-8 
java_command: test.springbootsecurity.springbootWithSecurity.SpringbootWithSecurityApplication
java_class_path (initial): C:\Users\ERIN_JAVALead\Downloads\springbootWithSecurity\springbootWithSecurity\target\classes;C:\Users\ERIN_JAVALead\.m2\repository\org\springframework\boot\spring-boot-starter-data-rest\3.2.1\spring-boot-starter-data-rest-3.2.1.jar;C:\Users\ERIN_JAVALead\.m2\repository\org\springframework\data\spring-data-rest-webmvc\4.2.1\spring-data-rest-webmvc-4.2.1.jar;C:\Users\ERIN_JAVALead\.m2\repository\org\springframework\data\spring-data-rest-core\4.2.1\spring-data-rest-core-4.2.1.jar;C:\Users\ERIN_JAVALead\.m2\repository\org\springframework\hateoas\spring-hateoas\2.2.0\spring-hateoas-2.2.0.jar;C:\Users\ERIN_JAVALead\.m2\repository\org\springframework\data\spring-data-commons\3.2.1\spring-data-commons-3.2.1.jar;C:\Users\ERIN_JAVALead\.m2\repository\org\springframework\plugin\spring-plugin-core\3.0.0\spring-plugin-core-3.0.0.jar;C:\Users\ERIN_JAVALead\.m2\repository\org\atteo\evo-inflector\1.3\evo-inflector-1.3.jar;C:\Users\ERIN_JAVALead\.m2\repository\com\fasterxml\jackson\core\jackson-annotations\2.15.3\jackson-annotations-2.15.3.jar;C:\Users\ERIN_JAVALead\.m2\repository\org\slf4j\slf4j-api\2.0.9\slf4j-api-2.0.9.jar;C:\Users\ERIN_JAVALead\.m2\repository\org\springframework\boot\spring-boot-starter-security\3.2.1\spring-boot-starter-security-3.2.1.jar;C:\Users\ERIN_JAVALead\.m2\repository\org\springframework\boot\spring-boot-starter\3.2.1\spring-boot-starter-3.2.1.jar;C:\Users\ERIN_JAVALead\.m2\repository\org\springframework\boot\spring-boot-starter-logging\3.2.1\spring-boot-starter-logging-3.2.1.jar;C:\Users\ERIN_JAVALead\.m2\repository\org\apache\logging\log4j\log4j-to-slf4j\2.21.1\log4j-to-slf4j-2.21.1.jar;C:\Users\ERIN_JAVALead\.m2\repository\org\apache\logging\log4j\log4j-api\2.21.1\log4j-api-2.21.1.jar;C:\Users\ERIN_JAVALead\.m2\repository\org\slf4j\jul-to-slf4j\2.0.9\jul-to-slf4j-2.0.9.jar;C:\Users\ERIN_JAVALead\.m2\repository\jakarta\annotation\jakarta.annotation-api\2.1.1\jakarta.annotation-api-2.1.1.jar;C:\Users\ERIN_JAVALead\.m2\repository\org\yaml\snakeyaml\2.2\snakeyaml-2.2.jar;C:\Users\ERIN_JAVALead\.m2\repository\org\springframework\spring-aop\6.1.2\spring-aop-6.1.2.jar;C:\Users\ERIN_JAVALead\.m2\repository\org\springframework\spring-beans\6.1.2\spring-beans-6.1.2.jar;C:\Users\ERIN_JAVALead\.m2\repository\org\springframework\security\spring-security-config\6.2.1\spring-security-config-6.2.1.jar;C:\Users\ERIN_JAVALead\.m2\repository\org\springframework\security\spring-security-web\6.2.1\spring-security-web-6.2.1.jar;C:\Users\ERIN_JAVALead\.m2\repository\org\springframework\spring-expression\6.1.2\spring-expression-6.1.2.jar;C:\Users\ERIN_JAVALead\.m2\repository\org\springframework\boot\spring-boot-starter-web\3.2.1\spring-boot-starter-web-3.2.1.jar;C:\Users\ERIN_JAVALead\.m2\repository\org\springframework\boot\spring-boot-starter-json\3.2.1\spring-boot-starter-json-3.2.1.jar;C:\Users\ERIN_JAVALead\.m2\repository\com\fasterxml\jackson\datatype\jackson-datatype-jdk8\2.15.3\jackson-datatype-jdk8-2.15.3.jar;C:\Users\ERIN_JAVALead\.m2\repository\com\fasterxml\jackson\datatype\jackson-datatype-jsr310\2.15.3\jackson-datatype-jsr310-2.15.3.jar;C:\Users\ERIN_JAVALead\.m2\repository\com\fasterxml\jackson\module\jackson-module-parameter-names\2.15.3\jackson-module-parameter-names-2.15.3.jar;C:\Users\ERIN_JAVALead\.m2\repository\org\springframework\boot\spring-boot-starter-tomcat\3.2.1\spring-boot-starter-tomcat-3.2.1.jar;C:\Users\ERIN_JAVALead\.m2\repository\org\apache\tomcat\embed\tomcat-embed-core\10.1.17\tomcat-embed-core-10.1.17.jar;C:\Users\ERIN_JAVALead\.m2\repository\org\apache\tomcat\embed\tomcat-embed-el\10.1.17\tomcat-embed-el-10.1.17.jar;C:\Users\ERIN_JAVALead\.m2\repository\org\apache\tomcat\embed\tomcat-embed-websocket\10.1.17\tomcat-embed-websocket-10.1.17.jar;C:\Users\ERIN_JAVALead\.m2\repository\org\springframework\spring-web\6.1.2\spring-web-6.1.2.jar;C:\Users\ERIN_JAVALead\.m2\repository\org\springframework\spring-webmvc\6.1.2\spring-webmvc-6.1.2.jar;C:\Users\ERIN_JAVALead\.m2\repository\org\springframework\kafka\spring-kafka\3.1.1\spring-kafka-3.1.1.jar;C:\Users\ERIN_JAVALead\.m2\repository\org\springframework\spring-context\6.1.2\spring-context-6.1.2.jar;C:\Users\ERIN_JAVALead\.m2\repository\org\springframework\spring-messaging\6.1.2\spring-messaging-6.1.2.jar;C:\Users\ERIN_JAVALead\.m2\repository\org\springframework\spring-tx\6.1.2\spring-tx-6.1.2.jar;C:\Users\ERIN_JAVALead\.m2\repository\org\springframework\retry\spring-retry\2.0.5\spring-retry-2.0.5.jar;C:\Users\ERIN_JAVALead\.m2\repository\org\apache\kafka\kafka-clients\3.6.1\kafka-clients-3.6.1.jar;C:\Users\ERIN_JAVALead\.m2\repository\com\github\luben\zstd-jni\1.5.5-1\zstd-jni-1.5.5-1.jar;C:\Users\ERIN_JAVALead\.m2\repository\org\lz4\lz4-java\1.8.0\lz4-java-1.8.0.jar;C:\Users\ERIN_JAVALead\.m2\repository\org\xerial\snappy\snappy-java\1.1.10.5\snappy-java-1.1.10.5.jar;C:\Users\ERIN_JAVALead\.m2\repository\io\micrometer\micrometer-observation\1.12.1\micrometer-observation-1.12.1.jar;C:\Users\ERIN_JAVALead\.m2\repository\io\micrometer\micrometer-commons\1.12.1\micrometer-commons-1.12.1.jar;C:\Users\ERIN_JAVALead\.m2\repository\com\google\code\findbugs\jsr305\3.0.2\jsr305-3.0.2.jar;C:\Users\ERIN_JAVALead\.m2\repository\org\springframework\boot\spring-boot-devtools\3.2.1\spring-boot-devtools-3.2.1.jar;C:\Users\ERIN_JAVALead\.m2\repository\org\springframework\boot\spring-boot\3.2.1\spring-boot-3.2.1.jar;C:\Users\ERIN_JAVALead\.m2\repository\org\springframework\boot\spring-boot-autoconfigure\3.2.1\spring-boot-autoconfigure-3.2.1.jar;C:\Users\ERIN_JAVALead\.m2\repository\org\projectlombok\lombok\1.18.30\lombok-1.18.30.jar;C:\Users\ERIN_JAVALead\.m2\repository\com\jayway\jsonpath\json-path\2.8.0\json-path-2.8.0.jar;C:\Users\ERIN_JAVALead\.m2\repository\net\minidev\json-smart\2.5.0\json-smart-2.5.0.jar;C:\Users\ERIN_JAVALead\.m2\repository\net\minidev\accessors-smart\2.5.0\accessors-smart-2.5.0.jar;C:\Users\ERIN_JAVALead\.m2\repository\org\ow2\asm\asm\9.3\asm-9.3.jar;C:\Users\ERIN_JAVALead\.m2\repository\org\springframework\spring-core\6.1.2\spring-core-6.1.2.jar;C:\Users\ERIN_JAVALead\.m2\repository\org\springframework\spring-jcl\6.1.2\spring-jcl-6.1.2.jar;C:\Users\ERIN_JAVALead\.m2\repository\ch\qos\logback\logback-core\1.4.14\logback-core-1.4.14.jar;C:\Users\ERIN_JAVALead\.m2\repository\ch\qos\logback\logback-classic\1.4.14\logback-classic-1.4.14.jar;C:\Users\ERIN_JAVALead\.m2\repository\org\springframework\security\spring-security-core\6.2.1\spring-security-core-6.2.1.jar;C:\Users\ERIN_JAVALead\.m2\repository\org\springframework\security\spring-security-crypto\6.2.1\spring-security-crypto-6.2.1.jar;C:\Users\ERIN_JAVALead\.m2\repository\io\jsonwebtoken\jjwt\0.12.3\jjwt-0.12.3.jar;C:\Users\ERIN_JAVALead\.m2\repository\io\jsonwebtoken\jjwt-api\0.12.3\jjwt-api-0.12.3.jar;C:\Users\ERIN_JAVALead\.m2\repository\io\jsonwebtoken\jjwt-impl\0.12.3\jjwt-impl-0.12.3.jar;C:\Users\ERIN_JAVALead\.m2\repository\io\jsonwebtoken\jjwt-jackson\0.12.3\jjwt-jackson-0.12.3.jar;C:\Users\ERIN_JAVALead\.m2\repository\com\fasterxml\jackson\core\jackson-databind\2.15.3\jackson-databind-2.15.3.jar;C:\Users\ERIN_JAVALead\.m2\repository\com\fasterxml\jackson\core\jackson-core\2.15.3\jackson-core-2.15.3.jar;C:\Users\ERIN_JAVALead\.m2\repository\javax\xml\bind\jaxb-api\2.3.0\jaxb-api-2.3.0.jar
Launcher Type: SUN_STANDARD

[Global flags]
     intx CICompilerCount                          = 3                                         {product} {ergonomic}
     uint ConcGCThreads                            = 1                                         {product} {ergonomic}
     uint G1ConcRefinementThreads                  = 4                                         {product} {ergonomic}
   size_t G1HeapRegionSize                         = 1048576                                   {product} {ergonomic}
    uintx GCDrainStackTargetSize                   = 64                                        {product} {ergonomic}
   size_t InitialHeapSize                          = 67108864                                  {product} {ergonomic}
   size_t MarkStackSize                            = 4194304                                   {product} {ergonomic}
   size_t MaxHeapSize                              = 1052770304                                {product} {ergonomic}
   size_t MaxNewSize                               = 631242752                                 {product} {ergonomic}
   size_t MinHeapDeltaBytes                        = 1048576                                   {product} {ergonomic}
   size_t MinHeapSize                              = 8388608                                   {product} {ergonomic}
    uintx NonNMethodCodeHeapSize                   = 5832780                                {pd product} {ergonomic}
    uintx NonProfiledCodeHeapSize                  = 122912730                              {pd product} {ergonomic}
    uintx ProfiledCodeHeapSize                     = 122912730                              {pd product} {ergonomic}
    uintx ReservedCodeCacheSize                    = 251658240                              {pd product} {ergonomic}
     bool SegmentedCodeCache                       = true                                      {product} {ergonomic}
   size_t SoftMaxHeapSize                          = 1052770304                             {manageable} {ergonomic}
     bool UseCompressedClassPointers               = true                           {product lp64_product} {ergonomic}
     bool UseCompressedOops                        = true                           {product lp64_product} {ergonomic}
     bool UseG1GC                                  = true                                      {product} {ergonomic}
     bool UseLargePagesIndividualAllocation        = false                                  {pd product} {ergonomic}

Logging:
Log output configuration:
 #0: stdout all=warning uptime,level,tags foldmultilines=false
 #1: stderr all=off uptime,level,tags foldmultilines=false

Environment Variables:
PATH=C:\WINDOWS\system32;C:\WINDOWS;C:\WINDOWS\System32\Wbem;C:\WINDOWS\System32\WindowsPowerShell\v1.0\;C:\WINDOWS\System32\OpenSSH\;C:\Program Files (x86)\nodejs\;C:\Program Files (x86)\nodejs\npm;C:\Users\ERIN_JAVALead\AppData\Roaming\npm;C:\Program Files\Git\cmd;C:\Program Files (x86)\dotnet\;C:\Program Files (x86)\Microsoft SQL Server\160\DTS\Binn\;C:\Program Files\Azure Data Studio\bin;C:\Program Files (x86)\Microsoft SQL Server\160\Tools\Binn\;C:\Program Files\Microsoft SQL Server\160\Tools\Binn\;C:\Program Files\Microsoft SQL Server\Client SDK\ODBC\170\Tools\Binn\;C:\Program Files\Microsoft SQL Server\160\DTS\Binn\;C:\Users\ERIN_JAVALead\AppData\Local\Microsoft\WindowsApps;;C:\Users\ERIN_JAVALead\AppData\Local\Programs\Microsoft VS Code\bin;C:\Users\ERIN_JAVALead\AppData\Roaming\npm;C:\Program Files\Azure Data Studio\bin
USERNAME=ERIN_JAVALead
OS=Windows_NT
PROCESSOR_IDENTIFIER=Intel64 Family 6 Model 78 Stepping 3, GenuineIntel



---------------  S Y S T E M  ---------------

OS:
 Windows 10 , 64 bit Build 19041 (10.0.19041.3636)
OS uptime: 0 days 6:19 hours

CPU: total 4 (initial active 4) (2 cores per cpu, 2 threads per core) family 6 model 78 stepping 3 microcode 0xcc, cx8, cmov, fxsr, ht, mmx, 3dnowpref, sse, sse2, sse3, ssse3, sse4.1, sse4.2, popcnt, lzcnt, tsc, tscinvbit, avx, avx2, aes, erms, clmul, bmi1, bmi2, adx, fma, vzeroupper, clflush, clflushopt

Memory: 4k page, system-wide physical 4012M (386M free)
TotalPageFile size 6060M (AvailPageFile size 1M)
current process WorkingSet (physical memory assigned to process): 51M, peak: 51M
current process commit charge ("private bytes"): 144M, peak: 144M

vm_info: OpenJDK 64-Bit Server VM (18.0.2+9-FR) for windows-amd64 JRE (18.0.2+9-FR), built on Jul 15 2022 20:03:03 by "Administrator" with MS VC++ 15.9 (VS2017)

END.
