#
# There is insufficient memory for the Java Runtime Environment to continue.
# Native memory allocation (malloc) failed to allocate 131088 bytes for Chunk::new
# Possible reasons:
#   The system is out of physical RAM or swap space
#   The process is running with CompressedOops enabled, and the Java Heap may be blocking the growth of the native heap
# Possible solutions:
#   Reduce memory load on the system
#   Increase physical memory or swap space
#   Check if swap backing store is full
#   Decrease Java heap size (-Xmx/-Xms)
#   Decrease number of Java threads
#   Decrease Java thread stack sizes (-Xss)
#   Set larger code cache with -XX:ReservedCodeCacheSize=
#   JVM is running with Unscaled Compressed Oops mode in which the Java heap is
#     placed in the first 4GB address space. The Java Heap base address is the
#     maximum limit for the native heap growth. Please use -XX:HeapBaseMinAddress
#     to set the Java Heap base and to place the Java Heap above 4GB virtual address.
# This output file may be truncated or incomplete.
#
#  Out of Memory Error (arena.cpp:184), pid=11060, tid=8440
#
# JRE version: OpenJDK Runtime Environment Corretto-18.0.2.9.1 (18.0.2+9) (build 18.0.2+9-FR)
# Java VM: OpenJDK 64-Bit Server VM Corretto-18.0.2.9.1 (18.0.2+9-FR, mixed mode, sharing, tiered, compressed oops, compressed class ptrs, g1 gc, windows-amd64)
# No core dump will be written. Minidumps are not enabled by default on client versions of Windows
#

---------------  S U M M A R Y ------------

Command Line: -javaagent:C:\Program Files\JetBrains\IntelliJ IDEA Community Edition 2021.3.3\lib\idea_rt.jar=51085:C:\Program Files\JetBrains\IntelliJ IDEA Community Edition 2021.3.3\bin -Dfile.encoding=UTF-8 test.springbootsecurity.springbootWithSecurity.SpringbootWithSecurityApplication

Host: Intel(R) Core(TM) i3-6006U CPU @ 2.00GHz, 4 cores, 3G,  Windows 10 , 64 bit Build 19041 (10.0.19041.3636)
Time: Fri Dec 22 19:12:30 2023 Egypt Standard Time elapsed time: 16.089284 seconds (0d 0h 0m 16s)

---------------  T H R E A D  ---------------

Current thread (0x00000257bb29caa0):  JavaThread "C2 CompilerThread0" daemon [_thread_in_native, id=8440, stack(0x0000009f9f800000,0x0000009f9f900000)]


Current CompileTask:
C2:  16089 4052       4       org.springframework.core.annotation.TypeMappedAnnotations::get (52 bytes)

Stack: [0x0000009f9f800000,0x0000009f9f900000]
Native frames: (J=compiled Java code, j=interpreted, Vv=VM code, C=native code)
V  [jvm.dll+0x685a2a]
V  [jvm.dll+0x82ae8d]
V  [jvm.dll+0x82c75e]
V  [jvm.dll+0x82ce03]
V  [jvm.dll+0x25ef4b]
V  [jvm.dll+0xd42d2]
V  [jvm.dll+0xd4665]
V  [jvm.dll+0xd43fb]
V  [jvm.dll+0x66433c]
V  [jvm.dll+0x5903ff]
V  [jvm.dll+0x23bae0]
V  [jvm.dll+0x235099]
V  [jvm.dll+0x232e1f]
V  [jvm.dll+0x1c0a35]
V  [jvm.dll+0x24212c]
V  [jvm.dll+0x240534]
V  [jvm.dll+0x7df6db]
V  [jvm.dll+0x7d9cba]
V  [jvm.dll+0x6848a5]
C  [ucrtbase.dll+0x21bb2]
C  [KERNEL32.DLL+0x17344]
C  [ntdll.dll+0x526b1]


---------------  P R O C E S S  ---------------

Threads class SMR info:
_java_thread_list=0x00000257c172b990, length=18, elements={
0x000002579fd35070, 0x00000257bb284970, 0x00000257bb2855d0, 0x00000257bb29a0f0,
0x00000257bb29aa90, 0x00000257bb29b430, 0x00000257bb29bdd0, 0x00000257bb29caa0,
0x00000257bb29ed50, 0x00000257bb306760, 0x000002579fdfb470, 0x00000257bf7b48a0,
0x00000257bf63c170, 0x00000257c00bd010, 0x00000257c00bf960, 0x00000257c0ba6b20,
0x00000257c0ba57e0, 0x00000257c0ba6ff0
}

Java Threads: ( => current thread )
  0x000002579fd35070 JavaThread "main" [_thread_blocked, id=9516, stack(0x0000009f9ea00000,0x0000009f9eb00000)]
  0x00000257bb284970 JavaThread "Reference Handler" daemon [_thread_blocked, id=11016, stack(0x0000009f9f200000,0x0000009f9f300000)]
  0x00000257bb2855d0 JavaThread "Finalizer" daemon [_thread_blocked, id=12168, stack(0x0000009f9f300000,0x0000009f9f400000)]
  0x00000257bb29a0f0 JavaThread "Signal Dispatcher" daemon [_thread_blocked, id=9280, stack(0x0000009f9f400000,0x0000009f9f500000)]
  0x00000257bb29aa90 JavaThread "Attach Listener" daemon [_thread_blocked, id=10852, stack(0x0000009f9f500000,0x0000009f9f600000)]
  0x00000257bb29b430 JavaThread "Service Thread" daemon [_thread_blocked, id=1272, stack(0x0000009f9f600000,0x0000009f9f700000)]
  0x00000257bb29bdd0 JavaThread "Monitor Deflation Thread" daemon [_thread_blocked, id=11376, stack(0x0000009f9f700000,0x0000009f9f800000)]
=>0x00000257bb29caa0 JavaThread "C2 CompilerThread0" daemon [_thread_in_native, id=8440, stack(0x0000009f9f800000,0x0000009f9f900000)]
  0x00000257bb29ed50 JavaThread "C1 CompilerThread0" daemon [_thread_in_native, id=4728, stack(0x0000009f9f900000,0x0000009f9fa00000)]
  0x00000257bb306760 JavaThread "Sweeper thread" daemon [_thread_blocked, id=3552, stack(0x0000009f9fa00000,0x0000009f9fb00000)]
  0x000002579fdfb470 JavaThread "Common-Cleaner" daemon [_thread_blocked, id=10436, stack(0x0000009f9fb00000,0x0000009f9fc00000)]
  0x00000257bf7b48a0 JavaThread "Monitor Ctrl-Break" daemon [_thread_in_native, id=3580, stack(0x0000009f9fc00000,0x0000009f9fd00000)]
  0x00000257bf63c170 JavaThread "Notification Thread" daemon [_thread_blocked, id=9916, stack(0x0000009f9fd00000,0x0000009f9fe00000)]
  0x00000257c00bd010 JavaThread "Thread-0" [_thread_blocked, id=11924, stack(0x0000009fa0200000,0x0000009fa0300000)]
  0x00000257c00bf960 JavaThread "restartedMain" [_thread_in_Java, id=8624, stack(0x0000009fa0300000,0x0000009fa0400000)]
  0x00000257c0ba6b20 JavaThread "Catalina-utility-1" [_thread_blocked, id=5508, stack(0x0000009fa0400000,0x0000009fa0500000)]
  0x00000257c0ba57e0 JavaThread "Catalina-utility-2" [_thread_blocked, id=8940, stack(0x0000009fa0500000,0x0000009fa0600000)]
  0x00000257c0ba6ff0 JavaThread "container-0" [_thread_blocked, id=11528, stack(0x0000009fa0600000,0x0000009fa0700000)]

Other Threads:
  0x00000257bb2801c0 VMThread "VM Thread" [stack: 0x0000009f9f100000,0x0000009f9f200000] [id=6088]
  0x00000257bf63c630 WatcherThread "VM Periodic Task Thread" [stack: 0x0000009f9fe00000,0x0000009f9ff00000] [id=7596]
  0x000002579fd75920 WorkerThread "GC Thread#0" [stack: 0x0000009f9ec00000,0x0000009f9ed00000] [id=12048]
  0x00000257bfea2470 WorkerThread "GC Thread#1" [stack: 0x0000009f9ff00000,0x0000009fa0000000] [id=5772]
  0x00000257bfea29b0 WorkerThread "GC Thread#2" [stack: 0x0000009fa0000000,0x0000009fa0100000] [id=5636]
  0x00000257bfa70030 WorkerThread "GC Thread#3" [stack: 0x0000009fa0100000,0x0000009fa0200000] [id=9056]
  0x000002579fd7f9e0 ConcurrentGCThread "G1 Main Marker" [stack: 0x0000009f9ed00000,0x0000009f9ee00000] [id=6956]
  0x000002579fd803d0 WorkerThread "G1 Conc#0" [stack: 0x0000009f9ee00000,0x0000009f9ef00000] [id=6372]
  0x000002579fda7680 ConcurrentGCThread "G1 Refine#0" [stack: 0x0000009f9ef00000,0x0000009f9f000000] [id=3464]
  0x000002579fda7f90 ConcurrentGCThread "G1 Service" [stack: 0x0000009f9f000000,0x0000009f9f100000] [id=808]

Threads with active compile tasks:
C2 CompilerThread0    16168 4052       4       org.springframework.core.annotation.TypeMappedAnnotations::get (52 bytes)
C1 CompilerThread0    16168 4135       3       org.springframework.core.SerializableTypeWrapper$TypeProxyInvocationHandler::invoke (325 bytes)

VM state: not at safepoint (normal execution)

VM Mutex/Monitor currently owned by a thread: None

Heap address: 0x00000000c1400000, size: 1004 MB, Compressed Oops mode: 32-bit

CDS archive(s) mapped at: [0x0000000800000000-0x0000000800ba0000-0x0000000800ba0000), size 12189696, SharedBaseAddress: 0x0000000800000000, ArchiveRelocationMode: 0.
Compressed class space mapped at: 0x0000000800c00000-0x0000000840c00000, reserved size: 1073741824
Narrow klass base: 0x0000000800000000, Narrow klass shift: 0, Narrow klass range: 0x100000000

GC Precious Log:
 CardTable entry size: 512
 Card Set container configuration: InlinePtr #cards 5 size 8 Array Of Cards #cards 12 size 40 Howl #buckets 4 coarsen threshold 1843 Howl Bitmap #cards 512 size 80 coarsen threshold 460 Card regions per heap region 1 cards per card region 2048
 CPUs: 4 total, 4 available
 Memory: 4012M
 Large Page Support: Disabled
 NUMA Support: Disabled
 Compressed Oops: Enabled (32-bit)
 Heap Region Size: 1M
 Heap Min Capacity: 8M
 Heap Initial Capacity: 64M
 Heap Max Capacity: 1004M
 Pre-touch: Disabled
 Parallel Workers: 4
 Concurrent Workers: 1
 Concurrent Refinement Workers: 4
 Periodic GC: Disabled

Heap:
 garbage-first heap   total 48128K, used 26119K [0x00000000c1400000, 0x0000000100000000)
  region size 1024K, 12 young (12288K), 2 survivors (2048K)
 Metaspace       used 31340K, committed 31936K, reserved 1114112K
  class space    used 3979K, committed 4288K, reserved 1048576K

Heap Regions: E=young(eden), S=young(survivor), O=old, HS=humongous(starts), HC=humongous(continues), CS=collection set, F=free, OA=open archive, CA=closed archive, TAMS=top-at-mark-start (previous, next)
|   0|0x00000000c1400000, 0x00000000c1500000, 0x00000000c1500000|100%| O|  |TAMS 0x00000000c1500000, 0x00000000c1400000| Untracked 
|   1|0x00000000c1500000, 0x00000000c1600000, 0x00000000c1600000|100%| O|  |TAMS 0x00000000c1600000, 0x00000000c1500000| Untracked 
|   2|0x00000000c1600000, 0x00000000c1700000, 0x00000000c1700000|100%| O|  |TAMS 0x00000000c1700000, 0x00000000c1600000| Untracked 
|   3|0x00000000c1700000, 0x00000000c1800000, 0x00000000c1800000|100%| O|  |TAMS 0x00000000c1800000, 0x00000000c1700000| Untracked 
|   4|0x00000000c1800000, 0x00000000c1900000, 0x00000000c1900000|100%| O|  |TAMS 0x00000000c1900000, 0x00000000c1800000| Untracked 
|   5|0x00000000c1900000, 0x00000000c1a00000, 0x00000000c1a00000|100%| O|  |TAMS 0x00000000c1981a00, 0x00000000c1900000| Untracked 
|   6|0x00000000c1a00000, 0x00000000c1b00000, 0x00000000c1b00000|100%| O|  |TAMS 0x00000000c1a00000, 0x00000000c1a00000| Untracked 
|   7|0x00000000c1b00000, 0x00000000c1c00000, 0x00000000c1c00000|100%| O|  |TAMS 0x00000000c1b00000, 0x00000000c1b00000| Untracked 
|   8|0x00000000c1c00000, 0x00000000c1d00000, 0x00000000c1d00000|100%| O|  |TAMS 0x00000000c1c00000, 0x00000000c1c00000| Untracked 
|   9|0x00000000c1d00000, 0x00000000c1de8600, 0x00000000c1e00000| 90%| O|  |TAMS 0x00000000c1d00000, 0x00000000c1d00000| Untracked 
|  10|0x00000000c1e00000, 0x00000000c1f00000, 0x00000000c1f00000|100%| O|  |TAMS 0x00000000c1e00000, 0x00000000c1e00000| Untracked 
|  11|0x00000000c1f00000, 0x00000000c2000000, 0x00000000c2000000|100%| O|  |TAMS 0x00000000c1f00000, 0x00000000c1f00000| Untracked 
|  12|0x00000000c2000000, 0x00000000c2100000, 0x00000000c2100000|100%| O|  |TAMS 0x00000000c2000000, 0x00000000c2000000| Untracked 
|  13|0x00000000c2100000, 0x00000000c2200000, 0x00000000c2200000|100%| O|  |TAMS 0x00000000c2100000, 0x00000000c2100000| Untracked 
|  14|0x00000000c2200000, 0x00000000c2299600, 0x00000000c2300000| 59%| O|  |TAMS 0x00000000c2200000, 0x00000000c2200000| Untracked 
|  15|0x00000000c2300000, 0x00000000c2300000, 0x00000000c2400000|  0%| F|  |TAMS 0x00000000c2300000, 0x00000000c2300000| Untracked 
|  16|0x00000000c2400000, 0x00000000c2400000, 0x00000000c2500000|  0%| F|  |TAMS 0x00000000c2400000, 0x00000000c2400000| Untracked 
|  17|0x00000000c2500000, 0x00000000c2500000, 0x00000000c2600000|  0%| F|  |TAMS 0x00000000c2500000, 0x00000000c2500000| Untracked 
|  18|0x00000000c2600000, 0x00000000c2600000, 0x00000000c2700000|  0%| F|  |TAMS 0x00000000c2600000, 0x00000000c2600000| Untracked 
|  19|0x00000000c2700000, 0x00000000c2700000, 0x00000000c2800000|  0%| F|  |TAMS 0x00000000c2700000, 0x00000000c2700000| Untracked 
|  20|0x00000000c2800000, 0x00000000c2800000, 0x00000000c2900000|  0%| F|  |TAMS 0x00000000c2800000, 0x00000000c2800000| Untracked 
|  21|0x00000000c2900000, 0x00000000c2900000, 0x00000000c2a00000|  0%| F|  |TAMS 0x00000000c2900000, 0x00000000c2900000| Untracked 
|  22|0x00000000c2a00000, 0x00000000c2a00000, 0x00000000c2b00000|  0%| F|  |TAMS 0x00000000c2a00000, 0x00000000c2a00000| Untracked 
|  23|0x00000000c2b00000, 0x00000000c2b00000, 0x00000000c2c00000|  0%| F|  |TAMS 0x00000000c2b00000, 0x00000000c2b00000| Untracked 
|  24|0x00000000c2c00000, 0x00000000c2c00000, 0x00000000c2d00000|  0%| F|  |TAMS 0x00000000c2c00000, 0x00000000c2c00000| Untracked 
|  25|0x00000000c2d00000, 0x00000000c2d00000, 0x00000000c2e00000|  0%| F|  |TAMS 0x00000000c2d00000, 0x00000000c2d00000| Untracked 
|  26|0x00000000c2e00000, 0x00000000c2f00000, 0x00000000c2f00000|100%| S|CS|TAMS 0x00000000c2e00000, 0x00000000c2e00000| Complete 
|  27|0x00000000c2f00000, 0x00000000c3000000, 0x00000000c3000000|100%| S|CS|TAMS 0x00000000c2f00000, 0x00000000c2f00000| Complete 
|  28|0x00000000c3000000, 0x00000000c3000000, 0x00000000c3100000|  0%| F|  |TAMS 0x00000000c3000000, 0x00000000c3000000| Untracked 
|  29|0x00000000c3100000, 0x00000000c3100000, 0x00000000c3200000|  0%| F|  |TAMS 0x00000000c3100000, 0x00000000c3100000| Untracked 
|  30|0x00000000c3200000, 0x00000000c3200000, 0x00000000c3300000|  0%| F|  |TAMS 0x00000000c3200000, 0x00000000c3200000| Untracked 
|  31|0x00000000c3300000, 0x00000000c3300000, 0x00000000c3400000|  0%| F|  |TAMS 0x00000000c3300000, 0x00000000c3300000| Untracked 
|  32|0x00000000c3400000, 0x00000000c3400000, 0x00000000c3500000|  0%| F|  |TAMS 0x00000000c3400000, 0x00000000c3400000| Untracked 
|  33|0x00000000c3500000, 0x00000000c3500000, 0x00000000c3600000|  0%| F|  |TAMS 0x00000000c3500000, 0x00000000c3500000| Untracked 
|  34|0x00000000c3600000, 0x00000000c3600000, 0x00000000c3700000|  0%| F|  |TAMS 0x00000000c3600000, 0x00000000c3600000| Untracked 
|  35|0x00000000c3700000, 0x00000000c3700000, 0x00000000c3800000|  0%| F|  |TAMS 0x00000000c3700000, 0x00000000c3700000| Untracked 
|  36|0x00000000c3800000, 0x00000000c3800000, 0x00000000c3900000|  0%| F|  |TAMS 0x00000000c3800000, 0x00000000c3800000| Untracked 
|  37|0x00000000c3900000, 0x00000000c395d6a8, 0x00000000c3a00000| 36%| E|  |TAMS 0x00000000c3900000, 0x00000000c3900000| Complete 
|  38|0x00000000c3a00000, 0x00000000c3b00000, 0x00000000c3b00000|100%| E|CS|TAMS 0x00000000c3a00000, 0x00000000c3a00000| Complete 
|  39|0x00000000c3b00000, 0x00000000c3c00000, 0x00000000c3c00000|100%| E|CS|TAMS 0x00000000c3b00000, 0x00000000c3b00000| Complete 
|  40|0x00000000c3c00000, 0x00000000c3d00000, 0x00000000c3d00000|100%| E|CS|TAMS 0x00000000c3c00000, 0x00000000c3c00000| Complete 
|  41|0x00000000c3d00000, 0x00000000c3e00000, 0x00000000c3e00000|100%| E|CS|TAMS 0x00000000c3d00000, 0x00000000c3d00000| Complete 
|  42|0x00000000c3e00000, 0x00000000c3f00000, 0x00000000c3f00000|100%| E|CS|TAMS 0x00000000c3e00000, 0x00000000c3e00000| Complete 
|  43|0x00000000c3f00000, 0x00000000c4000000, 0x00000000c4000000|100%| E|CS|TAMS 0x00000000c3f00000, 0x00000000c3f00000| Complete 
|  44|0x00000000c4000000, 0x00000000c4100000, 0x00000000c4100000|100%| E|CS|TAMS 0x00000000c4000000, 0x00000000c4000000| Complete 
|  45|0x00000000c4100000, 0x00000000c4200000, 0x00000000c4200000|100%| E|CS|TAMS 0x00000000c4100000, 0x00000000c4100000| Complete 
|  63|0x00000000c5300000, 0x00000000c5400000, 0x00000000c5400000|100%| E|CS|TAMS 0x00000000c5300000, 0x00000000c5300000| Complete 

Card table byte_map: [0x00000257b6b00000,0x00000257b6d00000] _byte_map_base: 0x00000257b64f6000

Marking Bits (Prev, Next): (CMBitMap*) 0x000002579fd77370, (CMBitMap*) 0x000002579fd77330
 Prev Bits: [0x00000257b7eb0000, 0x00000257b8e60000)
 Next Bits: [0x00000257b6f00000, 0x00000257b7eb0000)

Polling page: 0x000002579da90000

Metaspace:

Usage:
  Non-class:     26.73 MB used.
      Class:      3.89 MB used.
       Both:     30.61 MB used.

Virtual space:
  Non-class space:       64.00 MB reserved,      27.00 MB ( 42%) committed,  1 nodes.
      Class space:        1.00 GB reserved,       4.19 MB ( <1%) committed,  1 nodes.
             Both:        1.06 GB reserved,      31.19 MB (  3%) committed. 

Chunk freelists:
   Non-Class:  1.02 MB
       Class:  3.79 MB
        Both:  4.81 MB

MaxMetaspaceSize: unlimited
CompressedClassSpaceSize: 1.00 GB
Initial GC threshold: 21.00 MB
Current GC threshold: 35.13 MB
CDS: on
MetaspaceReclaimPolicy: balanced
 - commit_granule_bytes: 65536.
 - commit_granule_words: 8192.
 - virtual_space_node_default_size: 8388608.
 - enlarge_chunks_in_place: 1.
 - new_chunks_are_fully_committed: 0.
 - uncommit_free_chunks: 1.
 - use_allocation_guard: 0.


Internal statistics:

num_allocs_failed_limit: 3.
num_arena_births: 740.
num_arena_deaths: 0.
num_vsnodes_births: 2.
num_vsnodes_deaths: 0.
num_space_committed: 499.
num_space_uncommitted: 0.
num_chunks_returned_to_freelist: 3.
num_chunks_taken_from_freelist: 1829.
num_chunk_merges: 3.
num_chunk_splits: 1284.
num_chunks_enlarged: 956.
num_inconsistent_stats: 0.

CodeHeap 'non-profiled nmethods': size=120000Kb used=1885Kb max_used=1885Kb free=118114Kb
 bounds [0x00000257af3d0000, 0x00000257af640000, 0x00000257b6900000]
CodeHeap 'profiled nmethods': size=120000Kb used=9021Kb max_used=9021Kb free=110978Kb
 bounds [0x00000257a7ea0000, 0x00000257a8770000, 0x00000257af3d0000]
CodeHeap 'non-nmethods': size=5760Kb used=1221Kb max_used=1294Kb free=4539Kb
 bounds [0x00000257a7900000, 0x00000257a7b70000, 0x00000257a7ea0000]
 total_blobs=4615 nmethods=4105 adapters=422
 compilation: enabled
              stopped_count=0, restarted_count=0
 full_count=0

Compilation events (20 events):
Event: 16.048 Thread 0x00000257bb29ed50 4112       3       org.springframework.boot.context.properties.source.ConfigurationPropertyName::convertElement (87 bytes)
Event: 16.050 Thread 0x00000257bb29ed50 nmethod 4112 0x00000257a8765890 code [0x00000257a8765b20, 0x00000257a8766818]
Event: 16.050 Thread 0x00000257bb29ed50 4113       3       org.springframework.boot.context.properties.source.ConfigurationPropertyName$ElementsParser::expand (19 bytes)
Event: 16.050 Thread 0x00000257bb29ed50 nmethod 4113 0x00000257a8766c10 code [0x00000257a8766dc0, 0x00000257a8767008]
Event: 16.050 Thread 0x00000257bb29ed50 4114       3       java.util.HashSet::<init> (40 bytes)
Event: 16.051 Thread 0x00000257bb29ed50 nmethod 4114 0x00000257a8767110 code [0x00000257a8767320, 0x00000257a8767928]
Event: 16.051 Thread 0x00000257bb29ed50 4115       3       org.springframework.core.annotation.AnnotatedElementUtils::hasAnnotation (38 bytes)
Event: 16.051 Thread 0x00000257bb29ed50 nmethod 4115 0x00000257a8767b10 code [0x00000257a8767d40, 0x00000257a8768438]
Event: 16.052 Thread 0x00000257bb29ed50 4117       3       org.springframework.beans.factory.InjectionPoint::getAnnotations (39 bytes)
Event: 16.053 Thread 0x00000257bb29ed50 nmethod 4117 0x00000257a8768690 code [0x00000257a87688c0, 0x00000257a8769248]
Event: 16.053 Thread 0x00000257bb29ed50 4118       3       org.springframework.core.convert.TypeDescriptor$AnnotatedElementAdapter::getAnnotations (24 bytes)
Event: 16.053 Thread 0x00000257bb29ed50 nmethod 4118 0x00000257a8769510 code [0x00000257a87696c0, 0x00000257a8769a28]
Event: 16.053 Thread 0x00000257bb29ed50 4120       3       java.lang.ThreadLocal::set (30 bytes)
Event: 16.054 Thread 0x00000257bb29ed50 nmethod 4120 0x00000257a8769b10 code [0x00000257a8769ce0, 0x00000257a876a068]
Event: 16.054 Thread 0x00000257bb29ed50 4119       3       java.util.Arrays$ArrayList::toArray (15 bytes)
Event: 16.054 Thread 0x00000257bb29ed50 nmethod 4119 0x00000257a876a190 code [0x00000257a876a340, 0x00000257a876a488]
Event: 16.054 Thread 0x00000257bb29ed50 4121       3       java.util.stream.ReferencePipeline$StatefulOp::<init> (29 bytes)
Event: 16.055 Thread 0x00000257bb29ed50 nmethod 4121 0x00000257a876a590 code [0x00000257a876a740, 0x00000257a876a908]
Event: 16.070 Thread 0x00000257bb29ed50 4123       3       java.lang.invoke.MethodHandles$Lookup::resolveOrNull (46 bytes)
Event: 16.072 Thread 0x00000257bb29ed50 nmethod 4123 0x00000257a876aa10 code [0x00000257a876aca0, 0x00000257a876b828]

GC Heap History (14 events):
Event: 2.342 GC heap before
{Heap before GC invocations=0 (full 0):
 garbage-first heap   total 65536K, used 12288K [0x00000000c1400000, 0x0000000100000000)
  region size 1024K, 13 young (13312K), 0 survivors (0K)
 Metaspace       used 3740K, committed 3840K, reserved 1114112K
  class space    used 386K, committed 448K, reserved 1048576K
}
Event: 2.356 GC heap after
{Heap after GC invocations=1 (full 0):
 garbage-first heap   total 65536K, used 4758K [0x00000000c1400000, 0x0000000100000000)
  region size 1024K, 2 young (2048K), 2 survivors (2048K)
 Metaspace       used 3740K, committed 3840K, reserved 1114112K
  class space    used 386K, committed 448K, reserved 1048576K
}
Event: 3.824 GC heap before
{Heap before GC invocations=1 (full 0):
 garbage-first heap   total 65536K, used 16022K [0x00000000c1400000, 0x0000000100000000)
  region size 1024K, 14 young (14336K), 2 survivors (2048K)
 Metaspace       used 6807K, committed 6976K, reserved 1114112K
  class space    used 780K, committed 832K, reserved 1048576K
}
Event: 3.832 GC heap after
{Heap after GC invocations=2 (full 0):
 garbage-first heap   total 65536K, used 5679K [0x00000000c1400000, 0x0000000100000000)
  region size 1024K, 1 young (1024K), 1 survivors (1024K)
 Metaspace       used 6807K, committed 6976K, reserved 1114112K
  class space    used 780K, committed 832K, reserved 1048576K
}
Event: 5.863 GC heap before
{Heap before GC invocations=2 (full 0):
 garbage-first heap   total 65536K, used 27183K [0x00000000c1400000, 0x0000000100000000)
  region size 1024K, 23 young (23552K), 1 survivors (1024K)
 Metaspace       used 12516K, committed 12800K, reserved 1114112K
  class space    used 1458K, committed 1600K, reserved 1048576K
}
Event: 5.870 GC heap after
{Heap after GC invocations=3 (full 0):
 garbage-first heap   total 65536K, used 7525K [0x00000000c1400000, 0x0000000100000000)
  region size 1024K, 3 young (3072K), 3 survivors (3072K)
 Metaspace       used 12516K, committed 12800K, reserved 1114112K
  class space    used 1458K, committed 1600K, reserved 1048576K
}
Event: 8.111 GC heap before
{Heap before GC invocations=3 (full 0):
 garbage-first heap   total 65536K, used 39269K [0x00000000c1400000, 0x0000000100000000)
  region size 1024K, 35 young (35840K), 3 survivors (3072K)
 Metaspace       used 17993K, committed 18304K, reserved 1114112K
  class space    used 2148K, committed 2304K, reserved 1048576K
}
Event: 8.123 GC heap after
{Heap after GC invocations=4 (full 0):
 garbage-first heap   total 65536K, used 10758K [0x00000000c1400000, 0x0000000100000000)
  region size 1024K, 5 young (5120K), 5 survivors (5120K)
 Metaspace       used 17993K, committed 18304K, reserved 1114112K
  class space    used 2148K, committed 2304K, reserved 1048576K
}
Event: 10.117 GC heap before
{Heap before GC invocations=4 (full 0):
 garbage-first heap   total 65536K, used 35334K [0x00000000c1400000, 0x0000000100000000)
  region size 1024K, 30 young (30720K), 5 survivors (5120K)
 Metaspace       used 21250K, committed 21504K, reserved 1114112K
  class space    used 2546K, committed 2688K, reserved 1048576K
}
Event: 10.130 GC heap after
{Heap after GC invocations=5 (full 0):
 garbage-first heap   total 65536K, used 12408K [0x00000000c1400000, 0x0000000100000000)
  region size 1024K, 3 young (3072K), 3 survivors (3072K)
 Metaspace       used 21250K, committed 21504K, reserved 1114112K
  class space    used 2546K, committed 2688K, reserved 1048576K
}
Event: 13.979 GC heap before
{Heap before GC invocations=6 (full 0):
 garbage-first heap   total 48128K, used 36984K [0x00000000c1400000, 0x0000000100000000)
  region size 1024K, 28 young (28672K), 3 survivors (3072K)
 Metaspace       used 26530K, committed 26944K, reserved 1114112K
  class space    used 3248K, committed 3456K, reserved 1048576K
}
Event: 13.989 GC heap after
{Heap after GC invocations=7 (full 0):
 garbage-first heap   total 48128K, used 14930K [0x00000000c1400000, 0x0000000100000000)
  region size 1024K, 4 young (4096K), 4 survivors (4096K)
 Metaspace       used 26530K, committed 26944K, reserved 1114112K
  class space    used 3248K, committed 3456K, reserved 1048576K
}
Event: 15.455 GC heap before
{Heap before GC invocations=7 (full 0):
 garbage-first heap   total 48128K, used 34386K [0x00000000c1400000, 0x0000000100000000)
  region size 1024K, 23 young (23552K), 4 survivors (4096K)
 Metaspace       used 29341K, committed 29888K, reserved 1114112K
  class space    used 3650K, committed 3904K, reserved 1048576K
}
Event: 15.469 GC heap after
{Heap after GC invocations=8 (full 0):
 garbage-first heap   total 48128K, used 16903K [0x00000000c1400000, 0x0000000100000000)
  region size 1024K, 2 young (2048K), 2 survivors (2048K)
 Metaspace       used 29341K, committed 29888K, reserved 1114112K
  class space    used 3650K, committed 3904K, reserved 1048576K
}

Deoptimization events (20 events):
Event: 15.378 Thread 0x00000257c00bf960 Uncommon trap: trap_request=0xffffffc6 fr.pc=0x00000257af4b85f8 relative=0x0000000000004438
Event: 15.378 Thread 0x00000257c00bf960 Uncommon trap: reason=bimorphic_or_optimized_type_check action=maybe_recompile pc=0x00000257af4b85f8 method=java.net.URL.<init>(Ljava/net/URL;Ljava/lang/String;Ljava/net/URLStreamHandler;)V @ 504 c2
Event: 15.379 Thread 0x00000257c00bf960 DEOPT PACKING pc=0x00000257af4b85f8 sp=0x0000009fa03fb9e0
Event: 15.379 Thread 0x00000257c00bf960 DEOPT UNPACKING pc=0x00000257a79523a3 sp=0x0000009fa03fb960 mode 2
Event: 15.379 Thread 0x00000257c00bf960 Uncommon trap: trap_request=0xffffff45 fr.pc=0x00000257af4e22e4 relative=0x0000000000000aa4
Event: 15.379 Thread 0x00000257c00bf960 Uncommon trap: reason=unstable_if action=reinterpret pc=0x00000257af4e22e4 method=sun.net.util.IPAddressUtil.scan(Ljava/lang/String;JJ[C)I @ 14 c2
Event: 15.379 Thread 0x00000257c00bf960 DEOPT PACKING pc=0x00000257af4e22e4 sp=0x0000009fa03fb5c0
Event: 15.379 Thread 0x00000257c00bf960 DEOPT UNPACKING pc=0x00000257a79523a3 sp=0x0000009fa03fb430 mode 2
Event: 15.430 Thread 0x00000257c00bf960 DEOPT PACKING pc=0x00000257a863bd01 sp=0x0000009fa03f8690
Event: 15.430 Thread 0x00000257c00bf960 DEOPT UNPACKING pc=0x00000257a7952b43 sp=0x0000009fa03f7b98 mode 0
Event: 15.533 Thread 0x00000257c00bf960 DEOPT PACKING pc=0x00000257a863bd01 sp=0x0000009fa03f8380
Event: 15.533 Thread 0x00000257c00bf960 DEOPT UNPACKING pc=0x00000257a7952b43 sp=0x0000009fa03f7888 mode 0
Event: 15.572 Thread 0x00000257c00bf960 DEOPT PACKING pc=0x00000257a863bd01 sp=0x0000009fa03f84e0
Event: 15.572 Thread 0x00000257c00bf960 DEOPT UNPACKING pc=0x00000257a7952b43 sp=0x0000009fa03f79e8 mode 0
Event: 15.684 Thread 0x00000257c00bf960 DEOPT PACKING pc=0x00000257a863bd01 sp=0x0000009fa03f8710
Event: 15.684 Thread 0x00000257c00bf960 DEOPT UNPACKING pc=0x00000257a7952b43 sp=0x0000009fa03f7c18 mode 0
Event: 15.800 Thread 0x00000257c00bf960 DEOPT PACKING pc=0x00000257a863bd01 sp=0x0000009fa03fbfd0
Event: 15.800 Thread 0x00000257c00bf960 DEOPT UNPACKING pc=0x00000257a7952b43 sp=0x0000009fa03fb4d8 mode 0
Event: 15.865 Thread 0x00000257c00bf960 DEOPT PACKING pc=0x00000257a863bd01 sp=0x0000009fa03f9df0
Event: 15.865 Thread 0x00000257c00bf960 DEOPT UNPACKING pc=0x00000257a7952b43 sp=0x0000009fa03f92f8 mode 0

Classes loaded (20 events):
Event: 15.782 Loading class java/security/spec/ECGenParameterSpec
Event: 15.782 Loading class java/security/spec/NamedParameterSpec
Event: 15.782 Loading class java/security/spec/NamedParameterSpec done
Event: 15.782 Loading class java/security/spec/ECGenParameterSpec done
Event: 15.789 Loading class java/security/interfaces/EdECKey
Event: 15.790 Loading class java/security/interfaces/EdECKey done
Event: 15.790 Loading class java/security/interfaces/XECKey
Event: 15.790 Loading class java/security/interfaces/XECKey done
Event: 15.800 Loading class java/util/zip/DeflaterOutputStream
Event: 15.800 Loading class java/util/zip/DeflaterOutputStream done
Event: 15.804 Loading class java/util/zip/GZIPInputStream
Event: 15.805 Loading class java/util/zip/GZIPInputStream done
Event: 15.805 Loading class java/util/zip/GZIPOutputStream
Event: 15.805 Loading class java/util/zip/GZIPOutputStream done
Event: 15.831 Loading class java/security/cert/X509Certificate
Event: 15.832 Loading class java/security/cert/X509Extension
Event: 15.832 Loading class java/security/cert/X509Extension done
Event: 15.832 Loading class java/security/cert/X509Certificate done
Event: 15.930 Loading class sun/reflect/generics/repository/FieldRepository
Event: 15.930 Loading class sun/reflect/generics/repository/FieldRepository done

Classes unloaded (0 events):
No events

Classes redefined (0 events):
No events

Internal exceptions (20 events):
Event: 13.912 Thread 0x00000257c00bf960 Exception <a 'sun/nio/fs/WindowsException'{0x00000000c2711cc8}> (0x00000000c2711cc8) 
thrown [s\src\hotspot\share\prims\jni.cpp, line 516]
Event: 13.913 Thread 0x00000257c00bf960 Exception <a 'sun/nio/fs/WindowsException'{0x00000000c27123c0}> (0x00000000c27123c0) 
thrown [s\src\hotspot\share\prims\jni.cpp, line 516]
Event: 13.922 Thread 0x00000257c00bf960 Exception <a 'java/lang/NoSuchMethodError'{0x00000000c272aa58}: 'int java.lang.invoke.DirectMethodHandle$Holder.invokeVirtual(java.lang.Object, java.lang.Object, java.lang.Object, java.lang.Object)'> (0x00000000c272aa58) 
thrown [s\src\hotspot\share\interpreter\linkResolver.cpp, line 759]
Event: 13.923 Thread 0x00000257c00bf960 Exception <a 'java/lang/NoSuchMethodError'{0x00000000c272e758}: 'int java.lang.invoke.DelegatingMethodHandle$Holder.reinvoke_L(java.lang.Object, java.lang.Object, java.lang.Object, java.lang.Object)'> (0x00000000c272e758) 
thrown [s\src\hotspot\share\interpreter\linkResolver.cpp, line 759]
Event: 14.002 Thread 0x00000257c00bf960 Exception <a 'java/lang/NoSuchMethodError'{0x00000000c534a5a8}: 'java.lang.Object java.lang.invoke.DirectMethodHandle$Holder.invokeSpecial(java.lang.Object, java.lang.Object, long, java.lang.Object, java.lang.Object, java.lang.Object, java.lang.Object, java.lang.Object, java.lang.Object)'> (0x00000000c534a5a8) 
thrown [s\src\hotspot\share\interpreter\linkResolver.cpp, line 759]
Event: 14.002 Thread 0x00000257c00bf960 Exception <a 'java/lang/NoSuchMethodError'{0x00000000c534f0d8}: 'java.lang.Object java.lang.invoke.DelegatingMethodHandle$Holder.reinvoke_L(java.lang.Object, long, java.lang.Object, java.lang.Object, java.lang.Object, java.lang.Object, java.lang.Object, java.lang.Object)'> (0x00000000c534f0d8) 
thrown [s\src\hotspot\share\interpreter\linkResolver.cpp, line 759]
Event: 14.089 Thread 0x00000257c00bf960 Exception <a 'java/io/FileNotFoundException'{0x00000000c4189988}> (0x00000000c4189988) 
thrown [s\src\hotspot\share\prims\jni.cpp, line 516]
Event: 14.179 Thread 0x00000257c00bf960 Exception <a 'java/lang/NoSuchMethodError'{0x00000000c4084348}: 'int java.lang.invoke.DirectMethodHandle$Holder.invokeInterface(java.lang.Object, java.lang.Object, java.lang.Object, java.lang.Object)'> (0x00000000c4084348) 
thrown [s\src\hotspot\share\interpreter\linkResolver.cpp, line 759]
Event: 14.392 Thread 0x00000257c00bf960 Exception <a 'sun/nio/fs/WindowsException'{0x00000000c3e2a4b0}> (0x00000000c3e2a4b0) 
thrown [s\src\hotspot\share\prims\jni.cpp, line 516]
Event: 14.650 Thread 0x00000257c00bf960 Exception <a 'java/lang/NoSuchMethodError'{0x00000000c3a8d150}: 'long java.lang.invoke.DirectMethodHandle$Holder.invokeVirtual(java.lang.Object, java.lang.Object)'> (0x00000000c3a8d150) 
thrown [s\src\hotspot\share\interpreter\linkResolver.cpp, line 759]
Event: 14.662 Thread 0x00000257c00bf960 Exception <a 'java/io/FileNotFoundException'{0x00000000c3ab8318}> (0x00000000c3ab8318) 
thrown [s\src\hotspot\share\prims\jni.cpp, line 516]
Event: 14.718 Thread 0x00000257c00bf960 Exception <a 'java/lang/NoSuchMethodError'{0x00000000c396c860}: 'void java.lang.invoke.Invokers$Holder.invokeExact_MT(java.lang.Object, java.lang.Object, java.lang.Object, java.lang.Object)'> (0x00000000c396c860) 
thrown [s\src\hotspot\share\interpreter\linkResolver.cpp, line 759]
Event: 14.999 Thread 0x00000257c00bf960 Exception <a 'java/lang/NoSuchMethodError'{0x00000000c3657198}: 'java.lang.Object java.lang.invoke.DirectMethodHandle$Holder.newInvokeSpecial(java.lang.Object, java.lang.Object, java.lang.Object, java.lang.Object, java.lang.Object, java.lang.Object)'> (0x00000000c3657198) 
thrown [s\src\hotspot\share\interpreter\linkResolver.cpp, line 759]
Event: 15.014 Thread 0x00000257c00bf960 Exception <a 'java/lang/NoSuchMethodError'{0x00000000c36af950}: 'java.lang.Object java.lang.invoke.DirectMethodHandle$Holder.newInvokeSpecial(java.lang.Object, java.lang.Object, java.lang.Object, java.lang.Object, java.lang.Object, java.lang.Object, java.lang.Object, java.lang.Object)'> (0x00000000c36af950) 
thrown [s\src\hotspot\share\interpreter\linkResolver.cpp, line 759]
Event: 15.081 Thread 0x00000257c00bf960 Exception <a 'java/lang/NoSuchMethodError'{0x00000000c341a880}: 'java.lang.Object java.lang.invoke.DirectMethodHandle$Holder.newInvokeSpecial(java.lang.Object, java.lang.Object, java.lang.Object, java.lang.Object, java.lang.Object, java.lang.Object, java.lang.Object, java.lang.Object, java.lang.Object)'> (0x00000000c341a880) 
thrown [s\src\hotspot\share\interpreter\linkResolver.cpp, line 759]
Event: 15.093 Thread 0x00000257c00bf960 Exception <a 'java/lang/IncompatibleClassChangeError'{0x00000000c345aab0}: Found class java.lang.Object, but interface was expected> (0x00000000c345aab0) 
thrown [s\src\hotspot\share\interpreter\linkResolver.cpp, line 826]
Event: 15.111 Thread 0x00000257c00bf960 Exception <a 'java/lang/NoSuchMethodError'{0x00000000c34a9900}: 'java.lang.Object java.lang.invoke.DirectMethodHandle$Holder.newInvokeSpecial(java.lang.Object, java.lang.Object, java.lang.Object, java.lang.Object, java.lang.Object, java.lang.Object, java.lang.Object, java.lang.Object, java.lang.Object, java.lang.Object, java.lang.Object)'> (0x00000000c34a9900) 
thrown [s\src\hotspot\share\interpreter\linkResolver.cpp, line 759]
Event: 15.112 Thread 0x00000257c00bf960 Exception <a 'java/lang/NoSuchMethodError'{0x00000000c34af038}: 'java.lang.Object java.lang.invoke.DirectMethodHandle$Holder.invokeSpecial(java.lang.Object, java.lang.Object, java.lang.Object, java.lang.Object, java.lang.Object, java.lang.Object, java.lang.Object, java.lang.Object, java.lang.Object, java.lang.Object, java.lang.Object, java.lang.Object)'> (0x00000000c34af038) 
thrown [s\src\hotspot\share\interpreter\linkResolver.cpp, line 759]
Event: 15.364 Thread 0x00000257c00bf960 Exception <a 'sun/nio/fs/WindowsException'{0x00000000c31148b0}> (0x00000000c31148b0) 
thrown [s\src\hotspot\share\prims\jni.cpp, line 516]
Event: 16.056 Thread 0x00000257c00bf960 Exception <a 'java/lang/NoSuchMethodError'{0x00000000c3b790b8}: 'java.lang.Object java.lang.invoke.DirectMethodHandle$Holder.invokeVirtual(java.lang.Object, java.lang.Object, int)'> (0x00000000c3b790b8) 
thrown [s\src\hotspot\share\interpreter\linkResolver.cpp, line 759]

VM Operations (20 events):
Event: 14.566 Executing VM operation: HandshakeAllThreads
Event: 14.566 Executing VM operation: HandshakeAllThreads done
Event: 14.567 Executing VM operation: HandshakeAllThreads
Event: 14.567 Executing VM operation: HandshakeAllThreads done
Event: 14.670 Executing VM operation: HandshakeAllThreads
Event: 14.670 Executing VM operation: HandshakeAllThreads done
Event: 15.013 Executing VM operation: ICBufferFull
Event: 15.013 Executing VM operation: ICBufferFull done
Event: 15.149 Executing VM operation: HandshakeAllThreads
Event: 15.149 Executing VM operation: HandshakeAllThreads done
Event: 15.359 Executing VM operation: HandshakeAllThreads
Event: 15.360 Executing VM operation: HandshakeAllThreads done
Event: 15.367 Executing VM operation: HandshakeAllThreads
Event: 15.367 Executing VM operation: HandshakeAllThreads done
Event: 15.378 Executing VM operation: HandshakeAllThreads
Event: 15.378 Executing VM operation: HandshakeAllThreads done
Event: 15.455 Executing VM operation: G1CollectForAllocation
Event: 15.469 Executing VM operation: G1CollectForAllocation done
Event: 15.832 Executing VM operation: HandshakeAllThreads
Event: 15.832 Executing VM operation: HandshakeAllThreads done

Events (20 events):
Event: 0.621 Loaded shared library C:\Users\ERIN_JAVALead\.jdks\corretto-18.0.2\bin\instrument.dll
Event: 0.653 Loaded shared library C:\Users\ERIN_JAVALead\.jdks\corretto-18.0.2\bin\net.dll
Event: 0.664 Loaded shared library C:\Users\ERIN_JAVALead\.jdks\corretto-18.0.2\bin\nio.dll
Event: 0.670 Loaded shared library C:\Users\ERIN_JAVALead\.jdks\corretto-18.0.2\bin\zip.dll
Event: 1.096 Loaded shared library C:\Program Files\JetBrains\IntelliJ IDEA Community Edition 2021.3.3\bin\breakgen64.dll
Event: 1.097 Thread 0x00000257bf7b48a0 Thread added: 0x00000257bf7b48a0
Event: 1.097 Thread 0x00000257bf63c170 Thread added: 0x00000257bf63c170
Event: 1.366 Loaded shared library C:\Users\ERIN_JAVALead\.jdks\corretto-18.0.2\bin\jimage.dll
Event: 2.582 Loaded shared library C:\Users\ERIN_JAVALead\.jdks\corretto-18.0.2\bin\management.dll
Event: 2.639 Loaded shared library C:\Users\ERIN_JAVALead\.jdks\corretto-18.0.2\bin\management_ext.dll
Event: 2.835 Thread 0x00000257c00bd010 Thread added: 0x00000257c00bd010
Event: 2.879 Thread 0x00000257c00bf960 Thread added: 0x00000257c00bf960
Event: 4.825 Thread 0x00000257c0340630 Thread added: 0x00000257c0340630
Event: 6.561 Loaded shared library C:\Users\ERIN_JAVALead\.jdks\corretto-18.0.2\bin\sunmscapi.dll
Event: 6.661 Thread 0x00000257c0340630 Thread exited: 0x00000257c0340630
Event: 7.015 Thread 0x00000257c0340630 Thread added: 0x00000257c0340630
Event: 7.233 Thread 0x00000257c0340630 Thread exited: 0x00000257c0340630
Event: 14.695 Thread 0x00000257c0ba6b20 Thread added: 0x00000257c0ba6b20
Event: 14.699 Thread 0x00000257c0ba57e0 Thread added: 0x00000257c0ba57e0
Event: 14.710 Thread 0x00000257c0ba6ff0 Thread added: 0x00000257c0ba6ff0


Dynamic libraries:
0x00007ff7216c0000 - 0x00007ff7216cd000 	C:\Users\ERIN_JAVALead\.jdks\corretto-18.0.2\bin\java.exe
0x00007ffba4e30000 - 0x00007ffba5028000 	C:\WINDOWS\SYSTEM32\ntdll.dll
0x00007ffba4790000 - 0x00007ffba484d000 	C:\WINDOWS\System32\KERNEL32.DLL
0x00007ffba2950000 - 0x00007ffba2c46000 	C:\WINDOWS\System32\KERNELBASE.dll
0x00007ffba2700000 - 0x00007ffba2800000 	C:\WINDOWS\System32\ucrtbase.dll
0x00007ffb90ba0000 - 0x00007ffb90bb7000 	C:\Users\ERIN_JAVALead\.jdks\corretto-18.0.2\bin\jli.dll
0x00007ffba4400000 - 0x00007ffba459e000 	C:\WINDOWS\System32\USER32.dll
0x00007ffba2e00000 - 0x00007ffba2e22000 	C:\WINDOWS\System32\win32u.dll
0x00007ffba3ff0000 - 0x00007ffba401c000 	C:\WINDOWS\System32\GDI32.dll
0x00007ffba2ce0000 - 0x00007ffba2dfa000 	C:\WINDOWS\System32\gdi32full.dll
0x00007ffba2800000 - 0x00007ffba289d000 	C:\WINDOWS\System32\msvcp_win.dll
0x00007ffb907b0000 - 0x00007ffb907c5000 	C:\Users\ERIN_JAVALead\.jdks\corretto-18.0.2\bin\VCRUNTIME140.dll
0x00007ffb90c10000 - 0x00007ffb90eaa000 	C:\WINDOWS\WinSxS\amd64_microsoft.windows.common-controls_6595b64144ccf1df_6.0.19041.3636_none_60b6a03d71f818d5\COMCTL32.dll
0x00007ffba4cc0000 - 0x00007ffba4d5e000 	C:\WINDOWS\System32\msvcrt.dll
0x00007ffba2fb0000 - 0x00007ffba2fe0000 	C:\WINDOWS\System32\IMM32.DLL
0x00007ffb836a0000 - 0x00007ffb8373b000 	C:\Users\ERIN_JAVALead\.jdks\corretto-18.0.2\bin\msvcp140.dll
0x00007ffb65100000 - 0x00007ffb65d71000 	C:\Users\ERIN_JAVALead\.jdks\corretto-18.0.2\bin\server\jvm.dll
0x00007ffba2fe0000 - 0x00007ffba308f000 	C:\WINDOWS\System32\ADVAPI32.dll
0x00007ffba4360000 - 0x00007ffba43fc000 	C:\WINDOWS\System32\sechost.dll
0x00007ffba4090000 - 0x00007ffba41b6000 	C:\WINDOWS\System32\RPCRT4.dll
0x00007ffba42a0000 - 0x00007ffba42a8000 	C:\WINDOWS\System32\PSAPI.DLL
0x00007ffb9fc50000 - 0x00007ffb9fc59000 	C:\WINDOWS\SYSTEM32\WSOCK32.dll
0x00007ffba4020000 - 0x00007ffba408b000 	C:\WINDOWS\System32\WS2_32.dll
0x00007ffb7d250000 - 0x00007ffb7d277000 	C:\WINDOWS\SYSTEM32\WINMM.dll
0x00007ffb9dca0000 - 0x00007ffb9dcaa000 	C:\WINDOWS\SYSTEM32\VERSION.dll
0x00007ffba03a0000 - 0x00007ffba03b2000 	C:\WINDOWS\SYSTEM32\kernel.appcore.dll
0x00007ffb926b0000 - 0x00007ffb926ba000 	C:\Users\ERIN_JAVALead\.jdks\corretto-18.0.2\bin\jimage.dll
0x00007ffb81c10000 - 0x00007ffb81df4000 	C:\WINDOWS\SYSTEM32\DBGHELP.DLL
0x00007ffb81bc0000 - 0x00007ffb81bf4000 	C:\WINDOWS\SYSTEM32\dbgcore.DLL
0x00007ffba2c50000 - 0x00007ffba2cd2000 	C:\WINDOWS\System32\bcryptPrimitives.dll
0x00007ffb90340000 - 0x00007ffb9034e000 	C:\Users\ERIN_JAVALead\.jdks\corretto-18.0.2\bin\instrument.dll
0x00007ffb90250000 - 0x00007ffb90275000 	C:\Users\ERIN_JAVALead\.jdks\corretto-18.0.2\bin\java.dll
0x00007ffb835c0000 - 0x00007ffb83696000 	C:\Users\ERIN_JAVALead\.jdks\corretto-18.0.2\bin\jsvml.dll
0x00007ffba3360000 - 0x00007ffba3aa5000 	C:\WINDOWS\System32\SHELL32.dll
0x00007ffba05a0000 - 0x00007ffba0d3b000 	C:\WINDOWS\SYSTEM32\windows.storage.dll
0x00007ffba3bc0000 - 0x00007ffba3f14000 	C:\WINDOWS\System32\combase.dll
0x00007ffba1e50000 - 0x00007ffba1e7d000 	C:\WINDOWS\SYSTEM32\Wldp.dll
0x00007ffba3b10000 - 0x00007ffba3bbd000 	C:\WINDOWS\System32\SHCORE.dll
0x00007ffba4d60000 - 0x00007ffba4db5000 	C:\WINDOWS\System32\shlwapi.dll
0x00007ffba2410000 - 0x00007ffba2435000 	C:\WINDOWS\SYSTEM32\profapi.dll
0x00007ffb8bcd0000 - 0x00007ffb8bce8000 	C:\Users\ERIN_JAVALead\.jdks\corretto-18.0.2\bin\zip.dll
0x00007ffb90130000 - 0x00007ffb90143000 	C:\Users\ERIN_JAVALead\.jdks\corretto-18.0.2\bin\net.dll
0x00007ffb9b800000 - 0x00007ffb9b90a000 	C:\WINDOWS\SYSTEM32\WINHTTP.dll
0x00007ffba1bb0000 - 0x00007ffba1c1a000 	C:\WINDOWS\system32\mswsock.dll
0x00007ffb8d260000 - 0x00007ffb8d275000 	C:\Users\ERIN_JAVALead\.jdks\corretto-18.0.2\bin\nio.dll
0x00007ffb858b0000 - 0x00007ffb858ca000 	C:\Program Files\JetBrains\IntelliJ IDEA Community Edition 2021.3.3\bin\breakgen64.dll
0x00007ffb9dfa0000 - 0x00007ffb9dfa9000 	C:\Users\ERIN_JAVALead\.jdks\corretto-18.0.2\bin\management.dll
0x00007ffb9df20000 - 0x00007ffb9df2b000 	C:\Users\ERIN_JAVALead\.jdks\corretto-18.0.2\bin\management_ext.dll
0x00007ffb8ff70000 - 0x00007ffb8ff7e000 	C:\Users\ERIN_JAVALead\.jdks\corretto-18.0.2\bin\sunmscapi.dll
0x00007ffba2530000 - 0x00007ffba268d000 	C:\WINDOWS\System32\CRYPT32.dll
0x00007ffba1ec0000 - 0x00007ffba1ee7000 	C:\WINDOWS\SYSTEM32\ncrypt.dll
0x00007ffba1e80000 - 0x00007ffba1ebb000 	C:\WINDOWS\SYSTEM32\NTASN1.dll
0x00007ffba1db0000 - 0x00007ffba1dc8000 	C:\WINDOWS\SYSTEM32\CRYPTSP.dll
0x00007ffba14e0000 - 0x00007ffba1514000 	C:\WINDOWS\system32\rsaenh.dll
0x00007ffba2e30000 - 0x00007ffba2e57000 	C:\WINDOWS\System32\bcrypt.dll
0x00007ffba2390000 - 0x00007ffba23be000 	C:\WINDOWS\SYSTEM32\USERENV.dll
0x00007ffba1da0000 - 0x00007ffba1dac000 	C:\WINDOWS\SYSTEM32\CRYPTBASE.dll
0x00007ffba18a0000 - 0x00007ffba18db000 	C:\WINDOWS\SYSTEM32\IPHLPAPI.DLL
0x00007ffba4350000 - 0x00007ffba4358000 	C:\WINDOWS\System32\NSI.dll
0x00007ffb9bf30000 - 0x00007ffb9bf47000 	C:\WINDOWS\SYSTEM32\dhcpcsvc6.DLL
0x00007ffb9c170000 - 0x00007ffb9c18d000 	C:\WINDOWS\SYSTEM32\dhcpcsvc.DLL
0x00007ffba18e0000 - 0x00007ffba19aa000 	C:\WINDOWS\SYSTEM32\DNSAPI.dll

dbghelp: loaded successfully - version: 4.0.5 - missing functions: none
symbol engine: initialized successfully - sym options: 0x614 - pdb path: .;C:\Users\ERIN_JAVALead\.jdks\corretto-18.0.2\bin;C:\WINDOWS\SYSTEM32;C:\WINDOWS\WinSxS\amd64_microsoft.windows.common-controls_6595b64144ccf1df_6.0.19041.3636_none_60b6a03d71f818d5;C:\Users\ERIN_JAVALead\.jdks\corretto-18.0.2\bin\server;C:\Program Files\JetBrains\IntelliJ IDEA Community Edition 2021.3.3\bin

VM Arguments:
jvm_args: -javaagent:C:\Program Files\JetBrains\IntelliJ IDEA Community Edition 2021.3.3\lib\idea_rt.jar=51085:C:\Program Files\JetBrains\IntelliJ IDEA Community Edition 2021.3.3\bin -Dfile.encoding=UTF-8 
java_command: test.springbootsecurity.springbootWithSecurity.SpringbootWithSecurityApplication
java_class_path (initial): C:\Users\ERIN_JAVALead\Downloads\springbootWithSecurity\springbootWithSecurity\target\classes;C:\Users\ERIN_JAVALead\.m2\repository\org\springframework\boot\spring-boot-starter-data-rest\3.2.1\spring-boot-starter-data-rest-3.2.1.jar;C:\Users\ERIN_JAVALead\.m2\repository\org\springframework\data\spring-data-rest-webmvc\4.2.1\spring-data-rest-webmvc-4.2.1.jar;C:\Users\ERIN_JAVALead\.m2\repository\org\springframework\data\spring-data-rest-core\4.2.1\spring-data-rest-core-4.2.1.jar;C:\Users\ERIN_JAVALead\.m2\repository\org\springframework\hateoas\spring-hateoas\2.2.0\spring-hateoas-2.2.0.jar;C:\Users\ERIN_JAVALead\.m2\repository\org\springframework\data\spring-data-commons\3.2.1\spring-data-commons-3.2.1.jar;C:\Users\ERIN_JAVALead\.m2\repository\org\springframework\plugin\spring-plugin-core\3.0.0\spring-plugin-core-3.0.0.jar;C:\Users\ERIN_JAVALead\.m2\repository\org\atteo\evo-inflector\1.3\evo-inflector-1.3.jar;C:\Users\ERIN_JAVALead\.m2\repository\com\fasterxml\jackson\core\jackson-databind\2.15.3\jackson-databind-2.15.3.jar;C:\Users\ERIN_JAVALead\.m2\repository\com\fasterxml\jackson\core\jackson-core\2.15.3\jackson-core-2.15.3.jar;C:\Users\ERIN_JAVALead\.m2\repository\com\fasterxml\jackson\core\jackson-annotations\2.15.3\jackson-annotations-2.15.3.jar;C:\Users\ERIN_JAVALead\.m2\repository\org\slf4j\slf4j-api\2.0.9\slf4j-api-2.0.9.jar;C:\Users\ERIN_JAVALead\.m2\repository\org\springframework\boot\spring-boot-starter-security\3.2.1\spring-boot-starter-security-3.2.1.jar;C:\Users\ERIN_JAVALead\.m2\repository\org\springframework\boot\spring-boot-starter\3.2.1\spring-boot-starter-3.2.1.jar;C:\Users\ERIN_JAVALead\.m2\repository\org\springframework\boot\spring-boot-starter-logging\3.2.1\spring-boot-starter-logging-3.2.1.jar;C:\Users\ERIN_JAVALead\.m2\repository\org\apache\logging\log4j\log4j-to-slf4j\2.21.1\log4j-to-slf4j-2.21.1.jar;C:\Users\ERIN_JAVALead\.m2\repository\org\apache\logging\log4j\log4j-api\2.21.1\log4j-api-2.21.1.jar;C:\Users\ERIN_JAVALead\.m2\repository\org\slf4j\jul-to-slf4j\2.0.9\jul-to-slf4j-2.0.9.jar;C:\Users\ERIN_JAVALead\.m2\repository\jakarta\annotation\jakarta.annotation-api\2.1.1\jakarta.annotation-api-2.1.1.jar;C:\Users\ERIN_JAVALead\.m2\repository\org\yaml\snakeyaml\2.2\snakeyaml-2.2.jar;C:\Users\ERIN_JAVALead\.m2\repository\org\springframework\spring-aop\6.1.2\spring-aop-6.1.2.jar;C:\Users\ERIN_JAVALead\.m2\repository\org\springframework\spring-beans\6.1.2\spring-beans-6.1.2.jar;C:\Users\ERIN_JAVALead\.m2\repository\org\springframework\security\spring-security-config\6.2.1\spring-security-config-6.2.1.jar;C:\Users\ERIN_JAVALead\.m2\repository\org\springframework\security\spring-security-web\6.2.1\spring-security-web-6.2.1.jar;C:\Users\ERIN_JAVALead\.m2\repository\org\springframework\spring-expression\6.1.2\spring-expression-6.1.2.jar;C:\Users\ERIN_JAVALead\.m2\repository\org\springframework\boot\spring-boot-starter-web\3.2.1\spring-boot-starter-web-3.2.1.jar;C:\Users\ERIN_JAVALead\.m2\repository\org\springframework\boot\spring-boot-starter-json\3.2.1\spring-boot-starter-json-3.2.1.jar;C:\Users\ERIN_JAVALead\.m2\repository\com\fasterxml\jackson\datatype\jackson-datatype-jdk8\2.15.3\jackson-datatype-jdk8-2.15.3.jar;C:\Users\ERIN_JAVALead\.m2\repository\com\fasterxml\jackson\datatype\jackson-datatype-jsr310\2.15.3\jackson-datatype-jsr310-2.15.3.jar;C:\Users\ERIN_JAVALead\.m2\repository\com\fasterxml\jackson\module\jackson-module-parameter-names\2.15.3\jackson-module-parameter-names-2.15.3.jar;C:\Users\ERIN_JAVALead\.m2\repository\org\springframework\boot\spring-boot-starter-tomcat\3.2.1\spring-boot-starter-tomcat-3.2.1.jar;C:\Users\ERIN_JAVALead\.m2\repository\org\apache\tomcat\embed\tomcat-embed-core\10.1.17\tomcat-embed-core-10.1.17.jar;C:\Users\ERIN_JAVALead\.m2\repository\org\apache\tomcat\embed\tomcat-embed-el\10.1.17\tomcat-embed-el-10.1.17.jar;C:\Users\ERIN_JAVALead\.m2\repository\org\apache\tomcat\embed\tomcat-embed-websocket\10.1.17\tomcat-embed-websocket-10.1.17.jar;C:\Users\ERIN_JAVALead\.m2\repository\org\springframework\spring-web\6.1.2\spring-web-6.1.2.jar;C:\Users\ERIN_JAVALead\.m2\repository\org\springframework\spring-webmvc\6.1.2\spring-webmvc-6.1.2.jar;C:\Users\ERIN_JAVALead\.m2\repository\org\springframework\kafka\spring-kafka\3.1.1\spring-kafka-3.1.1.jar;C:\Users\ERIN_JAVALead\.m2\repository\org\springframework\spring-context\6.1.2\spring-context-6.1.2.jar;C:\Users\ERIN_JAVALead\.m2\repository\org\springframework\spring-messaging\6.1.2\spring-messaging-6.1.2.jar;C:\Users\ERIN_JAVALead\.m2\repository\org\springframework\spring-tx\6.1.2\spring-tx-6.1.2.jar;C:\Users\ERIN_JAVALead\.m2\repository\org\springframework\retry\spring-retry\2.0.5\spring-retry-2.0.5.jar;C:\Users\ERIN_JAVALead\.m2\repository\org\apache\kafka\kafka-clients\3.6.1\kafka-clients-3.6.1.jar;C:\Users\ERIN_JAVALead\.m2\repository\com\github\luben\zstd-jni\1.5.5-1\zstd-jni-1.5.5-1.jar;C:\Users\ERIN_JAVALead\.m2\repository\org\lz4\lz4-java\1.8.0\lz4-java-1.8.0.jar;C:\Users\ERIN_JAVALead\.m2\repository\org\xerial\snappy\snappy-java\1.1.10.5\snappy-java-1.1.10.5.jar;C:\Users\ERIN_JAVALead\.m2\repository\io\micrometer\micrometer-observation\1.12.1\micrometer-observation-1.12.1.jar;C:\Users\ERIN_JAVALead\.m2\repository\io\micrometer\micrometer-commons\1.12.1\micrometer-commons-1.12.1.jar;C:\Users\ERIN_JAVALead\.m2\repository\com\google\code\findbugs\jsr305\3.0.2\jsr305-3.0.2.jar;C:\Users\ERIN_JAVALead\.m2\repository\org\springframework\boot\spring-boot-devtools\3.2.1\spring-boot-devtools-3.2.1.jar;C:\Users\ERIN_JAVALead\.m2\repository\org\springframework\boot\spring-boot\3.2.1\spring-boot-3.2.1.jar;C:\Users\ERIN_JAVALead\.m2\repository\org\springframework\boot\spring-boot-autoconfigure\3.2.1\spring-boot-autoconfigure-3.2.1.jar;C:\Users\ERIN_JAVALead\.m2\repository\org\projectlombok\lombok\1.18.30\lombok-1.18.30.jar;C:\Users\ERIN_JAVALead\.m2\repository\com\jayway\jsonpath\json-path\2.8.0\json-path-2.8.0.jar;C:\Users\ERIN_JAVALead\.m2\repository\net\minidev\json-smart\2.5.0\json-smart-2.5.0.jar;C:\Users\ERIN_JAVALead\.m2\repository\net\minidev\accessors-smart\2.5.0\accessors-smart-2.5.0.jar;C:\Users\ERIN_JAVALead\.m2\repository\org\ow2\asm\asm\9.3\asm-9.3.jar;C:\Users\ERIN_JAVALead\.m2\repository\org\springframework\spring-core\6.1.2\spring-core-6.1.2.jar;C:\Users\ERIN_JAVALead\.m2\repository\org\springframework\spring-jcl\6.1.2\spring-jcl-6.1.2.jar;C:\Users\ERIN_JAVALead\.m2\repository\ch\qos\logback\logback-core\1.4.14\logback-core-1.4.14.jar;C:\Users\ERIN_JAVALead\.m2\repository\ch\qos\logback\logback-classic\1.4.14\logback-classic-1.4.14.jar;C:\Users\ERIN_JAVALead\.m2\repository\org\springframework\security\spring-security-core\6.2.1\spring-security-core-6.2.1.jar;C:\Users\ERIN_JAVALead\.m2\repository\org\springframework\security\spring-security-crypto\6.2.1\spring-security-crypto-6.2.1.jar;C:\Users\ERIN_JAVALead\.m2\repository\io\jsonwebtoken\jjwt\0.12.3\jjwt-0.12.3.jar;C:\Users\ERIN_JAVALead\.m2\repository\io\jsonwebtoken\jjwt-api\0.12.3\jjwt-api-0.12.3.jar;C:\Users\ERIN_JAVALead\.m2\repository\io\jsonwebtoken\jjwt-impl\0.12.3\jjwt-impl-0.12.3.jar;C:\Users\ERIN_JAVALead\.m2\repository\io\jsonwebtoken\jjwt-jackson\0.12.3\jjwt-jackson-0.12.3.jar;C:\Users\ERIN_JAVALead\.m2\repository\javax\xml\bind\jaxb-api\2.3.0\jaxb-api-2.3.0.jar
Launcher Type: SUN_STANDARD

[Global flags]
     intx CICompilerCount                          = 3                                         {product} {ergonomic}
     uint ConcGCThreads                            = 1                                         {product} {ergonomic}
     uint G1ConcRefinementThreads                  = 4                                         {product} {ergonomic}
   size_t G1HeapRegionSize                         = 1048576                                   {product} {ergonomic}
    uintx GCDrainStackTargetSize                   = 64                                        {product} {ergonomic}
   size_t InitialHeapSize                          = 67108864                                  {product} {ergonomic}
   size_t MarkStackSize                            = 4194304                                   {product} {ergonomic}
   size_t MaxHeapSize                              = 1052770304                                {product} {ergonomic}
   size_t MaxNewSize                               = 631242752                                 {product} {ergonomic}
   size_t MinHeapDeltaBytes                        = 1048576                                   {product} {ergonomic}
   size_t MinHeapSize                              = 8388608                                   {product} {ergonomic}
    uintx NonNMethodCodeHeapSize                   = 5832780                                {pd product} {ergonomic}
    uintx NonProfiledCodeHeapSize                  = 122912730                              {pd product} {ergonomic}
    uintx ProfiledCodeHeapSize                     = 122912730                              {pd product} {ergonomic}
    uintx ReservedCodeCacheSize                    = 251658240                              {pd product} {ergonomic}
     bool SegmentedCodeCache                       = true                                      {product} {ergonomic}
   size_t SoftMaxHeapSize                          = 1052770304                             {manageable} {ergonomic}
     bool UseCompressedClassPointers               = true                           {product lp64_product} {ergonomic}
     bool UseCompressedOops                        = true                           {product lp64_product} {ergonomic}
     bool UseG1GC                                  = true                                      {product} {ergonomic}
     bool UseLargePagesIndividualAllocation        = false                                  {pd product} {ergonomic}

Logging:
Log output configuration:
 #0: stdout all=warning uptime,level,tags foldmultilines=false
 #1: stderr all=off uptime,level,tags foldmultilines=false

Environment Variables:
PATH=C:\WINDOWS\system32;C:\WINDOWS;C:\WINDOWS\System32\Wbem;C:\WINDOWS\System32\WindowsPowerShell\v1.0\;C:\WINDOWS\System32\OpenSSH\;C:\Program Files (x86)\nodejs\;C:\Program Files (x86)\nodejs\npm;C:\Users\ERIN_JAVALead\AppData\Roaming\npm;C:\Program Files\Git\cmd;C:\Program Files (x86)\dotnet\;C:\Program Files (x86)\Microsoft SQL Server\160\DTS\Binn\;C:\Program Files\Azure Data Studio\bin;C:\Program Files (x86)\Microsoft SQL Server\160\Tools\Binn\;C:\Program Files\Microsoft SQL Server\160\Tools\Binn\;C:\Program Files\Microsoft SQL Server\Client SDK\ODBC\170\Tools\Binn\;C:\Program Files\Microsoft SQL Server\160\DTS\Binn\;C:\Users\ERIN_JAVALead\AppData\Local\Microsoft\WindowsApps;;C:\Users\ERIN_JAVALead\AppData\Local\Programs\Microsoft VS Code\bin;C:\Users\ERIN_JAVALead\AppData\Roaming\npm;C:\Program Files\Azure Data Studio\bin
USERNAME=ERIN_JAVALead
OS=Windows_NT
PROCESSOR_IDENTIFIER=Intel64 Family 6 Model 78 Stepping 3, GenuineIntel



---------------  S Y S T E M  ---------------

OS:
 Windows 10 , 64 bit Build 19041 (10.0.19041.3636)
OS uptime: 0 days 0:41 hours

CPU: total 4 (initial active 4) (2 cores per cpu, 2 threads per core) family 6 model 78 stepping 3 microcode 0xcc, cx8, cmov, fxsr, ht, mmx, 3dnowpref, sse, sse2, sse3, ssse3, sse4.1, sse4.2, popcnt, lzcnt, tsc, tscinvbit, avx, avx2, aes, erms, clmul, bmi1, bmi2, adx, fma, vzeroupper, clflush, clflushopt

Memory: 4k page, system-wide physical 4012M (251M free)
TotalPageFile size 6060M (AvailPageFile size 2M)
current process WorkingSet (physical memory assigned to process): 163M, peak: 166M
current process commit charge ("private bytes"): 195M, peak: 198M

vm_info: OpenJDK 64-Bit Server VM (18.0.2+9-FR) for windows-amd64 JRE (18.0.2+9-FR), built on Jul 15 2022 20:03:03 by "Administrator" with MS VC++ 15.9 (VS2017)

END.
