#
# There is insufficient memory for the Java Runtime Environment to continue.
# Native memory allocation (malloc) failed to allocate 595600 bytes for Chunk::new
# Possible reasons:
#   The system is out of physical RAM or swap space
#   The process is running with CompressedOops enabled, and the Java Heap may be blocking the growth of the native heap
# Possible solutions:
#   Reduce memory load on the system
#   Increase physical memory or swap space
#   Check if swap backing store is full
#   Decrease Java heap size (-Xmx/-Xms)
#   Decrease number of Java threads
#   Decrease Java thread stack sizes (-Xss)
#   Set larger code cache with -XX:ReservedCodeCacheSize=
#   JVM is running with Unscaled Compressed Oops mode in which the Java heap is
#     placed in the first 4GB address space. The Java Heap base address is the
#     maximum limit for the native heap growth. Please use -XX:HeapBaseMinAddress
#     to set the Java Heap base and to place the Java Heap above 4GB virtual address.
# This output file may be truncated or incomplete.
#
#  Out of Memory Error (arena.cpp:184), pid=7632, tid=2044
#
# JRE version: OpenJDK Runtime Environment Corretto-18.0.2.9.1 (18.0.2+9) (build 18.0.2+9-FR)
# Java VM: OpenJDK 64-Bit Server VM Corretto-18.0.2.9.1 (18.0.2+9-FR, mixed mode, sharing, tiered, compressed oops, compressed class ptrs, g1 gc, windows-amd64)
# No core dump will be written. Minidumps are not enabled by default on client versions of Windows
#

---------------  S U M M A R Y ------------

Command Line: -javaagent:C:\Program Files\JetBrains\IntelliJ IDEA Community Edition 2021.3.3\lib\idea_rt.jar=50571:C:\Program Files\JetBrains\IntelliJ IDEA Community Edition 2021.3.3\bin -Dfile.encoding=UTF-8 test.springbootsecurity.springbootWithSecurity.SpringbootWithSecurityApplication

Host: Intel(R) Core(TM) i3-6006U CPU @ 2.00GHz, 4 cores, 3G,  Windows 10 , 64 bit Build 19041 (10.0.19041.3636)
Time: Fri Dec 22 17:59:25 2023 Egypt Standard Time elapsed time: 2.893208 seconds (0d 0h 0m 2s)

---------------  T H R E A D  ---------------

Current thread (0x000002001110c350):  JavaThread "C2 CompilerThread0" daemon [_thread_in_native, id=2044, stack(0x0000002a86100000,0x0000002a86200000)]


Current CompileTask:
C2:   2893 1478       4       jdk.internal.loader.URLClassPath::getResource (74 bytes)

Stack: [0x0000002a86100000,0x0000002a86200000]
Native frames: (J=compiled Java code, j=interpreted, Vv=VM code, C=native code)
V  [jvm.dll+0x685a2a]
V  [jvm.dll+0x82ae8d]
V  [jvm.dll+0x82c75e]
V  [jvm.dll+0x82ce03]
V  [jvm.dll+0x25ef4b]
V  [jvm.dll+0xd42d2]
V  [jvm.dll+0xd4665]
V  [jvm.dll+0x38578b]
V  [jvm.dll+0x34d82a]
V  [jvm.dll+0x34cc1a]
V  [jvm.dll+0x233a65]
V  [jvm.dll+0x232f37]
V  [jvm.dll+0x1c0a35]
V  [jvm.dll+0x24212c]
V  [jvm.dll+0x240534]
V  [jvm.dll+0x7df6db]
V  [jvm.dll+0x7d9cba]
V  [jvm.dll+0x6848a5]
C  [ucrtbase.dll+0x21bb2]
C  [KERNEL32.DLL+0x17344]
C  [ntdll.dll+0x526b1]


---------------  P R O C E S S  ---------------

Threads class SMR info:
_java_thread_list=0x0000020015c69c30, length=15, elements={
0x0000020075ac5120, 0x00000200110f47b0, 0x00000200110f5410, 0x00000200111099a0,
0x000002001110a340, 0x000002001110ace0, 0x000002001110b680, 0x000002001110c350,
0x000002001116a930, 0x0000020011186e20, 0x0000020015438010, 0x00000200157d8cf0,
0x000002001567b5f0, 0x0000020015ff7910, 0x0000020015d57890
}

Java Threads: ( => current thread )
  0x0000020075ac5120 JavaThread "main" [_thread_blocked, id=12788, stack(0x0000002a85400000,0x0000002a85500000)]
  0x00000200110f47b0 JavaThread "Reference Handler" daemon [_thread_blocked, id=7240, stack(0x0000002a85b00000,0x0000002a85c00000)]
  0x00000200110f5410 JavaThread "Finalizer" daemon [_thread_blocked, id=2324, stack(0x0000002a85c00000,0x0000002a85d00000)]
  0x00000200111099a0 JavaThread "Signal Dispatcher" daemon [_thread_blocked, id=3720, stack(0x0000002a85d00000,0x0000002a85e00000)]
  0x000002001110a340 JavaThread "Attach Listener" daemon [_thread_blocked, id=12028, stack(0x0000002a85e00000,0x0000002a85f00000)]
  0x000002001110ace0 JavaThread "Service Thread" daemon [_thread_blocked, id=4448, stack(0x0000002a85f00000,0x0000002a86000000)]
  0x000002001110b680 JavaThread "Monitor Deflation Thread" daemon [_thread_blocked, id=9696, stack(0x0000002a86000000,0x0000002a86100000)]
=>0x000002001110c350 JavaThread "C2 CompilerThread0" daemon [_thread_in_native, id=2044, stack(0x0000002a86100000,0x0000002a86200000)]
  0x000002001116a930 JavaThread "C1 CompilerThread0" daemon [_thread_blocked, id=9672, stack(0x0000002a86200000,0x0000002a86300000)]
  0x0000020011186e20 JavaThread "Sweeper thread" daemon [_thread_blocked, id=9188, stack(0x0000002a86300000,0x0000002a86400000)]
  0x0000020015438010 JavaThread "Common-Cleaner" daemon [_thread_blocked, id=12248, stack(0x0000002a86400000,0x0000002a86500000)]
  0x00000200157d8cf0 JavaThread "Monitor Ctrl-Break" daemon [_thread_in_native, id=10196, stack(0x0000002a86600000,0x0000002a86700000)]
  0x000002001567b5f0 JavaThread "Notification Thread" daemon [_thread_blocked, id=10828, stack(0x0000002a86700000,0x0000002a86800000)]
  0x0000020015ff7910 JavaThread "Thread-0" [_thread_blocked, id=3092, stack(0x0000002a86b00000,0x0000002a86c00000)]
  0x0000020015d57890 JavaThread "restartedMain" [_thread_in_Java, id=6916, stack(0x0000002a86c00000,0x0000002a86d00000)]

Other Threads:
  0x00000200110f0000 VMThread "VM Thread" [stack: 0x0000002a85a00000,0x0000002a85b00000] [id=9320]
  0x000002001565fe40 WatcherThread "VM Periodic Task Thread" [stack: 0x0000002a86800000,0x0000002a86900000] [id=2208]
  0x0000020075b05c40 WorkerThread "GC Thread#0" [stack: 0x0000002a85500000,0x0000002a85600000] [id=9296]
  0x0000020015f57130 WorkerThread "GC Thread#1" [stack: 0x0000002a86500000,0x0000002a86600000] [id=10328]
  0x00000200159fe7b0 WorkerThread "GC Thread#2" [stack: 0x0000002a86900000,0x0000002a86a00000] [id=9152]
  0x0000020015ea92c0 WorkerThread "GC Thread#3" [stack: 0x0000002a86a00000,0x0000002a86b00000] [id=7124]
  0x0000020075b0e8f0 ConcurrentGCThread "G1 Main Marker" [stack: 0x0000002a85600000,0x0000002a85700000] [id=7176]
  0x0000020075b102f0 WorkerThread "G1 Conc#0" [stack: 0x0000002a85700000,0x0000002a85800000] [id=9436]
  0x0000020075b374f0 ConcurrentGCThread "G1 Refine#0" [stack: 0x0000002a85800000,0x0000002a85900000] [id=12472]
  0x0000020075b37e00 ConcurrentGCThread "G1 Service" [stack: 0x0000002a85900000,0x0000002a85a00000] [id=12308]

Threads with active compile tasks:
C2 CompilerThread0     2962 1478       4       jdk.internal.loader.URLClassPath::getResource (74 bytes)

VM state: not at safepoint (normal execution)

VM Mutex/Monitor currently owned by a thread: None

Heap address: 0x00000000c1400000, size: 1004 MB, Compressed Oops mode: 32-bit

CDS archive(s) mapped at: [0x0000000800000000-0x0000000800ba0000-0x0000000800ba0000), size 12189696, SharedBaseAddress: 0x0000000800000000, ArchiveRelocationMode: 0.
Compressed class space mapped at: 0x0000000800c00000-0x0000000840c00000, reserved size: 1073741824
Narrow klass base: 0x0000000800000000, Narrow klass shift: 0, Narrow klass range: 0x100000000

GC Precious Log:
 CardTable entry size: 512
 Card Set container configuration: InlinePtr #cards 5 size 8 Array Of Cards #cards 12 size 40 Howl #buckets 4 coarsen threshold 1843 Howl Bitmap #cards 512 size 80 coarsen threshold 460 Card regions per heap region 1 cards per card region 2048
 CPUs: 4 total, 4 available
 Memory: 4012M
 Large Page Support: Disabled
 NUMA Support: Disabled
 Compressed Oops: Enabled (32-bit)
 Heap Region Size: 1M
 Heap Min Capacity: 8M
 Heap Initial Capacity: 64M
 Heap Max Capacity: 1004M
 Pre-touch: Disabled
 Parallel Workers: 4
 Concurrent Workers: 1
 Concurrent Refinement Workers: 4
 Periodic GC: Disabled

Heap:
 garbage-first heap   total 65536K, used 12312K [0x00000000c1400000, 0x0000000100000000)
  region size 1024K, 8 young (8192K), 1 survivors (1024K)
 Metaspace       used 8168K, committed 8448K, reserved 1114112K
  class space    used 949K, committed 1088K, reserved 1048576K

Heap Regions: E=young(eden), S=young(survivor), O=old, HS=humongous(starts), HC=humongous(continues), CS=collection set, F=free, OA=open archive, CA=closed archive, TAMS=top-at-mark-start (previous, next)
|   0|0x00000000c1400000, 0x00000000c1500000, 0x00000000c1500000|100%| O|  |TAMS 0x00000000c1400000, 0x00000000c1400000| Untracked 
|   1|0x00000000c1500000, 0x00000000c1600000, 0x00000000c1600000|100%| O|  |TAMS 0x00000000c1500000, 0x00000000c1500000| Untracked 
|   2|0x00000000c1600000, 0x00000000c1700000, 0x00000000c1700000|100%| O|  |TAMS 0x00000000c1600000, 0x00000000c1600000| Untracked 
|   3|0x00000000c1700000, 0x00000000c1800000, 0x00000000c1800000|100%| O|  |TAMS 0x00000000c1700000, 0x00000000c1700000| Untracked 
|   4|0x00000000c1800000, 0x00000000c1900000, 0x00000000c1900000|100%| O|  |TAMS 0x00000000c1800000, 0x00000000c1800000| Untracked 
|   5|0x00000000c1900000, 0x00000000c1921a00, 0x00000000c1a00000| 13%| O|  |TAMS 0x00000000c1900000, 0x00000000c1900000| Untracked 
|   6|0x00000000c1a00000, 0x00000000c1a00000, 0x00000000c1b00000|  0%| F|  |TAMS 0x00000000c1a00000, 0x00000000c1a00000| Untracked 
|   7|0x00000000c1b00000, 0x00000000c1b00000, 0x00000000c1c00000|  0%| F|  |TAMS 0x00000000c1b00000, 0x00000000c1b00000| Untracked 
|   8|0x00000000c1c00000, 0x00000000c1c00000, 0x00000000c1d00000|  0%| F|  |TAMS 0x00000000c1c00000, 0x00000000c1c00000| Untracked 
|   9|0x00000000c1d00000, 0x00000000c1d00000, 0x00000000c1e00000|  0%| F|  |TAMS 0x00000000c1d00000, 0x00000000c1d00000| Untracked 
|  10|0x00000000c1e00000, 0x00000000c1e00000, 0x00000000c1f00000|  0%| F|  |TAMS 0x00000000c1e00000, 0x00000000c1e00000| Untracked 
|  11|0x00000000c1f00000, 0x00000000c1f00000, 0x00000000c2000000|  0%| F|  |TAMS 0x00000000c1f00000, 0x00000000c1f00000| Untracked 
|  12|0x00000000c2000000, 0x00000000c2000000, 0x00000000c2100000|  0%| F|  |TAMS 0x00000000c2000000, 0x00000000c2000000| Untracked 
|  13|0x00000000c2100000, 0x00000000c2100000, 0x00000000c2200000|  0%| F|  |TAMS 0x00000000c2100000, 0x00000000c2100000| Untracked 
|  14|0x00000000c2200000, 0x00000000c2200000, 0x00000000c2300000|  0%| F|  |TAMS 0x00000000c2200000, 0x00000000c2200000| Untracked 
|  15|0x00000000c2300000, 0x00000000c2300000, 0x00000000c2400000|  0%| F|  |TAMS 0x00000000c2300000, 0x00000000c2300000| Untracked 
|  16|0x00000000c2400000, 0x00000000c2400000, 0x00000000c2500000|  0%| F|  |TAMS 0x00000000c2400000, 0x00000000c2400000| Untracked 
|  17|0x00000000c2500000, 0x00000000c2500000, 0x00000000c2600000|  0%| F|  |TAMS 0x00000000c2500000, 0x00000000c2500000| Untracked 
|  18|0x00000000c2600000, 0x00000000c2600000, 0x00000000c2700000|  0%| F|  |TAMS 0x00000000c2600000, 0x00000000c2600000| Untracked 
|  19|0x00000000c2700000, 0x00000000c2700000, 0x00000000c2800000|  0%| F|  |TAMS 0x00000000c2700000, 0x00000000c2700000| Untracked 
|  20|0x00000000c2800000, 0x00000000c2800000, 0x00000000c2900000|  0%| F|  |TAMS 0x00000000c2800000, 0x00000000c2800000| Untracked 
|  21|0x00000000c2900000, 0x00000000c2900000, 0x00000000c2a00000|  0%| F|  |TAMS 0x00000000c2900000, 0x00000000c2900000| Untracked 
|  22|0x00000000c2a00000, 0x00000000c2a00000, 0x00000000c2b00000|  0%| F|  |TAMS 0x00000000c2a00000, 0x00000000c2a00000| Untracked 
|  23|0x00000000c2b00000, 0x00000000c2b00000, 0x00000000c2c00000|  0%| F|  |TAMS 0x00000000c2b00000, 0x00000000c2b00000| Untracked 
|  24|0x00000000c2c00000, 0x00000000c2c00000, 0x00000000c2d00000|  0%| F|  |TAMS 0x00000000c2c00000, 0x00000000c2c00000| Untracked 
|  25|0x00000000c2d00000, 0x00000000c2d00000, 0x00000000c2e00000|  0%| F|  |TAMS 0x00000000c2d00000, 0x00000000c2d00000| Untracked 
|  26|0x00000000c2e00000, 0x00000000c2e00000, 0x00000000c2f00000|  0%| F|  |TAMS 0x00000000c2e00000, 0x00000000c2e00000| Untracked 
|  27|0x00000000c2f00000, 0x00000000c2f00000, 0x00000000c3000000|  0%| F|  |TAMS 0x00000000c2f00000, 0x00000000c2f00000| Untracked 
|  28|0x00000000c3000000, 0x00000000c3000000, 0x00000000c3100000|  0%| F|  |TAMS 0x00000000c3000000, 0x00000000c3000000| Untracked 
|  29|0x00000000c3100000, 0x00000000c3100000, 0x00000000c3200000|  0%| F|  |TAMS 0x00000000c3100000, 0x00000000c3100000| Untracked 
|  30|0x00000000c3200000, 0x00000000c3200000, 0x00000000c3300000|  0%| F|  |TAMS 0x00000000c3200000, 0x00000000c3200000| Untracked 
|  31|0x00000000c3300000, 0x00000000c3300000, 0x00000000c3400000|  0%| F|  |TAMS 0x00000000c3300000, 0x00000000c3300000| Untracked 
|  32|0x00000000c3400000, 0x00000000c3400000, 0x00000000c3500000|  0%| F|  |TAMS 0x00000000c3400000, 0x00000000c3400000| Untracked 
|  33|0x00000000c3500000, 0x00000000c3500000, 0x00000000c3600000|  0%| F|  |TAMS 0x00000000c3500000, 0x00000000c3500000| Untracked 
|  34|0x00000000c3600000, 0x00000000c3600000, 0x00000000c3700000|  0%| F|  |TAMS 0x00000000c3600000, 0x00000000c3600000| Untracked 
|  35|0x00000000c3700000, 0x00000000c3700000, 0x00000000c3800000|  0%| F|  |TAMS 0x00000000c3700000, 0x00000000c3700000| Untracked 
|  36|0x00000000c3800000, 0x00000000c3800000, 0x00000000c3900000|  0%| F|  |TAMS 0x00000000c3800000, 0x00000000c3800000| Untracked 
|  37|0x00000000c3900000, 0x00000000c3900000, 0x00000000c3a00000|  0%| F|  |TAMS 0x00000000c3900000, 0x00000000c3900000| Untracked 
|  38|0x00000000c3a00000, 0x00000000c3a00000, 0x00000000c3b00000|  0%| F|  |TAMS 0x00000000c3a00000, 0x00000000c3a00000| Untracked 
|  39|0x00000000c3b00000, 0x00000000c3b00000, 0x00000000c3c00000|  0%| F|  |TAMS 0x00000000c3b00000, 0x00000000c3b00000| Untracked 
|  40|0x00000000c3c00000, 0x00000000c3c00000, 0x00000000c3d00000|  0%| F|  |TAMS 0x00000000c3c00000, 0x00000000c3c00000| Untracked 
|  41|0x00000000c3d00000, 0x00000000c3d00000, 0x00000000c3e00000|  0%| F|  |TAMS 0x00000000c3d00000, 0x00000000c3d00000| Untracked 
|  42|0x00000000c3e00000, 0x00000000c3e00000, 0x00000000c3f00000|  0%| F|  |TAMS 0x00000000c3e00000, 0x00000000c3e00000| Untracked 
|  43|0x00000000c3f00000, 0x00000000c3f00000, 0x00000000c4000000|  0%| F|  |TAMS 0x00000000c3f00000, 0x00000000c3f00000| Untracked 
|  44|0x00000000c4000000, 0x00000000c4000000, 0x00000000c4100000|  0%| F|  |TAMS 0x00000000c4000000, 0x00000000c4000000| Untracked 
|  45|0x00000000c4100000, 0x00000000c4100000, 0x00000000c4200000|  0%| F|  |TAMS 0x00000000c4100000, 0x00000000c4100000| Untracked 
|  46|0x00000000c4200000, 0x00000000c4200000, 0x00000000c4300000|  0%| F|  |TAMS 0x00000000c4200000, 0x00000000c4200000| Untracked 
|  47|0x00000000c4300000, 0x00000000c4300000, 0x00000000c4400000|  0%| F|  |TAMS 0x00000000c4300000, 0x00000000c4300000| Untracked 
|  48|0x00000000c4400000, 0x00000000c4400000, 0x00000000c4500000|  0%| F|  |TAMS 0x00000000c4400000, 0x00000000c4400000| Untracked 
|  49|0x00000000c4500000, 0x00000000c4500000, 0x00000000c4600000|  0%| F|  |TAMS 0x00000000c4500000, 0x00000000c4500000| Untracked 
|  50|0x00000000c4600000, 0x00000000c4600000, 0x00000000c4700000|  0%| F|  |TAMS 0x00000000c4600000, 0x00000000c4600000| Untracked 
|  51|0x00000000c4700000, 0x00000000c4700000, 0x00000000c4800000|  0%| F|  |TAMS 0x00000000c4700000, 0x00000000c4700000| Untracked 
|  52|0x00000000c4800000, 0x00000000c48e4910, 0x00000000c4900000| 89%| S|CS|TAMS 0x00000000c4800000, 0x00000000c4800000| Complete 
|  53|0x00000000c4900000, 0x00000000c4900000, 0x00000000c4a00000|  0%| F|  |TAMS 0x00000000c4900000, 0x00000000c4900000| Untracked 
|  54|0x00000000c4a00000, 0x00000000c4a00000, 0x00000000c4b00000|  0%| F|  |TAMS 0x00000000c4a00000, 0x00000000c4a00000| Untracked 
|  55|0x00000000c4b00000, 0x00000000c4b00000, 0x00000000c4c00000|  0%| F|  |TAMS 0x00000000c4b00000, 0x00000000c4b00000| Untracked 
|  56|0x00000000c4c00000, 0x00000000c4c00000, 0x00000000c4d00000|  0%| F|  |TAMS 0x00000000c4c00000, 0x00000000c4c00000| Untracked 
|  57|0x00000000c4d00000, 0x00000000c4d36fa8, 0x00000000c4e00000| 21%| E|  |TAMS 0x00000000c4d00000, 0x00000000c4d00000| Complete 
|  58|0x00000000c4e00000, 0x00000000c4f00000, 0x00000000c4f00000|100%| E|CS|TAMS 0x00000000c4e00000, 0x00000000c4e00000| Complete 
|  59|0x00000000c4f00000, 0x00000000c5000000, 0x00000000c5000000|100%| E|CS|TAMS 0x00000000c4f00000, 0x00000000c4f00000| Complete 
|  60|0x00000000c5000000, 0x00000000c5100000, 0x00000000c5100000|100%| E|CS|TAMS 0x00000000c5000000, 0x00000000c5000000| Complete 
|  61|0x00000000c5100000, 0x00000000c5200000, 0x00000000c5200000|100%| E|CS|TAMS 0x00000000c5100000, 0x00000000c5100000| Complete 
|  62|0x00000000c5200000, 0x00000000c5300000, 0x00000000c5300000|100%| E|CS|TAMS 0x00000000c5200000, 0x00000000c5200000| Complete 
|  63|0x00000000c5300000, 0x00000000c5400000, 0x00000000c5400000|100%| E|CS|TAMS 0x00000000c5300000, 0x00000000c5300000| Complete 

Card table byte_map: [0x000002007d890000,0x000002007da90000] _byte_map_base: 0x000002007d286000

Marking Bits (Prev, Next): (CMBitMap*) 0x0000020075b06240, (CMBitMap*) 0x0000020075b06280
 Prev Bits: [0x000002007dc90000, 0x000002007ec40000)
 Next Bits: [0x000002007ec40000, 0x000002007fbf0000)

Polling page: 0x0000020073c50000

Metaspace:

Usage:
  Non-class:      7.05 MB used.
      Class:    949.09 KB used.
       Both:      7.98 MB used.

Virtual space:
  Non-class space:       64.00 MB reserved,       7.19 MB ( 11%) committed,  1 nodes.
      Class space:        1.00 GB reserved,       1.06 MB ( <1%) committed,  1 nodes.
             Both:        1.06 GB reserved,       8.25 MB ( <1%) committed. 

Chunk freelists:
   Non-Class:  400.00 KB
       Class:  2.85 MB
        Both:  3.24 MB

MaxMetaspaceSize: unlimited
CompressedClassSpaceSize: 1.00 GB
Initial GC threshold: 21.00 MB
Current GC threshold: 21.00 MB
CDS: on
MetaspaceReclaimPolicy: balanced
 - commit_granule_bytes: 65536.
 - commit_granule_words: 8192.
 - virtual_space_node_default_size: 8388608.
 - enlarge_chunks_in_place: 1.
 - new_chunks_are_fully_committed: 0.
 - uncommit_free_chunks: 1.
 - use_allocation_guard: 0.


Internal statistics:

num_allocs_failed_limit: 0.
num_arena_births: 218.
num_arena_deaths: 0.
num_vsnodes_births: 2.
num_vsnodes_deaths: 0.
num_space_committed: 132.
num_space_uncommitted: 0.
num_chunks_returned_to_freelist: 0.
num_chunks_taken_from_freelist: 458.
num_chunk_merges: 0.
num_chunk_splits: 281.
num_chunks_enlarged: 192.
num_inconsistent_stats: 0.

CodeHeap 'non-profiled nmethods': size=120000Kb used=476Kb max_used=476Kb free=119523Kb
 bounds [0x0000020007ad0000, 0x0000020007d40000, 0x000002000f000000]
CodeHeap 'profiled nmethods': size=120000Kb used=2802Kb max_used=2802Kb free=117197Kb
 bounds [0x00000200005a0000, 0x0000020000860000, 0x0000020007ad0000]
CodeHeap 'non-nmethods': size=5760Kb used=1171Kb max_used=1180Kb free=4588Kb
 bounds [0x0000020000000000, 0x0000020000270000, 0x00000200005a0000]
 total_blobs=1998 nmethods=1549 adapters=361
 compilation: enabled
              stopped_count=0, restarted_count=0
 full_count=0

Compilation events (20 events):
Event: 2.856 Thread 0x000002001116a930 1496       3       java.util.Collections$SingletonList::iterator (8 bytes)
Event: 2.857 Thread 0x000002001116a930 nmethod 1496 0x000002000083ff90 code [0x0000020000840140, 0x0000020000840418]
Event: 2.857 Thread 0x000002001116a930 1497       3       java.util.concurrent.CopyOnWriteArrayList::size (6 bytes)
Event: 2.857 Thread 0x000002001116a930 nmethod 1497 0x0000020000840510 code [0x00000200008406a0, 0x00000200008407d8]
Event: 2.864 Thread 0x000002001116a930 1498       3       java.util.Collections$UnmodifiableMap::containsKey (11 bytes)
Event: 2.864 Thread 0x000002001116a930 nmethod 1498 0x0000020000840890 code [0x0000020000840a40, 0x0000020000840c08]
Event: 2.864 Thread 0x000002001116a930 1500       3       java.util.Locale::getDefault (4 bytes)
Event: 2.865 Thread 0x000002001116a930 nmethod 1500 0x0000020000840d10 code [0x0000020000840ea0, 0x0000020000840f98]
Event: 2.865 Thread 0x000002001116a930 1499       3       java.lang.ProcessEnvironment::containsKey (9 bytes)
Event: 2.865 Thread 0x000002001116a930 nmethod 1499 0x0000020000841010 code [0x00000200008411e0, 0x0000020000841638]
Event: 2.873 Thread 0x000002001116a930 1502       3       java.lang.invoke.InvokerBytecodeGenerator::isStaticallyNameable (148 bytes)
Event: 2.874 Thread 0x000002001116a930 nmethod 1502 0x0000020000841790 code [0x0000020000841a40, 0x0000020000842578]
Event: 2.877 Thread 0x000002001116a930 1504       3       java.lang.invoke.DirectMethodHandle$Constructor::viewAsType (49 bytes)
Event: 2.878 Thread 0x000002001116a930 nmethod 1504 0x0000020000842890 code [0x0000020000842a40, 0x0000020000842c08]
Event: 2.879 Thread 0x000002001116a930 1505       3       jdk.internal.org.objectweb.asm.Frame::setInputFrameFromDescriptor (175 bytes)
Event: 2.880 Thread 0x000002001116a930 nmethod 1505 0x0000020000842d10 code [0x0000020000842f20, 0x0000020000843718]
Event: 2.885 Thread 0x000002001116a930 1506       3       java.util.LinkedHashMap$LinkedEntryIterator::next (5 bytes)
Event: 2.886 Thread 0x000002001116a930 nmethod 1506 0x0000020000843b10 code [0x0000020000843cc0, 0x0000020000843e48]
Event: 2.886 Thread 0x000002001116a930 1508       1       org.springframework.boot.context.properties.source.DefaultPropertyMapper$LastMapping::getMapping (5 bytes)
Event: 2.886 Thread 0x000002001116a930 nmethod 1508 0x0000020007b46490 code [0x0000020007b46620, 0x0000020007b466f8]

GC Heap History (4 events):
Event: 1.597 GC heap before
{Heap before GC invocations=0 (full 0):
 garbage-first heap   total 65536K, used 12288K [0x00000000c1400000, 0x0000000100000000)
  region size 1024K, 13 young (13312K), 0 survivors (0K)
 Metaspace       used 3889K, committed 4096K, reserved 1114112K
  class space    used 390K, committed 512K, reserved 1048576K
}
Event: 1.610 GC heap after
{Heap after GC invocations=1 (full 0):
 garbage-first heap   total 65536K, used 5086K [0x00000000c1400000, 0x0000000100000000)
  region size 1024K, 2 young (2048K), 2 survivors (2048K)
 Metaspace       used 3889K, committed 4096K, reserved 1114112K
  class space    used 390K, committed 512K, reserved 1048576K
}
Event: 2.469 GC heap before
{Heap before GC invocations=1 (full 0):
 garbage-first heap   total 65536K, used 15326K [0x00000000c1400000, 0x0000000100000000)
  region size 1024K, 13 young (13312K), 2 survivors (2048K)
 Metaspace       used 6798K, committed 6976K, reserved 1114112K
  class space    used 760K, committed 832K, reserved 1048576K
}
Event: 2.474 GC heap after
{Heap after GC invocations=2 (full 0):
 garbage-first heap   total 65536K, used 6168K [0x00000000c1400000, 0x0000000100000000)
  region size 1024K, 1 young (1024K), 1 survivors (1024K)
 Metaspace       used 6798K, committed 6976K, reserved 1114112K
  class space    used 760K, committed 832K, reserved 1048576K
}

Deoptimization events (20 events):
Event: 1.971 Thread 0x0000020015d57890 DEOPT PACKING pc=0x0000020007b1f3a8 sp=0x0000002a86cfda90
Event: 1.971 Thread 0x0000020015d57890 DEOPT UNPACKING pc=0x00000200000523a3 sp=0x0000002a86cfda08 mode 2
Event: 2.173 Thread 0x0000020015d57890 DEOPT PACKING pc=0x000002000062c501 sp=0x0000002a86cfbff0
Event: 2.173 Thread 0x0000020015d57890 DEOPT UNPACKING pc=0x0000020000052b43 sp=0x0000002a86cfb4f8 mode 0
Event: 2.727 Thread 0x0000020015d57890 Uncommon trap: trap_request=0xffffff45 fr.pc=0x0000020007afce00 relative=0x0000000000000260
Event: 2.727 Thread 0x0000020015d57890 Uncommon trap: reason=unstable_if action=reinterpret pc=0x0000020007afce00 method=java.lang.String.startsWith(Ljava/lang/String;I)Z @ 1 c2
Event: 2.727 Thread 0x0000020015d57890 DEOPT PACKING pc=0x0000020007afce00 sp=0x0000002a86cfdc10
Event: 2.727 Thread 0x0000020015d57890 DEOPT UNPACKING pc=0x00000200000523a3 sp=0x0000002a86cfdb78 mode 2
Event: 2.820 Thread 0x0000020015d57890 Uncommon trap: trap_request=0xffffffc6 fr.pc=0x0000020007b3b548 relative=0x0000000000000368
Event: 2.820 Thread 0x0000020015d57890 Uncommon trap: reason=bimorphic_or_optimized_type_check action=maybe_recompile pc=0x0000020007b3b548 method=java.util.HashMap.getNode(Ljava/lang/Object;)Ljava/util/HashMap$Node; @ 63 c2
Event: 2.820 Thread 0x0000020015d57890 DEOPT PACKING pc=0x0000020007b3b548 sp=0x0000002a86cfdfe0
Event: 2.820 Thread 0x0000020015d57890 DEOPT UNPACKING pc=0x00000200000523a3 sp=0x0000002a86cfdf58 mode 2
Event: 2.820 Thread 0x0000020015d57890 Uncommon trap: trap_request=0xffffffc6 fr.pc=0x0000020007b3b548 relative=0x0000000000000368
Event: 2.820 Thread 0x0000020015d57890 Uncommon trap: reason=bimorphic_or_optimized_type_check action=maybe_recompile pc=0x0000020007b3b548 method=java.util.HashMap.getNode(Ljava/lang/Object;)Ljava/util/HashMap$Node; @ 63 c2
Event: 2.820 Thread 0x0000020015d57890 DEOPT PACKING pc=0x0000020007b3b548 sp=0x0000002a86cfdfe0
Event: 2.820 Thread 0x0000020015d57890 DEOPT UNPACKING pc=0x00000200000523a3 sp=0x0000002a86cfdf58 mode 2
Event: 2.836 Thread 0x0000020015d57890 Uncommon trap: trap_request=0xffffffc6 fr.pc=0x0000020007b3b548 relative=0x0000000000000368
Event: 2.836 Thread 0x0000020015d57890 Uncommon trap: reason=bimorphic_or_optimized_type_check action=maybe_recompile pc=0x0000020007b3b548 method=java.util.HashMap.getNode(Ljava/lang/Object;)Ljava/util/HashMap$Node; @ 63 c2
Event: 2.836 Thread 0x0000020015d57890 DEOPT PACKING pc=0x0000020007b3b548 sp=0x0000002a86cfdfe0
Event: 2.836 Thread 0x0000020015d57890 DEOPT UNPACKING pc=0x00000200000523a3 sp=0x0000002a86cfdf58 mode 2

Classes loaded (20 events):
Event: 2.868 Loading class java/lang/ProcessHandleImpl
Event: 2.870 Loading class java/lang/ProcessHandleImpl done
Event: 2.882 Loading class java/util/concurrent/Executors
Event: 2.882 Loading class java/util/concurrent/Executors done
Event: 2.882 Loading class java/util/concurrent/ThreadPoolExecutor
Event: 2.883 Loading class java/util/concurrent/ThreadPoolExecutor done
Event: 2.883 Loading class java/util/concurrent/ThreadPoolExecutor$AbortPolicy
Event: 2.883 Loading class java/util/concurrent/RejectedExecutionHandler
Event: 2.883 Loading class java/util/concurrent/RejectedExecutionHandler done
Event: 2.883 Loading class java/util/concurrent/ThreadPoolExecutor$AbortPolicy done
Event: 2.883 Loading class java/util/concurrent/SynchronousQueue
Event: 2.883 Loading class java/util/concurrent/SynchronousQueue done
Event: 2.884 Loading class java/util/concurrent/SynchronousQueue$TransferStack
Event: 2.884 Loading class java/util/concurrent/SynchronousQueue$Transferer
Event: 2.884 Loading class java/util/concurrent/SynchronousQueue$Transferer done
Event: 2.884 Loading class java/util/concurrent/SynchronousQueue$TransferStack done
Event: 2.884 Loading class java/util/concurrent/SynchronousQueue$TransferStack$SNode
Event: 2.884 Loading class java/util/concurrent/ForkJoinPool$ManagedBlocker
Event: 2.884 Loading class java/util/concurrent/ForkJoinPool$ManagedBlocker done
Event: 2.884 Loading class java/util/concurrent/SynchronousQueue$TransferStack$SNode done

Classes unloaded (0 events):
No events

Classes redefined (0 events):
No events

Internal exceptions (20 events):
Event: 2.188 Thread 0x0000020015d57890 Exception <a 'sun/nio/fs/WindowsException'{0x00000000c4c6ce60}> (0x00000000c4c6ce60) 
thrown [s\src\hotspot\share\prims\jni.cpp, line 516]
Event: 2.554 Thread 0x0000020015d57890 Exception <a 'java/lang/NoSuchMethodError'{0x00000000c5294038}: 'java.lang.Object java.lang.invoke.DirectMethodHandle$Holder.newInvokeSpecial(java.lang.Object, java.lang.Object, java.lang.Object, java.lang.Object, java.lang.Object, java.lang.Object, java.lang.Object)'> (0x00000000c5294038) 
thrown [s\src\hotspot\share\interpreter\linkResolver.cpp, line 759]
Event: 2.554 Thread 0x0000020015d57890 Exception <a 'java/lang/NoSuchMethodError'{0x00000000c5298ca8}: 'java.lang.Object java.lang.invoke.Invokers$Holder.linkToTargetMethod(java.lang.Object, java.lang.Object, java.lang.Object, java.lang.Object, java.lang.Object, java.lang.Object, java.lang.Object)'> (0x00000000c5298ca8) 
thrown [s\src\hotspot\share\interpreter\linkResolver.cpp, line 759]
Event: 2.561 Thread 0x0000020015d57890 Exception <a 'java/lang/NoSuchMethodError'{0x00000000c52b3a18}: 'void java.lang.invoke.DirectMethodHandle$Holder.invokeStaticInit(java.lang.Object, java.lang.Object)'> (0x00000000c52b3a18) 
thrown [s\src\hotspot\share\interpreter\linkResolver.cpp, line 759]
Event: 2.583 Thread 0x0000020015d57890 Exception <a 'java/lang/NoSuchMethodError'{0x00000000c52ff1c8}: 'int java.lang.invoke.DirectMethodHandle$Holder.invokeStatic(java.lang.Object, java.lang.Object, java.lang.Object, java.lang.Object)'> (0x00000000c52ff1c8) 
thrown [s\src\hotspot\share\interpreter\linkResolver.cpp, line 759]
Event: 2.614 Thread 0x0000020015d57890 Exception <a 'java/lang/NoSuchMethodError'{0x00000000c5167790}: 'java.lang.Object java.lang.invoke.DirectMethodHandle$Holder.invokeSpecial(java.lang.Object, java.lang.Object, java.lang.Object, java.lang.Object, java.lang.Object, java.lang.Object, int)'> (0x00000000c5167790) 
thrown [s\src\hotspot\share\interpreter\linkResolver.cpp, line 759]
Event: 2.615 Thread 0x0000020015d57890 Exception <a 'java/lang/NoSuchMethodError'{0x00000000c5171cf8}: 'java.lang.Object java.lang.invoke.DirectMethodHandle$Holder.newInvokeSpecial(java.lang.Object, java.lang.Object, java.lang.Object, java.lang.Object, java.lang.Object, java.lang.Object, int)'> (0x00000000c5171cf8) 
thrown [s\src\hotspot\share\interpreter\linkResolver.cpp, line 759]
Event: 2.616 Thread 0x0000020015d57890 Exception <a 'java/lang/NoSuchMethodError'{0x00000000c5176f88}: 'java.lang.Object java.lang.invoke.DirectMethodHandle$Holder.invokeSpecial(java.lang.Object, java.lang.Object, java.lang.Object, java.lang.Object, java.lang.Object, java.lang.Object, java.lang.Object, int)'> (0x00000000c5176f88) 
thrown [s\src\hotspot\share\interpreter\linkResolver.cpp, line 759]
Event: 2.687 Thread 0x0000020015d57890 Exception <a 'java/lang/NoSuchMethodError'{0x00000000c509ce98}: 'int java.lang.invoke.DirectMethodHandle$Holder.invokeInterface(java.lang.Object, java.lang.Object)'> (0x00000000c509ce98) 
thrown [s\src\hotspot\share\interpreter\linkResolver.cpp, line 759]
Event: 2.734 Thread 0x0000020015d57890 Exception <a 'java/lang/NoSuchMethodError'{0x00000000c4f10210}: 'java.lang.Object java.lang.invoke.DirectMethodHandle$Holder.invokeSpecial(java.lang.Object, java.lang.Object, java.lang.Object, int, java.lang.Object)'> (0x00000000c4f10210) 
thrown [s\src\hotspot\share\interpreter\linkResolver.cpp, line 759]
Event: 2.736 Thread 0x0000020015d57890 Exception <a 'java/lang/NoSuchMethodError'{0x00000000c4f18870}: 'java.lang.Object java.lang.invoke.DirectMethodHandle$Holder.newInvokeSpecial(java.lang.Object, java.lang.Object, java.lang.Object, int, java.lang.Object)'> (0x00000000c4f18870) 
thrown [s\src\hotspot\share\interpreter\linkResolver.cpp, line 759]
Event: 2.737 Thread 0x0000020015d57890 Exception <a 'java/lang/NoSuchMethodError'{0x00000000c4f20490}: 'java.lang.Object java.lang.invoke.Invokers$Holder.linkToTargetMethod(java.lang.Object, java.lang.Object, int, java.lang.Object, java.lang.Object)'> (0x00000000c4f20490) 
thrown [s\src\hotspot\share\interpreter\linkResolver.cpp, line 759]
Event: 2.743 Thread 0x0000020015d57890 Exception <a 'java/lang/NoSuchMethodError'{0x00000000c4f376a0}: 'java.lang.Object java.lang.invoke.DirectMethodHandle$Holder.newInvokeSpecial(java.lang.Object, int, java.lang.Object)'> (0x00000000c4f376a0) 
thrown [s\src\hotspot\share\interpreter\linkResolver.cpp, line 759]
Event: 2.744 Thread 0x0000020015d57890 Exception <a 'java/lang/NoSuchMethodError'{0x00000000c4f3c5d0}: 'int java.lang.invoke.DirectMethodHandle$Holder.invokeSpecialIFC(java.lang.Object, java.lang.Object, java.lang.Object, java.lang.Object)'> (0x00000000c4f3c5d0) 
thrown [s\src\hotspot\share\interpreter\linkResolver.cpp, line 759]
Event: 2.793 Thread 0x0000020015d57890 Exception <a 'java/lang/NoSuchMethodError'{0x00000000c4e02440}: 'void java.lang.invoke.DirectMethodHandle$Holder.invokeInterface(java.lang.Object, java.lang.Object, java.lang.Object)'> (0x00000000c4e02440) 
thrown [s\src\hotspot\share\interpreter\linkResolver.cpp, line 759]
Event: 2.860 Thread 0x0000020015d57890 Exception <a 'java/lang/NoSuchMethodError'{0x00000000c4ea1390}: 'void java.lang.invoke.DirectMethodHandle$Holder.invokeStaticInit(java.lang.Object, java.lang.Object, java.lang.Object)'> (0x00000000c4ea1390) 
thrown [s\src\hotspot\share\interpreter\linkResolver.cpp, line 759]
Event: 2.872 Thread 0x0000020015d57890 Exception <a 'java/lang/NoSuchMethodError'{0x00000000c4eba928}: 'java.lang.Object java.lang.invoke.DirectMethodHandle$Holder.invokeStatic(java.lang.Object, java.lang.Object, long, java.lang.Object)'> (0x00000000c4eba928) 
thrown [s\src\hotspot\share\interpreter\linkResolver.cpp, line 759]
Event: 2.873 Thread 0x0000020015d57890 Exception <a 'java/lang/NoSuchMethodError'{0x00000000c4ebe3b8}: 'java.lang.Object java.lang.invoke.DirectMethodHandle$Holder.invokeStaticInit(java.lang.Object, java.lang.Object, long, java.lang.Object)'> (0x00000000c4ebe3b8) 
thrown [s\src\hotspot\share\interpreter\linkResolver.cpp, line 759]
Event: 2.875 Thread 0x0000020015d57890 Exception <a 'java/lang/NoSuchMethodError'{0x00000000c4ec4d78}: 'java.lang.Object java.lang.invoke.DirectMethodHandle$Holder.newInvokeSpecial(java.lang.Object, java.lang.Object, long)'> (0x00000000c4ec4d78) 
thrown [s\src\hotspot\share\interpreter\linkResolver.cpp, line 759]
Event: 2.879 Thread 0x0000020015d57890 Exception <a 'java/lang/NoSuchMethodError'{0x00000000c4ec88f0}: 'java.lang.Object java.lang.invoke.Invokers$Holder.linkToTargetMethod(java.lang.Object, long, java.lang.Object)'> (0x00000000c4ec88f0) 
thrown [s\src\hotspot\share\interpreter\linkResolver.cpp, line 759]

VM Operations (20 events):
Event: 0.872 Executing VM operation: HandshakeAllThreads
Event: 0.872 Executing VM operation: HandshakeAllThreads done
Event: 0.927 Executing VM operation: HandshakeAllThreads
Event: 0.927 Executing VM operation: HandshakeAllThreads done
Event: 0.947 Executing VM operation: HandshakeAllThreads
Event: 0.947 Executing VM operation: HandshakeAllThreads done
Event: 1.224 Executing VM operation: HandshakeAllThreads
Event: 1.224 Executing VM operation: HandshakeAllThreads done
Event: 1.224 Executing VM operation: Cleanup
Event: 1.224 Executing VM operation: Cleanup done
Event: 1.597 Executing VM operation: G1CollectForAllocation
Event: 1.610 Executing VM operation: G1CollectForAllocation done
Event: 2.191 Executing VM operation: HandshakeAllThreads
Event: 2.192 Executing VM operation: HandshakeAllThreads done
Event: 2.469 Executing VM operation: G1CollectForAllocation
Event: 2.474 Executing VM operation: G1CollectForAllocation done
Event: 2.725 Executing VM operation: HandshakeAllThreads
Event: 2.725 Executing VM operation: HandshakeAllThreads done
Event: 2.783 Executing VM operation: HandshakeAllThreads
Event: 2.783 Executing VM operation: HandshakeAllThreads done

Events (20 events):
Event: 0.161 Thread 0x000002001110b680 Thread added: 0x000002001110b680
Event: 0.162 Thread 0x000002001110c350 Thread added: 0x000002001110c350
Event: 0.169 Thread 0x000002001116a930 Thread added: 0x000002001116a930
Event: 0.185 Thread 0x0000020011186e20 Thread added: 0x0000020011186e20
Event: 0.472 Thread 0x0000020015438010 Thread added: 0x0000020015438010
Event: 0.547 Loaded shared library C:\Users\ERIN_JAVALead\.jdks\corretto-18.0.2\bin\zip.dll
Event: 0.555 Loaded shared library C:\Users\ERIN_JAVALead\.jdks\corretto-18.0.2\bin\instrument.dll
Event: 0.573 Loaded shared library C:\Users\ERIN_JAVALead\.jdks\corretto-18.0.2\bin\net.dll
Event: 0.577 Loaded shared library C:\Users\ERIN_JAVALead\.jdks\corretto-18.0.2\bin\nio.dll
Event: 0.582 Loaded shared library C:\Users\ERIN_JAVALead\.jdks\corretto-18.0.2\bin\zip.dll
Event: 0.685 Thread 0x0000020015585930 Thread added: 0x0000020015585930
Event: 0.810 Loaded shared library C:\Program Files\JetBrains\IntelliJ IDEA Community Edition 2021.3.3\bin\breakgen64.dll
Event: 0.812 Thread 0x00000200157d8cf0 Thread added: 0x00000200157d8cf0
Event: 0.812 Thread 0x000002001567b5f0 Thread added: 0x000002001567b5f0
Event: 0.821 Thread 0x0000020015585930 Thread exited: 0x0000020015585930
Event: 0.935 Loaded shared library C:\Users\ERIN_JAVALead\.jdks\corretto-18.0.2\bin\jimage.dll
Event: 1.794 Loaded shared library C:\Users\ERIN_JAVALead\.jdks\corretto-18.0.2\bin\management.dll
Event: 1.798 Loaded shared library C:\Users\ERIN_JAVALead\.jdks\corretto-18.0.2\bin\management_ext.dll
Event: 1.956 Thread 0x0000020015ff7910 Thread added: 0x0000020015ff7910
Event: 1.967 Thread 0x0000020015d57890 Thread added: 0x0000020015d57890


Dynamic libraries:
0x00007ff77e070000 - 0x00007ff77e07d000 	C:\Users\ERIN_JAVALead\.jdks\corretto-18.0.2\bin\java.exe
0x00007ffb28d70000 - 0x00007ffb28f68000 	C:\WINDOWS\SYSTEM32\ntdll.dll
0x00007ffb27380000 - 0x00007ffb2743d000 	C:\WINDOWS\System32\KERNEL32.DLL
0x00007ffb266b0000 - 0x00007ffb269a6000 	C:\WINDOWS\System32\KERNELBASE.dll
0x00007ffb26540000 - 0x00007ffb26640000 	C:\WINDOWS\System32\ucrtbase.dll
0x00007ffb21210000 - 0x00007ffb21227000 	C:\Users\ERIN_JAVALead\.jdks\corretto-18.0.2\bin\jli.dll
0x00007ffb12f50000 - 0x00007ffb12f65000 	C:\Users\ERIN_JAVALead\.jdks\corretto-18.0.2\bin\VCRUNTIME140.dll
0x00007ffb12210000 - 0x00007ffb124aa000 	C:\WINDOWS\WinSxS\amd64_microsoft.windows.common-controls_6595b64144ccf1df_6.0.19041.3636_none_60b6a03d71f818d5\COMCTL32.dll
0x00007ffb27010000 - 0x00007ffb270ae000 	C:\WINDOWS\System32\msvcrt.dll
0x00007ffb28a00000 - 0x00007ffb28a2c000 	C:\WINDOWS\System32\GDI32.dll
0x00007ffb26c80000 - 0x00007ffb26ca2000 	C:\WINDOWS\System32\win32u.dll
0x00007ffb26420000 - 0x00007ffb2653a000 	C:\WINDOWS\System32\gdi32full.dll
0x00007ffb26cb0000 - 0x00007ffb26d4d000 	C:\WINDOWS\System32\msvcp_win.dll
0x00007ffb28b00000 - 0x00007ffb28c9e000 	C:\WINDOWS\System32\USER32.dll
0x00007ffb26e50000 - 0x00007ffb26e80000 	C:\WINDOWS\System32\IMM32.DLL
0x00007ffb0cfe0000 - 0x00007ffb0d07b000 	C:\Users\ERIN_JAVALead\.jdks\corretto-18.0.2\bin\msvcp140.dll
0x00007ffaf0330000 - 0x00007ffaf0fa1000 	C:\Users\ERIN_JAVALead\.jdks\corretto-18.0.2\bin\server\jvm.dll
0x00007ffb28100000 - 0x00007ffb281af000 	C:\WINDOWS\System32\ADVAPI32.dll
0x00007ffb27910000 - 0x00007ffb279ac000 	C:\WINDOWS\System32\sechost.dll
0x00007ffb27120000 - 0x00007ffb27246000 	C:\WINDOWS\System32\RPCRT4.dll
0x00007ffb27110000 - 0x00007ffb27118000 	C:\WINDOWS\System32\PSAPI.DLL
0x00007ffb21f80000 - 0x00007ffb21f89000 	C:\WINDOWS\SYSTEM32\WSOCK32.dll
0x00007ffb278a0000 - 0x00007ffb2790b000 	C:\WINDOWS\System32\WS2_32.dll
0x00007ffb05000000 - 0x00007ffb05027000 	C:\WINDOWS\SYSTEM32\WINMM.dll
0x00007ffb20820000 - 0x00007ffb2082a000 	C:\WINDOWS\SYSTEM32\VERSION.dll
0x00007ffb242e0000 - 0x00007ffb242f2000 	C:\WINDOWS\SYSTEM32\kernel.appcore.dll
0x00007ffb132b0000 - 0x00007ffb132ba000 	C:\Users\ERIN_JAVALead\.jdks\corretto-18.0.2\bin\jimage.dll
0x00007ffb0a5f0000 - 0x00007ffb0a7d4000 	C:\WINDOWS\SYSTEM32\DBGHELP.DLL
0x00007ffb0b2a0000 - 0x00007ffb0b2d4000 	C:\WINDOWS\SYSTEM32\dbgcore.DLL
0x00007ffb269b0000 - 0x00007ffb26a32000 	C:\WINDOWS\System32\bcryptPrimitives.dll
0x00007ffb21ea0000 - 0x00007ffb21eae000 	C:\Users\ERIN_JAVALead\.jdks\corretto-18.0.2\bin\instrument.dll
0x00007ffb12f20000 - 0x00007ffb12f45000 	C:\Users\ERIN_JAVALead\.jdks\corretto-18.0.2\bin\java.dll
0x00007ffaffd90000 - 0x00007ffaffe66000 	C:\Users\ERIN_JAVALead\.jdks\corretto-18.0.2\bin\jsvml.dll
0x00007ffb279b0000 - 0x00007ffb280f5000 	C:\WINDOWS\System32\SHELL32.dll
0x00007ffb244e0000 - 0x00007ffb24c7b000 	C:\WINDOWS\SYSTEM32\windows.storage.dll
0x00007ffb274c0000 - 0x00007ffb27814000 	C:\WINDOWS\System32\combase.dll
0x00007ffb25d90000 - 0x00007ffb25dbd000 	C:\WINDOWS\SYSTEM32\Wldp.dll
0x00007ffb26da0000 - 0x00007ffb26e4d000 	C:\WINDOWS\System32\SHCORE.dll
0x00007ffb270b0000 - 0x00007ffb27105000 	C:\WINDOWS\System32\shlwapi.dll
0x00007ffb26350000 - 0x00007ffb26375000 	C:\WINDOWS\SYSTEM32\profapi.dll
0x00007ffb0cfc0000 - 0x00007ffb0cfd8000 	C:\Users\ERIN_JAVALead\.jdks\corretto-18.0.2\bin\zip.dll
0x00007ffb12a00000 - 0x00007ffb12a13000 	C:\Users\ERIN_JAVALead\.jdks\corretto-18.0.2\bin\net.dll
0x00007ffb200f0000 - 0x00007ffb201fa000 	C:\WINDOWS\SYSTEM32\WINHTTP.dll
0x00007ffb25af0000 - 0x00007ffb25b5a000 	C:\WINDOWS\system32\mswsock.dll
0x00007ffb0d1b0000 - 0x00007ffb0d1c5000 	C:\Users\ERIN_JAVALead\.jdks\corretto-18.0.2\bin\nio.dll
0x00007ffb0d190000 - 0x00007ffb0d1aa000 	C:\Program Files\JetBrains\IntelliJ IDEA Community Edition 2021.3.3\bin\breakgen64.dll
0x00007ffb12f70000 - 0x00007ffb12f79000 	C:\Users\ERIN_JAVALead\.jdks\corretto-18.0.2\bin\management.dll
0x00007ffb12b20000 - 0x00007ffb12b2b000 	C:\Users\ERIN_JAVALead\.jdks\corretto-18.0.2\bin\management_ext.dll

dbghelp: loaded successfully - version: 4.0.5 - missing functions: none
symbol engine: initialized successfully - sym options: 0x614 - pdb path: .;C:\Users\ERIN_JAVALead\.jdks\corretto-18.0.2\bin;C:\WINDOWS\SYSTEM32;C:\WINDOWS\WinSxS\amd64_microsoft.windows.common-controls_6595b64144ccf1df_6.0.19041.3636_none_60b6a03d71f818d5;C:\Users\ERIN_JAVALead\.jdks\corretto-18.0.2\bin\server;C:\Program Files\JetBrains\IntelliJ IDEA Community Edition 2021.3.3\bin

VM Arguments:
jvm_args: -javaagent:C:\Program Files\JetBrains\IntelliJ IDEA Community Edition 2021.3.3\lib\idea_rt.jar=50571:C:\Program Files\JetBrains\IntelliJ IDEA Community Edition 2021.3.3\bin -Dfile.encoding=UTF-8 
java_command: test.springbootsecurity.springbootWithSecurity.SpringbootWithSecurityApplication
java_class_path (initial): C:\Users\ERIN_JAVALead\Downloads\springbootWithSecurity\springbootWithSecurity\target\classes;C:\Users\ERIN_JAVALead\.m2\repository\org\springframework\boot\spring-boot-starter-data-rest\3.2.1\spring-boot-starter-data-rest-3.2.1.jar;C:\Users\ERIN_JAVALead\.m2\repository\org\springframework\data\spring-data-rest-webmvc\4.2.1\spring-data-rest-webmvc-4.2.1.jar;C:\Users\ERIN_JAVALead\.m2\repository\org\springframework\data\spring-data-rest-core\4.2.1\spring-data-rest-core-4.2.1.jar;C:\Users\ERIN_JAVALead\.m2\repository\org\springframework\hateoas\spring-hateoas\2.2.0\spring-hateoas-2.2.0.jar;C:\Users\ERIN_JAVALead\.m2\repository\org\springframework\data\spring-data-commons\3.2.1\spring-data-commons-3.2.1.jar;C:\Users\ERIN_JAVALead\.m2\repository\org\springframework\plugin\spring-plugin-core\3.0.0\spring-plugin-core-3.0.0.jar;C:\Users\ERIN_JAVALead\.m2\repository\org\atteo\evo-inflector\1.3\evo-inflector-1.3.jar;C:\Users\ERIN_JAVALead\.m2\repository\com\fasterxml\jackson\core\jackson-annotations\2.15.3\jackson-annotations-2.15.3.jar;C:\Users\ERIN_JAVALead\.m2\repository\org\slf4j\slf4j-api\2.0.9\slf4j-api-2.0.9.jar;C:\Users\ERIN_JAVALead\.m2\repository\org\springframework\boot\spring-boot-starter-security\3.2.1\spring-boot-starter-security-3.2.1.jar;C:\Users\ERIN_JAVALead\.m2\repository\org\springframework\boot\spring-boot-starter\3.2.1\spring-boot-starter-3.2.1.jar;C:\Users\ERIN_JAVALead\.m2\repository\org\springframework\boot\spring-boot-starter-logging\3.2.1\spring-boot-starter-logging-3.2.1.jar;C:\Users\ERIN_JAVALead\.m2\repository\org\apache\logging\log4j\log4j-to-slf4j\2.21.1\log4j-to-slf4j-2.21.1.jar;C:\Users\ERIN_JAVALead\.m2\repository\org\apache\logging\log4j\log4j-api\2.21.1\log4j-api-2.21.1.jar;C:\Users\ERIN_JAVALead\.m2\repository\org\slf4j\jul-to-slf4j\2.0.9\jul-to-slf4j-2.0.9.jar;C:\Users\ERIN_JAVALead\.m2\repository\jakarta\annotation\jakarta.annotation-api\2.1.1\jakarta.annotation-api-2.1.1.jar;C:\Users\ERIN_JAVALead\.m2\repository\org\yaml\snakeyaml\2.2\snakeyaml-2.2.jar;C:\Users\ERIN_JAVALead\.m2\repository\org\springframework\spring-aop\6.1.2\spring-aop-6.1.2.jar;C:\Users\ERIN_JAVALead\.m2\repository\org\springframework\spring-beans\6.1.2\spring-beans-6.1.2.jar;C:\Users\ERIN_JAVALead\.m2\repository\org\springframework\security\spring-security-config\6.2.1\spring-security-config-6.2.1.jar;C:\Users\ERIN_JAVALead\.m2\repository\org\springframework\security\spring-security-web\6.2.1\spring-security-web-6.2.1.jar;C:\Users\ERIN_JAVALead\.m2\repository\org\springframework\spring-expression\6.1.2\spring-expression-6.1.2.jar;C:\Users\ERIN_JAVALead\.m2\repository\org\springframework\boot\spring-boot-starter-web\3.2.1\spring-boot-starter-web-3.2.1.jar;C:\Users\ERIN_JAVALead\.m2\repository\org\springframework\boot\spring-boot-starter-json\3.2.1\spring-boot-starter-json-3.2.1.jar;C:\Users\ERIN_JAVALead\.m2\repository\com\fasterxml\jackson\datatype\jackson-datatype-jdk8\2.15.3\jackson-datatype-jdk8-2.15.3.jar;C:\Users\ERIN_JAVALead\.m2\repository\com\fasterxml\jackson\datatype\jackson-datatype-jsr310\2.15.3\jackson-datatype-jsr310-2.15.3.jar;C:\Users\ERIN_JAVALead\.m2\repository\com\fasterxml\jackson\module\jackson-module-parameter-names\2.15.3\jackson-module-parameter-names-2.15.3.jar;C:\Users\ERIN_JAVALead\.m2\repository\org\springframework\boot\spring-boot-starter-tomcat\3.2.1\spring-boot-starter-tomcat-3.2.1.jar;C:\Users\ERIN_JAVALead\.m2\repository\org\apache\tomcat\embed\tomcat-embed-core\10.1.17\tomcat-embed-core-10.1.17.jar;C:\Users\ERIN_JAVALead\.m2\repository\org\apache\tomcat\embed\tomcat-embed-el\10.1.17\tomcat-embed-el-10.1.17.jar;C:\Users\ERIN_JAVALead\.m2\repository\org\apache\tomcat\embed\tomcat-embed-websocket\10.1.17\tomcat-embed-websocket-10.1.17.jar;C:\Users\ERIN_JAVALead\.m2\repository\org\springframework\spring-web\6.1.2\spring-web-6.1.2.jar;C:\Users\ERIN_JAVALead\.m2\repository\org\springframework\spring-webmvc\6.1.2\spring-webmvc-6.1.2.jar;C:\Users\ERIN_JAVALead\.m2\repository\org\springframework\kafka\spring-kafka\3.1.1\spring-kafka-3.1.1.jar;C:\Users\ERIN_JAVALead\.m2\repository\org\springframework\spring-context\6.1.2\spring-context-6.1.2.jar;C:\Users\ERIN_JAVALead\.m2\repository\org\springframework\spring-messaging\6.1.2\spring-messaging-6.1.2.jar;C:\Users\ERIN_JAVALead\.m2\repository\org\springframework\spring-tx\6.1.2\spring-tx-6.1.2.jar;C:\Users\ERIN_JAVALead\.m2\repository\org\springframework\retry\spring-retry\2.0.5\spring-retry-2.0.5.jar;C:\Users\ERIN_JAVALead\.m2\repository\org\apache\kafka\kafka-clients\3.6.1\kafka-clients-3.6.1.jar;C:\Users\ERIN_JAVALead\.m2\repository\com\github\luben\zstd-jni\1.5.5-1\zstd-jni-1.5.5-1.jar;C:\Users\ERIN_JAVALead\.m2\repository\org\lz4\lz4-java\1.8.0\lz4-java-1.8.0.jar;C:\Users\ERIN_JAVALead\.m2\repository\org\xerial\snappy\snappy-java\1.1.10.5\snappy-java-1.1.10.5.jar;C:\Users\ERIN_JAVALead\.m2\repository\io\micrometer\micrometer-observation\1.12.1\micrometer-observation-1.12.1.jar;C:\Users\ERIN_JAVALead\.m2\repository\io\micrometer\micrometer-commons\1.12.1\micrometer-commons-1.12.1.jar;C:\Users\ERIN_JAVALead\.m2\repository\com\google\code\findbugs\jsr305\3.0.2\jsr305-3.0.2.jar;C:\Users\ERIN_JAVALead\.m2\repository\org\springframework\boot\spring-boot-devtools\3.2.1\spring-boot-devtools-3.2.1.jar;C:\Users\ERIN_JAVALead\.m2\repository\org\springframework\boot\spring-boot\3.2.1\spring-boot-3.2.1.jar;C:\Users\ERIN_JAVALead\.m2\repository\org\springframework\boot\spring-boot-autoconfigure\3.2.1\spring-boot-autoconfigure-3.2.1.jar;C:\Users\ERIN_JAVALead\.m2\repository\org\projectlombok\lombok\1.18.30\lombok-1.18.30.jar;C:\Users\ERIN_JAVALead\.m2\repository\com\jayway\jsonpath\json-path\2.8.0\json-path-2.8.0.jar;C:\Users\ERIN_JAVALead\.m2\repository\net\minidev\json-smart\2.5.0\json-smart-2.5.0.jar;C:\Users\ERIN_JAVALead\.m2\repository\net\minidev\accessors-smart\2.5.0\accessors-smart-2.5.0.jar;C:\Users\ERIN_JAVALead\.m2\repository\org\ow2\asm\asm\9.3\asm-9.3.jar;C:\Users\ERIN_JAVALead\.m2\repository\org\springframework\spring-core\6.1.2\spring-core-6.1.2.jar;C:\Users\ERIN_JAVALead\.m2\repository\org\springframework\spring-jcl\6.1.2\spring-jcl-6.1.2.jar;C:\Users\ERIN_JAVALead\.m2\repository\ch\qos\logback\logback-core\1.4.14\logback-core-1.4.14.jar;C:\Users\ERIN_JAVALead\.m2\repository\ch\qos\logback\logback-classic\1.4.14\logback-classic-1.4.14.jar;C:\Users\ERIN_JAVALead\.m2\repository\org\springframework\security\spring-security-core\6.2.1\spring-security-core-6.2.1.jar;C:\Users\ERIN_JAVALead\.m2\repository\org\springframework\security\spring-security-crypto\6.2.1\spring-security-crypto-6.2.1.jar;C:\Users\ERIN_JAVALead\.m2\repository\io\jsonwebtoken\jjwt\0.12.3\jjwt-0.12.3.jar;C:\Users\ERIN_JAVALead\.m2\repository\io\jsonwebtoken\jjwt-api\0.12.3\jjwt-api-0.12.3.jar;C:\Users\ERIN_JAVALead\.m2\repository\io\jsonwebtoken\jjwt-impl\0.12.3\jjwt-impl-0.12.3.jar;C:\Users\ERIN_JAVALead\.m2\repository\io\jsonwebtoken\jjwt-jackson\0.12.3\jjwt-jackson-0.12.3.jar;C:\Users\ERIN_JAVALead\.m2\repository\com\fasterxml\jackson\core\jackson-databind\2.15.3\jackson-databind-2.15.3.jar;C:\Users\ERIN_JAVALead\.m2\repository\com\fasterxml\jackson\core\jackson-core\2.15.3\jackson-core-2.15.3.jar;C:\Users\ERIN_JAVALead\.m2\repository\javax\xml\bind\jaxb-api\2.3.0\jaxb-api-2.3.0.jar
Launcher Type: SUN_STANDARD

[Global flags]
     intx CICompilerCount                          = 3                                         {product} {ergonomic}
     uint ConcGCThreads                            = 1                                         {product} {ergonomic}
     uint G1ConcRefinementThreads                  = 4                                         {product} {ergonomic}
   size_t G1HeapRegionSize                         = 1048576                                   {product} {ergonomic}
    uintx GCDrainStackTargetSize                   = 64                                        {product} {ergonomic}
   size_t InitialHeapSize                          = 67108864                                  {product} {ergonomic}
   size_t MarkStackSize                            = 4194304                                   {product} {ergonomic}
   size_t MaxHeapSize                              = 1052770304                                {product} {ergonomic}
   size_t MaxNewSize                               = 631242752                                 {product} {ergonomic}
   size_t MinHeapDeltaBytes                        = 1048576                                   {product} {ergonomic}
   size_t MinHeapSize                              = 8388608                                   {product} {ergonomic}
    uintx NonNMethodCodeHeapSize                   = 5832780                                {pd product} {ergonomic}
    uintx NonProfiledCodeHeapSize                  = 122912730                              {pd product} {ergonomic}
    uintx ProfiledCodeHeapSize                     = 122912730                              {pd product} {ergonomic}
    uintx ReservedCodeCacheSize                    = 251658240                              {pd product} {ergonomic}
     bool SegmentedCodeCache                       = true                                      {product} {ergonomic}
   size_t SoftMaxHeapSize                          = 1052770304                             {manageable} {ergonomic}
     bool UseCompressedClassPointers               = true                           {product lp64_product} {ergonomic}
     bool UseCompressedOops                        = true                           {product lp64_product} {ergonomic}
     bool UseG1GC                                  = true                                      {product} {ergonomic}
     bool UseLargePagesIndividualAllocation        = false                                  {pd product} {ergonomic}

Logging:
Log output configuration:
 #0: stdout all=warning uptime,level,tags foldmultilines=false
 #1: stderr all=off uptime,level,tags foldmultilines=false

Environment Variables:
PATH=C:\WINDOWS\system32;C:\WINDOWS;C:\WINDOWS\System32\Wbem;C:\WINDOWS\System32\WindowsPowerShell\v1.0\;C:\WINDOWS\System32\OpenSSH\;C:\Program Files (x86)\nodejs\;C:\Program Files (x86)\nodejs\npm;C:\Users\ERIN_JAVALead\AppData\Roaming\npm;C:\Program Files\Git\cmd;C:\Program Files (x86)\dotnet\;C:\Program Files (x86)\Microsoft SQL Server\160\DTS\Binn\;C:\Program Files\Azure Data Studio\bin;C:\Program Files (x86)\Microsoft SQL Server\160\Tools\Binn\;C:\Program Files\Microsoft SQL Server\160\Tools\Binn\;C:\Program Files\Microsoft SQL Server\Client SDK\ODBC\170\Tools\Binn\;C:\Program Files\Microsoft SQL Server\160\DTS\Binn\;C:\Users\ERIN_JAVALead\AppData\Local\Microsoft\WindowsApps;;C:\Users\ERIN_JAVALead\AppData\Local\Programs\Microsoft VS Code\bin;C:\Users\ERIN_JAVALead\AppData\Roaming\npm;C:\Program Files\Azure Data Studio\bin
USERNAME=ERIN_JAVALead
OS=Windows_NT
PROCESSOR_IDENTIFIER=Intel64 Family 6 Model 78 Stepping 3, GenuineIntel



---------------  S Y S T E M  ---------------

OS:
 Windows 10 , 64 bit Build 19041 (10.0.19041.3636)
OS uptime: 0 days 0:20 hours

CPU: total 4 (initial active 4) (2 cores per cpu, 2 threads per core) family 6 model 78 stepping 3 microcode 0xcc, cx8, cmov, fxsr, ht, mmx, 3dnowpref, sse, sse2, sse3, ssse3, sse4.1, sse4.2, popcnt, lzcnt, tsc, tscinvbit, avx, avx2, aes, erms, clmul, bmi1, bmi2, adx, fma, vzeroupper, clflush, clflushopt

Memory: 4k page, system-wide physical 4012M (397M free)
TotalPageFile size 6060M (AvailPageFile size 2M)
current process WorkingSet (physical memory assigned to process): 77M, peak: 77M
current process commit charge ("private bytes"): 157M, peak: 157M

vm_info: OpenJDK 64-Bit Server VM (18.0.2+9-FR) for windows-amd64 JRE (18.0.2+9-FR), built on Jul 15 2022 20:03:03 by "Administrator" with MS VC++ 15.9 (VS2017)

END.
