#
# There is insufficient memory for the Java Runtime Environment to continue.
# Native memory allocation (malloc) failed to allocate 1213184 bytes for Chunk::new
# Possible reasons:
#   The system is out of physical RAM or swap space
#   The process is running with CompressedOops enabled, and the Java Heap may be blocking the growth of the native heap
# Possible solutions:
#   Reduce memory load on the system
#   Increase physical memory or swap space
#   Check if swap backing store is full
#   Decrease Java heap size (-Xmx/-Xms)
#   Decrease number of Java threads
#   Decrease Java thread stack sizes (-Xss)
#   Set larger code cache with -XX:ReservedCodeCacheSize=
#   JVM is running with Unscaled Compressed Oops mode in which the Java heap is
#     placed in the first 4GB address space. The Java Heap base address is the
#     maximum limit for the native heap growth. Please use -XX:HeapBaseMinAddress
#     to set the Java Heap base and to place the Java Heap above 4GB virtual address.
# This output file may be truncated or incomplete.
#
#  Out of Memory Error (arena.cpp:184), pid=11308, tid=1208
#
# JRE version: OpenJDK Runtime Environment Corretto-18.0.2.9.1 (18.0.2+9) (build 18.0.2+9-FR)
# Java VM: OpenJDK 64-Bit Server VM Corretto-18.0.2.9.1 (18.0.2+9-FR, mixed mode, sharing, tiered, compressed oops, compressed class ptrs, g1 gc, windows-amd64)
# No core dump will be written. Minidumps are not enabled by default on client versions of Windows
#

---------------  S U M M A R Y ------------

Command Line: -javaagent:C:\Program Files\JetBrains\IntelliJ IDEA Community Edition 2021.3.3\lib\idea_rt.jar=53870:C:\Program Files\JetBrains\IntelliJ IDEA Community Edition 2021.3.3\bin -Dfile.encoding=UTF-8 test.springbootsecurity.springbootWithSecurity.SpringbootWithSecurityApplication

Host: Intel(R) Core(TM) i3-6006U CPU @ 2.00GHz, 4 cores, 3G,  Windows 10 , 64 bit Build 19041 (10.0.19041.3636)
Time: Fri Dec 22 17:23:58 2023 Egypt Standard Time elapsed time: 17.074905 seconds (0d 0h 0m 17s)

---------------  T H R E A D  ---------------

Current thread (0x00000251d976de00):  JavaThread "C2 CompilerThread0" daemon [_thread_in_native, id=1208, stack(0x00000064e8800000,0x00000064e8900000)]


Current CompileTask:
C2:  17075 4160       4       org.springframework.core.annotation.TypeMappedAnnotations$MergedAnnotationFinder::doWithAnnotations (75 bytes)

Stack: [0x00000064e8800000,0x00000064e8900000]
Native frames: (J=compiled Java code, j=interpreted, Vv=VM code, C=native code)
V  [jvm.dll+0x685a2a]
V  [jvm.dll+0x82ae8d]
V  [jvm.dll+0x82c75e]
V  [jvm.dll+0x82ce03]
V  [jvm.dll+0x25ef4b]
V  [jvm.dll+0xd42d2]
V  [jvm.dll+0xd4665]
V  [jvm.dll+0x38578b]
V  [jvm.dll+0x1d8f20]
V  [jvm.dll+0x233b4f]
V  [jvm.dll+0x232f37]
V  [jvm.dll+0x1c0a35]
V  [jvm.dll+0x24212c]
V  [jvm.dll+0x240534]
V  [jvm.dll+0x7df6db]
V  [jvm.dll+0x7d9cba]
V  [jvm.dll+0x6848a5]
C  [ucrtbase.dll+0x21bb2]
C  [KERNEL32.DLL+0x17344]
C  [ntdll.dll+0x526b1]


---------------  P R O C E S S  ---------------

Threads class SMR info:
_java_thread_list=0x00000251dfa5fae0, length=18, elements={
0x00000251be1f4e40, 0x00000251d9756500, 0x00000251d9757160, 0x00000251d976b450,
0x00000251d976bdf0, 0x00000251d976c790, 0x00000251d976d130, 0x00000251d976de00,
0x00000251d976e7e0, 0x00000251d97e08e0, 0x00000251d98455a0, 0x00000251ddedfa30,
0x00000251dde1d9d0, 0x00000251dde1e740, 0x00000251de2619a0, 0x00000251de3548e0,
0x00000251dfaecc80, 0x00000251dec62a20
}

Java Threads: ( => current thread )
  0x00000251be1f4e40 JavaThread "main" [_thread_blocked, id=8716, stack(0x00000064e7b00000,0x00000064e7c00000)]
  0x00000251d9756500 JavaThread "Reference Handler" daemon [_thread_blocked, id=9252, stack(0x00000064e8200000,0x00000064e8300000)]
  0x00000251d9757160 JavaThread "Finalizer" daemon [_thread_blocked, id=13044, stack(0x00000064e8300000,0x00000064e8400000)]
  0x00000251d976b450 JavaThread "Signal Dispatcher" daemon [_thread_blocked, id=9084, stack(0x00000064e8400000,0x00000064e8500000)]
  0x00000251d976bdf0 JavaThread "Attach Listener" daemon [_thread_blocked, id=10960, stack(0x00000064e8500000,0x00000064e8600000)]
  0x00000251d976c790 JavaThread "Service Thread" daemon [_thread_blocked, id=7920, stack(0x00000064e8600000,0x00000064e8700000)]
  0x00000251d976d130 JavaThread "Monitor Deflation Thread" daemon [_thread_blocked, id=6996, stack(0x00000064e8700000,0x00000064e8800000)]
=>0x00000251d976de00 JavaThread "C2 CompilerThread0" daemon [_thread_in_native, id=1208, stack(0x00000064e8800000,0x00000064e8900000)]
  0x00000251d976e7e0 JavaThread "C1 CompilerThread0" daemon [_thread_in_native, id=7952, stack(0x00000064e8900000,0x00000064e8a00000)]
  0x00000251d97e08e0 JavaThread "Sweeper thread" daemon [_thread_blocked, id=11128, stack(0x00000064e8a00000,0x00000064e8b00000)]
  0x00000251d98455a0 JavaThread "Common-Cleaner" daemon [_thread_blocked, id=13060, stack(0x00000064e8b00000,0x00000064e8c00000)]
  0x00000251ddedfa30 JavaThread "Monitor Ctrl-Break" daemon [_thread_in_native, id=6812, stack(0x00000064e8c00000,0x00000064e8d00000)]
  0x00000251dde1d9d0 JavaThread "Notification Thread" daemon [_thread_blocked, id=1736, stack(0x00000064e8d00000,0x00000064e8e00000)]
  0x00000251dde1e740 JavaThread "Thread-0" [_thread_blocked, id=1644, stack(0x00000064e9300000,0x00000064e9400000)]
  0x00000251de2619a0 JavaThread "restartedMain" [_thread_in_Java, id=8508, stack(0x00000064e9400000,0x00000064e9500000)]
  0x00000251de3548e0 JavaThread "Catalina-utility-1" [_thread_blocked, id=10992, stack(0x00000064e9500000,0x00000064e9600000)]
  0x00000251dfaecc80 JavaThread "Catalina-utility-2" [_thread_blocked, id=7260, stack(0x00000064e9600000,0x00000064e9700000)]
  0x00000251dec62a20 JavaThread "container-0" [_thread_blocked, id=7644, stack(0x00000064e9700000,0x00000064e9800000)]

Other Threads:
  0x00000251d974ee00 VMThread "VM Thread" [stack: 0x00000064e8100000,0x00000064e8200000] [id=2732]
  0x00000251dde23f90 WatcherThread "VM Periodic Task Thread" [stack: 0x00000064e8e00000,0x00000064e8f00000] [id=5756]
  0x00000251be235500 WorkerThread "GC Thread#0" [stack: 0x00000064e7c00000,0x00000064e7d00000] [id=12344]
  0x00000251de628df0 WorkerThread "GC Thread#1" [stack: 0x00000064e8f00000,0x00000064e9000000] [id=9468]
  0x00000251de245f90 WorkerThread "GC Thread#2" [stack: 0x00000064e9000000,0x00000064e9100000] [id=8856]
  0x00000251de38cc90 WorkerThread "GC Thread#3" [stack: 0x00000064e9100000,0x00000064e9200000] [id=6468]
  0x00000251be23f5c0 ConcurrentGCThread "G1 Main Marker" [stack: 0x00000064e7d00000,0x00000064e7e00000] [id=6828]
  0x00000251be23ffb0 WorkerThread "G1 Conc#0" [stack: 0x00000064e7e00000,0x00000064e7f00000] [id=12796]
  0x00000251be267260 ConcurrentGCThread "G1 Refine#0" [stack: 0x00000064e7f00000,0x00000064e8000000] [id=9192]
  0x00000251de6240e0 ConcurrentGCThread "G1 Refine#1" [stack: 0x00000064e9200000,0x00000064e9300000] [id=5232]
  0x00000251be267b70 ConcurrentGCThread "G1 Service" [stack: 0x00000064e8000000,0x00000064e8100000] [id=2344]

Threads with active compile tasks:
C2 CompilerThread0    17145 4160       4       org.springframework.core.annotation.TypeMappedAnnotations$MergedAnnotationFinder::doWithAnnotations (75 bytes)

VM state: not at safepoint (normal execution)

VM Mutex/Monitor currently owned by a thread: None

Heap address: 0x00000000c1400000, size: 1004 MB, Compressed Oops mode: 32-bit

CDS archive(s) mapped at: [0x0000000800000000-0x0000000800ba0000-0x0000000800ba0000), size 12189696, SharedBaseAddress: 0x0000000800000000, ArchiveRelocationMode: 0.
Compressed class space mapped at: 0x0000000800c00000-0x0000000840c00000, reserved size: 1073741824
Narrow klass base: 0x0000000800000000, Narrow klass shift: 0, Narrow klass range: 0x100000000

GC Precious Log:
 CardTable entry size: 512
 Card Set container configuration: InlinePtr #cards 5 size 8 Array Of Cards #cards 12 size 40 Howl #buckets 4 coarsen threshold 1843 Howl Bitmap #cards 512 size 80 coarsen threshold 460 Card regions per heap region 1 cards per card region 2048
 CPUs: 4 total, 4 available
 Memory: 4012M
 Large Page Support: Disabled
 NUMA Support: Disabled
 Compressed Oops: Enabled (32-bit)
 Heap Region Size: 1M
 Heap Min Capacity: 8M
 Heap Initial Capacity: 64M
 Heap Max Capacity: 1004M
 Pre-touch: Disabled
 Parallel Workers: 4
 Concurrent Workers: 1
 Concurrent Refinement Workers: 4
 Periodic GC: Disabled

Heap:
 garbage-first heap   total 48128K, used 18643K [0x00000000c1400000, 0x0000000100000000)
  region size 1024K, 3 young (3072K), 2 survivors (2048K)
 Metaspace       used 33222K, committed 33792K, reserved 1114112K
  class space    used 4258K, committed 4544K, reserved 1048576K

Heap Regions: E=young(eden), S=young(survivor), O=old, HS=humongous(starts), HC=humongous(continues), CS=collection set, F=free, OA=open archive, CA=closed archive, TAMS=top-at-mark-start (previous, next)
|   0|0x00000000c1400000, 0x00000000c1500000, 0x00000000c1500000|100%| O|  |TAMS 0x00000000c1500000, 0x00000000c1400000| Untracked 
|   1|0x00000000c1500000, 0x00000000c1600000, 0x00000000c1600000|100%| O|  |TAMS 0x00000000c1600000, 0x00000000c1500000| Untracked 
|   2|0x00000000c1600000, 0x00000000c1700000, 0x00000000c1700000|100%| O|  |TAMS 0x00000000c1700000, 0x00000000c1600000| Untracked 
|   3|0x00000000c1700000, 0x00000000c1800000, 0x00000000c1800000|100%| O|  |TAMS 0x00000000c1800000, 0x00000000c1700000| Untracked 
|   4|0x00000000c1800000, 0x00000000c1900000, 0x00000000c1900000|100%| O|  |TAMS 0x00000000c1900000, 0x00000000c1800000| Untracked 
|   5|0x00000000c1900000, 0x00000000c1a00000, 0x00000000c1a00000|100%| O|  |TAMS 0x00000000c1957a00, 0x00000000c1900000| Untracked 
|   6|0x00000000c1a00000, 0x00000000c1b00000, 0x00000000c1b00000|100%| O|  |TAMS 0x00000000c1a00000, 0x00000000c1a00000| Untracked 
|   7|0x00000000c1b00000, 0x00000000c1c00000, 0x00000000c1c00000|100%| O|  |TAMS 0x00000000c1b00000, 0x00000000c1b00000| Untracked 
|   8|0x00000000c1c00000, 0x00000000c1d00000, 0x00000000c1d00000|100%| O|  |TAMS 0x00000000c1c00000, 0x00000000c1c00000| Untracked 
|   9|0x00000000c1d00000, 0x00000000c1e00000, 0x00000000c1e00000|100%| O|  |TAMS 0x00000000c1d00000, 0x00000000c1d00000| Untracked 
|  10|0x00000000c1e00000, 0x00000000c1f00000, 0x00000000c1f00000|100%| O|  |TAMS 0x00000000c1e00000, 0x00000000c1e00000| Untracked 
|  11|0x00000000c1f00000, 0x00000000c2000000, 0x00000000c2000000|100%| O|  |TAMS 0x00000000c1f00000, 0x00000000c1f00000| Untracked 
|  12|0x00000000c2000000, 0x00000000c2100000, 0x00000000c2100000|100%| O|  |TAMS 0x00000000c2000000, 0x00000000c2000000| Untracked 
|  13|0x00000000c2100000, 0x00000000c2200000, 0x00000000c2200000|100%| O|  |TAMS 0x00000000c2100000, 0x00000000c2100000| Untracked 
|  14|0x00000000c2200000, 0x00000000c2300000, 0x00000000c2300000|100%| O|  |TAMS 0x00000000c2200000, 0x00000000c2200000| Untracked 
|  15|0x00000000c2300000, 0x00000000c2400000, 0x00000000c2400000|100%| O|  |TAMS 0x00000000c2300000, 0x00000000c2300000| Untracked 
|  16|0x00000000c2400000, 0x00000000c2437200, 0x00000000c2500000| 21%| O|  |TAMS 0x00000000c2400000, 0x00000000c2400000| Untracked 
|  17|0x00000000c2500000, 0x00000000c2500000, 0x00000000c2600000|  0%| F|  |TAMS 0x00000000c2500000, 0x00000000c2500000| Untracked 
|  18|0x00000000c2600000, 0x00000000c2600000, 0x00000000c2700000|  0%| F|  |TAMS 0x00000000c2600000, 0x00000000c2600000| Untracked 
|  19|0x00000000c2700000, 0x00000000c2700000, 0x00000000c2800000|  0%| F|  |TAMS 0x00000000c2700000, 0x00000000c2700000| Untracked 
|  20|0x00000000c2800000, 0x00000000c2800000, 0x00000000c2900000|  0%| F|  |TAMS 0x00000000c2800000, 0x00000000c2800000| Untracked 
|  21|0x00000000c2900000, 0x00000000c2900000, 0x00000000c2a00000|  0%| F|  |TAMS 0x00000000c2900000, 0x00000000c2900000| Untracked 
|  22|0x00000000c2a00000, 0x00000000c2a00000, 0x00000000c2b00000|  0%| F|  |TAMS 0x00000000c2a00000, 0x00000000c2a00000| Untracked 
|  23|0x00000000c2b00000, 0x00000000c2b00000, 0x00000000c2c00000|  0%| F|  |TAMS 0x00000000c2b00000, 0x00000000c2b00000| Untracked 
|  24|0x00000000c2c00000, 0x00000000c2c00000, 0x00000000c2d00000|  0%| F|  |TAMS 0x00000000c2c00000, 0x00000000c2c00000| Untracked 
|  25|0x00000000c2d00000, 0x00000000c2dfdc78, 0x00000000c2e00000| 99%| S|CS|TAMS 0x00000000c2d00000, 0x00000000c2d00000| Complete 
|  26|0x00000000c2e00000, 0x00000000c2e00000, 0x00000000c2f00000|  0%| F|  |TAMS 0x00000000c2e00000, 0x00000000c2e00000| Untracked 
|  27|0x00000000c2f00000, 0x00000000c2f00000, 0x00000000c3000000|  0%| F|  |TAMS 0x00000000c2f00000, 0x00000000c2f00000| Untracked 
|  28|0x00000000c3000000, 0x00000000c3100000, 0x00000000c3100000|100%| S|CS|TAMS 0x00000000c3000000, 0x00000000c3000000| Complete 
|  29|0x00000000c3100000, 0x00000000c3100000, 0x00000000c3200000|  0%| F|  |TAMS 0x00000000c3100000, 0x00000000c3100000| Untracked 
|  30|0x00000000c3200000, 0x00000000c3200000, 0x00000000c3300000|  0%| F|  |TAMS 0x00000000c3200000, 0x00000000c3200000| Untracked 
|  31|0x00000000c3300000, 0x00000000c3300000, 0x00000000c3400000|  0%| F|  |TAMS 0x00000000c3300000, 0x00000000c3300000| Untracked 
|  32|0x00000000c3400000, 0x00000000c3400000, 0x00000000c3500000|  0%| F|  |TAMS 0x00000000c3400000, 0x00000000c3400000| Untracked 
|  33|0x00000000c3500000, 0x00000000c3500000, 0x00000000c3600000|  0%| F|  |TAMS 0x00000000c3500000, 0x00000000c3500000| Untracked 
|  34|0x00000000c3600000, 0x00000000c3600000, 0x00000000c3700000|  0%| F|  |TAMS 0x00000000c3600000, 0x00000000c3600000| Untracked 
|  35|0x00000000c3700000, 0x00000000c3700000, 0x00000000c3800000|  0%| F|  |TAMS 0x00000000c3700000, 0x00000000c3700000| Untracked 
|  36|0x00000000c3800000, 0x00000000c3800000, 0x00000000c3900000|  0%| F|  |TAMS 0x00000000c3800000, 0x00000000c3800000| Untracked 
|  37|0x00000000c3900000, 0x00000000c3900000, 0x00000000c3a00000|  0%| F|  |TAMS 0x00000000c3900000, 0x00000000c3900000| Untracked 
|  38|0x00000000c3a00000, 0x00000000c3a00000, 0x00000000c3b00000|  0%| F|  |TAMS 0x00000000c3a00000, 0x00000000c3a00000| Untracked 
|  39|0x00000000c3b00000, 0x00000000c3b00000, 0x00000000c3c00000|  0%| F|  |TAMS 0x00000000c3b00000, 0x00000000c3b00000| Untracked 
|  40|0x00000000c3c00000, 0x00000000c3c00000, 0x00000000c3d00000|  0%| F|  |TAMS 0x00000000c3c00000, 0x00000000c3c00000| Untracked 
|  41|0x00000000c3d00000, 0x00000000c3d00000, 0x00000000c3e00000|  0%| F|  |TAMS 0x00000000c3d00000, 0x00000000c3d00000| Untracked 
|  42|0x00000000c3e00000, 0x00000000c3e00000, 0x00000000c3f00000|  0%| F|  |TAMS 0x00000000c3e00000, 0x00000000c3e00000| Untracked 
|  43|0x00000000c3f00000, 0x00000000c3f00000, 0x00000000c4000000|  0%| F|  |TAMS 0x00000000c3f00000, 0x00000000c3f00000| Untracked 
|  44|0x00000000c4000000, 0x00000000c4000000, 0x00000000c4100000|  0%| F|  |TAMS 0x00000000c4000000, 0x00000000c4000000| Untracked 
|  45|0x00000000c4100000, 0x00000000c4100000, 0x00000000c4200000|  0%| F|  |TAMS 0x00000000c4100000, 0x00000000c4100000| Untracked 
|  63|0x00000000c5300000, 0x00000000c5400000, 0x00000000c5400000|100%| E|  |TAMS 0x00000000c5300000, 0x00000000c5300000| Complete 

Card table byte_map: [0x00000251d4fc0000,0x00000251d51c0000] _byte_map_base: 0x00000251d49b6000

Marking Bits (Prev, Next): (CMBitMap*) 0x00000251be236f50, (CMBitMap*) 0x00000251be236f10
 Prev Bits: [0x00000251d6370000, 0x00000251d7320000)
 Next Bits: [0x00000251d53c0000, 0x00000251d6370000)

Polling page: 0x00000251bd9c0000

Metaspace:

Usage:
  Non-class:     28.29 MB used.
      Class:      4.16 MB used.
       Both:     32.45 MB used.

Virtual space:
  Non-class space:       64.00 MB reserved,      28.56 MB ( 45%) committed,  1 nodes.
      Class space:        1.00 GB reserved,       4.44 MB ( <1%) committed,  1 nodes.
             Both:        1.06 GB reserved,      33.00 MB (  3%) committed. 

Chunk freelists:
   Non-Class:  3.25 MB
       Class:  3.51 MB
        Both:  6.76 MB

MaxMetaspaceSize: unlimited
CompressedClassSpaceSize: 1.00 GB
Initial GC threshold: 21.00 MB
Current GC threshold: 35.25 MB
CDS: on
MetaspaceReclaimPolicy: balanced
 - commit_granule_bytes: 65536.
 - commit_granule_words: 8192.
 - virtual_space_node_default_size: 8388608.
 - enlarge_chunks_in_place: 1.
 - new_chunks_are_fully_committed: 0.
 - uncommit_free_chunks: 1.
 - use_allocation_guard: 0.


Internal statistics:

num_allocs_failed_limit: 3.
num_arena_births: 802.
num_arena_deaths: 0.
num_vsnodes_births: 2.
num_vsnodes_deaths: 0.
num_space_committed: 528.
num_space_uncommitted: 0.
num_chunks_returned_to_freelist: 3.
num_chunks_taken_from_freelist: 1988.
num_chunk_merges: 3.
num_chunk_splits: 1378.
num_chunks_enlarged: 1024.
num_inconsistent_stats: 0.

CodeHeap 'non-profiled nmethods': size=120000Kb used=1854Kb max_used=1854Kb free=118145Kb
 bounds [0x00000251cd890000, 0x00000251cdb00000, 0x00000251d4dc0000]
CodeHeap 'profiled nmethods': size=120000Kb used=9332Kb max_used=9332Kb free=110667Kb
 bounds [0x00000251c6360000, 0x00000251c6c80000, 0x00000251cd890000]
CodeHeap 'non-nmethods': size=5760Kb used=1219Kb max_used=1275Kb free=4540Kb
 bounds [0x00000251c5dc0000, 0x00000251c6030000, 0x00000251c6360000]
 total_blobs=4754 nmethods=4242 adapters=424
 compilation: enabled
              stopped_count=0, restarted_count=0
 full_count=0

Compilation events (20 events):
Event: 17.037 Thread 0x00000251d976e7e0 nmethod 4242 0x00000251c6c6ed90 code [0x00000251c6c6ef40, 0x00000251c6c6f1b8]
Event: 17.039 Thread 0x00000251d976e7e0 4244       3       org.springframework.core.ResolvableType::forMethodParameter (40 bytes)
Event: 17.040 Thread 0x00000251d976e7e0 nmethod 4244 0x00000251c6c6f290 code [0x00000251c6c6f4c0, 0x00000251c6c6fe28]
Event: 17.041 Thread 0x00000251d976e7e0 4246       3       java.lang.invoke.LambdaForm::<init> (13 bytes)
Event: 17.041 Thread 0x00000251d976e7e0 nmethod 4246 0x00000251c6c70190 code [0x00000251c6c70340, 0x00000251c6c70488]
Event: 17.041 Thread 0x00000251d976e7e0 4247       3       java.lang.invoke.LambdaFormBuffer::clearDuplicatesAndNulls (268 bytes)
Event: 17.043 Thread 0x00000251d976e7e0 nmethod 4247 0x00000251c6c70510 code [0x00000251c6c707a0, 0x00000251c6c71898]
Event: 17.044 Thread 0x00000251d976e7e0 4248       3       java.util.AbstractList::listIterator (6 bytes)
Event: 17.044 Thread 0x00000251d976e7e0 nmethod 4248 0x00000251c6c71d90 code [0x00000251c6c71f40, 0x00000251c6c72108]
Event: 17.059 Thread 0x00000251d976e7e0 4249       3       java.util.Spliterators$ArraySpliterator::<init> (33 bytes)
Event: 17.059 Thread 0x00000251d976e7e0 nmethod 4249 0x00000251c6c72190 code [0x00000251c6c72320, 0x00000251c6c724f8]
Event: 17.059 Thread 0x00000251d976e7e0 4250       3       java.util.stream.Collectors$$Lambda$22/0x800000039::accept (14 bytes)
Event: 17.060 Thread 0x00000251d976e7e0 nmethod 4250 0x00000251c6c72590 code [0x00000251c6c72740, 0x00000251c6c72b68]
Event: 17.068 Thread 0x00000251d976e7e0 4251       3       org.springframework.util.ConcurrentReferenceHashMap::putIfAbsent (8 bytes)
Event: 17.068 Thread 0x00000251d976e7e0 nmethod 4251 0x00000251c6c72c90 code [0x00000251c6c72e20, 0x00000251c6c72f68]
Event: 17.068 Thread 0x00000251d976e7e0 4252       3       org.springframework.context.support.AbstractApplicationContext::getType (15 bytes)
Event: 17.069 Thread 0x00000251d976e7e0 nmethod 4252 0x00000251c6c73010 code [0x00000251c6c731c0, 0x00000251c6c73558]
Event: 17.069 Thread 0x00000251d976e7e0 4253   !   3       org.springframework.web.servlet.handler.AbstractHandlerMethodMapping::processCandidateBean (63 bytes)
Event: 17.070 Thread 0x00000251d976e7e0 nmethod 4253 0x00000251c6c73690 code [0x00000251c6c73900, 0x00000251c6c744c8]
Event: 17.070 Thread 0x00000251d976e7e0 4255       3       org.springframework.data.util.ProxyUtils::getUserClass (24 bytes)

GC Heap History (18 events):
Event: 3.515 GC heap before
{Heap before GC invocations=0 (full 0):
 garbage-first heap   total 65536K, used 12288K [0x00000000c1400000, 0x0000000100000000)
  region size 1024K, 13 young (13312K), 0 survivors (0K)
 Metaspace       used 3861K, committed 4096K, reserved 1114112K
  class space    used 385K, committed 512K, reserved 1048576K
}
Event: 3.546 GC heap after
{Heap after GC invocations=1 (full 0):
 garbage-first heap   total 65536K, used 5064K [0x00000000c1400000, 0x0000000100000000)
  region size 1024K, 2 young (2048K), 2 survivors (2048K)
 Metaspace       used 3861K, committed 4096K, reserved 1114112K
  class space    used 385K, committed 512K, reserved 1048576K
}
Event: 4.984 GC heap before
{Heap before GC invocations=1 (full 0):
 garbage-first heap   total 65536K, used 15304K [0x00000000c1400000, 0x0000000100000000)
  region size 1024K, 12 young (12288K), 2 survivors (2048K)
 Metaspace       used 6594K, committed 6784K, reserved 1114112K
  class space    used 733K, committed 832K, reserved 1048576K
}
Event: 4.991 GC heap after
{Heap after GC invocations=2 (full 0):
 garbage-first heap   total 65536K, used 5974K [0x00000000c1400000, 0x0000000100000000)
  region size 1024K, 1 young (1024K), 1 survivors (1024K)
 Metaspace       used 6594K, committed 6784K, reserved 1114112K
  class space    used 733K, committed 832K, reserved 1048576K
}
Event: 6.946 GC heap before
{Heap before GC invocations=2 (full 0):
 garbage-first heap   total 65536K, used 26454K [0x00000000c1400000, 0x0000000100000000)
  region size 1024K, 22 young (22528K), 1 survivors (1024K)
 Metaspace       used 11946K, committed 12160K, reserved 1114112K
  class space    used 1370K, committed 1472K, reserved 1048576K
}
Event: 6.956 GC heap after
{Heap after GC invocations=3 (full 0):
 garbage-first heap   total 65536K, used 7761K [0x00000000c1400000, 0x0000000100000000)
  region size 1024K, 3 young (3072K), 3 survivors (3072K)
 Metaspace       used 11946K, committed 12160K, reserved 1114112K
  class space    used 1370K, committed 1472K, reserved 1048576K
}
Event: 9.921 GC heap before
{Heap before GC invocations=3 (full 0):
 garbage-first heap   total 65536K, used 38481K [0x00000000c1400000, 0x0000000100000000)
  region size 1024K, 34 young (34816K), 3 survivors (3072K)
 Metaspace       used 17766K, committed 18048K, reserved 1114112K
  class space    used 2120K, committed 2240K, reserved 1048576K
}
Event: 9.942 GC heap after
{Heap after GC invocations=4 (full 0):
 garbage-first heap   total 65536K, used 10590K [0x00000000c1400000, 0x0000000100000000)
  region size 1024K, 5 young (5120K), 5 survivors (5120K)
 Metaspace       used 17766K, committed 18048K, reserved 1114112K
  class space    used 2120K, committed 2240K, reserved 1048576K
}
Event: 12.276 GC heap before
{Heap before GC invocations=4 (full 0):
 garbage-first heap   total 65536K, used 37214K [0x00000000c1400000, 0x0000000100000000)
  region size 1024K, 33 young (33792K), 5 survivors (5120K)
 Metaspace       used 21265K, committed 21504K, reserved 1114112K
  class space    used 2547K, committed 2688K, reserved 1048576K
}
Event: 12.289 GC heap after
{Heap after GC invocations=5 (full 0):
 garbage-first heap   total 65536K, used 12396K [0x00000000c1400000, 0x0000000100000000)
  region size 1024K, 3 young (3072K), 3 survivors (3072K)
 Metaspace       used 21265K, committed 21504K, reserved 1114112K
  class space    used 2547K, committed 2688K, reserved 1048576K
}
Event: 14.259 GC heap before
{Heap before GC invocations=6 (full 0):
 garbage-first heap   total 48128K, used 36972K [0x00000000c1400000, 0x0000000100000000)
  region size 1024K, 28 young (28672K), 3 survivors (3072K)
 Metaspace       used 26684K, committed 27136K, reserved 1114112K
  class space    used 3265K, committed 3456K, reserved 1048576K
}
Event: 14.270 GC heap after
{Heap after GC invocations=7 (full 0):
 garbage-first heap   total 48128K, used 14971K [0x00000000c1400000, 0x0000000100000000)
  region size 1024K, 3 young (3072K), 3 survivors (3072K)
 Metaspace       used 26684K, committed 27136K, reserved 1114112K
  class space    used 3265K, committed 3456K, reserved 1048576K
}
Event: 14.337 GC heap before
{Heap before GC invocations=7 (full 0):
 garbage-first heap   total 48128K, used 15995K [0x00000000c1400000, 0x0000000100000000)
  region size 1024K, 4 young (4096K), 3 survivors (3072K)
 Metaspace       used 26867K, committed 27264K, reserved 1114112K
  class space    used 3286K, committed 3456K, reserved 1048576K
}
Event: 14.345 GC heap after
{Heap after GC invocations=8 (full 0):
 garbage-first heap   total 48128K, used 15304K [0x00000000c1400000, 0x0000000100000000)
  region size 1024K, 1 young (1024K), 1 survivors (1024K)
 Metaspace       used 26867K, committed 27264K, reserved 1114112K
  class space    used 3286K, committed 3456K, reserved 1048576K
}
Event: 15.537 GC heap before
{Heap before GC invocations=8 (full 0):
 garbage-first heap   total 48128K, used 33736K [0x00000000c1400000, 0x0000000100000000)
  region size 1024K, 19 young (19456K), 1 survivors (1024K)
 Metaspace       used 29541K, committed 30080K, reserved 1114112K
  class space    used 3681K, committed 3904K, reserved 1048576K
}
Event: 15.543 GC heap after
{Heap after GC invocations=9 (full 0):
 garbage-first heap   total 48128K, used 16691K [0x00000000c1400000, 0x0000000100000000)
  region size 1024K, 2 young (2048K), 2 survivors (2048K)
 Metaspace       used 29541K, committed 30080K, reserved 1114112K
  class space    used 3681K, committed 3904K, reserved 1048576K
}
Event: 17.048 GC heap before
{Heap before GC invocations=9 (full 0):
 garbage-first heap   total 48128K, used 35123K [0x00000000c1400000, 0x0000000100000000)
  region size 1024K, 20 young (20480K), 2 survivors (2048K)
 Metaspace       used 33097K, committed 33728K, reserved 1114112K
  class space    used 4238K, committed 4544K, reserved 1048576K
}
Event: 17.056 GC heap after
{Heap after GC invocations=10 (full 0):
 garbage-first heap   total 48128K, used 18643K [0x00000000c1400000, 0x0000000100000000)
  region size 1024K, 2 young (2048K), 2 survivors (2048K)
 Metaspace       used 33097K, committed 33728K, reserved 1114112K
  class space    used 4238K, committed 4544K, reserved 1048576K
}

Deoptimization events (20 events):
Event: 16.586 Thread 0x00000251de2619a0 DEOPT PACKING pc=0x00000251cda36ef8 sp=0x00000064e94fb4d0
Event: 16.586 Thread 0x00000251de2619a0 DEOPT UNPACKING pc=0x00000251c5e123a3 sp=0x00000064e94fb4b8 mode 2
Event: 16.587 Thread 0x00000251de2619a0 Uncommon trap: trap_request=0xffffffc6 fr.pc=0x00000251cda36ef8 relative=0x0000000000000df8
Event: 16.587 Thread 0x00000251de2619a0 Uncommon trap: reason=bimorphic_or_optimized_type_check action=maybe_recompile pc=0x00000251cda36ef8 method=org.springframework.core.annotation.AnnotationsScanner.processMethodHierarchy(Ljava/lang/Object;[ILjava/lang/Class;Lorg/springframework/core/annota
Event: 16.587 Thread 0x00000251de2619a0 DEOPT PACKING pc=0x00000251cda36ef8 sp=0x00000064e94fb3a0
Event: 16.587 Thread 0x00000251de2619a0 DEOPT UNPACKING pc=0x00000251c5e123a3 sp=0x00000064e94fb388 mode 2
Event: 16.600 Thread 0x00000251de2619a0 Uncommon trap: trap_request=0xffffffc6 fr.pc=0x00000251cda36ef8 relative=0x0000000000000df8
Event: 16.600 Thread 0x00000251de2619a0 Uncommon trap: reason=bimorphic_or_optimized_type_check action=maybe_recompile pc=0x00000251cda36ef8 method=org.springframework.core.annotation.AnnotationsScanner.processMethodHierarchy(Ljava/lang/Object;[ILjava/lang/Class;Lorg/springframework/core/annota
Event: 16.600 Thread 0x00000251de2619a0 DEOPT PACKING pc=0x00000251cda36ef8 sp=0x00000064e94fb4d0
Event: 16.600 Thread 0x00000251de2619a0 DEOPT UNPACKING pc=0x00000251c5e123a3 sp=0x00000064e94fb4b8 mode 2
Event: 16.600 Thread 0x00000251de2619a0 Uncommon trap: trap_request=0xffffffc6 fr.pc=0x00000251cda36ef8 relative=0x0000000000000df8
Event: 16.600 Thread 0x00000251de2619a0 Uncommon trap: reason=bimorphic_or_optimized_type_check action=maybe_recompile pc=0x00000251cda36ef8 method=org.springframework.core.annotation.AnnotationsScanner.processMethodHierarchy(Ljava/lang/Object;[ILjava/lang/Class;Lorg/springframework/core/annota
Event: 16.600 Thread 0x00000251de2619a0 DEOPT PACKING pc=0x00000251cda36ef8 sp=0x00000064e94fb3d0
Event: 16.600 Thread 0x00000251de2619a0 DEOPT UNPACKING pc=0x00000251c5e123a3 sp=0x00000064e94fb3e8 mode 2
Event: 16.804 Thread 0x00000251de2619a0 Uncommon trap: trap_request=0xffffff45 fr.pc=0x00000251cd8992bc relative=0x000000000000009c
Event: 16.804 Thread 0x00000251de2619a0 Uncommon trap: reason=unstable_if action=reinterpret pc=0x00000251cd8992bc method=java.lang.String.isLatin1()Z @ 10 c2
Event: 16.804 Thread 0x00000251de2619a0 DEOPT PACKING pc=0x00000251cd8992bc sp=0x00000064e94f8d30
Event: 16.804 Thread 0x00000251de2619a0 DEOPT UNPACKING pc=0x00000251c5e123a3 sp=0x00000064e94f8c60 mode 2
Event: 17.034 Thread 0x00000251de2619a0 DEOPT PACKING pc=0x00000251c6b82e8d sp=0x00000064e94fbad0
Event: 17.034 Thread 0x00000251de2619a0 DEOPT UNPACKING pc=0x00000251c5e12b43 sp=0x00000064e94faf90 mode 0

Classes loaded (20 events):
Event: 16.409 Loading class java/lang/invoke/WrongMethodTypeException
Event: 16.409 Loading class java/lang/invoke/WrongMethodTypeException done
Event: 16.549 Loading class java/util/regex/PatternSyntaxException
Event: 16.549 Loading class java/util/regex/PatternSyntaxException done
Event: 16.562 Loading class java/util/Comparators$NullComparator
Event: 16.563 Loading class java/util/Comparators$NullComparator done
Event: 16.604 Loading class java/util/HashMap$EntrySpliterator
Event: 16.604 Loading class java/util/HashMap$EntrySpliterator done
Event: 16.870 Loading class java/io/StringWriter
Event: 16.870 Loading class java/io/StringWriter done
Event: 16.976 Loading class java/util/OptionalLong
Event: 16.977 Loading class java/util/OptionalLong done
Event: 16.977 Loading class java/util/OptionalDouble
Event: 16.977 Loading class java/util/OptionalDouble done
Event: 17.059 Loading class java/util/stream/Streams$ConcatSpliterator$OfRef
Event: 17.059 Loading class java/util/stream/Streams$ConcatSpliterator
Event: 17.060 Loading class java/util/stream/Streams$ConcatSpliterator done
Event: 17.060 Loading class java/util/stream/Streams$ConcatSpliterator$OfRef done
Event: 17.060 Loading class java/util/stream/Streams$2
Event: 17.060 Loading class java/util/stream/Streams$2 done

Classes unloaded (0 events):
No events

Classes redefined (0 events):
No events

Internal exceptions (20 events):
Event: 14.231 Thread 0x00000251de2619a0 Exception <a 'java/lang/NoSuchMethodError'{0x00000000c278e040}: 'java.lang.Object java.lang.invoke.DirectMethodHandle$Holder.invokeSpecial(java.lang.Object, java.lang.Object, long, java.lang.Object, java.lang.Object, java.lang.Object, java.lang.Object, java.lang.Object, java.lang.Object)'> (0x00000000c278e040) 
thrown [s\src\hotspot\share\interpreter\linkResolver.cpp, line 759]
Event: 14.232 Thread 0x00000251de2619a0 Exception <a 'java/lang/NoSuchMethodError'{0x00000000c2792b70}: 'java.lang.Object java.lang.invoke.DelegatingMethodHandle$Holder.reinvoke_L(java.lang.Object, long, java.lang.Object, java.lang.Object, java.lang.Object, java.lang.Object, java.lang.Object, java.lang.Object)'> (0x00000000c2792b70) 
thrown [s\src\hotspot\share\interpreter\linkResolver.cpp, line 759]
Event: 14.326 Thread 0x00000251de2619a0 Exception <a 'java/io/FileNotFoundException'{0x00000000c53c9c30}> (0x00000000c53c9c30) 
thrown [s\src\hotspot\share\prims\jni.cpp, line 516]
Event: 14.424 Thread 0x00000251de2619a0 Exception <a 'java/lang/NoSuchMethodError'{0x00000000c53d2688}: 'int java.lang.invoke.DirectMethodHandle$Holder.invokeInterface(java.lang.Object, java.lang.Object, java.lang.Object, java.lang.Object)'> (0x00000000c53d2688) 
thrown [s\src\hotspot\share\interpreter\linkResolver.cpp, line 759]
Event: 14.521 Thread 0x00000251de2619a0 Exception <a 'sun/nio/fs/WindowsException'{0x00000000c3f7b0a8}> (0x00000000c3f7b0a8) 
thrown [s\src\hotspot\share\prims\jni.cpp, line 516]
Event: 14.805 Thread 0x00000251de2619a0 Exception <a 'java/lang/NoSuchMethodError'{0x00000000c3be4fc8}: 'long java.lang.invoke.DirectMethodHandle$Holder.invokeVirtual(java.lang.Object, java.lang.Object)'> (0x00000000c3be4fc8) 
thrown [s\src\hotspot\share\interpreter\linkResolver.cpp, line 759]
Event: 14.817 Thread 0x00000251de2619a0 Exception <a 'java/io/FileNotFoundException'{0x00000000c3a0f8b8}> (0x00000000c3a0f8b8) 
thrown [s\src\hotspot\share\prims\jni.cpp, line 516]
Event: 14.863 Thread 0x00000251de2619a0 Exception <a 'java/lang/NoSuchMethodError'{0x00000000c3ac3750}: 'void java.lang.invoke.Invokers$Holder.invokeExact_MT(java.lang.Object, java.lang.Object, java.lang.Object, java.lang.Object)'> (0x00000000c3ac3750) 
thrown [s\src\hotspot\share\interpreter\linkResolver.cpp, line 759]
Event: 15.052 Thread 0x00000251de2619a0 Exception <a 'java/lang/NoSuchMethodError'{0x00000000c3763d80}: 'java.lang.Object java.lang.invoke.DirectMethodHandle$Holder.newInvokeSpecial(java.lang.Object, java.lang.Object, java.lang.Object, java.lang.Object, java.lang.Object, java.lang.Object)'> (0x00000000c3763d80) 
thrown [s\src\hotspot\share\interpreter\linkResolver.cpp, line 759]
Event: 15.072 Thread 0x00000251de2619a0 Exception <a 'java/lang/NoSuchMethodError'{0x00000000c37c1000}: 'java.lang.Object java.lang.invoke.DirectMethodHandle$Holder.newInvokeSpecial(java.lang.Object, java.lang.Object, java.lang.Object, java.lang.Object, java.lang.Object, java.lang.Object, java.lang.Object, java.lang.Object)'> (0x00000000c37c1000) 
thrown [s\src\hotspot\share\interpreter\linkResolver.cpp, line 759]
Event: 15.156 Thread 0x00000251de2619a0 Exception <a 'java/lang/NoSuchMethodError'{0x00000000c358ab40}: 'java.lang.Object java.lang.invoke.DirectMethodHandle$Holder.newInvokeSpecial(java.lang.Object, java.lang.Object, java.lang.Object, java.lang.Object, java.lang.Object, java.lang.Object, java.lang.Object, java.lang.Object, java.lang.Object)'> (0x00000000c358ab40) 
thrown [s\src\hotspot\share\interpreter\linkResolver.cpp, line 759]
Event: 15.178 Thread 0x00000251de2619a0 Exception <a 'java/lang/IncompatibleClassChangeError'{0x00000000c35cb5e0}: Found class java.lang.Object, but interface was expected> (0x00000000c35cb5e0) 
thrown [s\src\hotspot\share\interpreter\linkResolver.cpp, line 826]
Event: 15.263 Thread 0x00000251de2619a0 Exception <a 'java/lang/NoSuchMethodError'{0x00000000c341b758}: 'java.lang.Object java.lang.invoke.DirectMethodHandle$Holder.newInvokeSpecial(java.lang.Object, java.lang.Object, java.lang.Object, java.lang.Object, java.lang.Object, java.lang.Object, java.lang.Object, java.lang.Object, java.lang.Object, java.lang.Object, java.lang.Object)'> (0x00000000c341b758) 
thrown [s\src\hotspot\share\interpreter\linkResolver.cpp, line 759]
Event: 15.273 Thread 0x00000251de2619a0 Exception <a 'java/lang/NoSuchMethodError'{0x00000000c3420e90}: 'java.lang.Object java.lang.invoke.DirectMethodHandle$Holder.invokeSpecial(java.lang.Object, java.lang.Object, java.lang.Object, java.lang.Object, java.lang.Object, java.lang.Object, java.lang.Object, java.lang.Object, java.lang.Object, java.lang.Object, java.lang.Object, java.lang.Object)'> (0x00000000c3420e90) 
thrown [s\src\hotspot\share\interpreter\linkResolver.cpp, line 759]
Event: 15.397 Thread 0x00000251de2619a0 Exception <a 'sun/nio/fs/WindowsException'{0x00000000c324a828}> (0x00000000c324a828) 
thrown [s\src\hotspot\share\prims\jni.cpp, line 516]
Event: 16.261 Thread 0x00000251de2619a0 Exception <a 'java/lang/NoSuchMethodError'{0x00000000c3caad78}: 'java.lang.Object java.lang.invoke.DirectMethodHandle$Holder.invokeVirtual(java.lang.Object, java.lang.Object, int)'> (0x00000000c3caad78) 
thrown [s\src\hotspot\share\interpreter\linkResolver.cpp, line 759]
Event: 16.388 Thread 0x00000251de2619a0 Exception <a 'java/lang/NoSuchMethodError'{0x00000000c3a76818}: 'java.lang.Object java.lang.invoke.DirectMethodHandle$Holder.invokeVirtual(java.lang.Object, java.lang.Object, java.lang.Object, java.lang.Object, java.lang.Object, java.lang.Object, java.lang.Object, java.lang.Object)'> (0x00000000c3a76818) 
thrown [s\src\hotspot\share\interpreter\linkResolver.cpp, line 759]
Event: 16.735 Thread 0x00000251de2619a0 Exception <a 'java/lang/NoSuchMethodError'{0x00000000c35b2b20}: 'java.lang.Object java.lang.invoke.DirectMethodHandle$Holder.invokeSpecialIFC(java.lang.Object, java.lang.Object, java.lang.Object)'> (0x00000000c35b2b20) 
thrown [s\src\hotspot\share\interpreter\linkResolver.cpp, line 759]
Event: 17.001 Thread 0x00000251de2619a0 Exception <a 'java/lang/IncompatibleClassChangeError'{0x00000000c31061a0}: Found class java.lang.Object, but interface was expected> (0x00000000c31061a0) 
thrown [s\src\hotspot\share\interpreter\linkResolver.cpp, line 826]
Event: 17.039 Thread 0x00000251de2619a0 Exception <a 'java/lang/NoSuchMethodError'{0x00000000c31bed08}: 'java.lang.Object java.lang.invoke.DirectMethodHandle$Holder.invokeVirtual(java.lang.Object, java.lang.Object, java.lang.Object, java.lang.Object, java.lang.Object, java.lang.Object, java.lang.Object)'> (0x00000000c31bed08) 
thrown [s\src\hotspot\share\interpreter\linkResolver.cpp, line 759]

VM Operations (20 events):
Event: 15.393 Executing VM operation: HandshakeAllThreads
Event: 15.393 Executing VM operation: HandshakeAllThreads done
Event: 15.400 Executing VM operation: HandshakeAllThreads
Event: 15.400 Executing VM operation: HandshakeAllThreads done
Event: 15.411 Executing VM operation: HandshakeAllThreads
Event: 15.411 Executing VM operation: HandshakeAllThreads done
Event: 15.537 Executing VM operation: G1CollectForAllocation
Event: 15.543 Executing VM operation: G1CollectForAllocation done
Event: 15.940 Executing VM operation: HandshakeAllThreads
Event: 15.940 Executing VM operation: HandshakeAllThreads done
Event: 16.516 Executing VM operation: HandshakeAllThreads
Event: 16.516 Executing VM operation: HandshakeAllThreads done
Event: 16.541 Executing VM operation: HandshakeAllThreads
Event: 16.541 Executing VM operation: HandshakeAllThreads done
Event: 16.583 Executing VM operation: HandshakeAllThreads
Event: 16.583 Executing VM operation: HandshakeAllThreads done
Event: 16.583 Executing VM operation: Cleanup
Event: 16.583 Executing VM operation: Cleanup done
Event: 17.048 Executing VM operation: G1CollectForAllocation
Event: 17.056 Executing VM operation: G1CollectForAllocation done

Events (20 events):
Event: 0.946 Loaded shared library C:\Users\ERIN_JAVALead\.jdks\corretto-18.0.2\bin\instrument.dll
Event: 0.962 Loaded shared library C:\Users\ERIN_JAVALead\.jdks\corretto-18.0.2\bin\net.dll
Event: 0.966 Loaded shared library C:\Users\ERIN_JAVALead\.jdks\corretto-18.0.2\bin\nio.dll
Event: 0.983 Loaded shared library C:\Users\ERIN_JAVALead\.jdks\corretto-18.0.2\bin\zip.dll
Event: 1.482 Loaded shared library C:\Program Files\JetBrains\IntelliJ IDEA Community Edition 2021.3.3\bin\breakgen64.dll
Event: 1.484 Thread 0x00000251ddedfa30 Thread added: 0x00000251ddedfa30
Event: 1.484 Thread 0x00000251dde1d9d0 Thread added: 0x00000251dde1d9d0
Event: 1.842 Loaded shared library C:\Users\ERIN_JAVALead\.jdks\corretto-18.0.2\bin\jimage.dll
Event: 3.924 Loaded shared library C:\Users\ERIN_JAVALead\.jdks\corretto-18.0.2\bin\management.dll
Event: 3.937 Loaded shared library C:\Users\ERIN_JAVALead\.jdks\corretto-18.0.2\bin\management_ext.dll
Event: 4.153 Thread 0x00000251dde1e740 Thread added: 0x00000251dde1e740
Event: 4.259 Thread 0x00000251de2619a0 Thread added: 0x00000251de2619a0
Event: 6.282 Thread 0x00000251de78f060 Thread added: 0x00000251de78f060
Event: 8.342 Loaded shared library C:\Users\ERIN_JAVALead\.jdks\corretto-18.0.2\bin\sunmscapi.dll
Event: 8.453 Thread 0x00000251de78f060 Thread exited: 0x00000251de78f060
Event: 8.970 Thread 0x00000251de78f060 Thread added: 0x00000251de78f060
Event: 9.177 Thread 0x00000251de78f060 Thread exited: 0x00000251de78f060
Event: 14.844 Thread 0x00000251de3548e0 Thread added: 0x00000251de3548e0
Event: 14.849 Thread 0x00000251dfaecc80 Thread added: 0x00000251dfaecc80
Event: 14.857 Thread 0x00000251dec62a20 Thread added: 0x00000251dec62a20


Dynamic libraries:
0x00007ff68cf50000 - 0x00007ff68cf5d000 	C:\Users\ERIN_JAVALead\.jdks\corretto-18.0.2\bin\java.exe
0x00007ffce5eb0000 - 0x00007ffce60a8000 	C:\WINDOWS\SYSTEM32\ntdll.dll
0x00007ffce4880000 - 0x00007ffce493d000 	C:\WINDOWS\System32\KERNEL32.DLL
0x00007ffce3560000 - 0x00007ffce3856000 	C:\WINDOWS\System32\KERNELBASE.dll
0x00007ffce3be0000 - 0x00007ffce3ce0000 	C:\WINDOWS\System32\ucrtbase.dll
0x00007ffce07a0000 - 0x00007ffce07b7000 	C:\Users\ERIN_JAVALead\.jdks\corretto-18.0.2\bin\jli.dll
0x00007ffce4fe0000 - 0x00007ffce517e000 	C:\WINDOWS\System32\USER32.dll
0x00007ffce3ce0000 - 0x00007ffce3d02000 	C:\WINDOWS\System32\win32u.dll
0x00007ffce4a90000 - 0x00007ffce4abc000 	C:\WINDOWS\System32\GDI32.dll
0x00007ffce3860000 - 0x00007ffce397a000 	C:\WINDOWS\System32\gdi32full.dll
0x00007ffce3b40000 - 0x00007ffce3bdd000 	C:\WINDOWS\System32\msvcp_win.dll
0x00007ffcc81d0000 - 0x00007ffcc81e5000 	C:\Users\ERIN_JAVALead\.jdks\corretto-18.0.2\bin\VCRUNTIME140.dll
0x00007ffce29d0000 - 0x00007ffce2c6a000 	C:\WINDOWS\WinSxS\amd64_microsoft.windows.common-controls_6595b64144ccf1df_6.0.19041.3636_none_60b6a03d71f818d5\COMCTL32.dll
0x00007ffce4570000 - 0x00007ffce460e000 	C:\WINDOWS\System32\msvcrt.dll
0x00007ffce5ab0000 - 0x00007ffce5ae0000 	C:\WINDOWS\System32\IMM32.DLL
0x00007ffcb13a0000 - 0x00007ffcb143b000 	C:\Users\ERIN_JAVALead\.jdks\corretto-18.0.2\bin\msvcp140.dll
0x00007ffc8dd50000 - 0x00007ffc8e9c1000 	C:\Users\ERIN_JAVALead\.jdks\corretto-18.0.2\bin\server\jvm.dll
0x00007ffce49e0000 - 0x00007ffce4a8f000 	C:\WINDOWS\System32\ADVAPI32.dll
0x00007ffce4f40000 - 0x00007ffce4fdc000 	C:\WINDOWS\System32\sechost.dll
0x00007ffce4ba0000 - 0x00007ffce4cc6000 	C:\WINDOWS\System32\RPCRT4.dll
0x00007ffce4420000 - 0x00007ffce4428000 	C:\WINDOWS\System32\PSAPI.DLL
0x00007ffce07e0000 - 0x00007ffce07e9000 	C:\WINDOWS\SYSTEM32\WSOCK32.dll
0x00007ffce4670000 - 0x00007ffce46db000 	C:\WINDOWS\System32\WS2_32.dll
0x00007ffcb9990000 - 0x00007ffcb99b7000 	C:\WINDOWS\SYSTEM32\WINMM.dll
0x00007ffcdd1e0000 - 0x00007ffcdd1ea000 	C:\WINDOWS\SYSTEM32\VERSION.dll
0x00007ffce0db0000 - 0x00007ffce0dc2000 	C:\WINDOWS\SYSTEM32\kernel.appcore.dll
0x00007ffcdc220000 - 0x00007ffcdc22a000 	C:\Users\ERIN_JAVALead\.jdks\corretto-18.0.2\bin\jimage.dll
0x00007ffce2e70000 - 0x00007ffce3054000 	C:\WINDOWS\SYSTEM32\DBGHELP.DLL
0x00007ffce2e30000 - 0x00007ffce2e64000 	C:\WINDOWS\SYSTEM32\dbgcore.DLL
0x00007ffce3ab0000 - 0x00007ffce3b32000 	C:\WINDOWS\System32\bcryptPrimitives.dll
0x00007ffccf500000 - 0x00007ffccf50e000 	C:\Users\ERIN_JAVALead\.jdks\corretto-18.0.2\bin\instrument.dll
0x00007ffcc1890000 - 0x00007ffcc18b5000 	C:\Users\ERIN_JAVALead\.jdks\corretto-18.0.2\bin\java.dll
0x00007ffcaff80000 - 0x00007ffcb0056000 	C:\Users\ERIN_JAVALead\.jdks\corretto-18.0.2\bin\jsvml.dll
0x00007ffce5230000 - 0x00007ffce5975000 	C:\WINDOWS\System32\SHELL32.dll
0x00007ffce0fb0000 - 0x00007ffce174b000 	C:\WINDOWS\SYSTEM32\windows.storage.dll
0x00007ffce5ae0000 - 0x00007ffce5e34000 	C:\WINDOWS\System32\combase.dll
0x00007ffce2700000 - 0x00007ffce272d000 	C:\WINDOWS\SYSTEM32\Wldp.dll
0x00007ffce5180000 - 0x00007ffce522d000 	C:\WINDOWS\System32\SHCORE.dll
0x00007ffce46e0000 - 0x00007ffce4735000 	C:\WINDOWS\System32\shlwapi.dll
0x00007ffce3490000 - 0x00007ffce34b5000 	C:\WINDOWS\SYSTEM32\profapi.dll
0x00007ffcbdb20000 - 0x00007ffcbdb38000 	C:\Users\ERIN_JAVALead\.jdks\corretto-18.0.2\bin\zip.dll
0x00007ffcc43d0000 - 0x00007ffcc43e3000 	C:\Users\ERIN_JAVALead\.jdks\corretto-18.0.2\bin\net.dll
0x00007ffcdcfa0000 - 0x00007ffcdd0aa000 	C:\WINDOWS\SYSTEM32\WINHTTP.dll
0x00007ffce2570000 - 0x00007ffce25da000 	C:\WINDOWS\system32\mswsock.dll
0x00007ffcc1970000 - 0x00007ffcc1985000 	C:\Users\ERIN_JAVALead\.jdks\corretto-18.0.2\bin\nio.dll
0x00007ffcbd7a0000 - 0x00007ffcbd7ba000 	C:\Program Files\JetBrains\IntelliJ IDEA Community Edition 2021.3.3\bin\breakgen64.dll
0x00007ffcce940000 - 0x00007ffcce949000 	C:\Users\ERIN_JAVALead\.jdks\corretto-18.0.2\bin\management.dll
0x00007ffcc8230000 - 0x00007ffcc823b000 	C:\Users\ERIN_JAVALead\.jdks\corretto-18.0.2\bin\management_ext.dll
0x00007ffcc7710000 - 0x00007ffcc771e000 	C:\Users\ERIN_JAVALead\.jdks\corretto-18.0.2\bin\sunmscapi.dll
0x00007ffce3d80000 - 0x00007ffce3edd000 	C:\WINDOWS\System32\CRYPT32.dll
0x00007ffce28b0000 - 0x00007ffce28d7000 	C:\WINDOWS\SYSTEM32\ncrypt.dll
0x00007ffce27c0000 - 0x00007ffce27fb000 	C:\WINDOWS\SYSTEM32\NTASN1.dll
0x00007ffce3200000 - 0x00007ffce3218000 	C:\WINDOWS\SYSTEM32\CRYPTSP.dll
0x00007ffce1f30000 - 0x00007ffce1f64000 	C:\WINDOWS\system32\rsaenh.dll
0x00007ffce3a80000 - 0x00007ffce3aa7000 	C:\WINDOWS\System32\bcrypt.dll
0x00007ffce3410000 - 0x00007ffce343e000 	C:\WINDOWS\SYSTEM32\USERENV.dll
0x00007ffce2800000 - 0x00007ffce280c000 	C:\WINDOWS\SYSTEM32\CRYPTBASE.dll
0x00007ffce2290000 - 0x00007ffce22cb000 	C:\WINDOWS\SYSTEM32\IPHLPAPI.DLL
0x00007ffce47f0000 - 0x00007ffce47f8000 	C:\WINDOWS\System32\NSI.dll
0x00007ffcdcaa0000 - 0x00007ffcdcab7000 	C:\WINDOWS\SYSTEM32\dhcpcsvc6.DLL
0x00007ffcdcd20000 - 0x00007ffcdcd3d000 	C:\WINDOWS\SYSTEM32\dhcpcsvc.DLL
0x00007ffce22d0000 - 0x00007ffce239a000 	C:\WINDOWS\SYSTEM32\DNSAPI.dll

dbghelp: loaded successfully - version: 4.0.5 - missing functions: none
symbol engine: initialized successfully - sym options: 0x614 - pdb path: .;C:\Users\ERIN_JAVALead\.jdks\corretto-18.0.2\bin;C:\WINDOWS\SYSTEM32;C:\WINDOWS\WinSxS\amd64_microsoft.windows.common-controls_6595b64144ccf1df_6.0.19041.3636_none_60b6a03d71f818d5;C:\Users\ERIN_JAVALead\.jdks\corretto-18.0.2\bin\server;C:\Program Files\JetBrains\IntelliJ IDEA Community Edition 2021.3.3\bin

VM Arguments:
jvm_args: -javaagent:C:\Program Files\JetBrains\IntelliJ IDEA Community Edition 2021.3.3\lib\idea_rt.jar=53870:C:\Program Files\JetBrains\IntelliJ IDEA Community Edition 2021.3.3\bin -Dfile.encoding=UTF-8 
java_command: test.springbootsecurity.springbootWithSecurity.SpringbootWithSecurityApplication
java_class_path (initial): C:\Users\ERIN_JAVALead\Downloads\springbootWithSecurity\springbootWithSecurity\target\classes;C:\Users\ERIN_JAVALead\.m2\repository\org\springframework\boot\spring-boot-starter-data-rest\3.2.1\spring-boot-starter-data-rest-3.2.1.jar;C:\Users\ERIN_JAVALead\.m2\repository\org\springframework\data\spring-data-rest-webmvc\4.2.1\spring-data-rest-webmvc-4.2.1.jar;C:\Users\ERIN_JAVALead\.m2\repository\org\springframework\data\spring-data-rest-core\4.2.1\spring-data-rest-core-4.2.1.jar;C:\Users\ERIN_JAVALead\.m2\repository\org\springframework\hateoas\spring-hateoas\2.2.0\spring-hateoas-2.2.0.jar;C:\Users\ERIN_JAVALead\.m2\repository\org\springframework\data\spring-data-commons\3.2.1\spring-data-commons-3.2.1.jar;C:\Users\ERIN_JAVALead\.m2\repository\org\springframework\plugin\spring-plugin-core\3.0.0\spring-plugin-core-3.0.0.jar;C:\Users\ERIN_JAVALead\.m2\repository\org\atteo\evo-inflector\1.3\evo-inflector-1.3.jar;C:\Users\ERIN_JAVALead\.m2\repository\com\fasterxml\jackson\core\jackson-annotations\2.15.3\jackson-annotations-2.15.3.jar;C:\Users\ERIN_JAVALead\.m2\repository\org\slf4j\slf4j-api\2.0.9\slf4j-api-2.0.9.jar;C:\Users\ERIN_JAVALead\.m2\repository\org\springframework\boot\spring-boot-starter-security\3.2.1\spring-boot-starter-security-3.2.1.jar;C:\Users\ERIN_JAVALead\.m2\repository\org\springframework\boot\spring-boot-starter\3.2.1\spring-boot-starter-3.2.1.jar;C:\Users\ERIN_JAVALead\.m2\repository\org\springframework\boot\spring-boot-starter-logging\3.2.1\spring-boot-starter-logging-3.2.1.jar;C:\Users\ERIN_JAVALead\.m2\repository\org\apache\logging\log4j\log4j-to-slf4j\2.21.1\log4j-to-slf4j-2.21.1.jar;C:\Users\ERIN_JAVALead\.m2\repository\org\apache\logging\log4j\log4j-api\2.21.1\log4j-api-2.21.1.jar;C:\Users\ERIN_JAVALead\.m2\repository\org\slf4j\jul-to-slf4j\2.0.9\jul-to-slf4j-2.0.9.jar;C:\Users\ERIN_JAVALead\.m2\repository\jakarta\annotation\jakarta.annotation-api\2.1.1\jakarta.annotation-api-2.1.1.jar;C:\Users\ERIN_JAVALead\.m2\repository\org\yaml\snakeyaml\2.2\snakeyaml-2.2.jar;C:\Users\ERIN_JAVALead\.m2\repository\org\springframework\spring-aop\6.1.2\spring-aop-6.1.2.jar;C:\Users\ERIN_JAVALead\.m2\repository\org\springframework\spring-beans\6.1.2\spring-beans-6.1.2.jar;C:\Users\ERIN_JAVALead\.m2\repository\org\springframework\security\spring-security-config\6.2.1\spring-security-config-6.2.1.jar;C:\Users\ERIN_JAVALead\.m2\repository\org\springframework\security\spring-security-web\6.2.1\spring-security-web-6.2.1.jar;C:\Users\ERIN_JAVALead\.m2\repository\org\springframework\spring-expression\6.1.2\spring-expression-6.1.2.jar;C:\Users\ERIN_JAVALead\.m2\repository\org\springframework\boot\spring-boot-starter-web\3.2.1\spring-boot-starter-web-3.2.1.jar;C:\Users\ERIN_JAVALead\.m2\repository\org\springframework\boot\spring-boot-starter-json\3.2.1\spring-boot-starter-json-3.2.1.jar;C:\Users\ERIN_JAVALead\.m2\repository\com\fasterxml\jackson\datatype\jackson-datatype-jdk8\2.15.3\jackson-datatype-jdk8-2.15.3.jar;C:\Users\ERIN_JAVALead\.m2\repository\com\fasterxml\jackson\datatype\jackson-datatype-jsr310\2.15.3\jackson-datatype-jsr310-2.15.3.jar;C:\Users\ERIN_JAVALead\.m2\repository\com\fasterxml\jackson\module\jackson-module-parameter-names\2.15.3\jackson-module-parameter-names-2.15.3.jar;C:\Users\ERIN_JAVALead\.m2\repository\org\springframework\boot\spring-boot-starter-tomcat\3.2.1\spring-boot-starter-tomcat-3.2.1.jar;C:\Users\ERIN_JAVALead\.m2\repository\org\apache\tomcat\embed\tomcat-embed-core\10.1.17\tomcat-embed-core-10.1.17.jar;C:\Users\ERIN_JAVALead\.m2\repository\org\apache\tomcat\embed\tomcat-embed-el\10.1.17\tomcat-embed-el-10.1.17.jar;C:\Users\ERIN_JAVALead\.m2\repository\org\apache\tomcat\embed\tomcat-embed-websocket\10.1.17\tomcat-embed-websocket-10.1.17.jar;C:\Users\ERIN_JAVALead\.m2\repository\org\springframework\spring-web\6.1.2\spring-web-6.1.2.jar;C:\Users\ERIN_JAVALead\.m2\repository\org\springframework\spring-webmvc\6.1.2\spring-webmvc-6.1.2.jar;C:\Users\ERIN_JAVALead\.m2\repository\org\springframework\kafka\spring-kafka\3.1.1\spring-kafka-3.1.1.jar;C:\Users\ERIN_JAVALead\.m2\repository\org\springframework\spring-context\6.1.2\spring-context-6.1.2.jar;C:\Users\ERIN_JAVALead\.m2\repository\org\springframework\spring-messaging\6.1.2\spring-messaging-6.1.2.jar;C:\Users\ERIN_JAVALead\.m2\repository\org\springframework\spring-tx\6.1.2\spring-tx-6.1.2.jar;C:\Users\ERIN_JAVALead\.m2\repository\org\springframework\retry\spring-retry\2.0.5\spring-retry-2.0.5.jar;C:\Users\ERIN_JAVALead\.m2\repository\org\apache\kafka\kafka-clients\3.6.1\kafka-clients-3.6.1.jar;C:\Users\ERIN_JAVALead\.m2\repository\com\github\luben\zstd-jni\1.5.5-1\zstd-jni-1.5.5-1.jar;C:\Users\ERIN_JAVALead\.m2\repository\org\lz4\lz4-java\1.8.0\lz4-java-1.8.0.jar;C:\Users\ERIN_JAVALead\.m2\repository\org\xerial\snappy\snappy-java\1.1.10.5\snappy-java-1.1.10.5.jar;C:\Users\ERIN_JAVALead\.m2\repository\io\micrometer\micrometer-observation\1.12.1\micrometer-observation-1.12.1.jar;C:\Users\ERIN_JAVALead\.m2\repository\io\micrometer\micrometer-commons\1.12.1\micrometer-commons-1.12.1.jar;C:\Users\ERIN_JAVALead\.m2\repository\com\google\code\findbugs\jsr305\3.0.2\jsr305-3.0.2.jar;C:\Users\ERIN_JAVALead\.m2\repository\org\springframework\boot\spring-boot-devtools\3.2.1\spring-boot-devtools-3.2.1.jar;C:\Users\ERIN_JAVALead\.m2\repository\org\springframework\boot\spring-boot\3.2.1\spring-boot-3.2.1.jar;C:\Users\ERIN_JAVALead\.m2\repository\org\springframework\boot\spring-boot-autoconfigure\3.2.1\spring-boot-autoconfigure-3.2.1.jar;C:\Users\ERIN_JAVALead\.m2\repository\org\projectlombok\lombok\1.18.30\lombok-1.18.30.jar;C:\Users\ERIN_JAVALead\.m2\repository\com\jayway\jsonpath\json-path\2.8.0\json-path-2.8.0.jar;C:\Users\ERIN_JAVALead\.m2\repository\net\minidev\json-smart\2.5.0\json-smart-2.5.0.jar;C:\Users\ERIN_JAVALead\.m2\repository\net\minidev\accessors-smart\2.5.0\accessors-smart-2.5.0.jar;C:\Users\ERIN_JAVALead\.m2\repository\org\ow2\asm\asm\9.3\asm-9.3.jar;C:\Users\ERIN_JAVALead\.m2\repository\org\springframework\spring-core\6.1.2\spring-core-6.1.2.jar;C:\Users\ERIN_JAVALead\.m2\repository\org\springframework\spring-jcl\6.1.2\spring-jcl-6.1.2.jar;C:\Users\ERIN_JAVALead\.m2\repository\ch\qos\logback\logback-core\1.4.14\logback-core-1.4.14.jar;C:\Users\ERIN_JAVALead\.m2\repository\ch\qos\logback\logback-classic\1.4.14\logback-classic-1.4.14.jar;C:\Users\ERIN_JAVALead\.m2\repository\org\springframework\security\spring-security-core\6.2.1\spring-security-core-6.2.1.jar;C:\Users\ERIN_JAVALead\.m2\repository\org\springframework\security\spring-security-crypto\6.2.1\spring-security-crypto-6.2.1.jar;C:\Users\ERIN_JAVALead\.m2\repository\io\jsonwebtoken\jjwt\0.12.3\jjwt-0.12.3.jar;C:\Users\ERIN_JAVALead\.m2\repository\io\jsonwebtoken\jjwt-api\0.12.3\jjwt-api-0.12.3.jar;C:\Users\ERIN_JAVALead\.m2\repository\io\jsonwebtoken\jjwt-impl\0.12.3\jjwt-impl-0.12.3.jar;C:\Users\ERIN_JAVALead\.m2\repository\io\jsonwebtoken\jjwt-jackson\0.12.3\jjwt-jackson-0.12.3.jar;C:\Users\ERIN_JAVALead\.m2\repository\com\fasterxml\jackson\core\jackson-databind\2.15.3\jackson-databind-2.15.3.jar;C:\Users\ERIN_JAVALead\.m2\repository\com\fasterxml\jackson\core\jackson-core\2.15.3\jackson-core-2.15.3.jar;C:\Users\ERIN_JAVALead\.m2\repository\javax\xml\bind\jaxb-api\2.3.0\jaxb-api-2.3.0.jar
Launcher Type: SUN_STANDARD

[Global flags]
     intx CICompilerCount                          = 3                                         {product} {ergonomic}
     uint ConcGCThreads                            = 1                                         {product} {ergonomic}
     uint G1ConcRefinementThreads                  = 4                                         {product} {ergonomic}
   size_t G1HeapRegionSize                         = 1048576                                   {product} {ergonomic}
    uintx GCDrainStackTargetSize                   = 64                                        {product} {ergonomic}
   size_t InitialHeapSize                          = 67108864                                  {product} {ergonomic}
   size_t MarkStackSize                            = 4194304                                   {product} {ergonomic}
   size_t MaxHeapSize                              = 1052770304                                {product} {ergonomic}
   size_t MaxNewSize                               = 631242752                                 {product} {ergonomic}
   size_t MinHeapDeltaBytes                        = 1048576                                   {product} {ergonomic}
   size_t MinHeapSize                              = 8388608                                   {product} {ergonomic}
    uintx NonNMethodCodeHeapSize                   = 5832780                                {pd product} {ergonomic}
    uintx NonProfiledCodeHeapSize                  = 122912730                              {pd product} {ergonomic}
    uintx ProfiledCodeHeapSize                     = 122912730                              {pd product} {ergonomic}
    uintx ReservedCodeCacheSize                    = 251658240                              {pd product} {ergonomic}
     bool SegmentedCodeCache                       = true                                      {product} {ergonomic}
   size_t SoftMaxHeapSize                          = 1052770304                             {manageable} {ergonomic}
     bool UseCompressedClassPointers               = true                           {product lp64_product} {ergonomic}
     bool UseCompressedOops                        = true                           {product lp64_product} {ergonomic}
     bool UseG1GC                                  = true                                      {product} {ergonomic}
     bool UseLargePagesIndividualAllocation        = false                                  {pd product} {ergonomic}

Logging:
Log output configuration:
 #0: stdout all=warning uptime,level,tags foldmultilines=false
 #1: stderr all=off uptime,level,tags foldmultilines=false

Environment Variables:
PATH=C:\WINDOWS\system32;C:\WINDOWS;C:\WINDOWS\System32\Wbem;C:\WINDOWS\System32\WindowsPowerShell\v1.0\;C:\WINDOWS\System32\OpenSSH\;C:\Program Files (x86)\nodejs\;C:\Program Files (x86)\nodejs\npm;C:\Users\ERIN_JAVALead\AppData\Roaming\npm;C:\Program Files\Git\cmd;C:\Program Files (x86)\dotnet\;C:\Program Files (x86)\Microsoft SQL Server\160\DTS\Binn\;C:\Program Files\Azure Data Studio\bin;C:\Program Files (x86)\Microsoft SQL Server\160\Tools\Binn\;C:\Program Files\Microsoft SQL Server\160\Tools\Binn\;C:\Program Files\Microsoft SQL Server\Client SDK\ODBC\170\Tools\Binn\;C:\Program Files\Microsoft SQL Server\160\DTS\Binn\;C:\Users\ERIN_JAVALead\AppData\Local\Microsoft\WindowsApps;;C:\Users\ERIN_JAVALead\AppData\Local\Programs\Microsoft VS Code\bin;C:\Users\ERIN_JAVALead\AppData\Roaming\npm;C:\Program Files\Azure Data Studio\bin
USERNAME=ERIN_JAVALead
OS=Windows_NT
PROCESSOR_IDENTIFIER=Intel64 Family 6 Model 78 Stepping 3, GenuineIntel



---------------  S Y S T E M  ---------------

OS:
 Windows 10 , 64 bit Build 19041 (10.0.19041.3636)
OS uptime: 0 days 6:26 hours

CPU: total 4 (initial active 4) (2 cores per cpu, 2 threads per core) family 6 model 78 stepping 3 microcode 0xcc, cx8, cmov, fxsr, ht, mmx, 3dnowpref, sse, sse2, sse3, ssse3, sse4.1, sse4.2, popcnt, lzcnt, tsc, tscinvbit, avx, avx2, aes, erms, clmul, bmi1, bmi2, adx, fma, vzeroupper, clflush, clflushopt

Memory: 4k page, system-wide physical 4012M (326M free)
TotalPageFile size 6060M (AvailPageFile size 5M)
current process WorkingSet (physical memory assigned to process): 159M, peak: 161M
current process commit charge ("private bytes"): 192M, peak: 194M

vm_info: OpenJDK 64-Bit Server VM (18.0.2+9-FR) for windows-amd64 JRE (18.0.2+9-FR), built on Jul 15 2022 20:03:03 by "Administrator" with MS VC++ 15.9 (VS2017)

END.
