#
# There is insufficient memory for the Java Runtime Environment to continue.
# Native memory allocation (malloc) failed to allocate 32744 bytes for Chunk::new
# Possible reasons:
#   The system is out of physical RAM or swap space
#   The process is running with CompressedOops enabled, and the Java Heap may be blocking the growth of the native heap
# Possible solutions:
#   Reduce memory load on the system
#   Increase physical memory or swap space
#   Check if swap backing store is full
#   Decrease Java heap size (-Xmx/-Xms)
#   Decrease number of Java threads
#   Decrease Java thread stack sizes (-Xss)
#   Set larger code cache with -XX:ReservedCodeCacheSize=
#   JVM is running with Unscaled Compressed Oops mode in which the Java heap is
#     placed in the first 4GB address space. The Java Heap base address is the
#     maximum limit for the native heap growth. Please use -XX:HeapBaseMinAddress
#     to set the Java Heap base and to place the Java Heap above 4GB virtual address.
# This output file may be truncated or incomplete.
#
#  Out of Memory Error (arena.cpp:184), pid=7000, tid=792
#
# JRE version: OpenJDK Runtime Environment Corretto-18.0.2.9.1 (18.0.2+9) (build 18.0.2+9-FR)
# Java VM: OpenJDK 64-Bit Server VM Corretto-18.0.2.9.1 (18.0.2+9-FR, mixed mode, sharing, tiered, compressed oops, compressed class ptrs, g1 gc, windows-amd64)
# No core dump will be written. Minidumps are not enabled by default on client versions of Windows
#

---------------  S U M M A R Y ------------

Command Line: -agentlib:jdwp=transport=dt_socket,address=127.0.0.1:50110,suspend=y,server=n -javaagent:C:\Users\ERIN_JAVALead\AppData\Local\JetBrains\IdeaIC2021.3\captureAgent\debugger-agent.jar=file:/C:/Users/ERIN_JAVALead/AppData/Local/Temp/capture.props -Dfile.encoding=UTF-8 test.springbootsecurity.springbootWithSecurity.SpringbootWithSecurityApplication

Host: Intel(R) Core(TM) i3-6006U CPU @ 2.00GHz, 4 cores, 3G,  Windows 10 , 64 bit Build 19041 (10.0.19041.3636)
Time: Fri Dec 22 19:46:22 2023 Egypt Standard Time elapsed time: 13.153864 seconds (0d 0h 0m 13s)

---------------  T H R E A D  ---------------

Current thread (0x000002bc977b1740):  JavaThread "restartedMain" [_thread_in_Java, id=792, stack(0x000000d7c7a00000,0x000000d7c7b00000)]

Stack: [0x000000d7c7a00000,0x000000d7c7b00000]
Native frames: (J=compiled Java code, j=interpreted, Vv=VM code, C=native code)
V  [jvm.dll+0x685a2a]
V  [jvm.dll+0x82ae8d]
V  [jvm.dll+0x82c75e]
V  [jvm.dll+0x82ce03]
V  [jvm.dll+0x25ef4b]
V  [jvm.dll+0xd42d2]
V  [jvm.dll+0xd4665]
V  [jvm.dll+0x821e27]
V  [jvm.dll+0x26bc00]
V  [jvm.dll+0x26ba3b]
C  0x000002bc80052a59

Java frames: (J=compiled Java code, j=interpreted, Vv=VM code)
v  ~DeoptimizationBlob
J 2313 c1 java.net.URLClassLoader.findClass(Ljava/lang/String;)Ljava/lang/Class; java.base@18.0.2 (47 bytes) @ 0x000002bc80a40aa1 [0x000002bc80a40720+0x0000000000000381]
J 2312 c1 org.springframework.boot.devtools.restart.classloader.RestartClassLoader.findClass(Ljava/lang/String;)Ljava/lang/Class; (72 bytes) @ 0x000002bc80a3b54c [0x000002bc80a3a7c0+0x0000000000000d8c]
J 2311 c1 org.springframework.boot.devtools.restart.classloader.RestartClassLoader.loadClass(Ljava/lang/String;Z)Ljava/lang/Class; (119 bytes) @ 0x000002bc80a38b1c [0x000002bc80a37bc0+0x0000000000000f5c]
J 723 c1 java.lang.ClassLoader.loadClass(Ljava/lang/String;)Ljava/lang/Class; java.base@18.0.2 (7 bytes) @ 0x000002bc806b905c [0x000002bc806b8f40+0x000000000000011c]
v  ~StubRoutines::call_stub
J 1040  java.lang.Class.forName0(Ljava/lang/String;ZLjava/lang/ClassLoader;Ljava/lang/Class;)Ljava/lang/Class; java.base@18.0.2 (0 bytes) @ 0x000002bc87b2922f [0x000002bc87b291a0+0x000000000000008f]
J 1043 c1 java.lang.Class.forName(Ljava/lang/String;ZLjava/lang/ClassLoader;Ljava/lang/Class;)Ljava/lang/Class; java.base@18.0.2 (41 bytes) @ 0x000002bc80784764 [0x000002bc80784640+0x0000000000000124]
J 1042 c1 java.lang.Class.forName(Ljava/lang/String;ZLjava/lang/ClassLoader;)Ljava/lang/Class; java.base@18.0.2 (24 bytes) @ 0x000002bc8078425c [0x000002bc80784140+0x000000000000011c]
J 2354 c1 org.springframework.util.ClassUtils.forName(Ljava/lang/String;Ljava/lang/ClassLoader;)Ljava/lang/Class; (251 bytes) @ 0x000002bc80a59b84 [0x000002bc80a58820+0x0000000000001364]
j  org.springframework.util.ClassUtils.isPresent(Ljava/lang/String;Ljava/lang/ClassLoader;)Z+2
j  org.springframework.data.web.config.SpringDataWebConfiguration.extendMessageConverters(Ljava/util/List;)V+11
j  org.springframework.web.servlet.config.annotation.WebMvcConfigurerComposite.extendMessageConverters(Ljava/util/List;)V+31
j  org.springframework.web.servlet.config.annotation.DelegatingWebMvcConfiguration.extendMessageConverters(Ljava/util/List;)V+5
j  org.springframework.web.servlet.config.annotation.WebMvcConfigurationSupport.getMessageConverters()Ljava/util/List;+51
j  org.springframework.web.servlet.config.annotation.WebMvcConfigurationSupport.routerFunctionMapping(Lorg/springframework/format/support/FormattingConversionService;Lorg/springframework/web/servlet/resource/ResourceUrlProvider;)Lorg/springframework/web/servlet/function/support/RouterFunctionMapping;+33
j  java.lang.invoke.LambdaForm$DMH+0x0000000800df8000.invokeVirtual(Ljava/lang/Object;Ljava/lang/Object;Ljava/lang/Object;Ljava/lang/Object;)Ljava/lang/Object;+14 java.base@18.0.2
j  java.lang.invoke.LambdaForm$MH+0x0000000800d05c00.invoke(Ljava/lang/Object;Ljava/lang/Object;Ljava/lang/Object;Ljava/lang/Object;)Ljava/lang/Object;+73 java.base@18.0.2
J 4140 c1 java.lang.reflect.Method.invoke(Ljava/lang/Object;[Ljava/lang/Object;)Ljava/lang/Object; java.base@18.0.2 (108 bytes) @ 0x000002bc80eac504 [0x000002bc80ea96a0+0x0000000000002e64]
j  org.springframework.beans.factory.support.SimpleInstantiationStrategy.instantiate(Lorg/springframework/beans/factory/support/RootBeanDefinition;Ljava/lang/String;Lorg/springframework/beans/factory/BeanFactory;Ljava/lang/Object;Ljava/lang/reflect/Method;[Ljava/lang/Object;)Ljava/lang/Object;+30
j  org.springframework.beans.factory.support.ConstructorResolver.instantiate(Ljava/lang/String;Lorg/springframework/beans/factory/support/RootBeanDefinition;Ljava/lang/Object;Ljava/lang/reflect/Method;[Ljava/lang/Object;)Ljava/lang/Object;+18
j  org.springframework.beans.factory.support.ConstructorResolver.instantiateUsingFactoryMethod(Ljava/lang/String;Lorg/springframework/beans/factory/support/RootBeanDefinition;[Ljava/lang/Object;)Lorg/springframework/beans/BeanWrapper;+1438
j  org.springframework.beans.factory.support.AbstractAutowireCapableBeanFactory.instantiateUsingFactoryMethod(Ljava/lang/String;Lorg/springframework/beans/factory/support/RootBeanDefinition;[Ljava/lang/Object;)Lorg/springframework/beans/BeanWrapper;+11
j  org.springframework.beans.factory.support.AbstractAutowireCapableBeanFactory.createBeanInstance(Ljava/lang/String;Lorg/springframework/beans/factory/support/RootBeanDefinition;[Ljava/lang/Object;)Lorg/springframework/beans/BeanWrapper;+89
j  org.springframework.beans.factory.support.AbstractAutowireCapableBeanFactory.doCreateBean(Ljava/lang/String;Lorg/springframework/beans/factory/support/RootBeanDefinition;[Ljava/lang/Object;)Ljava/lang/Object;+34
j  org.springframework.beans.factory.support.AbstractAutowireCapableBeanFactory.createBean(Ljava/lang/String;Lorg/springframework/beans/factory/support/RootBeanDefinition;[Ljava/lang/Object;)Ljava/lang/Object;+153
j  org.springframework.beans.factory.support.AbstractBeanFactory.lambda$doGetBean$0(Ljava/lang/String;Lorg/springframework/beans/factory/support/RootBeanDefinition;[Ljava/lang/Object;)Ljava/lang/Object;+4
j  org.springframework.beans.factory.support.AbstractBeanFactory$$Lambda$272+0x0000000800dae968.getObject()Ljava/lang/Object;+16
j  org.springframework.beans.factory.support.DefaultSingletonBeanRegistry.getSingleton(Ljava/lang/String;Lorg/springframework/beans/factory/ObjectFactory;)Ljava/lang/Object;+114
J 2465 c1 org.springframework.beans.factory.support.AbstractBeanFactory.doGetBean(Ljava/lang/String;Ljava/lang/Class;[Ljava/lang/Object;Z)Ljava/lang/Object; (740 bytes) @ 0x000002bc80a9cbcc [0x000002bc80a9a8e0+0x00000000000022ec]
j  org.springframework.beans.factory.support.AbstractBeanFactory.getBean(Ljava/lang/String;)Ljava/lang/Object;+5
j  org.springframework.beans.factory.support.DefaultListableBeanFactory.getBeansOfType(Ljava/lang/Class;ZZ)Ljava/util/Map;+46
j  org.springframework.context.support.AbstractApplicationContext.getBeansOfType(Ljava/lang/Class;ZZ)Ljava/util/Map;+11
j  org.springframework.beans.factory.BeanFactoryUtils.beansOfTypeIncludingAncestors(Lorg/springframework/beans/factory/ListableBeanFactory;Ljava/lang/Class;ZZ)Ljava/util/Map;+22
j  org.springframework.web.servlet.handler.HandlerMappingIntrospector.initHandlerMappings(Lorg/springframework/context/ApplicationContext;)Ljava/util/List;+5
j  org.springframework.web.servlet.handler.HandlerMappingIntrospector.afterPropertiesSet()V+21
j  org.springframework.beans.factory.support.AbstractAutowireCapableBeanFactory.invokeInitMethods(Ljava/lang/String;Ljava/lang/Object;Lorg/springframework/beans/factory/support/RootBeanDefinition;)V+56
j  org.springframework.beans.factory.support.AbstractAutowireCapableBeanFactory.initializeBean(Ljava/lang/String;Ljava/lang/Object;Lorg/springframework/beans/factory/support/RootBeanDefinition;)Ljava/lang/Object;+34
j  org.springframework.beans.factory.support.AbstractAutowireCapableBeanFactory.doCreateBean(Ljava/lang/String;Lorg/springframework/beans/factory/support/RootBeanDefinition;[Ljava/lang/Object;)Ljava/lang/Object;+228
j  org.springframework.beans.factory.support.AbstractAutowireCapableBeanFactory.createBean(Ljava/lang/String;Lorg/springframework/beans/factory/support/RootBeanDefinition;[Ljava/lang/Object;)Ljava/lang/Object;+153
j  org.springframework.beans.factory.support.AbstractBeanFactory.lambda$doGetBean$0(Ljava/lang/String;Lorg/springframework/beans/factory/support/RootBeanDefinition;[Ljava/lang/Object;)Ljava/lang/Object;+4
j  org.springframework.beans.factory.support.AbstractBeanFactory$$Lambda$272+0x0000000800dae968.getObject()Ljava/lang/Object;+16
j  org.springframework.beans.factory.support.DefaultSingletonBeanRegistry.getSingleton(Ljava/lang/String;Lorg/springframework/beans/factory/ObjectFactory;)Ljava/lang/Object;+114
J 2465 c1 org.springframework.beans.factory.support.AbstractBeanFactory.doGetBean(Ljava/lang/String;Ljava/lang/Class;[Ljava/lang/Object;Z)Ljava/lang/Object; (740 bytes) @ 0x000002bc80a9cbcc [0x000002bc80a9a8e0+0x00000000000022ec]
j  org.springframework.beans.factory.support.AbstractBeanFactory.getBean(Ljava/lang/String;)Ljava/lang/Object;+5
j  org.springframework.beans.factory.support.BeanDefinitionValueResolver.resolveReference(Ljava/lang/Object;Lorg/springframework/beans/factory/config/RuntimeBeanReference;)Ljava/lang/Object;+145
j  org.springframework.beans.factory.support.BeanDefinitionValueResolver.resolveValueIfNecessary(Ljava/lang/Object;Ljava/lang/Object;)Ljava/lang/Object;+15
j  org.springframework.beans.factory.support.ConstructorResolver.resolveConstructorArguments(Ljava/lang/String;Lorg/springframework/beans/factory/support/RootBeanDefinition;Lorg/springframework/beans/BeanWrapper;Lorg/springframework/beans/factory/config/ConstructorArgumentValues;Lorg/springframework/beans/factory/config/ConstructorArgumentValues;)I+182
j  org.springframework.beans.factory.support.ConstructorResolver.autowireConstructor(Ljava/lang/String;Lorg/springframework/beans/factory/support/RootBeanDefinition;[Ljava/lang/reflect/Constructor;[Ljava/lang/Object;)Lorg/springframework/beans/BeanWrapper;+353
j  org.springframework.beans.factory.support.AbstractAutowireCapableBeanFactory.autowireConstructor(Ljava/lang/String;Lorg/springframework/beans/factory/support/RootBeanDefinition;[Ljava/lang/reflect/Constructor;[Ljava/lang/Object;)Lorg/springframework/beans/BeanWrapper;+13
j  org.springframework.beans.factory.support.AbstractAutowireCapableBeanFactory.createBeanInstance(Ljava/lang/String;Lorg/springframework/beans/factory/support/RootBeanDefinition;[Ljava/lang/Object;)Lorg/springframework/beans/BeanWrapper;+209
j  org.springframework.beans.factory.support.AbstractAutowireCapableBeanFactory.doCreateBean(Ljava/lang/String;Lorg/springframework/beans/factory/support/RootBeanDefinition;[Ljava/lang/Object;)Ljava/lang/Object;+34
j  org.springframework.beans.factory.support.AbstractAutowireCapableBeanFactory.createBean(Ljava/lang/String;Lorg/springframework/beans/factory/support/RootBeanDefinition;[Ljava/lang/Object;)Ljava/lang/Object;+153
j  org.springframework.beans.factory.support.AbstractBeanFactory.lambda$doGetBean$0(Ljava/lang/String;Lorg/springframework/beans/factory/support/RootBeanDefinition;[Ljava/lang/Object;)Ljava/lang/Object;+4
j  org.springframework.beans.factory.support.AbstractBeanFactory$$Lambda$272+0x0000000800dae968.getObject()Ljava/lang/Object;+16
j  org.springframework.beans.factory.support.DefaultSingletonBeanRegistry.getSingleton(Ljava/lang/String;Lorg/springframework/beans/factory/ObjectFactory;)Ljava/lang/Object;+114
J 2465 c1 org.springframework.beans.factory.support.AbstractBeanFactory.doGetBean(Ljava/lang/String;Ljava/lang/Class;[Ljava/lang/Object;Z)Ljava/lang/Object; (740 bytes) @ 0x000002bc80a9cbcc [0x000002bc80a9a8e0+0x00000000000022ec]
j  org.springframework.beans.factory.support.AbstractBeanFactory.getBean(Ljava/lang/String;Ljava/lang/Class;[Ljava/lang/Object;)Ljava/lang/Object;+5
j  org.springframework.beans.factory.support.DefaultListableBeanFactory.resolveNamedBean(Ljava/lang/String;Lorg/springframework/core/ResolvableType;[Ljava/lang/Object;)Lorg/springframework/beans/factory/config/NamedBeanHolder;+4
j  org.springframework.beans.factory.support.DefaultListableBeanFactory.resolveNamedBean(Lorg/springframework/core/ResolvableType;[Ljava/lang/Object;Z)Lorg/springframework/beans/factory/config/NamedBeanHolder;+128
j  org.springframework.beans.factory.support.DefaultListableBeanFactory.resolveBean(Lorg/springframework/core/ResolvableType;[Ljava/lang/Object;Z)Ljava/lang/Object;+4
j  org.springframework.beans.factory.support.DefaultListableBeanFactory$1.getIfUnique()Ljava/lang/Object;+10
j  org.springframework.security.config.annotation.web.builders.WebSecurity.setApplicationContext(Lorg/springframework/context/ApplicationContext;)V+137
j  org.springframework.context.support.ApplicationContextAwareProcessor.invokeAwareInterfaces(Ljava/lang/Object;)V+166
j  org.springframework.context.support.ApplicationContextAwareProcessor.postProcessBeforeInitialization(Ljava/lang/Object;Ljava/lang/String;)Ljava/lang/Object;+53
j  org.springframework.beans.factory.support.AbstractAutowireCapableBeanFactory.applyBeanPostProcessorsBeforeInitialization(Ljava/lang/Object;Ljava/lang/String;)Ljava/lang/Object;+39
j  org.springframework.beans.factory.support.AbstractAutowireCapableBeanFactory.initializeBean(Ljava/lang/String;Ljava/lang/Object;Lorg/springframework/beans/factory/support/RootBeanDefinition;)Ljava/lang/Object;+24
j  org.springframework.beans.factory.support.AbstractAutowireCapableBeanFactory.initializeBean(Ljava/lang/Object;Ljava/lang/String;)Ljava/lang/Object;+4
j  org.springframework.security.config.annotation.configuration.AutowireBeanFactoryObjectPostProcessor.postProcess(Ljava/lang/Object;)Ljava/lang/Object;+17
j  org.springframework.security.config.annotation.web.configuration.WebSecurityConfiguration.setFilterChainProxySecurityConfigurer(Lorg/springframework/security/config/annotation/ObjectPostProcessor;Lorg/springframework/beans/factory/config/ConfigurableListableBeanFactory;)V+10
j  java.lang.invoke.LambdaForm$DMH+0x0000000800d25400.invokeVirtual(Ljava/lang/Object;Ljava/lang/Object;Ljava/lang/Object;Ljava/lang/Object;)V+14 java.base@18.0.2
j  java.lang.invoke.LambdaForm$MH+0x0000000801019000.invoke(Ljava/lang/Object;Ljava/lang/Object;Ljava/lang/Object;Ljava/lang/Object;)Ljava/lang/Object;+73 java.base@18.0.2
j  java.lang.invoke.LambdaForm$MH+0x0000000800c02400.invokeExact_MT(Ljava/lang/Object;Ljava/lang/Object;Ljava/lang/Object;Ljava/lang/Object;Ljava/lang/Object;)Ljava/lang/Object;+22 java.base@18.0.2
j  jdk.internal.reflect.DirectMethodHandleAccessor.invokeImpl(Ljava/lang/Object;[Ljava/lang/Object;)Ljava/lang/Object;+72 java.base@18.0.2
j  jdk.internal.reflect.DirectMethodHandleAccessor.invoke(Ljava/lang/Object;[Ljava/lang/Object;)Ljava/lang/Object;+23 java.base@18.0.2
j  java.lang.reflect.Method.invoke(Ljava/lang/Object;[Ljava/lang/Object;)Ljava/lang/Object;+102 java.base@18.0.2
j  org.springframework.beans.factory.annotation.AutowiredAnnotationBeanPostProcessor$AutowiredMethodElement.inject(Ljava/lang/Object;Ljava/lang/String;Lorg/springframework/beans/PropertyValues;)V+100
j  org.springframework.beans.factory.annotation.InjectionMetadata.inject(Ljava/lang/Object;Ljava/lang/String;Lorg/springframework/beans/PropertyValues;)V+68
j  org.springframework.beans.factory.annotation.AutowiredAnnotationBeanPostProcessor.postProcessProperties(Lorg/springframework/beans/PropertyValues;Ljava/lang/Object;Ljava/lang/String;)Lorg/springframework/beans/PropertyValues;+17
j  org.springframework.beans.factory.support.AbstractAutowireCapableBeanFactory.populateBean(Ljava/lang/String;Lorg/springframework/beans/factory/support/RootBeanDefinition;Lorg/springframework/beans/BeanWrapper;)V+280
j  org.springframework.beans.factory.support.AbstractAutowireCapableBeanFactory.doCreateBean(Ljava/lang/String;Lorg/springframework/beans/factory/support/RootBeanDefinition;[Ljava/lang/Object;)Ljava/lang/Object;+220
j  org.springframework.beans.factory.support.AbstractAutowireCapableBeanFactory.createBean(Ljava/lang/String;Lorg/springframework/beans/factory/support/RootBeanDefinition;[Ljava/lang/Object;)Ljava/lang/Object;+153
j  org.springframework.beans.factory.support.AbstractBeanFactory.lambda$doGetBean$0(Ljava/lang/String;Lorg/springframework/beans/factory/support/RootBeanDefinition;[Ljava/lang/Object;)Ljava/lang/Object;+4
j  org.springframework.beans.factory.support.AbstractBeanFactory$$Lambda$272+0x0000000800dae968.getObject()Ljava/lang/Object;+16
j  org.springframework.beans.factory.support.DefaultSingletonBeanRegistry.getSingleton(Ljava/lang/String;Lorg/springframework/beans/factory/ObjectFactory;)Ljava/lang/Object;+114
J 2465 c1 org.springframework.beans.factory.support.AbstractBeanFactory.doGetBean(Ljava/lang/String;Ljava/lang/Class;[Ljava/lang/Object;Z)Ljava/lang/Object; (740 bytes) @ 0x000002bc80a9cbcc [0x000002bc80a9a8e0+0x00000000000022ec]
j  org.springframework.beans.factory.support.AbstractBeanFactory.getBean(Ljava/lang/String;)Ljava/lang/Object;+5
j  org.springframework.beans.factory.support.DefaultListableBeanFactory.preInstantiateSingletons()V+152
j  org.springframework.context.support.AbstractApplicationContext.finishBeanFactoryInitialization(Lorg/springframework/beans/factory/config/ConfigurableListableBeanFactory;)V+130
j  org.springframework.context.support.AbstractApplicationContext.refresh()V+94
j  org.springframework.boot.web.servlet.context.ServletWebServerApplicationContext.refresh()V+1
j  org.springframework.boot.SpringApplication.refresh(Lorg/springframework/context/ConfigurableApplicationContext;)V+1
j  org.springframework.boot.SpringApplication.refreshContext(Lorg/springframework/context/ConfigurableApplicationContext;)V+16
j  org.springframework.boot.SpringApplication.run([Ljava/lang/String;)Lorg/springframework/context/ConfigurableApplicationContext;+110
j  org.springframework.boot.SpringApplication.run([Ljava/lang/Class;[Ljava/lang/String;)Lorg/springframework/context/ConfigurableApplicationContext;+9
j  org.springframework.boot.SpringApplication.run(Ljava/lang/Class;[Ljava/lang/String;)Lorg/springframework/context/ConfigurableApplicationContext;+9
j  test.springbootsecurity.springbootWithSecurity.SpringbootWithSecurityApplication.main([Ljava/lang/String;)V+3
j  java.lang.invoke.LambdaForm$DMH+0x0000000800c90800.invokeStatic(Ljava/lang/Object;Ljava/lang/Object;)V+10 java.base@18.0.2
j  java.lang.invoke.LambdaForm$MH+0x0000000800c91800.invoke(Ljava/lang/Object;Ljava/lang/Object;Ljava/lang/Object;)Ljava/lang/Object;+33 java.base@18.0.2
j  java.lang.invoke.Invokers$Holder.invokeExact_MT(Ljava/lang/Object;Ljava/lang/Object;Ljava/lang/Object;Ljava/lang/Object;)Ljava/lang/Object;+20 java.base@18.0.2
j  jdk.internal.reflect.DirectMethodHandleAccessor.invokeImpl(Ljava/lang/Object;[Ljava/lang/Object;)Ljava/lang/Object;+55 java.base@18.0.2
j  jdk.internal.reflect.DirectMethodHandleAccessor.invoke(Ljava/lang/Object;[Ljava/lang/Object;)Ljava/lang/Object;+23 java.base@18.0.2
j  java.lang.reflect.Method.invoke(Ljava/lang/Object;[Ljava/lang/Object;)Ljava/lang/Object;+102 java.base@18.0.2
j  org.springframework.boot.devtools.restart.RestartLauncher.run()V+47
v  ~StubRoutines::call_stub

---------------  P R O C E S S  ---------------

Threads class SMR info:
_java_thread_list=0x000002bc98e773a0, length=20, elements={
0x000002bcf77e5720, 0x000002bcffdd5b80, 0x000002bcffdd67e0, 0x000002bcffdecd80,
0x000002bcffdee730, 0x000002bcffdef0d0, 0x000002bcffdefa70, 0x000002bcffdf0740,
0x000002bcffdf1120, 0x000002bcffe6c220, 0x000002bcffeb29a0, 0x000002bc972101d0,
0x000002bc972135c0, 0x000002bc97213c90, 0x000002bc9719cc60, 0x000002bc977b0a60,
0x000002bc977b1740, 0x000002bc998452e0, 0x000002bc995a77a0, 0x000002bcffdbba10
}

Java Threads: ( => current thread )
  0x000002bcf77e5720 JavaThread "main" [_thread_blocked, id=9072, stack(0x000000d7c6000000,0x000000d7c6100000)]
  0x000002bcffdd5b80 JavaThread "Reference Handler" daemon [_thread_blocked, id=8040, stack(0x000000d7c6700000,0x000000d7c6800000)]
  0x000002bcffdd67e0 JavaThread "Finalizer" daemon [_thread_blocked, id=2176, stack(0x000000d7c6800000,0x000000d7c6900000)]
  0x000002bcffdecd80 JavaThread "Signal Dispatcher" daemon [_thread_blocked, id=10560, stack(0x000000d7c6900000,0x000000d7c6a00000)]
  0x000002bcffdee730 JavaThread "Attach Listener" daemon [_thread_blocked, id=4392, stack(0x000000d7c6a00000,0x000000d7c6b00000)]
  0x000002bcffdef0d0 JavaThread "Service Thread" daemon [_thread_blocked, id=2816, stack(0x000000d7c6b00000,0x000000d7c6c00000)]
  0x000002bcffdefa70 JavaThread "Monitor Deflation Thread" daemon [_thread_blocked, id=10444, stack(0x000000d7c6c00000,0x000000d7c6d00000)]
  0x000002bcffdf0740 JavaThread "C2 CompilerThread0" daemon [_thread_in_native, id=10552, stack(0x000000d7c6d00000,0x000000d7c6e00000)]
  0x000002bcffdf1120 JavaThread "C1 CompilerThread0" daemon [_thread_blocked, id=7144, stack(0x000000d7c6e00000,0x000000d7c6f00000)]
  0x000002bcffe6c220 JavaThread "Sweeper thread" daemon [_thread_blocked, id=6712, stack(0x000000d7c6f00000,0x000000d7c7000000)]
  0x000002bcffeb29a0 JavaThread "Common-Cleaner" daemon [_thread_blocked, id=1276, stack(0x000000d7c7000000,0x000000d7c7100000)]
  0x000002bc972101d0 JavaThread "JDWP Transport Listener: dt_socket" daemon [_thread_blocked, id=6976, stack(0x000000d7c7100000,0x000000d7c7200000)]
  0x000002bc972135c0 JavaThread "JDWP Event Helper Thread" daemon [_thread_blocked, id=8220, stack(0x000000d7c7200000,0x000000d7c7300000)]
  0x000002bc97213c90 JavaThread "JDWP Command Reader" daemon [_thread_in_native, id=7316, stack(0x000000d7c7300000,0x000000d7c7400000)]
  0x000002bc9719cc60 JavaThread "Notification Thread" daemon [_thread_blocked, id=10716, stack(0x000000d7c7400000,0x000000d7c7500000)]
  0x000002bc977b0a60 JavaThread "Thread-0" [_thread_blocked, id=9384, stack(0x000000d7c7900000,0x000000d7c7a00000)]
=>0x000002bc977b1740 JavaThread "restartedMain" [_thread_in_Java, id=792, stack(0x000000d7c7a00000,0x000000d7c7b00000)]
  0x000002bc998452e0 JavaThread "Catalina-utility-1" [_thread_blocked, id=4852, stack(0x000000d7c7b00000,0x000000d7c7c00000)]
  0x000002bc995a77a0 JavaThread "Catalina-utility-2" [_thread_blocked, id=5804, stack(0x000000d7c7c00000,0x000000d7c7d00000)]
  0x000002bcffdbba10 JavaThread "container-0" [_thread_blocked, id=10516, stack(0x000000d7c7d00000,0x000000d7c7e00000)]

Other Threads:
  0x000002bcffdd14a0 VMThread "VM Thread" [stack: 0x000000d7c6600000,0x000000d7c6700000] [id=2936]
  0x000002bc9719d120 WatcherThread "VM Periodic Task Thread" [stack: 0x000000d7c7500000,0x000000d7c7600000] [id=3452]
  0x000002bcf78271b0 WorkerThread "GC Thread#0" [stack: 0x000000d7c6100000,0x000000d7c6200000] [id=728]
  0x000002bc97735c50 WorkerThread "GC Thread#1" [stack: 0x000000d7c7600000,0x000000d7c7700000] [id=4772]
  0x000002bc97716b00 WorkerThread "GC Thread#2" [stack: 0x000000d7c7700000,0x000000d7c7800000] [id=8476]
  0x000002bc97734870 WorkerThread "GC Thread#3" [stack: 0x000000d7c7800000,0x000000d7c7900000] [id=8824]
  0x000002bcf782fe60 ConcurrentGCThread "G1 Main Marker" [stack: 0x000000d7c6200000,0x000000d7c6300000] [id=4380]
  0x000002bcf7831860 WorkerThread "G1 Conc#0" [stack: 0x000000d7c6300000,0x000000d7c6400000] [id=8980]
  0x000002bcf785a9c0 ConcurrentGCThread "G1 Refine#0" [stack: 0x000000d7c6400000,0x000000d7c6500000] [id=11372]
  0x000002bcf785c2e0 ConcurrentGCThread "G1 Service" [stack: 0x000000d7c6500000,0x000000d7c6600000] [id=5160]

Threads with active compile tasks:
C2 CompilerThread0    13230 4087       4       org.springframework.core.annotation.TypeMappedAnnotations::get (8 bytes)

VM state: not at safepoint (normal execution)

VM Mutex/Monitor currently owned by a thread: None

Heap address: 0x00000000c1400000, size: 1004 MB, Compressed Oops mode: 32-bit

CDS archive(s) mapped at: [0x0000000800000000-0x0000000800ba0000-0x0000000800ba0000), size 12189696, SharedBaseAddress: 0x0000000800000000, ArchiveRelocationMode: 0.
Compressed class space mapped at: 0x0000000800c00000-0x0000000840c00000, reserved size: 1073741824
Narrow klass base: 0x0000000800000000, Narrow klass shift: 0, Narrow klass range: 0x100000000

GC Precious Log:
 CardTable entry size: 512
 Card Set container configuration: InlinePtr #cards 5 size 8 Array Of Cards #cards 12 size 40 Howl #buckets 4 coarsen threshold 1843 Howl Bitmap #cards 512 size 80 coarsen threshold 460 Card regions per heap region 1 cards per card region 2048
 CPUs: 4 total, 4 available
 Memory: 4012M
 Large Page Support: Disabled
 NUMA Support: Disabled
 Compressed Oops: Enabled (32-bit)
 Heap Region Size: 1M
 Heap Min Capacity: 8M
 Heap Initial Capacity: 64M
 Heap Max Capacity: 1004M
 Pre-touch: Disabled
 Parallel Workers: 4
 Concurrent Workers: 1
 Concurrent Refinement Workers: 4
 Periodic GC: Disabled

Heap:
 garbage-first heap   total 48128K, used 20954K [0x00000000c1400000, 0x0000000100000000)
  region size 1024K, 6 young (6144K), 2 survivors (2048K)
 Metaspace       used 32896K, committed 33472K, reserved 1114112K
  class space    used 4156K, committed 4416K, reserved 1048576K

Heap Regions: E=young(eden), S=young(survivor), O=old, HS=humongous(starts), HC=humongous(continues), CS=collection set, F=free, OA=open archive, CA=closed archive, TAMS=top-at-mark-start (previous, next)
|   0|0x00000000c1400000, 0x00000000c1500000, 0x00000000c1500000|100%| O|  |TAMS 0x00000000c1500000, 0x00000000c1400000| Untracked 
|   1|0x00000000c1500000, 0x00000000c1600000, 0x00000000c1600000|100%| O|  |TAMS 0x00000000c1600000, 0x00000000c1500000| Untracked 
|   2|0x00000000c1600000, 0x00000000c1700000, 0x00000000c1700000|100%| O|  |TAMS 0x00000000c1700000, 0x00000000c1600000| Untracked 
|   3|0x00000000c1700000, 0x00000000c1800000, 0x00000000c1800000|100%| O|  |TAMS 0x00000000c1800000, 0x00000000c1700000| Untracked 
|   4|0x00000000c1800000, 0x00000000c1900000, 0x00000000c1900000|100%| O|  |TAMS 0x00000000c1900000, 0x00000000c1800000| Untracked 
|   5|0x00000000c1900000, 0x00000000c1a00000, 0x00000000c1a00000|100%| O|  |TAMS 0x00000000c1a00000, 0x00000000c1900000| Untracked 
|   6|0x00000000c1a00000, 0x00000000c1b00000, 0x00000000c1b00000|100%| O|  |TAMS 0x00000000c1b00000, 0x00000000c1a00000| Untracked 
|   7|0x00000000c1b00000, 0x00000000c1c00000, 0x00000000c1c00000|100%| O|  |TAMS 0x00000000c1c00000, 0x00000000c1b00000| Untracked 
|   8|0x00000000c1c00000, 0x00000000c1d00000, 0x00000000c1d00000|100%| O|  |TAMS 0x00000000c1d00000, 0x00000000c1c00000| Untracked 
|   9|0x00000000c1d00000, 0x00000000c1dfe600, 0x00000000c1e00000| 99%| O|  |TAMS 0x00000000c1d00000, 0x00000000c1d00000| Untracked 
|  10|0x00000000c1e00000, 0x00000000c1f00000, 0x00000000c1f00000|100%| O|  |TAMS 0x00000000c1e00000, 0x00000000c1e00000| Untracked 
|  11|0x00000000c1f00000, 0x00000000c2000000, 0x00000000c2000000|100%| O|  |TAMS 0x00000000c1f00000, 0x00000000c1f00000| Untracked 
|  12|0x00000000c2000000, 0x00000000c2100000, 0x00000000c2100000|100%| O|  |TAMS 0x00000000c2000000, 0x00000000c2000000| Untracked 
|  13|0x00000000c2100000, 0x00000000c2200000, 0x00000000c2200000|100%| O|  |TAMS 0x00000000c2100000, 0x00000000c2100000| Untracked 
|  14|0x00000000c2200000, 0x00000000c2300000, 0x00000000c2300000|100%| O|  |TAMS 0x00000000c2200000, 0x00000000c2200000| Untracked 
|  15|0x00000000c2300000, 0x00000000c2300000, 0x00000000c2400000|  0%| F|  |TAMS 0x00000000c2300000, 0x00000000c2300000| Untracked 
|  16|0x00000000c2400000, 0x00000000c2400000, 0x00000000c2500000|  0%| F|  |TAMS 0x00000000c2400000, 0x00000000c2400000| Untracked 
|  17|0x00000000c2500000, 0x00000000c2500000, 0x00000000c2600000|  0%| F|  |TAMS 0x00000000c2500000, 0x00000000c2500000| Untracked 
|  18|0x00000000c2600000, 0x00000000c2600000, 0x00000000c2700000|  0%| F|  |TAMS 0x00000000c2600000, 0x00000000c2600000| Untracked 
|  19|0x00000000c2700000, 0x00000000c2800000, 0x00000000c2800000|100%| O|  |TAMS 0x00000000c2700000, 0x00000000c2700000| Untracked 
|  20|0x00000000c2800000, 0x00000000c2800000, 0x00000000c2900000|  0%| F|  |TAMS 0x00000000c2800000, 0x00000000c2800000| Untracked 
|  21|0x00000000c2900000, 0x00000000c2900000, 0x00000000c2a00000|  0%| F|  |TAMS 0x00000000c2900000, 0x00000000c2900000| Untracked 
|  22|0x00000000c2a00000, 0x00000000c2a00000, 0x00000000c2b00000|  0%| F|  |TAMS 0x00000000c2a00000, 0x00000000c2a00000| Untracked 
|  23|0x00000000c2b00000, 0x00000000c2b00000, 0x00000000c2c00000|  0%| F|  |TAMS 0x00000000c2b00000, 0x00000000c2b00000| Untracked 
|  24|0x00000000c2c00000, 0x00000000c2c78210, 0x00000000c2d00000| 46%| S|CS|TAMS 0x00000000c2c00000, 0x00000000c2c00000| Complete 
|  25|0x00000000c2d00000, 0x00000000c2d00000, 0x00000000c2e00000|  0%| F|  |TAMS 0x00000000c2d00000, 0x00000000c2d00000| Untracked 
|  26|0x00000000c2e00000, 0x00000000c2e00000, 0x00000000c2f00000|  0%| F|  |TAMS 0x00000000c2e00000, 0x00000000c2e00000| Untracked 
|  27|0x00000000c2f00000, 0x00000000c3000000, 0x00000000c3000000|100%| S|CS|TAMS 0x00000000c2f00000, 0x00000000c2f00000| Complete 
|  28|0x00000000c3000000, 0x00000000c3000000, 0x00000000c3100000|  0%| F|  |TAMS 0x00000000c3000000, 0x00000000c3000000| Untracked 
|  29|0x00000000c3100000, 0x00000000c3100000, 0x00000000c3200000|  0%| F|  |TAMS 0x00000000c3100000, 0x00000000c3100000| Untracked 
|  30|0x00000000c3200000, 0x00000000c3200000, 0x00000000c3300000|  0%| F|  |TAMS 0x00000000c3200000, 0x00000000c3200000| Untracked 
|  31|0x00000000c3300000, 0x00000000c3300000, 0x00000000c3400000|  0%| F|  |TAMS 0x00000000c3300000, 0x00000000c3300000| Untracked 
|  32|0x00000000c3400000, 0x00000000c3400000, 0x00000000c3500000|  0%| F|  |TAMS 0x00000000c3400000, 0x00000000c3400000| Untracked 
|  33|0x00000000c3500000, 0x00000000c3500000, 0x00000000c3600000|  0%| F|  |TAMS 0x00000000c3500000, 0x00000000c3500000| Untracked 
|  34|0x00000000c3600000, 0x00000000c3600000, 0x00000000c3700000|  0%| F|  |TAMS 0x00000000c3600000, 0x00000000c3600000| Untracked 
|  35|0x00000000c3700000, 0x00000000c3700000, 0x00000000c3800000|  0%| F|  |TAMS 0x00000000c3700000, 0x00000000c3700000| Untracked 
|  36|0x00000000c3800000, 0x00000000c3800000, 0x00000000c3900000|  0%| F|  |TAMS 0x00000000c3800000, 0x00000000c3800000| Untracked 
|  37|0x00000000c3900000, 0x00000000c3900000, 0x00000000c3a00000|  0%| F|  |TAMS 0x00000000c3900000, 0x00000000c3900000| Untracked 
|  38|0x00000000c3a00000, 0x00000000c3a00000, 0x00000000c3b00000|  0%| F|  |TAMS 0x00000000c3a00000, 0x00000000c3a00000| Untracked 
|  39|0x00000000c3b00000, 0x00000000c3b00000, 0x00000000c3c00000|  0%| F|  |TAMS 0x00000000c3b00000, 0x00000000c3b00000| Untracked 
|  40|0x00000000c3c00000, 0x00000000c3c00000, 0x00000000c3d00000|  0%| F|  |TAMS 0x00000000c3c00000, 0x00000000c3c00000| Untracked 
|  41|0x00000000c3d00000, 0x00000000c3d00000, 0x00000000c3e00000|  0%| F|  |TAMS 0x00000000c3d00000, 0x00000000c3d00000| Untracked 
|  42|0x00000000c3e00000, 0x00000000c3e00000, 0x00000000c3f00000|  0%| F|  |TAMS 0x00000000c3e00000, 0x00000000c3e00000| Untracked 
|  50|0x00000000c4600000, 0x00000000c46ae198, 0x00000000c4700000| 68%| E|  |TAMS 0x00000000c4600000, 0x00000000c4600000| Complete 
|  51|0x00000000c4700000, 0x00000000c4800000, 0x00000000c4800000|100%| E|CS|TAMS 0x00000000c4700000, 0x00000000c4700000| Complete 
|  52|0x00000000c4800000, 0x00000000c4900000, 0x00000000c4900000|100%| E|CS|TAMS 0x00000000c4800000, 0x00000000c4800000| Complete 
|  63|0x00000000c5300000, 0x00000000c5400000, 0x00000000c5400000|100%| E|CS|TAMS 0x00000000c5300000, 0x00000000c5300000| Complete 

Card table byte_map: [0x000002bcff5b0000,0x000002bcff7b0000] _byte_map_base: 0x000002bcfefa6000

Marking Bits (Prev, Next): (CMBitMap*) 0x000002bcf78277f0, (CMBitMap*) 0x000002bcf78277b0
 Prev Bits: [0x000002bc8ffb0000, 0x000002bc90f60000)
 Next Bits: [0x000002bc8f000000, 0x000002bc8ffb0000)

Polling page: 0x000002bcf5780000

Metaspace:

Usage:
  Non-class:     28.07 MB used.
      Class:      4.06 MB used.
       Both:     32.13 MB used.

Virtual space:
  Non-class space:       64.00 MB reserved,      28.38 MB ( 44%) committed,  1 nodes.
      Class space:        1.00 GB reserved,       4.31 MB ( <1%) committed,  1 nodes.
             Both:        1.06 GB reserved,      32.69 MB (  3%) committed. 

Chunk freelists:
   Non-Class:  3.34 MB
       Class:  3.63 MB
        Both:  6.97 MB

MaxMetaspaceSize: unlimited
CompressedClassSpaceSize: 1.00 GB
Initial GC threshold: 21.00 MB
Current GC threshold: 35.44 MB
CDS: on
MetaspaceReclaimPolicy: balanced
 - commit_granule_bytes: 65536.
 - commit_granule_words: 8192.
 - virtual_space_node_default_size: 8388608.
 - enlarge_chunks_in_place: 1.
 - new_chunks_are_fully_committed: 0.
 - uncommit_free_chunks: 1.
 - use_allocation_guard: 0.


Internal statistics:

num_allocs_failed_limit: 3.
num_arena_births: 790.
num_arena_deaths: 0.
num_vsnodes_births: 2.
num_vsnodes_deaths: 0.
num_space_committed: 523.
num_space_uncommitted: 0.
num_chunks_returned_to_freelist: 3.
num_chunks_taken_from_freelist: 1925.
num_chunk_merges: 3.
num_chunk_splits: 1342.
num_chunks_enlarged: 1036.
num_inconsistent_stats: 0.

CodeHeap 'non-profiled nmethods': size=120000Kb used=1857Kb max_used=1857Kb free=118142Kb
 bounds [0x000002bc87ad0000, 0x000002bc87d40000, 0x000002bc8f000000]
CodeHeap 'profiled nmethods': size=120000Kb used=9507Kb max_used=9507Kb free=110492Kb
 bounds [0x000002bc805a0000, 0x000002bc80ef0000, 0x000002bc87ad0000]
CodeHeap 'non-nmethods': size=5760Kb used=1286Kb max_used=1341Kb free=4473Kb
 bounds [0x000002bc80000000, 0x000002bc80270000, 0x000002bc805a0000]
 total_blobs=4685 nmethods=4176 adapters=421
 compilation: enabled
              stopped_count=0, restarted_count=0
 full_count=0

Compilation events (20 events):
Event: 13.066 Thread 0x000002bcffdf1120 4213       2       jdk.internal.reflect.DirectMethodHandleAccessor::checkArgumentCount (59 bytes)
Event: 13.067 Thread 0x000002bcffdf1120 nmethod 4213 0x000002bc80ee5090 code [0x000002bc80ee52a0, 0x000002bc80ee5658]
Event: 13.078 Thread 0x000002bcffdf1120 4214       2       org.springframework.aop.framework.autoproxy.ProxyCreationContext::setCurrentProxiedBeanName (21 bytes)
Event: 13.079 Thread 0x000002bcffdf1120 nmethod 4214 0x000002bc80ee5910 code [0x000002bc80ee5ac0, 0x000002bc80ee5c58]
Event: 13.079 Thread 0x000002bcffdf1120 4215       1       org.springframework.aop.support.annotation.AnnotationMatchingPointcut::getClassFilter (5 bytes)
Event: 13.079 Thread 0x000002bcffdf1120 nmethod 4215 0x000002bc87ca0190 code [0x000002bc87ca0320, 0x000002bc87ca03f8]
Event: 13.080 Thread 0x000002bcffdf1120 4216       1       org.springframework.beans.factory.annotation.InitDestroyAnnotationBeanPostProcessor$1::hasDestroyMethods (2 bytes)
Event: 13.080 Thread 0x000002bcffdf1120 nmethod 4216 0x000002bc87ca0490 code [0x000002bc87ca0620, 0x000002bc87ca06f8]
Event: 13.091 Thread 0x000002bcffdf1120 4217   !   2       org.springframework.util.ReflectionUtils::getDeclaredFields (78 bytes)
Event: 13.092 Thread 0x000002bcffdf1120 nmethod 4217 0x000002bc80ee5d90 code [0x000002bc80ee5fa0, 0x000002bc80ee6448]
Event: 13.096 Thread 0x000002bcffdf1120 4218       2       org.springframework.beans.factory.support.AbstractBeanFactory::getBean (9 bytes)
Event: 13.097 Thread 0x000002bcffdf1120 nmethod 4218 0x000002bc80ee6790 code [0x000002bc80ee6920, 0x000002bc80ee6a68]
Event: 13.100 Thread 0x000002bcffdf1120 4219   !   2       org.springframework.core.annotation.AnnotationsScanner::processClassInheritedAnnotations (250 bytes)
Event: 13.102 Thread 0x000002bcffdf1120 nmethod 4219 0x000002bc80ee6b10 code [0x000002bc80ee6da0, 0x000002bc80ee7798]
Event: 13.104 Thread 0x000002bcffdf1120 4220       2       org.springframework.core.MethodParameter::adaptAnnotationArray (2 bytes)
Event: 13.105 Thread 0x000002bcffdf1120 nmethod 4220 0x000002bc80ee8010 code [0x000002bc80ee81a0, 0x000002bc80ee82b8]
Event: 13.105 Thread 0x000002bcffdf1120 4221       2       org.springframework.core.annotation.AnnotatedElementUtils$AnnotatedElementForAnnotations::getDeclaredAnnotations (11 bytes)
Event: 13.105 Thread 0x000002bcffdf1120 nmethod 4221 0x000002bc80ee8390 code [0x000002bc80ee8540, 0x000002bc80ee86c8]
Event: 13.148 Thread 0x000002bcffdf1120 4222       2       java.lang.invoke.MethodHandles::identity (87 bytes)
Event: 13.149 Thread 0x000002bcffdf1120 nmethod 4222 0x000002bc80ee8790 code [0x000002bc80ee8960, 0x000002bc80ee8bb8]

GC Heap History (20 events):
Event: 2.360 GC heap before
{Heap before GC invocations=0 (full 0):
 garbage-first heap   total 65536K, used 12288K [0x00000000c1400000, 0x0000000100000000)
  region size 1024K, 13 young (13312K), 0 survivors (0K)
 Metaspace       used 2567K, committed 2688K, reserved 1114112K
  class space    used 243K, committed 320K, reserved 1048576K
}
Event: 2.380 GC heap after
{Heap after GC invocations=1 (full 0):
 garbage-first heap   total 65536K, used 4504K [0x00000000c1400000, 0x0000000100000000)
  region size 1024K, 2 young (2048K), 2 survivors (2048K)
 Metaspace       used 2567K, committed 2688K, reserved 1114112K
  class space    used 243K, committed 320K, reserved 1048576K
}
Event: 3.826 GC heap before
{Heap before GC invocations=1 (full 0):
 garbage-first heap   total 65536K, used 15768K [0x00000000c1400000, 0x0000000100000000)
  region size 1024K, 13 young (13312K), 2 survivors (2048K)
 Metaspace       used 4962K, committed 5184K, reserved 1114112K
  class space    used 542K, committed 640K, reserved 1048576K
}
Event: 3.830 GC heap after
{Heap after GC invocations=2 (full 0):
 garbage-first heap   total 65536K, used 5196K [0x00000000c1400000, 0x0000000100000000)
  region size 1024K, 1 young (1024K), 1 survivors (1024K)
 Metaspace       used 4962K, committed 5184K, reserved 1114112K
  class space    used 542K, committed 640K, reserved 1048576K
}
Event: 5.142 GC heap before
{Heap before GC invocations=2 (full 0):
 garbage-first heap   total 65536K, used 26700K [0x00000000c1400000, 0x0000000100000000)
  region size 1024K, 23 young (23552K), 1 survivors (1024K)
 Metaspace       used 9714K, committed 9984K, reserved 1114112K
  class space    used 1146K, committed 1280K, reserved 1048576K
}
Event: 5.147 GC heap after
{Heap after GC invocations=3 (full 0):
 garbage-first heap   total 65536K, used 6539K [0x00000000c1400000, 0x0000000100000000)
  region size 1024K, 2 young (2048K), 2 survivors (2048K)
 Metaspace       used 9714K, committed 9984K, reserved 1114112K
  class space    used 1146K, committed 1280K, reserved 1048576K
}
Event: 6.733 GC heap before
{Heap before GC invocations=3 (full 0):
 garbage-first heap   total 65536K, used 41355K [0x00000000c1400000, 0x0000000100000000)
  region size 1024K, 37 young (37888K), 2 survivors (2048K)
 Metaspace       used 16704K, committed 16960K, reserved 1114112K
  class space    used 1994K, committed 2112K, reserved 1048576K
}
Event: 6.746 GC heap after
{Heap after GC invocations=4 (full 0):
 garbage-first heap   total 65536K, used 9733K [0x00000000c1400000, 0x0000000100000000)
  region size 1024K, 5 young (5120K), 5 survivors (5120K)
 Metaspace       used 16704K, committed 16960K, reserved 1114112K
  class space    used 1994K, committed 2112K, reserved 1048576K
}
Event: 8.472 GC heap before
{Heap before GC invocations=4 (full 0):
 garbage-first heap   total 65536K, used 42501K [0x00000000c1400000, 0x0000000100000000)
  region size 1024K, 37 young (37888K), 5 survivors (5120K)
 Metaspace       used 19941K, committed 20224K, reserved 1114112K
  class space    used 2384K, committed 2496K, reserved 1048576K
}
Event: 8.486 GC heap after
{Heap after GC invocations=5 (full 0):
 garbage-first heap   total 65536K, used 12016K [0x00000000c1400000, 0x0000000100000000)
  region size 1024K, 3 young (3072K), 3 survivors (3072K)
 Metaspace       used 19941K, committed 20224K, reserved 1114112K
  class space    used 2384K, committed 2496K, reserved 1048576K
}
Event: 8.966 GC heap before
{Heap before GC invocations=5 (full 0):
 garbage-first heap   total 65536K, used 22256K [0x00000000c1400000, 0x0000000100000000)
  region size 1024K, 14 young (14336K), 3 survivors (3072K)
 Metaspace       used 21267K, committed 21504K, reserved 1114112K
  class space    used 2533K, committed 2624K, reserved 1048576K
}
Event: 8.972 GC heap after
{Heap after GC invocations=6 (full 0):
 garbage-first heap   total 65536K, used 12419K [0x00000000c1400000, 0x0000000100000000)
  region size 1024K, 3 young (3072K), 3 survivors (3072K)
 Metaspace       used 21267K, committed 21504K, reserved 1114112K
  class space    used 2533K, committed 2624K, reserved 1048576K
}
Event: 10.688 GC heap before
{Heap before GC invocations=7 (full 0):
 garbage-first heap   total 48128K, used 38019K [0x00000000c1400000, 0x0000000100000000)
  region size 1024K, 28 young (28672K), 3 survivors (3072K)
 Metaspace       used 26503K, committed 26944K, reserved 1114112K
  class space    used 3215K, committed 3456K, reserved 1048576K
}
Event: 10.702 GC heap after
{Heap after GC invocations=8 (full 0):
 garbage-first heap   total 48128K, used 14644K [0x00000000c1400000, 0x0000000100000000)
  region size 1024K, 4 young (4096K), 4 survivors (4096K)
 Metaspace       used 26503K, committed 26944K, reserved 1114112K
  class space    used 3215K, committed 3456K, reserved 1048576K
}
Event: 10.719 GC heap before
{Heap before GC invocations=8 (full 0):
 garbage-first heap   total 48128K, used 15668K [0x00000000c1400000, 0x0000000100000000)
  region size 1024K, 5 young (5120K), 4 survivors (4096K)
 Metaspace       used 26504K, committed 26944K, reserved 1114112K
  class space    used 3215K, committed 3456K, reserved 1048576K
}
Event: 10.728 GC heap after
{Heap after GC invocations=9 (full 0):
 garbage-first heap   total 48128K, used 14796K [0x00000000c1400000, 0x0000000100000000)
  region size 1024K, 1 young (1024K), 1 survivors (1024K)
 Metaspace       used 26504K, committed 26944K, reserved 1114112K
  class space    used 3215K, committed 3456K, reserved 1048576K
}
Event: 11.734 GC heap before
{Heap before GC invocations=9 (full 0):
 garbage-first heap   total 48128K, used 33228K [0x00000000c1400000, 0x0000000100000000)
  region size 1024K, 20 young (20480K), 1 survivors (1024K)
 Metaspace       used 29000K, committed 29504K, reserved 1114112K
  class space    used 3554K, committed 3776K, reserved 1048576K
}
Event: 11.741 GC heap after
{Heap after GC invocations=10 (full 0):
 garbage-first heap   total 48128K, used 16514K [0x00000000c1400000, 0x0000000100000000)
  region size 1024K, 2 young (2048K), 2 survivors (2048K)
 Metaspace       used 29000K, committed 29504K, reserved 1114112K
  class space    used 3554K, committed 3776K, reserved 1048576K
}
Event: 12.818 GC heap before
{Heap before GC invocations=10 (full 0):
 garbage-first heap   total 48128K, used 34946K [0x00000000c1400000, 0x0000000100000000)
  region size 1024K, 21 young (21504K), 2 survivors (2048K)
 Metaspace       used 32406K, committed 33024K, reserved 1114112K
  class space    used 4069K, committed 4352K, reserved 1048576K
}
Event: 12.829 GC heap after
{Heap after GC invocations=11 (full 0):
 garbage-first heap   total 48128K, used 17882K [0x00000000c1400000, 0x0000000100000000)
  region size 1024K, 2 young (2048K), 2 survivors (2048K)
 Metaspace       used 32406K, committed 33024K, reserved 1114112K
  class space    used 4069K, committed 4352K, reserved 1048576K
}

Deoptimization events (20 events):
Event: 13.093 Thread 0x000002bc977b1740 DEOPT PACKING pc=0x000002bc80b81904 sp=0x000000d7c7af9a10
Event: 13.093 Thread 0x000002bc977b1740 DEOPT UNPACKING pc=0x000002bc80052b43 sp=0x000000d7c7af8f78 mode 1
Event: 13.093 Thread 0x000002bc977b1740 DEOPT PACKING pc=0x000002bc80b81904 sp=0x000000d7c7af9a10
Event: 13.094 Thread 0x000002bc977b1740 DEOPT UNPACKING pc=0x000002bc80052b43 sp=0x000000d7c7af8f78 mode 1
Event: 13.103 Thread 0x000002bc977b1740 DEOPT PACKING pc=0x000002bc80b81904 sp=0x000000d7c7af8230
Event: 13.103 Thread 0x000002bc977b1740 DEOPT UNPACKING pc=0x000002bc80052b43 sp=0x000000d7c7af7798 mode 1
Event: 13.103 Thread 0x000002bc977b1740 DEOPT PACKING pc=0x000002bc80b81904 sp=0x000000d7c7af8230
Event: 13.103 Thread 0x000002bc977b1740 DEOPT UNPACKING pc=0x000002bc80052b43 sp=0x000000d7c7af7798 mode 1
Event: 13.125 Thread 0x000002bc977b1740 DEOPT PACKING pc=0x000002bc80b81904 sp=0x000000d7c7af8e10
Event: 13.125 Thread 0x000002bc977b1740 DEOPT UNPACKING pc=0x000002bc80052b43 sp=0x000000d7c7af8378 mode 1
Event: 13.125 Thread 0x000002bc977b1740 DEOPT PACKING pc=0x000002bc80b81904 sp=0x000000d7c7af8e10
Event: 13.125 Thread 0x000002bc977b1740 DEOPT UNPACKING pc=0x000002bc80052b43 sp=0x000000d7c7af8378 mode 1
Event: 13.130 Thread 0x000002bc977b1740 DEOPT PACKING pc=0x000002bc80b81904 sp=0x000000d7c7af9a10
Event: 13.130 Thread 0x000002bc977b1740 DEOPT UNPACKING pc=0x000002bc80052b43 sp=0x000000d7c7af8f78 mode 1
Event: 13.130 Thread 0x000002bc977b1740 DEOPT PACKING pc=0x000002bc80b81904 sp=0x000000d7c7af9a10
Event: 13.130 Thread 0x000002bc977b1740 DEOPT UNPACKING pc=0x000002bc80052b43 sp=0x000000d7c7af8f78 mode 1
Event: 13.141 Thread 0x000002bc977b1740 DEOPT PACKING pc=0x000002bc80b81904 sp=0x000000d7c7afac30
Event: 13.141 Thread 0x000002bc977b1740 DEOPT UNPACKING pc=0x000002bc80052b43 sp=0x000000d7c7afa198 mode 1
Event: 13.142 Thread 0x000002bc977b1740 DEOPT PACKING pc=0x000002bc80b81904 sp=0x000000d7c7afac30
Event: 13.142 Thread 0x000002bc977b1740 DEOPT UNPACKING pc=0x000002bc80052b43 sp=0x000000d7c7afa198 mode 1

Classes loaded (20 events):
Event: 13.143 Loading class org/springframework/http/converter/json/MappingJackson2HttpMessageConverter
Event: 13.143 Loading class org/springframework/http/converter/json/MappingJackson2HttpMessageConverter done
Event: 13.143 Loading class org/springframework/http/converter/json/MappingJackson2HttpMessageConverter
Event: 13.143 Loading class org/springframework/http/converter/json/MappingJackson2HttpMessageConverter done
Event: 13.144 Loading class org/springframework/hateoas/mediatype/hal/CurieProvider
Event: 13.144 Loading class org/springframework/hateoas/mediatype/hal/CurieProvider done
Event: 13.144 Loading class org/springframework/hateoas/mediatype/hal/CurieProvider
Event: 13.144 Loading class org/springframework/hateoas/mediatype/hal/CurieProvider done
Event: 13.144 Loading class org/springframework/hateoas/mediatype/hal/CurieProvider$1
Event: 13.144 Loading class org/springframework/hateoas/mediatype/hal/CurieProvider$1 done
Event: 13.145 Loading class com/fasterxml/jackson/databind/ObjectMapper
Event: 13.145 Loading class com/fasterxml/jackson/databind/ObjectMapper done
Event: 13.145 Loading class com/fasterxml/jackson/databind/ObjectMapper
Event: 13.145 Loading class com/fasterxml/jackson/databind/ObjectMapper done
Event: 13.146 Loading class org/springframework/http/MediaType
Event: 13.146 Loading class org/springframework/http/MediaType done
Event: 13.147 Loading class org/springframework/hateoas/mediatype/hal/CurieProvider
Event: 13.147 Loading class org/springframework/hateoas/mediatype/hal/CurieProvider done
Event: 13.147 Loading class org/springframework/hateoas/mediatype/hal/CurieProvider
Event: 13.147 Loading class org/springframework/hateoas/mediatype/hal/CurieProvider done

Classes unloaded (0 events):
No events

Classes redefined (0 events):
No events

Internal exceptions (20 events):
Event: 10.758 Thread 0x000002bc977b1740 Exception <a 'java/lang/NoSuchMethodError'{0x00000000c53f3f58}: 'int java.lang.invoke.DirectMethodHandle$Holder.invokeVirtual(java.lang.Object, java.lang.Object, java.lang.Object, java.lang.Object)'> (0x00000000c53f3f58) 
thrown [s\src\hotspot\share\interpreter\linkResolver.cpp, line 759]
Event: 10.761 Thread 0x000002bc977b1740 Exception <a 'java/lang/NoSuchMethodError'{0x00000000c53f7c58}: 'int java.lang.invoke.DelegatingMethodHandle$Holder.reinvoke_L(java.lang.Object, java.lang.Object, java.lang.Object, java.lang.Object)'> (0x00000000c53f7c58) 
thrown [s\src\hotspot\share\interpreter\linkResolver.cpp, line 759]
Event: 10.824 Thread 0x000002bc977b1740 Exception <a 'java/lang/NoSuchMethodError'{0x00000000c464c8d8}: 'java.lang.Object java.lang.invoke.DirectMethodHandle$Holder.invokeSpecial(java.lang.Object, java.lang.Object, long, java.lang.Object, java.lang.Object, java.lang.Object, java.lang.Object, java.lang.Object, java.lang.Object)'> (0x00000000c464c8d8) 
thrown [s\src\hotspot\share\interpreter\linkResolver.cpp, line 759]
Event: 10.824 Thread 0x000002bc977b1740 Exception <a 'java/lang/NoSuchMethodError'{0x00000000c4651688}: 'java.lang.Object java.lang.invoke.DelegatingMethodHandle$Holder.reinvoke_L(java.lang.Object, long, java.lang.Object, java.lang.Object, java.lang.Object, java.lang.Object, java.lang.Object, java.lang.Object)'> (0x00000000c4651688) 
thrown [s\src\hotspot\share\interpreter\linkResolver.cpp, line 759]
Event: 10.911 Thread 0x000002bc977b1740 Exception <a 'java/io/FileNotFoundException'{0x00000000c3ebd748}> (0x00000000c3ebd748) 
thrown [s\src\hotspot\share\prims\jni.cpp, line 516]
Event: 10.992 Thread 0x000002bc977b1740 Exception <a 'java/lang/NoSuchMethodError'{0x00000000c3dc1148}: 'int java.lang.invoke.DirectMethodHandle$Holder.invokeInterface(java.lang.Object, java.lang.Object, java.lang.Object, java.lang.Object)'> (0x00000000c3dc1148) 
thrown [s\src\hotspot\share\interpreter\linkResolver.cpp, line 759]
Event: 11.096 Thread 0x000002bc977b1740 Exception <a 'sun/nio/fs/WindowsException'{0x00000000c3b6ba10}> (0x00000000c3b6ba10) 
thrown [s\src\hotspot\share\prims\jni.cpp, line 516]
Event: 11.323 Thread 0x000002bc977b1740 Exception <a 'java/lang/NoSuchMethodError'{0x00000000c36486b0}: 'long java.lang.invoke.DirectMethodHandle$Holder.invokeVirtual(java.lang.Object, java.lang.Object)'> (0x00000000c36486b0) 
thrown [s\src\hotspot\share\interpreter\linkResolver.cpp, line 759]
Event: 11.336 Thread 0x000002bc977b1740 Exception <a 'java/io/FileNotFoundException'{0x00000000c367b690}> (0x00000000c367b690) 
thrown [s\src\hotspot\share\prims\jni.cpp, line 516]
Event: 11.389 Thread 0x000002bc977b1740 Exception <a 'java/lang/NoSuchMethodError'{0x00000000c35a2040}: 'void java.lang.invoke.Invokers$Holder.invokeExact_MT(java.lang.Object, java.lang.Object, java.lang.Object, java.lang.Object)'> (0x00000000c35a2040) 
thrown [s\src\hotspot\share\interpreter\linkResolver.cpp, line 759]
Event: 11.560 Thread 0x000002bc977b1740 Exception <a 'java/lang/NoSuchMethodError'{0x00000000c3279188}: 'java.lang.Object java.lang.invoke.DirectMethodHandle$Holder.newInvokeSpecial(java.lang.Object, java.lang.Object, java.lang.Object, java.lang.Object, java.lang.Object, java.lang.Object)'> (0x00000000c3279188) 
thrown [s\src\hotspot\share\interpreter\linkResolver.cpp, line 759]
Event: 11.573 Thread 0x000002bc977b1740 Exception <a 'java/lang/NoSuchMethodError'{0x00000000c32d51b8}: 'java.lang.Object java.lang.invoke.DirectMethodHandle$Holder.newInvokeSpecial(java.lang.Object, java.lang.Object, java.lang.Object, java.lang.Object, java.lang.Object, java.lang.Object, java.lang.Object, java.lang.Object)'> (0x00000000c32d51b8) 
thrown [s\src\hotspot\share\interpreter\linkResolver.cpp, line 759]
Event: 11.649 Thread 0x000002bc977b1740 Exception <a 'java/lang/NoSuchMethodError'{0x00000000c30506f8}: 'java.lang.Object java.lang.invoke.DirectMethodHandle$Holder.newInvokeSpecial(java.lang.Object, java.lang.Object, java.lang.Object, java.lang.Object, java.lang.Object, java.lang.Object, java.lang.Object, java.lang.Object, java.lang.Object)'> (0x00000000c30506f8) 
thrown [s\src\hotspot\share\interpreter\linkResolver.cpp, line 759]
Event: 11.660 Thread 0x000002bc977b1740 Exception <a 'java/lang/IncompatibleClassChangeError'{0x00000000c3090b48}: Found class java.lang.Object, but interface was expected> (0x00000000c3090b48) 
thrown [s\src\hotspot\share\interpreter\linkResolver.cpp, line 826]
Event: 11.684 Thread 0x000002bc977b1740 Exception <a 'java/lang/NoSuchMethodError'{0x00000000c30e30f8}: 'java.lang.Object java.lang.invoke.DirectMethodHandle$Holder.newInvokeSpecial(java.lang.Object, java.lang.Object, java.lang.Object, java.lang.Object, java.lang.Object, java.lang.Object, java.lang.Object, java.lang.Object, java.lang.Object, java.lang.Object, java.lang.Object)'> (0x00000000c30e30f8) 
thrown [s\src\hotspot\share\interpreter\linkResolver.cpp, line 759]
Event: 11.685 Thread 0x000002bc977b1740 Exception <a 'java/lang/NoSuchMethodError'{0x00000000c30e8830}: 'java.lang.Object java.lang.invoke.DirectMethodHandle$Holder.invokeSpecial(java.lang.Object, java.lang.Object, java.lang.Object, java.lang.Object, java.lang.Object, java.lang.Object, java.lang.Object, java.lang.Object, java.lang.Object, java.lang.Object, java.lang.Object, java.lang.Object)'> (0x00000000c30e8830) 
thrown [s\src\hotspot\share\interpreter\linkResolver.cpp, line 759]
Event: 11.823 Thread 0x000002bc977b1740 Exception <a 'sun/nio/fs/WindowsException'{0x00000000c484bd30}> (0x00000000c484bd30) 
thrown [s\src\hotspot\share\prims\jni.cpp, line 516]
Event: 12.429 Thread 0x000002bc977b1740 Exception <a 'java/lang/NoSuchMethodError'{0x00000000c3689528}: 'java.lang.Object java.lang.invoke.DirectMethodHandle$Holder.invokeVirtual(java.lang.Object, java.lang.Object, int)'> (0x00000000c3689528) 
thrown [s\src\hotspot\share\interpreter\linkResolver.cpp, line 759]
Event: 12.544 Thread 0x000002bc977b1740 Exception <a 'java/lang/NoSuchMethodError'{0x00000000c3480ee0}: 'java.lang.Object java.lang.invoke.DirectMethodHandle$Holder.invokeVirtual(java.lang.Object, java.lang.Object, java.lang.Object, java.lang.Object, java.lang.Object, java.lang.Object, java.lang.Object, java.lang.Object)'> (0x00000000c3480ee0) 
thrown [s\src\hotspot\share\interpreter\linkResolver.cpp, line 759]
Event: 12.945 Thread 0x000002bc977b1740 Exception <a 'java/lang/NoSuchMethodError'{0x00000000c48480b0}: 'java.lang.Object java.lang.invoke.DirectMethodHandle$Holder.invokeSpecialIFC(java.lang.Object, java.lang.Object, java.lang.Object)'> (0x00000000c48480b0) 
thrown [s\src\hotspot\share\interpreter\linkResolver.cpp, line 759]

VM Operations (20 events):
Event: 11.818 Executing VM operation: HandshakeAllThreads
Event: 11.818 Executing VM operation: HandshakeAllThreads done
Event: 11.827 Executing VM operation: HandshakeAllThreads
Event: 11.827 Executing VM operation: HandshakeAllThreads done
Event: 11.838 Executing VM operation: HandshakeAllThreads
Event: 11.838 Executing VM operation: HandshakeAllThreads done
Event: 12.216 Executing VM operation: HandshakeAllThreads
Event: 12.216 Executing VM operation: HandshakeAllThreads done
Event: 12.568 Executing VM operation: HandshakeAllThreads
Event: 12.568 Executing VM operation: HandshakeAllThreads done
Event: 12.697 Executing VM operation: HandshakeAllThreads
Event: 12.697 Executing VM operation: HandshakeAllThreads done
Event: 12.726 Executing VM operation: HandshakeAllThreads
Event: 12.726 Executing VM operation: HandshakeAllThreads done
Event: 12.769 Executing VM operation: HandshakeAllThreads
Event: 12.769 Executing VM operation: HandshakeAllThreads done
Event: 12.769 Executing VM operation: Cleanup
Event: 12.769 Executing VM operation: Cleanup done
Event: 12.818 Executing VM operation: G1CollectForAllocation
Event: 12.829 Executing VM operation: G1CollectForAllocation done

Events (20 events):
Event: 1.082 Loaded shared library C:\Users\ERIN_JAVALead\.jdks\corretto-18.0.2\bin\instrument.dll
Event: 1.153 Thread 0x000002bc9719cc60 Thread added: 0x000002bc9719cc60
Event: 1.208 Loaded shared library C:\Users\ERIN_JAVALead\.jdks\corretto-18.0.2\bin\net.dll
Event: 1.210 Loaded shared library C:\Users\ERIN_JAVALead\.jdks\corretto-18.0.2\bin\nio.dll
Event: 1.228 Loaded shared library C:\Users\ERIN_JAVALead\.jdks\corretto-18.0.2\bin\zip.dll
Event: 1.645 Loaded shared library C:\Users\ERIN_JAVALead\.jdks\corretto-18.0.2\bin\jimage.dll
Event: 3.496 Loaded shared library C:\Users\ERIN_JAVALead\.jdks\corretto-18.0.2\bin\management.dll
Event: 3.501 Loaded shared library C:\Users\ERIN_JAVALead\.jdks\corretto-18.0.2\bin\management_ext.dll
Event: 3.667 Thread 0x000002bc977b0a60 Thread added: 0x000002bc977b0a60
Event: 3.689 Thread 0x000002bc977b1740 Thread added: 0x000002bc977b1740
Event: 4.623 Thread 0x000002bc97edbe60 Thread added: 0x000002bc97edbe60
Event: 4.955 Thread 0x000002bc97edbe60 Thread exited: 0x000002bc97edbe60
Event: 4.984 Thread 0x000002bc97f66020 Thread added: 0x000002bc97f66020
Event: 6.456 Loaded shared library C:\Users\ERIN_JAVALead\.jdks\corretto-18.0.2\bin\sunmscapi.dll
Event: 6.471 Thread 0x000002bc97f66020 Thread exited: 0x000002bc97f66020
Event: 6.624 Thread 0x000002bc97f66020 Thread added: 0x000002bc97f66020
Event: 6.879 Thread 0x000002bc97f66020 Thread exited: 0x000002bc97f66020
Event: 11.367 Thread 0x000002bc998452e0 Thread added: 0x000002bc998452e0
Event: 11.373 Thread 0x000002bc995a77a0 Thread added: 0x000002bc995a77a0
Event: 11.382 Thread 0x000002bcffdbba10 Thread added: 0x000002bcffdbba10


Dynamic libraries:
0x00007ff7d9f40000 - 0x00007ff7d9f4d000 	C:\Users\ERIN_JAVALead\.jdks\corretto-18.0.2\bin\java.exe
0x00007ffed73f0000 - 0x00007ffed75e8000 	C:\WINDOWS\SYSTEM32\ntdll.dll
0x00007ffed5cf0000 - 0x00007ffed5dad000 	C:\WINDOWS\System32\KERNEL32.DLL
0x00007ffed4f90000 - 0x00007ffed5286000 	C:\WINDOWS\System32\KERNELBASE.dll
0x00007ffed4b90000 - 0x00007ffed4c90000 	C:\WINDOWS\System32\ucrtbase.dll
0x00007ffecde50000 - 0x00007ffecde67000 	C:\Users\ERIN_JAVALead\.jdks\corretto-18.0.2\bin\jli.dll
0x00007ffed6b40000 - 0x00007ffed6cde000 	C:\WINDOWS\System32\USER32.dll
0x00007ffed4f60000 - 0x00007ffed4f82000 	C:\WINDOWS\System32\win32u.dll
0x00007ffed6070000 - 0x00007ffed609c000 	C:\WINDOWS\System32\GDI32.dll
0x00007ffed4e40000 - 0x00007ffed4f5a000 	C:\WINDOWS\System32\gdi32full.dll
0x00007ffed4aa0000 - 0x00007ffed4b3d000 	C:\WINDOWS\System32\msvcp_win.dll
0x00007ffecdd90000 - 0x00007ffecdda5000 	C:\Users\ERIN_JAVALead\.jdks\corretto-18.0.2\bin\VCRUNTIME140.dll
0x00007ffec2e30000 - 0x00007ffec30ca000 	C:\WINDOWS\WinSxS\amd64_microsoft.windows.common-controls_6595b64144ccf1df_6.0.19041.3636_none_60b6a03d71f818d5\COMCTL32.dll
0x00007ffed6a90000 - 0x00007ffed6b2e000 	C:\WINDOWS\System32\msvcrt.dll
0x00007ffed5e80000 - 0x00007ffed5eb0000 	C:\WINDOWS\System32\IMM32.DLL
0x00007ffec15f0000 - 0x00007ffec168b000 	C:\Users\ERIN_JAVALead\.jdks\corretto-18.0.2\bin\msvcp140.dll
0x00007ffe99e40000 - 0x00007ffe9aab1000 	C:\Users\ERIN_JAVALead\.jdks\corretto-18.0.2\bin\server\jvm.dll
0x00007ffed5ac0000 - 0x00007ffed5b6f000 	C:\WINDOWS\System32\ADVAPI32.dll
0x00007ffed72e0000 - 0x00007ffed737c000 	C:\WINDOWS\System32\sechost.dll
0x00007ffed5790000 - 0x00007ffed58b6000 	C:\WINDOWS\System32\RPCRT4.dll
0x00007ffed6b30000 - 0x00007ffed6b38000 	C:\WINDOWS\System32\PSAPI.DLL
0x00007ffecdc70000 - 0x00007ffecdc79000 	C:\WINDOWS\SYSTEM32\WSOCK32.dll
0x00007ffed5970000 - 0x00007ffed59db000 	C:\WINDOWS\System32\WS2_32.dll
0x00007ffead200000 - 0x00007ffead227000 	C:\WINDOWS\SYSTEM32\WINMM.dll
0x00007ffecec00000 - 0x00007ffecec0a000 	C:\WINDOWS\SYSTEM32\VERSION.dll
0x00007ffed2960000 - 0x00007ffed2972000 	C:\WINDOWS\SYSTEM32\kernel.appcore.dll
0x00007ffed2230000 - 0x00007ffed223a000 	C:\Users\ERIN_JAVALead\.jdks\corretto-18.0.2\bin\jimage.dll
0x00007ffeb35b0000 - 0x00007ffeb3794000 	C:\WINDOWS\SYSTEM32\DBGHELP.DLL
0x00007ffeb3570000 - 0x00007ffeb35a4000 	C:\WINDOWS\SYSTEM32\dbgcore.DLL
0x00007ffed4d00000 - 0x00007ffed4d82000 	C:\WINDOWS\System32\bcryptPrimitives.dll
0x00007ffeb5b40000 - 0x00007ffeb5b7a000 	C:\Users\ERIN_JAVALead\.jdks\corretto-18.0.2\bin\jdwp.dll
0x00007ffed04f0000 - 0x00007ffed04fe000 	C:\Users\ERIN_JAVALead\.jdks\corretto-18.0.2\bin\instrument.dll
0x00007ffebfd90000 - 0x00007ffebfdb5000 	C:\Users\ERIN_JAVALead\.jdks\corretto-18.0.2\bin\java.dll
0x00007ffebe470000 - 0x00007ffebe488000 	C:\Users\ERIN_JAVALead\.jdks\corretto-18.0.2\bin\zip.dll
0x00007ffea61a0000 - 0x00007ffea6276000 	C:\Users\ERIN_JAVALead\.jdks\corretto-18.0.2\bin\jsvml.dll
0x00007ffed60c0000 - 0x00007ffed6805000 	C:\WINDOWS\System32\SHELL32.dll
0x00007ffed2b60000 - 0x00007ffed32fb000 	C:\WINDOWS\SYSTEM32\windows.storage.dll
0x00007ffed5420000 - 0x00007ffed5774000 	C:\WINDOWS\System32\combase.dll
0x00007ffed4410000 - 0x00007ffed443d000 	C:\WINDOWS\SYSTEM32\Wldp.dll
0x00007ffed58c0000 - 0x00007ffed596d000 	C:\WINDOWS\System32\SHCORE.dll
0x00007ffed6ce0000 - 0x00007ffed6d35000 	C:\WINDOWS\System32\shlwapi.dll
0x00007ffed49d0000 - 0x00007ffed49f5000 	C:\WINDOWS\SYSTEM32\profapi.dll
0x00007ffec3690000 - 0x00007ffec369c000 	C:\Users\ERIN_JAVALead\.jdks\corretto-18.0.2\bin\dt_socket.dll
0x00007ffed3e60000 - 0x00007ffed3e9b000 	C:\WINDOWS\SYSTEM32\IPHLPAPI.DLL
0x00007ffed4170000 - 0x00007ffed41da000 	C:\WINDOWS\system32\mswsock.dll
0x00007ffec1ea0000 - 0x00007ffec1eb3000 	C:\Users\ERIN_JAVALead\.jdks\corretto-18.0.2\bin\net.dll
0x00007ffece770000 - 0x00007ffece87a000 	C:\WINDOWS\SYSTEM32\WINHTTP.dll
0x00007ffec1e50000 - 0x00007ffec1e65000 	C:\Users\ERIN_JAVALead\.jdks\corretto-18.0.2\bin\nio.dll
0x00007ffecf510000 - 0x00007ffecf519000 	C:\Users\ERIN_JAVALead\.jdks\corretto-18.0.2\bin\management.dll
0x00007ffecde40000 - 0x00007ffecde4b000 	C:\Users\ERIN_JAVALead\.jdks\corretto-18.0.2\bin\management_ext.dll
0x00007ffed0520000 - 0x00007ffed052e000 	C:\Users\ERIN_JAVALead\.jdks\corretto-18.0.2\bin\sunmscapi.dll
0x00007ffed52c0000 - 0x00007ffed541d000 	C:\WINDOWS\System32\CRYPT32.dll
0x00007ffed4480000 - 0x00007ffed44a7000 	C:\WINDOWS\SYSTEM32\ncrypt.dll
0x00007ffed4440000 - 0x00007ffed447b000 	C:\WINDOWS\SYSTEM32\NTASN1.dll
0x00007ffed4370000 - 0x00007ffed4388000 	C:\WINDOWS\SYSTEM32\CRYPTSP.dll
0x00007ffed3aa0000 - 0x00007ffed3ad4000 	C:\WINDOWS\system32\rsaenh.dll
0x00007ffed5290000 - 0x00007ffed52b7000 	C:\WINDOWS\System32\bcrypt.dll
0x00007ffed4950000 - 0x00007ffed497e000 	C:\WINDOWS\SYSTEM32\USERENV.dll
0x00007ffed4360000 - 0x00007ffed436c000 	C:\WINDOWS\SYSTEM32\CRYPTBASE.dll
0x00007ffed5780000 - 0x00007ffed5788000 	C:\WINDOWS\System32\NSI.dll
0x00007ffecea00000 - 0x00007ffecea17000 	C:\WINDOWS\SYSTEM32\dhcpcsvc6.DLL
0x00007ffeceb70000 - 0x00007ffeceb8d000 	C:\WINDOWS\SYSTEM32\dhcpcsvc.DLL
0x00007ffed3ea0000 - 0x00007ffed3f6a000 	C:\WINDOWS\SYSTEM32\DNSAPI.dll

dbghelp: loaded successfully - version: 4.0.5 - missing functions: none
symbol engine: initialized successfully - sym options: 0x614 - pdb path: .;C:\Users\ERIN_JAVALead\.jdks\corretto-18.0.2\bin;C:\WINDOWS\SYSTEM32;C:\WINDOWS\WinSxS\amd64_microsoft.windows.common-controls_6595b64144ccf1df_6.0.19041.3636_none_60b6a03d71f818d5;C:\Users\ERIN_JAVALead\.jdks\corretto-18.0.2\bin\server

VM Arguments:
jvm_args: -agentlib:jdwp=transport=dt_socket,address=127.0.0.1:50110,suspend=y,server=n -javaagent:C:\Users\ERIN_JAVALead\AppData\Local\JetBrains\IdeaIC2021.3\captureAgent\debugger-agent.jar=file:/C:/Users/ERIN_JAVALead/AppData/Local/Temp/capture.props -Dfile.encoding=UTF-8 
java_command: test.springbootsecurity.springbootWithSecurity.SpringbootWithSecurityApplication
java_class_path (initial): C:\Users\ERIN_JAVALead\Downloads\springbootWithSecurity\springbootWithSecurity\target\classes;C:\Users\ERIN_JAVALead\.m2\repository\org\springframework\boot\spring-boot-starter-data-rest\3.2.1\spring-boot-starter-data-rest-3.2.1.jar;C:\Users\ERIN_JAVALead\.m2\repository\org\springframework\data\spring-data-rest-webmvc\4.2.1\spring-data-rest-webmvc-4.2.1.jar;C:\Users\ERIN_JAVALead\.m2\repository\org\springframework\data\spring-data-rest-core\4.2.1\spring-data-rest-core-4.2.1.jar;C:\Users\ERIN_JAVALead\.m2\repository\org\springframework\hateoas\spring-hateoas\2.2.0\spring-hateoas-2.2.0.jar;C:\Users\ERIN_JAVALead\.m2\repository\org\springframework\data\spring-data-commons\3.2.1\spring-data-commons-3.2.1.jar;C:\Users\ERIN_JAVALead\.m2\repository\org\springframework\plugin\spring-plugin-core\3.0.0\spring-plugin-core-3.0.0.jar;C:\Users\ERIN_JAVALead\.m2\repository\org\atteo\evo-inflector\1.3\evo-inflector-1.3.jar;C:\Users\ERIN_JAVALead\.m2\repository\com\fasterxml\jackson\core\jackson-databind\2.15.3\jackson-databind-2.15.3.jar;C:\Users\ERIN_JAVALead\.m2\repository\com\fasterxml\jackson\core\jackson-core\2.15.3\jackson-core-2.15.3.jar;C:\Users\ERIN_JAVALead\.m2\repository\com\fasterxml\jackson\core\jackson-annotations\2.15.3\jackson-annotations-2.15.3.jar;C:\Users\ERIN_JAVALead\.m2\repository\org\slf4j\slf4j-api\2.0.9\slf4j-api-2.0.9.jar;C:\Users\ERIN_JAVALead\.m2\repository\org\springframework\boot\spring-boot-starter-security\3.2.1\spring-boot-starter-security-3.2.1.jar;C:\Users\ERIN_JAVALead\.m2\repository\org\springframework\boot\spring-boot-starter\3.2.1\spring-boot-starter-3.2.1.jar;C:\Users\ERIN_JAVALead\.m2\repository\org\springframework\boot\spring-boot-starter-logging\3.2.1\spring-boot-starter-logging-3.2.1.jar;C:\Users\ERIN_JAVALead\.m2\repository\org\apache\logging\log4j\log4j-to-slf4j\2.21.1\log4j-to-slf4j-2.21.1.jar;C:\Users\ERIN_JAVALead\.m2\repository\org\apache\logging\log4j\log4j-api\2.21.1\log4j-api-2.21.1.jar;C:\Users\ERIN_JAVALead\.m2\repository\org\slf4j\jul-to-slf4j\2.0.9\jul-to-slf4j-2.0.9.jar;C:\Users\ERIN_JAVALead\.m2\repository\jakarta\annotation\jakarta.annotation-api\2.1.1\jakarta.annotation-api-2.1.1.jar;C:\Users\ERIN_JAVALead\.m2\repository\org\yaml\snakeyaml\2.2\snakeyaml-2.2.jar;C:\Users\ERIN_JAVALead\.m2\repository\org\springframework\spring-aop\6.1.2\spring-aop-6.1.2.jar;C:\Users\ERIN_JAVALead\.m2\repository\org\springframework\spring-beans\6.1.2\spring-beans-6.1.2.jar;C:\Users\ERIN_JAVALead\.m2\repository\org\springframework\security\spring-security-config\6.2.1\spring-security-config-6.2.1.jar;C:\Users\ERIN_JAVALead\.m2\repository\org\springframework\security\spring-security-web\6.2.1\spring-security-web-6.2.1.jar;C:\Users\ERIN_JAVALead\.m2\repository\org\springframework\spring-expression\6.1.2\spring-expression-6.1.2.jar;C:\Users\ERIN_JAVALead\.m2\repository\org\springframework\boot\spring-boot-starter-web\3.2.1\spring-boot-starter-web-3.2.1.jar;C:\Users\ERIN_JAVALead\.m2\repository\org\springframework\boot\spring-boot-starter-json\3.2.1\spring-boot-starter-json-3.2.1.jar;C:\Users\ERIN_JAVALead\.m2\repository\com\fasterxml\jackson\datatype\jackson-datatype-jdk8\2.15.3\jackson-datatype-jdk8-2.15.3.jar;C:\Users\ERIN_JAVALead\.m2\repository\com\fasterxml\jackson\datatype\jackson-datatype-jsr310\2.15.3\jackson-datatype-jsr310-2.15.3.jar;C:\Users\ERIN_JAVALead\.m2\repository\com\fasterxml\jackson\module\jackson-module-parameter-names\2.15.3\jackson-module-parameter-names-2.15.3.jar;C:\Users\ERIN_JAVALead\.m2\repository\org\springframework\boot\spring-boot-starter-tomcat\3.2.1\spring-boot-starter-tomcat-3.2.1.jar;C:\Users\ERIN_JAVALead\.m2\repository\org\apache\tomcat\embed\tomcat-embed-core\10.1.17\tomcat-embed-core-10.1.17.jar;C:\Users\ERIN_JAVALead\.m2\repository\org\apache\tomcat\embed\tomcat-embed-el\10.1.17\tomcat-embed-el-10.1.17.jar;C:\Users\ERIN_JAVALead\.m2\repository\org\apache\tomcat\embed\tomcat-embed-websocket\10.1.17\tomcat-embed-websocket-10.1.17.jar;C:\Users\ERIN_JAVALead\.m2\repository\org\springframework\spring-web\6.1.2\spring-web-6.1.2.jar;C:\Users\ERIN_JAVALead\.m2\repository\org\springframework\spring-webmvc\6.1.2\spring-webmvc-6.1.2.jar;C:\Users\ERIN_JAVALead\.m2\repository\org\springframework\kafka\spring-kafka\3.1.1\spring-kafka-3.1.1.jar;C:\Users\ERIN_JAVALead\.m2\repository\org\springframework\spring-context\6.1.2\spring-context-6.1.2.jar;C:\Users\ERIN_JAVALead\.m2\repository\org\springframework\spring-messaging\6.1.2\spring-messaging-6.1.2.jar;C:\Users\ERIN_JAVALead\.m2\repository\org\springframework\spring-tx\6.1.2\spring-tx-6.1.2.jar;C:\Users\ERIN_JAVALead\.m2\repository\org\springframework\retry\spring-retry\2.0.5\spring-retry-2.0.5.jar;C:\Users\ERIN_JAVALead\.m2\repository\org\apache\kafka\kafka-clients\3.6.1\kafka-clients-3.6.1.jar;C:\Users\ERIN_JAVALead\.m2\repository\com\github\luben\zstd-jni\1.5.5-1\zstd-jni-1.5.5-1.jar;C:\Users\ERIN_JAVALead\.m2\repository\org\lz4\lz4-java\1.8.0\lz4-java-1.8.0.jar;C:\Users\ERIN_JAVALead\.m2\repository\org\xerial\snappy\snappy-java\1.1.10.5\snappy-java-1.1.10.5.jar;C:\Users\ERIN_JAVALead\.m2\repository\io\micrometer\micrometer-observation\1.12.1\micrometer-observation-1.12.1.jar;C:\Users\ERIN_JAVALead\.m2\repository\io\micrometer\micrometer-commons\1.12.1\micrometer-commons-1.12.1.jar;C:\Users\ERIN_JAVALead\.m2\repository\com\google\code\findbugs\jsr305\3.0.2\jsr305-3.0.2.jar;C:\Users\ERIN_JAVALead\.m2\repository\org\springframework\boot\spring-boot-devtools\3.2.1\spring-boot-devtools-3.2.1.jar;C:\Users\ERIN_JAVALead\.m2\repository\org\springframework\boot\spring-boot\3.2.1\spring-boot-3.2.1.jar;C:\Users\ERIN_JAVALead\.m2\repository\org\springframework\boot\spring-boot-autoconfigure\3.2.1\spring-boot-autoconfigure-3.2.1.jar;C:\Users\ERIN_JAVALead\.m2\repository\org\projectlombok\lombok\1.18.30\lombok-1.18.30.jar;C:\Users\ERIN_JAVALead\.m2\repository\com\jayway\jsonpath\json-path\2.8.0\json-path-2.8.0.jar;C:\Users\ERIN_JAVALead\.m2\repository\net\minidev\json-smart\2.5.0\json-smart-2.5.0.jar;C:\Users\ERIN_JAVALead\.m2\repository\net\minidev\accessors-smart\2.5.0\accessors-smart-2.5.0.jar;C:\Users\ERIN_JAVALead\.m2\repository\org\ow2\asm\asm\9.3\asm-9.3.jar;C:\Users\ERIN_JAVALead\.m2\repository\org\springframework\spring-core\6.1.2\spring-core-6.1.2.jar;C:\Users\ERIN_JAVALead\.m2\repository\org\springframework\spring-jcl\6.1.2\spring-jcl-6.1.2.jar;C:\Users\ERIN_JAVALead\.m2\repository\ch\qos\logback\logback-core\1.4.14\logback-core-1.4.14.jar;C:\Users\ERIN_JAVALead\.m2\repository\ch\qos\logback\logback-classic\1.4.14\logback-classic-1.4.14.jar;C:\Users\ERIN_JAVALead\.m2\repository\org\springframework\security\spring-security-core\6.2.1\spring-security-core-6.2.1.jar;C:\Users\ERIN_JAVALead\.m2\repository\org\springframework\security\spring-security-crypto\6.2.1\spring-security-crypto-6.2.1.jar;C:\Users\ERIN_JAVALead\.m2\repository\io\jsonwebtoken\jjwt\0.12.3\jjwt-0.12.3.jar;C:\Users\ERIN_JAVALead\.m2\repository\io\jsonwebtoken\jjwt-api\0.12.3\jjwt-api-0.12.3.jar;C:\Users\ERIN_JAVALead\.m2\repository\io\jsonwebtoken\jjwt-impl\0.12.3\jjwt-impl-0.12.3.jar;C:\Users\ERIN_JAVALead\.m2\repository\io\jsonwebtoken\jjwt-jackson\0.12.3\jjwt-jackson-0.12.3.jar;C:\Users\ERIN_JAVALead\.m2\repository\javax\xml\bind\jaxb-api\2.3.0\jaxb-api-2.3.0.jar;C:\Program Files\JetBrains\IntelliJ IDEA Community Edition 2021.3.3\lib\idea_rt.jar
Launcher Type: SUN_STANDARD

[Global flags]
     intx CICompilerCount                          = 3                                         {product} {ergonomic}
     uint ConcGCThreads                            = 1                                         {product} {ergonomic}
     uint G1ConcRefinementThreads                  = 4                                         {product} {ergonomic}
   size_t G1HeapRegionSize                         = 1048576                                   {product} {ergonomic}
    uintx GCDrainStackTargetSize                   = 64                                        {product} {ergonomic}
   size_t InitialHeapSize                          = 67108864                                  {product} {ergonomic}
   size_t MarkStackSize                            = 4194304                                   {product} {ergonomic}
   size_t MaxHeapSize                              = 1052770304                                {product} {ergonomic}
   size_t MaxNewSize                               = 631242752                                 {product} {ergonomic}
   size_t MinHeapDeltaBytes                        = 1048576                                   {product} {ergonomic}
   size_t MinHeapSize                              = 8388608                                   {product} {ergonomic}
    uintx NonNMethodCodeHeapSize                   = 5832780                                {pd product} {ergonomic}
    uintx NonProfiledCodeHeapSize                  = 122912730                              {pd product} {ergonomic}
    uintx ProfiledCodeHeapSize                     = 122912730                              {pd product} {ergonomic}
    uintx ReservedCodeCacheSize                    = 251658240                              {pd product} {ergonomic}
     bool SegmentedCodeCache                       = true                                      {product} {ergonomic}
   size_t SoftMaxHeapSize                          = 1052770304                             {manageable} {ergonomic}
     bool UseCompressedClassPointers               = true                           {product lp64_product} {ergonomic}
     bool UseCompressedOops                        = true                           {product lp64_product} {ergonomic}
     bool UseG1GC                                  = true                                      {product} {ergonomic}
     bool UseLargePagesIndividualAllocation        = false                                  {pd product} {ergonomic}

Logging:
Log output configuration:
 #0: stdout all=warning uptime,level,tags foldmultilines=false
 #1: stderr all=off uptime,level,tags foldmultilines=false

Environment Variables:
PATH=C:\WINDOWS\system32;C:\WINDOWS;C:\WINDOWS\System32\Wbem;C:\WINDOWS\System32\WindowsPowerShell\v1.0\;C:\WINDOWS\System32\OpenSSH\;C:\Program Files (x86)\nodejs\;C:\Program Files (x86)\nodejs\npm;C:\Users\ERIN_JAVALead\AppData\Roaming\npm;C:\Program Files\Git\cmd;C:\Program Files (x86)\dotnet\;C:\Program Files (x86)\Microsoft SQL Server\160\DTS\Binn\;C:\Program Files\Azure Data Studio\bin;C:\Program Files (x86)\Microsoft SQL Server\160\Tools\Binn\;C:\Program Files\Microsoft SQL Server\160\Tools\Binn\;C:\Program Files\Microsoft SQL Server\Client SDK\ODBC\170\Tools\Binn\;C:\Program Files\Microsoft SQL Server\160\DTS\Binn\;C:\Users\ERIN_JAVALead\AppData\Local\Microsoft\WindowsApps;;C:\Users\ERIN_JAVALead\AppData\Local\Programs\Microsoft VS Code\bin;C:\Users\ERIN_JAVALead\AppData\Roaming\npm;C:\Program Files\Azure Data Studio\bin
USERNAME=ERIN_JAVALead
OS=Windows_NT
PROCESSOR_IDENTIFIER=Intel64 Family 6 Model 78 Stepping 3, GenuineIntel



---------------  S Y S T E M  ---------------

OS:
 Windows 10 , 64 bit Build 19041 (10.0.19041.3636)
OS uptime: 0 days 0:16 hours

CPU: total 4 (initial active 4) (2 cores per cpu, 2 threads per core) family 6 model 78 stepping 3 microcode 0xcc, cx8, cmov, fxsr, ht, mmx, 3dnowpref, sse, sse2, sse3, ssse3, sse4.1, sse4.2, popcnt, lzcnt, tsc, tscinvbit, avx, avx2, aes, erms, clmul, bmi1, bmi2, adx, fma, vzeroupper, clflush, clflushopt

Memory: 4k page, system-wide physical 4012M (318M free)
TotalPageFile size 6060M (AvailPageFile size 0M)
current process WorkingSet (physical memory assigned to process): 201M, peak: 201M
current process commit charge ("private bytes"): 232M, peak: 232M

vm_info: OpenJDK 64-Bit Server VM (18.0.2+9-FR) for windows-amd64 JRE (18.0.2+9-FR), built on Jul 15 2022 20:03:03 by "Administrator" with MS VC++ 15.9 (VS2017)

END.
