#
# There is insufficient memory for the Java Runtime Environment to continue.
# Native memory allocation (malloc) failed to allocate 1302896 bytes for Chunk::new
# Possible reasons:
#   The system is out of physical RAM or swap space
#   The process is running with CompressedOops enabled, and the Java Heap may be blocking the growth of the native heap
# Possible solutions:
#   Reduce memory load on the system
#   Increase physical memory or swap space
#   Check if swap backing store is full
#   Decrease Java heap size (-Xmx/-Xms)
#   Decrease number of Java threads
#   Decrease Java thread stack sizes (-Xss)
#   Set larger code cache with -XX:ReservedCodeCacheSize=
#   JVM is running with Unscaled Compressed Oops mode in which the Java heap is
#     placed in the first 4GB address space. The Java Heap base address is the
#     maximum limit for the native heap growth. Please use -XX:HeapBaseMinAddress
#     to set the Java Heap base and to place the Java Heap above 4GB virtual address.
# This output file may be truncated or incomplete.
#
#  Out of Memory Error (arena.cpp:184), pid=7648, tid=10064
#
# JRE version: OpenJDK Runtime Environment Corretto-18.0.2.9.1 (18.0.2+9) (build 18.0.2+9-FR)
# Java VM: OpenJDK 64-Bit Server VM Corretto-18.0.2.9.1 (18.0.2+9-FR, mixed mode, sharing, tiered, compressed oops, compressed class ptrs, g1 gc, windows-amd64)
# No core dump will be written. Minidumps are not enabled by default on client versions of Windows
#

---------------  S U M M A R Y ------------

Command Line: -javaagent:C:\Program Files\JetBrains\IntelliJ IDEA Community Edition 2021.3.3\lib\idea_rt.jar=52408:C:\Program Files\JetBrains\IntelliJ IDEA Community Edition 2021.3.3\bin -Dfile.encoding=UTF-8 test.springbootsecurity.springbootWithSecurity.SpringbootWithSecurityApplication

Host: Intel(R) Core(TM) i3-6006U CPU @ 2.00GHz, 4 cores, 3G,  Windows 10 , 64 bit Build 19041 (10.0.19041.3636)
Time: Fri Dec 22 14:44:37 2023 Egypt Standard Time elapsed time: 4.657400 seconds (0d 0h 0m 4s)

---------------  T H R E A D  ---------------

Current thread (0x0000017bf602eaf0):  JavaThread "C2 CompilerThread1" daemon [_thread_in_native, id=10064, stack(0x0000003119d00000,0x0000003119e00000)]


Current CompileTask:
C2:   4657 2134   !   4       java.net.URL::<init> (543 bytes)

Stack: [0x0000003119d00000,0x0000003119e00000]
Native frames: (J=compiled Java code, j=interpreted, Vv=VM code, C=native code)
V  [jvm.dll+0x685a2a]
V  [jvm.dll+0x82ae8d]
V  [jvm.dll+0x82c75e]
V  [jvm.dll+0x82ce03]
V  [jvm.dll+0x25ef4b]
V  [jvm.dll+0xd42d2]
V  [jvm.dll+0xd4665]
V  [jvm.dll+0x385751]
V  [jvm.dll+0x34d82a]
V  [jvm.dll+0x34cc1a]
V  [jvm.dll+0x233a65]
V  [jvm.dll+0x232f37]
V  [jvm.dll+0x1c0a35]
V  [jvm.dll+0x24212c]
V  [jvm.dll+0x240534]
V  [jvm.dll+0x7df6db]
V  [jvm.dll+0x7d9cba]
V  [jvm.dll+0x6848a5]
C  [ucrtbase.dll+0x21bb2]
C  [KERNEL32.DLL+0x17344]
C  [ntdll.dll+0x526b1]


---------------  P R O C E S S  ---------------

Threads class SMR info:
_java_thread_list=0x0000017bf6dca9e0, length=16, elements={
0x0000017bd5aa5ab0, 0x0000017bf0ff43f0, 0x0000017bf0ff4f60, 0x0000017bf1008270,
0x0000017bf1009b30, 0x0000017bf100a3e0, 0x0000017bf100ac90, 0x0000017bf100b870,
0x0000017bf1071d50, 0x0000017bf1074b40, 0x0000017bd5b6bbe0, 0x0000017bf581c0c0,
0x0000017bf57c6170, 0x0000017bf5ce1950, 0x0000017bf5af3950, 0x0000017bf602eaf0
}

Java Threads: ( => current thread )
  0x0000017bd5aa5ab0 JavaThread "main" [_thread_blocked, id=11460, stack(0x0000003118400000,0x0000003118500000)]
  0x0000017bf0ff43f0 JavaThread "Reference Handler" daemon [_thread_blocked, id=11048, stack(0x0000003118b00000,0x0000003118c00000)]
  0x0000017bf0ff4f60 JavaThread "Finalizer" daemon [_thread_blocked, id=10808, stack(0x0000003118c00000,0x0000003118d00000)]
  0x0000017bf1008270 JavaThread "Signal Dispatcher" daemon [_thread_blocked, id=9156, stack(0x0000003118d00000,0x0000003118e00000)]
  0x0000017bf1009b30 JavaThread "Attach Listener" daemon [_thread_blocked, id=9056, stack(0x0000003118e00000,0x0000003118f00000)]
  0x0000017bf100a3e0 JavaThread "Service Thread" daemon [_thread_blocked, id=12480, stack(0x0000003118f00000,0x0000003119000000)]
  0x0000017bf100ac90 JavaThread "Monitor Deflation Thread" daemon [_thread_blocked, id=12864, stack(0x0000003119000000,0x0000003119100000)]
  0x0000017bf100b870 JavaThread "C2 CompilerThread0" daemon [_thread_in_native, id=11244, stack(0x0000003119100000,0x0000003119200000)]
  0x0000017bf1071d50 JavaThread "C1 CompilerThread0" daemon [_thread_in_native, id=3472, stack(0x0000003119200000,0x0000003119300000)]
  0x0000017bf1074b40 JavaThread "Sweeper thread" daemon [_thread_blocked, id=5496, stack(0x0000003119300000,0x0000003119400000)]
  0x0000017bd5b6bbe0 JavaThread "Common-Cleaner" daemon [_thread_blocked, id=5196, stack(0x0000003119400000,0x0000003119500000)]
  0x0000017bf581c0c0 JavaThread "Monitor Ctrl-Break" daemon [_thread_in_native, id=1268, stack(0x0000003119600000,0x0000003119700000)]
  0x0000017bf57c6170 JavaThread "Notification Thread" daemon [_thread_blocked, id=9228, stack(0x0000003119700000,0x0000003119800000)]
  0x0000017bf5ce1950 JavaThread "Thread-0" [_thread_blocked, id=12856, stack(0x0000003119500000,0x0000003119600000)]
  0x0000017bf5af3950 JavaThread "restartedMain" [_thread_in_Java, id=6224, stack(0x0000003119c00000,0x0000003119d00000)]
=>0x0000017bf602eaf0 JavaThread "C2 CompilerThread1" daemon [_thread_in_native, id=10064, stack(0x0000003119d00000,0x0000003119e00000)]

Other Threads:
  0x0000017bf0fefd30 VMThread "VM Thread" [stack: 0x0000003118a00000,0x0000003118b00000] [id=9732]
  0x0000017bf57d9180 WatcherThread "VM Periodic Task Thread" [stack: 0x0000003119800000,0x0000003119900000] [id=11584]
  0x0000017bd5ae6410 WorkerThread "GC Thread#0" [stack: 0x0000003118500000,0x0000003118600000] [id=9408]
  0x0000017bf5f30690 WorkerThread "GC Thread#1" [stack: 0x0000003119900000,0x0000003119a00000] [id=8448]
  0x0000017bf5f30bd0 WorkerThread "GC Thread#2" [stack: 0x0000003119a00000,0x0000003119b00000] [id=9348]
  0x0000017bf5ab6e50 WorkerThread "GC Thread#3" [stack: 0x0000003119b00000,0x0000003119c00000] [id=376]
  0x0000017bd5af0ff0 ConcurrentGCThread "G1 Main Marker" [stack: 0x0000003118600000,0x0000003118700000] [id=11844]
  0x0000017bd5af18f0 WorkerThread "G1 Conc#0" [stack: 0x0000003118700000,0x0000003118800000] [id=5276]
  0x0000017bd5b18a00 ConcurrentGCThread "G1 Refine#0" [stack: 0x0000003118800000,0x0000003118900000] [id=2352]
  0x0000017bd5b19220 ConcurrentGCThread "G1 Service" [stack: 0x0000003118900000,0x0000003118a00000] [id=9868]

Threads with active compile tasks:
C2 CompilerThread0     4782 2220   !   4       java.util.concurrent.ConcurrentHashMap::putVal (432 bytes)
C1 CompilerThread0     4782 2307       3       org.springframework.boot.context.properties.source.SpringIterableConfigurationPropertySource$$Lambda$122/0x0000000800cbc638::<init> (10 bytes)
C2 CompilerThread1     4782 2134   !   4       java.net.URL::<init> (543 bytes)

VM state: not at safepoint (normal execution)

VM Mutex/Monitor currently owned by a thread:  ([mutex/lock_event])
[0x0000017bd5aa23b0] MethodData_lock - owner thread: 0x0000000000000000

Heap address: 0x00000000c1400000, size: 1004 MB, Compressed Oops mode: 32-bit

CDS archive(s) mapped at: [0x0000000800000000-0x0000000800ba0000-0x0000000800ba0000), size 12189696, SharedBaseAddress: 0x0000000800000000, ArchiveRelocationMode: 0.
Compressed class space mapped at: 0x0000000800c00000-0x0000000840c00000, reserved size: 1073741824
Narrow klass base: 0x0000000800000000, Narrow klass shift: 0, Narrow klass range: 0x100000000

GC Precious Log:
 CardTable entry size: 512
 Card Set container configuration: InlinePtr #cards 5 size 8 Array Of Cards #cards 12 size 40 Howl #buckets 4 coarsen threshold 1843 Howl Bitmap #cards 512 size 80 coarsen threshold 460 Card regions per heap region 1 cards per card region 2048
 CPUs: 4 total, 4 available
 Memory: 4012M
 Large Page Support: Disabled
 NUMA Support: Disabled
 Compressed Oops: Enabled (32-bit)
 Heap Region Size: 1M
 Heap Min Capacity: 8M
 Heap Initial Capacity: 64M
 Heap Max Capacity: 1004M
 Pre-touch: Disabled
 Parallel Workers: 4
 Concurrent Workers: 1
 Concurrent Refinement Workers: 4
 Periodic GC: Disabled

Heap:
 garbage-first heap   total 65536K, used 33412K [0x00000000c1400000, 0x0000000100000000)
  region size 1024K, 30 young (30720K), 3 survivors (3072K)
 Metaspace       used 17394K, committed 17664K, reserved 1114112K
  class space    used 2089K, committed 2240K, reserved 1048576K

Heap Regions: E=young(eden), S=young(survivor), O=old, HS=humongous(starts), HC=humongous(continues), CS=collection set, F=free, OA=open archive, CA=closed archive, TAMS=top-at-mark-start (previous, next)
|   0|0x00000000c1400000, 0x00000000c1500000, 0x00000000c1500000|100%| O|  |TAMS 0x00000000c1400000, 0x00000000c1400000| Untracked 
|   1|0x00000000c1500000, 0x00000000c1600000, 0x00000000c1600000|100%| O|  |TAMS 0x00000000c1500000, 0x00000000c1500000| Untracked 
|   2|0x00000000c1600000, 0x00000000c1700000, 0x00000000c1700000|100%| O|  |TAMS 0x00000000c1600000, 0x00000000c1600000| Untracked 
|   3|0x00000000c1700000, 0x00000000c1800000, 0x00000000c1800000|100%| O|  |TAMS 0x00000000c1700000, 0x00000000c1700000| Untracked 
|   4|0x00000000c1800000, 0x00000000c1900000, 0x00000000c1900000|100%| O|  |TAMS 0x00000000c1800000, 0x00000000c1800000| Untracked 
|   5|0x00000000c1900000, 0x00000000c1914200, 0x00000000c1a00000|  7%| O|  |TAMS 0x00000000c1900000, 0x00000000c1900000| Untracked 
|   6|0x00000000c1a00000, 0x00000000c1a00000, 0x00000000c1b00000|  0%| F|  |TAMS 0x00000000c1a00000, 0x00000000c1a00000| Untracked 
|   7|0x00000000c1b00000, 0x00000000c1b00000, 0x00000000c1c00000|  0%| F|  |TAMS 0x00000000c1b00000, 0x00000000c1b00000| Untracked 
|   8|0x00000000c1c00000, 0x00000000c1c00000, 0x00000000c1d00000|  0%| F|  |TAMS 0x00000000c1c00000, 0x00000000c1c00000| Untracked 
|   9|0x00000000c1d00000, 0x00000000c1d00000, 0x00000000c1e00000|  0%| F|  |TAMS 0x00000000c1d00000, 0x00000000c1d00000| Untracked 
|  10|0x00000000c1e00000, 0x00000000c1e00000, 0x00000000c1f00000|  0%| F|  |TAMS 0x00000000c1e00000, 0x00000000c1e00000| Untracked 
|  11|0x00000000c1f00000, 0x00000000c1f00000, 0x00000000c2000000|  0%| F|  |TAMS 0x00000000c1f00000, 0x00000000c1f00000| Untracked 
|  12|0x00000000c2000000, 0x00000000c2000000, 0x00000000c2100000|  0%| F|  |TAMS 0x00000000c2000000, 0x00000000c2000000| Untracked 
|  13|0x00000000c2100000, 0x00000000c2100000, 0x00000000c2200000|  0%| F|  |TAMS 0x00000000c2100000, 0x00000000c2100000| Untracked 
|  14|0x00000000c2200000, 0x00000000c2200000, 0x00000000c2300000|  0%| F|  |TAMS 0x00000000c2200000, 0x00000000c2200000| Untracked 
|  15|0x00000000c2300000, 0x00000000c2300000, 0x00000000c2400000|  0%| F|  |TAMS 0x00000000c2300000, 0x00000000c2300000| Untracked 
|  16|0x00000000c2400000, 0x00000000c2400000, 0x00000000c2500000|  0%| F|  |TAMS 0x00000000c2400000, 0x00000000c2400000| Untracked 
|  17|0x00000000c2500000, 0x00000000c2500000, 0x00000000c2600000|  0%| F|  |TAMS 0x00000000c2500000, 0x00000000c2500000| Untracked 
|  18|0x00000000c2600000, 0x00000000c2600000, 0x00000000c2700000|  0%| F|  |TAMS 0x00000000c2600000, 0x00000000c2600000| Untracked 
|  19|0x00000000c2700000, 0x00000000c2700000, 0x00000000c2800000|  0%| F|  |TAMS 0x00000000c2700000, 0x00000000c2700000| Untracked 
|  20|0x00000000c2800000, 0x00000000c2800000, 0x00000000c2900000|  0%| F|  |TAMS 0x00000000c2800000, 0x00000000c2800000| Untracked 
|  21|0x00000000c2900000, 0x00000000c2900000, 0x00000000c2a00000|  0%| F|  |TAMS 0x00000000c2900000, 0x00000000c2900000| Untracked 
|  22|0x00000000c2a00000, 0x00000000c2a00000, 0x00000000c2b00000|  0%| F|  |TAMS 0x00000000c2a00000, 0x00000000c2a00000| Untracked 
|  23|0x00000000c2b00000, 0x00000000c2b00000, 0x00000000c2c00000|  0%| F|  |TAMS 0x00000000c2b00000, 0x00000000c2b00000| Untracked 
|  24|0x00000000c2c00000, 0x00000000c2c00000, 0x00000000c2d00000|  0%| F|  |TAMS 0x00000000c2c00000, 0x00000000c2c00000| Untracked 
|  25|0x00000000c2d00000, 0x00000000c2d00000, 0x00000000c2e00000|  0%| F|  |TAMS 0x00000000c2d00000, 0x00000000c2d00000| Untracked 
|  26|0x00000000c2e00000, 0x00000000c2e00000, 0x00000000c2f00000|  0%| F|  |TAMS 0x00000000c2e00000, 0x00000000c2e00000| Untracked 
|  27|0x00000000c2f00000, 0x00000000c2f00000, 0x00000000c3000000|  0%| F|  |TAMS 0x00000000c2f00000, 0x00000000c2f00000| Untracked 
|  28|0x00000000c3000000, 0x00000000c3000000, 0x00000000c3100000|  0%| F|  |TAMS 0x00000000c3000000, 0x00000000c3000000| Untracked 
|  29|0x00000000c3100000, 0x00000000c3100000, 0x00000000c3200000|  0%| F|  |TAMS 0x00000000c3100000, 0x00000000c3100000| Untracked 
|  30|0x00000000c3200000, 0x00000000c3200000, 0x00000000c3300000|  0%| F|  |TAMS 0x00000000c3200000, 0x00000000c3200000| Untracked 
|  31|0x00000000c3300000, 0x00000000c3300000, 0x00000000c3400000|  0%| F|  |TAMS 0x00000000c3300000, 0x00000000c3300000| Untracked 
|  32|0x00000000c3400000, 0x00000000c3400000, 0x00000000c3500000|  0%| F|  |TAMS 0x00000000c3400000, 0x00000000c3400000| Untracked 
|  33|0x00000000c3500000, 0x00000000c3500000, 0x00000000c3600000|  0%| F|  |TAMS 0x00000000c3500000, 0x00000000c3500000| Untracked 
|  34|0x00000000c3600000, 0x00000000c36908a8, 0x00000000c3700000| 56%| E|  |TAMS 0x00000000c3600000, 0x00000000c3600000| Complete 
|  35|0x00000000c3700000, 0x00000000c3800000, 0x00000000c3800000|100%| E|CS|TAMS 0x00000000c3700000, 0x00000000c3700000| Complete 
|  36|0x00000000c3800000, 0x00000000c3900000, 0x00000000c3900000|100%| E|CS|TAMS 0x00000000c3800000, 0x00000000c3800000| Complete 
|  37|0x00000000c3900000, 0x00000000c3a00000, 0x00000000c3a00000|100%| E|CS|TAMS 0x00000000c3900000, 0x00000000c3900000| Complete 
|  38|0x00000000c3a00000, 0x00000000c3b00000, 0x00000000c3b00000|100%| E|CS|TAMS 0x00000000c3a00000, 0x00000000c3a00000| Complete 
|  39|0x00000000c3b00000, 0x00000000c3b8cfc0, 0x00000000c3c00000| 55%| S|CS|TAMS 0x00000000c3b00000, 0x00000000c3b00000| Complete 
|  40|0x00000000c3c00000, 0x00000000c3d00000, 0x00000000c3d00000|100%| S|CS|TAMS 0x00000000c3c00000, 0x00000000c3c00000| Complete 
|  41|0x00000000c3d00000, 0x00000000c3e00000, 0x00000000c3e00000|100%| S|CS|TAMS 0x00000000c3d00000, 0x00000000c3d00000| Complete 
|  42|0x00000000c3e00000, 0x00000000c3f00000, 0x00000000c3f00000|100%| E|CS|TAMS 0x00000000c3e00000, 0x00000000c3e00000| Complete 
|  43|0x00000000c3f00000, 0x00000000c4000000, 0x00000000c4000000|100%| E|CS|TAMS 0x00000000c3f00000, 0x00000000c3f00000| Complete 
|  44|0x00000000c4000000, 0x00000000c4100000, 0x00000000c4100000|100%| E|CS|TAMS 0x00000000c4000000, 0x00000000c4000000| Complete 
|  45|0x00000000c4100000, 0x00000000c4200000, 0x00000000c4200000|100%| E|CS|TAMS 0x00000000c4100000, 0x00000000c4100000| Complete 
|  46|0x00000000c4200000, 0x00000000c4300000, 0x00000000c4300000|100%| E|  |TAMS 0x00000000c4200000, 0x00000000c4200000| Complete 
|  47|0x00000000c4300000, 0x00000000c4400000, 0x00000000c4400000|100%| E|CS|TAMS 0x00000000c4300000, 0x00000000c4300000| Complete 
|  48|0x00000000c4400000, 0x00000000c4500000, 0x00000000c4500000|100%| E|CS|TAMS 0x00000000c4400000, 0x00000000c4400000| Complete 
|  49|0x00000000c4500000, 0x00000000c4600000, 0x00000000c4600000|100%| E|CS|TAMS 0x00000000c4500000, 0x00000000c4500000| Complete 
|  50|0x00000000c4600000, 0x00000000c4700000, 0x00000000c4700000|100%| E|CS|TAMS 0x00000000c4600000, 0x00000000c4600000| Complete 
|  51|0x00000000c4700000, 0x00000000c4800000, 0x00000000c4800000|100%| E|CS|TAMS 0x00000000c4700000, 0x00000000c4700000| Complete 
|  52|0x00000000c4800000, 0x00000000c4900000, 0x00000000c4900000|100%| E|CS|TAMS 0x00000000c4800000, 0x00000000c4800000| Complete 
|  53|0x00000000c4900000, 0x00000000c4a00000, 0x00000000c4a00000|100%| E|CS|TAMS 0x00000000c4900000, 0x00000000c4900000| Complete 
|  54|0x00000000c4a00000, 0x00000000c4b00000, 0x00000000c4b00000|100%| E|CS|TAMS 0x00000000c4a00000, 0x00000000c4a00000| Complete 
|  55|0x00000000c4b00000, 0x00000000c4c00000, 0x00000000c4c00000|100%| E|CS|TAMS 0x00000000c4b00000, 0x00000000c4b00000| Complete 
|  56|0x00000000c4c00000, 0x00000000c4d00000, 0x00000000c4d00000|100%| E|CS|TAMS 0x00000000c4c00000, 0x00000000c4c00000| Complete 
|  57|0x00000000c4d00000, 0x00000000c4e00000, 0x00000000c4e00000|100%| E|CS|TAMS 0x00000000c4d00000, 0x00000000c4d00000| Complete 
|  58|0x00000000c4e00000, 0x00000000c4f00000, 0x00000000c4f00000|100%| E|CS|TAMS 0x00000000c4e00000, 0x00000000c4e00000| Complete 
|  59|0x00000000c4f00000, 0x00000000c5000000, 0x00000000c5000000|100%| E|CS|TAMS 0x00000000c4f00000, 0x00000000c4f00000| Complete 
|  60|0x00000000c5000000, 0x00000000c5100000, 0x00000000c5100000|100%| E|CS|TAMS 0x00000000c5000000, 0x00000000c5000000| Complete 
|  61|0x00000000c5100000, 0x00000000c5200000, 0x00000000c5200000|100%| E|CS|TAMS 0x00000000c5100000, 0x00000000c5100000| Complete 
|  62|0x00000000c5200000, 0x00000000c5300000, 0x00000000c5300000|100%| E|CS|TAMS 0x00000000c5200000, 0x00000000c5200000| Complete 
|  63|0x00000000c5300000, 0x00000000c5400000, 0x00000000c5400000|100%| E|CS|TAMS 0x00000000c5300000, 0x00000000c5300000| Complete 

Card table byte_map: [0x0000017bec870000,0x0000017beca70000] _byte_map_base: 0x0000017bec266000

Marking Bits (Prev, Next): (CMBitMap*) 0x0000017bd5ae8940, (CMBitMap*) 0x0000017bd5ae8980
 Prev Bits: [0x0000017becc70000, 0x0000017bedc20000)
 Next Bits: [0x0000017bedc20000, 0x0000017beebd0000)

Polling page: 0x0000017bd39f0000

Metaspace:

Usage:
  Non-class:     14.95 MB used.
      Class:      2.04 MB used.
       Both:     16.99 MB used.

Virtual space:
  Non-class space:       64.00 MB reserved,      15.06 MB ( 24%) committed,  1 nodes.
      Class space:        1.00 GB reserved,       2.19 MB ( <1%) committed,  1 nodes.
             Both:        1.06 GB reserved,      17.25 MB (  2%) committed. 

Chunk freelists:
   Non-Class:  592.00 KB
       Class:  1.84 MB
        Both:  2.42 MB

MaxMetaspaceSize: unlimited
CompressedClassSpaceSize: 1.00 GB
Initial GC threshold: 21.00 MB
Current GC threshold: 21.00 MB
CDS: on
MetaspaceReclaimPolicy: balanced
 - commit_granule_bytes: 65536.
 - commit_granule_words: 8192.
 - virtual_space_node_default_size: 8388608.
 - enlarge_chunks_in_place: 1.
 - new_chunks_are_fully_committed: 0.
 - uncommit_free_chunks: 1.
 - use_allocation_guard: 0.


Internal statistics:

num_allocs_failed_limit: 0.
num_arena_births: 240.
num_arena_deaths: 0.
num_vsnodes_births: 2.
num_vsnodes_deaths: 0.
num_space_committed: 276.
num_space_uncommitted: 0.
num_chunks_returned_to_freelist: 0.
num_chunks_taken_from_freelist: 779.
num_chunk_merges: 0.
num_chunk_splits: 552.
num_chunks_enlarged: 444.
num_inconsistent_stats: 0.

CodeHeap 'non-profiled nmethods': size=120000Kb used=861Kb max_used=861Kb free=119139Kb
 bounds [0x0000017be5140000, 0x0000017be53b0000, 0x0000017bec670000]
CodeHeap 'profiled nmethods': size=120000Kb used=4584Kb max_used=4584Kb free=115415Kb
 bounds [0x0000017bddc10000, 0x0000017bde090000, 0x0000017be5140000]
CodeHeap 'non-nmethods': size=5760Kb used=1194Kb max_used=1253Kb free=4565Kb
 bounds [0x0000017bdd670000, 0x0000017bdd8e0000, 0x0000017bddc10000]
 total_blobs=2783 nmethods=2305 adapters=390
 compilation: enabled
              stopped_count=0, restarted_count=0
 full_count=0

Compilation events (20 events):
Event: 4.555 Thread 0x0000017bf1071d50 2205       3       java.lang.invoke.LambdaForm$MH/0x0000000800c38000::invoke (148 bytes)
Event: 4.556 Thread 0x0000017bf1071d50 nmethod 2205 0x0000017bde041290 code [0x0000017bde041500, 0x0000017bde042688]
Event: 4.558 Thread 0x0000017bf1071d50 2207       3       java.lang.invoke.LambdaForm$MH/0x0000000800c19000::invoke (94 bytes)
Event: 4.559 Thread 0x0000017bf1071d50 nmethod 2207 0x0000017bde042b10 code [0x0000017bde042d40, 0x0000017bde0439b8]
Event: 4.576 Thread 0x0000017bf1071d50 2208       3       jdk.internal.loader.BuiltinClassLoader::definePackage (277 bytes)
Event: 4.582 Thread 0x0000017bf1071d50 nmethod 2208 0x0000017bde043c90 code [0x0000017bde044300, 0x0000017bde048378]
Event: 4.582 Thread 0x0000017bf1071d50 2209       3       java.lang.ClassLoader::definePackage (53 bytes)
Event: 4.583 Thread 0x0000017bf1071d50 nmethod 2209 0x0000017bde049c10 code [0x0000017bde049e00, 0x0000017bde04a358]
Event: 4.601 Thread 0x0000017bf100b870 nmethod 2182 0x0000017be520cb90 code [0x0000017be520cdc0, 0x0000017be520e450]
Event: 4.613 Thread 0x0000017bf1071d50 2210       3       java.lang.ClassLoader::getParent (32 bytes)
Event: 4.613 Thread 0x0000017bf1071d50 nmethod 2210 0x0000017bde04a610 code [0x0000017bde04a7c0, 0x0000017bde04aa18]
Event: 4.621 Thread 0x0000017bf1071d50 2211       3       java.lang.Throwable::<init> (39 bytes)
Event: 4.622 Thread 0x0000017bf1071d50 nmethod 2211 0x0000017bde04ab10 code [0x0000017bde04ace0, 0x0000017bde04b108]
Event: 4.622 Thread 0x0000017bf1071d50 2212       3       java.util.LinkedHashMap::<init> (11 bytes)
Event: 4.623 Thread 0x0000017bf1071d50 nmethod 2212 0x0000017bde04b210 code [0x0000017bde04b3e0, 0x0000017bde04b5a8]
Event: 4.632 Thread 0x0000017bf1071d50 2213       3       java.util.TreeMap::setColor (10 bytes)
Event: 4.632 Thread 0x0000017bf1071d50 nmethod 2213 0x0000017bde04b690 code [0x0000017bde04b820, 0x0000017bde04b958]
Event: 4.632 Thread 0x0000017bf1071d50 2214       3       java.util.TreeMap::leftOf (13 bytes)
Event: 4.633 Thread 0x0000017bf1071d50 nmethod 2214 0x0000017bde04ba10 code [0x0000017bde04bba0, 0x0000017bde04bd18]
Event: 4.633 Thread 0x0000017bf100b870 2215       4       java.lang.StringLatin1::compareTo (52 bytes)

GC Heap History (6 events):
Event: 1.262 GC heap before
{Heap before GC invocations=0 (full 0):
 garbage-first heap   total 65536K, used 12288K [0x00000000c1400000, 0x0000000100000000)
  region size 1024K, 13 young (13312K), 0 survivors (0K)
 Metaspace       used 3557K, committed 3712K, reserved 1114112K
  class space    used 351K, committed 448K, reserved 1048576K
}
Event: 1.285 GC heap after
{Heap after GC invocations=1 (full 0):
 garbage-first heap   total 65536K, used 5136K [0x00000000c1400000, 0x0000000100000000)
  region size 1024K, 2 young (2048K), 2 survivors (2048K)
 Metaspace       used 3557K, committed 3712K, reserved 1114112K
  class space    used 351K, committed 448K, reserved 1048576K
}
Event: 2.427 GC heap before
{Heap before GC invocations=1 (full 0):
 garbage-first heap   total 65536K, used 15376K [0x00000000c1400000, 0x0000000100000000)
  region size 1024K, 13 young (13312K), 2 survivors (2048K)
 Metaspace       used 6615K, committed 6784K, reserved 1114112K
  class space    used 737K, committed 832K, reserved 1048576K
}
Event: 2.431 GC heap after
{Heap after GC invocations=2 (full 0):
 garbage-first heap   total 65536K, used 6040K [0x00000000c1400000, 0x0000000100000000)
  region size 1024K, 1 young (1024K), 1 survivors (1024K)
 Metaspace       used 6615K, committed 6784K, reserved 1114112K
  class space    used 737K, committed 832K, reserved 1048576K
}
Event: 3.532 GC heap before
{Heap before GC invocations=2 (full 0):
 garbage-first heap   total 65536K, used 26520K [0x00000000c1400000, 0x0000000100000000)
  region size 1024K, 22 young (22528K), 1 survivors (1024K)
 Metaspace       used 11901K, committed 12096K, reserved 1114112K
  class space    used 1372K, committed 1472K, reserved 1048576K
}
Event: 3.540 GC heap after
{Heap after GC invocations=3 (full 0):
 garbage-first heap   total 65536K, used 7812K [0x00000000c1400000, 0x0000000100000000)
  region size 1024K, 3 young (3072K), 3 survivors (3072K)
 Metaspace       used 11901K, committed 12096K, reserved 1114112K
  class space    used 1372K, committed 1472K, reserved 1048576K
}

Deoptimization events (20 events):
Event: 4.456 Thread 0x0000017bf5af3950 DEOPT PACKING pc=0x0000017bddd3efe6 sp=0x0000003119cfe2f0
Event: 4.456 Thread 0x0000017bf5af3950 DEOPT UNPACKING pc=0x0000017bdd6c2b43 sp=0x0000003119cfd7b8 mode 0
Event: 4.456 Thread 0x0000017bf5af3950 DEOPT PACKING pc=0x0000017bddd426b1 sp=0x0000003119cfe2c0
Event: 4.456 Thread 0x0000017bf5af3950 DEOPT UNPACKING pc=0x0000017bdd6c2b43 sp=0x0000003119cfd7b0 mode 0
Event: 4.456 Thread 0x0000017bf5af3950 DEOPT PACKING pc=0x0000017bddd3efe6 sp=0x0000003119cfe2f0
Event: 4.456 Thread 0x0000017bf5af3950 DEOPT UNPACKING pc=0x0000017bdd6c2b43 sp=0x0000003119cfd7b8 mode 0
Event: 4.457 Thread 0x0000017bf5af3950 DEOPT PACKING pc=0x0000017bddd426b1 sp=0x0000003119cfe2c0
Event: 4.457 Thread 0x0000017bf5af3950 DEOPT UNPACKING pc=0x0000017bdd6c2b43 sp=0x0000003119cfd7b0 mode 0
Event: 4.457 Thread 0x0000017bf5af3950 DEOPT PACKING pc=0x0000017bddd3efe6 sp=0x0000003119cfe2f0
Event: 4.457 Thread 0x0000017bf5af3950 DEOPT UNPACKING pc=0x0000017bdd6c2b43 sp=0x0000003119cfd7b8 mode 0
Event: 4.457 Thread 0x0000017bf5af3950 DEOPT PACKING pc=0x0000017bddd426b1 sp=0x0000003119cfe2c0
Event: 4.457 Thread 0x0000017bf5af3950 DEOPT UNPACKING pc=0x0000017bdd6c2b43 sp=0x0000003119cfd7b0 mode 0
Event: 4.457 Thread 0x0000017bf5af3950 DEOPT PACKING pc=0x0000017bddd3efe6 sp=0x0000003119cfe2f0
Event: 4.457 Thread 0x0000017bf5af3950 DEOPT UNPACKING pc=0x0000017bdd6c2b43 sp=0x0000003119cfd7b8 mode 0
Event: 4.457 Thread 0x0000017bf5af3950 DEOPT PACKING pc=0x0000017bddd426b1 sp=0x0000003119cfe2c0
Event: 4.457 Thread 0x0000017bf5af3950 DEOPT UNPACKING pc=0x0000017bdd6c2b43 sp=0x0000003119cfd7b0 mode 0
Event: 4.458 Thread 0x0000017bf5af3950 DEOPT PACKING pc=0x0000017bddd3efe6 sp=0x0000003119cfe2f0
Event: 4.458 Thread 0x0000017bf5af3950 DEOPT UNPACKING pc=0x0000017bdd6c2b43 sp=0x0000003119cfd7b8 mode 0
Event: 4.458 Thread 0x0000017bf5af3950 DEOPT PACKING pc=0x0000017bddd426b1 sp=0x0000003119cfe2c0
Event: 4.458 Thread 0x0000017bf5af3950 DEOPT UNPACKING pc=0x0000017bdd6c2b43 sp=0x0000003119cfd7b0 mode 0

Classes loaded (20 events):
Event: 4.125 Loading class javax/security/auth/callback/CallbackHandler
Event: 4.125 Loading class javax/security/auth/callback/CallbackHandler done
Event: 4.125 Loading class javax/security/auth/Subject
Event: 4.126 Loading class javax/security/auth/Subject done
Event: 4.135 Loading class sun/security/provider/certpath/ldap/JdkLDAP
Event: 4.135 Loading class sun/security/provider/certpath/ldap/JdkLDAP done
Event: 4.136 Loading class sun/security/provider/certpath/ldap/JdkLDAP$ProviderService
Event: 4.136 Loading class sun/security/provider/certpath/ldap/JdkLDAP$ProviderService done
Event: 4.136 Loading class com/sun/security/sasl/Provider
Event: 4.136 Loading class com/sun/security/sasl/Provider done
Event: 4.137 Loading class com/sun/security/sasl/Provider$1
Event: 4.137 Loading class com/sun/security/sasl/Provider$1 done
Event: 4.137 Loading class com/sun/security/sasl/Provider$ProviderService
Event: 4.137 Loading class com/sun/security/sasl/Provider$ProviderService done
Event: 4.137 Loading class java/util/AbstractList$Itr
Event: 4.159 Loading class java/util/AbstractList$Itr done
Event: 4.516 Loading class javax/naming/ldap/LdapContext
Event: 4.516 Loading class javax/naming/directory/DirContext
Event: 4.516 Loading class javax/naming/directory/DirContext done
Event: 4.516 Loading class javax/naming/ldap/LdapContext done

Classes unloaded (0 events):
No events

Classes redefined (0 events):
No events

Internal exceptions (20 events):
Event: 2.860 Thread 0x0000017bf5af3950 Exception <a 'java/lang/NoSuchMethodError'{0x00000000c4ed3bd0}: 'void java.lang.invoke.DirectMethodHandle$Holder.invokeInterface(java.lang.Object, java.lang.Object, java.lang.Object)'> (0x00000000c4ed3bd0) 
thrown [s\src\hotspot\share\interpreter\linkResolver.cpp, line 759]
Event: 2.958 Thread 0x0000017bf5af3950 Exception <a 'java/lang/NoSuchMethodError'{0x00000000c4d73c50}: 'void java.lang.invoke.DirectMethodHandle$Holder.invokeStaticInit(java.lang.Object, java.lang.Object, java.lang.Object)'> (0x00000000c4d73c50) 
thrown [s\src\hotspot\share\interpreter\linkResolver.cpp, line 759]
Event: 2.966 Thread 0x0000017bf5af3950 Exception <a 'java/lang/NoSuchMethodError'{0x00000000c4d8d4b0}: 'java.lang.Object java.lang.invoke.DirectMethodHandle$Holder.invokeStatic(java.lang.Object, java.lang.Object, long, java.lang.Object)'> (0x00000000c4d8d4b0) 
thrown [s\src\hotspot\share\interpreter\linkResolver.cpp, line 759]
Event: 2.967 Thread 0x0000017bf5af3950 Exception <a 'java/lang/NoSuchMethodError'{0x00000000c4d90f40}: 'java.lang.Object java.lang.invoke.DirectMethodHandle$Holder.invokeStaticInit(java.lang.Object, java.lang.Object, long, java.lang.Object)'> (0x00000000c4d90f40) 
thrown [s\src\hotspot\share\interpreter\linkResolver.cpp, line 759]
Event: 2.968 Thread 0x0000017bf5af3950 Exception <a 'java/lang/NoSuchMethodError'{0x00000000c4d97648}: 'java.lang.Object java.lang.invoke.DirectMethodHandle$Holder.newInvokeSpecial(java.lang.Object, java.lang.Object, long)'> (0x00000000c4d97648) 
thrown [s\src\hotspot\share\interpreter\linkResolver.cpp, line 759]
Event: 2.969 Thread 0x0000017bf5af3950 Exception <a 'java/lang/NoSuchMethodError'{0x00000000c4d9b418}: 'java.lang.Object java.lang.invoke.Invokers$Holder.linkToTargetMethod(java.lang.Object, long, java.lang.Object)'> (0x00000000c4d9b418) 
thrown [s\src\hotspot\share\interpreter\linkResolver.cpp, line 759]
Event: 3.000 Thread 0x0000017bf5af3950 Exception <a 'java/lang/NoSuchMethodError'{0x00000000c4de3d00}: 'void java.lang.invoke.DirectMethodHandle$Holder.invokeSpecial(java.lang.Object, java.lang.Object, java.lang.Object, java.lang.Object, java.lang.Object)'> (0x00000000c4de3d00) 
thrown [s\src\hotspot\share\interpreter\linkResolver.cpp, line 759]
Event: 3.002 Thread 0x0000017bf5af3950 Exception <a 'java/lang/NoSuchMethodError'{0x00000000c4dec328}: 'void java.lang.invoke.DirectMethodHandle$Holder.invokeVirtual(java.lang.Object, java.lang.Object, java.lang.Object, java.lang.Object)'> (0x00000000c4dec328) 
thrown [s\src\hotspot\share\interpreter\linkResolver.cpp, line 759]
Event: 3.119 Thread 0x0000017bf5af3950 Exception <a 'java/lang/IncompatibleClassChangeError'{0x00000000c4b79288}: Found class java.lang.Object, but interface was expected> (0x00000000c4b79288) 
thrown [s\src\hotspot\share\interpreter\linkResolver.cpp, line 826]
Event: 3.141 Thread 0x0000017bf61ee030 Exception <a 'java/lang/NoClassDefFoundError'{0x00000000c4bcd460}: jakarta/validation/Validation> (0x00000000c4bcd460) 
thrown [s\src\hotspot\share\classfile\systemDictionary.cpp, line 244]
Event: 3.908 Thread 0x0000017bf61ee030 Exception <a 'java/lang/NoSuchMethodError'{0x00000000c4887de8}: 'long java.lang.invoke.DirectMethodHandle$Holder.invokeSpecial(java.lang.Object, java.lang.Object)'> (0x00000000c4887de8) 
thrown [s\src\hotspot\share\interpreter\linkResolver.cpp, line 759]
Event: 3.911 Thread 0x0000017bf61ee030 Exception <a 'java/lang/NoSuchMethodError'{0x00000000c4893070}: 'long java.lang.invoke.DirectMethodHandle$Holder.invokeStatic(java.lang.Object, java.lang.Object)'> (0x00000000c4893070) 
thrown [s\src\hotspot\share\interpreter\linkResolver.cpp, line 759]
Event: 3.912 Thread 0x0000017bf61ee030 Exception <a 'java/lang/NoSuchMethodError'{0x00000000c48c7578}: 'long java.lang.invoke.DirectMethodHandle$Holder.invokeStaticInit(java.lang.Object, java.lang.Object)'> (0x00000000c48c7578) 
thrown [s\src\hotspot\share\interpreter\linkResolver.cpp, line 759]
Event: 3.915 Thread 0x0000017bf5af3950 Exception <a 'java/lang/NoSuchMethodError'{0x00000000c48a0758}: 'java.lang.Object java.lang.invoke.DirectMethodHandle$Holder.invokeVirtual(java.lang.Object, java.lang.Object, java.lang.Object)'> (0x00000000c48a0758) 
thrown [s\src\hotspot\share\interpreter\linkResolver.cpp, line 759]
Event: 3.916 Thread 0x0000017bf61ee030 Exception <a 'java/lang/NoSuchMethodError'{0x00000000c48d56e0}: 'long java.lang.invoke.DirectMethodHandle$Holder.invokeInterface(java.lang.Object, java.lang.Object)'> (0x00000000c48d56e0) 
thrown [s\src\hotspot\share\interpreter\linkResolver.cpp, line 759]
Event: 3.917 Thread 0x0000017bf61ee030 Exception <a 'java/lang/IncompatibleClassChangeError'{0x00000000c48d8c68}: Found class java.lang.Object, but interface was expected> (0x00000000c48d8c68) 
thrown [s\src\hotspot\share\interpreter\linkResolver.cpp, line 826]
Event: 3.928 Thread 0x0000017bf5af3950 Exception <a 'sun/nio/fs/WindowsException'{0x00000000c48b9f10}> (0x00000000c48b9f10) 
thrown [s\src\hotspot\share\prims\jni.cpp, line 516]
Event: 3.930 Thread 0x0000017bf5af3950 Exception <a 'java/lang/NoSuchMethodError'{0x00000000c48bba68}: 'int java.lang.invoke.DirectMethodHandle$Holder.invokeSpecial(java.lang.Object, java.lang.Object, java.lang.Object, java.lang.Object, java.lang.Object)'> (0x00000000c48bba68) 
thrown [s\src\hotspot\share\interpreter\linkResolver.cpp, line 759]
Event: 3.939 Thread 0x0000017bf5af3950 Exception <a 'java/lang/NoSuchMethodError'{0x00000000c48c49d8}: 'void java.lang.invoke.DirectMethodHandle$Holder.invokeVirtual(java.lang.Object, java.lang.Object)'> (0x00000000c48c49d8) 
thrown [s\src\hotspot\share\interpreter\linkResolver.cpp, line 759]
Event: 3.953 Thread 0x0000017bf61ee030 Exception <a 'java/lang/NoSuchMethodError'{0x00000000c4774ba8}: 'java.lang.Object java.lang.invoke.DirectMethodHandle$Holder.invokeVirtual(java.lang.Object, java.lang.Object, java.lang.Object, java.lang.Object)'> (0x00000000c4774ba8) 
thrown [s\src\hotspot\share\interpreter\linkResolver.cpp, line 759]

VM Operations (20 events):
Event: 2.768 Executing VM operation: HandshakeAllThreads
Event: 2.768 Executing VM operation: HandshakeAllThreads done
Event: 3.096 Executing VM operation: HandshakeAllThreads
Event: 3.096 Executing VM operation: HandshakeAllThreads done
Event: 3.097 Executing VM operation: HandshakeAllThreads
Event: 3.097 Executing VM operation: HandshakeAllThreads done
Event: 3.446 Executing VM operation: HandshakeAllThreads
Event: 3.446 Executing VM operation: HandshakeAllThreads done
Event: 3.446 Executing VM operation: Cleanup
Event: 3.454 Executing VM operation: Cleanup done
Event: 3.532 Executing VM operation: G1CollectForAllocation
Event: 3.540 Executing VM operation: G1CollectForAllocation done
Event: 3.681 Executing VM operation: HandshakeAllThreads
Event: 3.682 Executing VM operation: HandshakeAllThreads done
Event: 3.880 Executing VM operation: HandshakeAllThreads
Event: 3.880 Executing VM operation: HandshakeAllThreads done
Event: 4.045 Executing VM operation: HandshakeAllThreads
Event: 4.045 Executing VM operation: HandshakeAllThreads done
Event: 4.086 Executing VM operation: HandshakeAllThreads
Event: 4.086 Executing VM operation: HandshakeAllThreads done

Events (20 events):
Event: 0.410 Loaded shared library C:\Users\ERIN_JAVALead\.jdks\corretto-18.0.2\bin\nio.dll
Event: 0.414 Loaded shared library C:\Users\ERIN_JAVALead\.jdks\corretto-18.0.2\bin\zip.dll
Event: 0.470 Thread 0x0000017bf5532fe0 Thread added: 0x0000017bf5532fe0
Event: 0.587 Loaded shared library C:\Program Files\JetBrains\IntelliJ IDEA Community Edition 2021.3.3\bin\breakgen64.dll
Event: 0.588 Thread 0x0000017bf581c0c0 Thread added: 0x0000017bf581c0c0
Event: 0.589 Thread 0x0000017bf57c6170 Thread added: 0x0000017bf57c6170
Event: 0.692 Loaded shared library C:\Users\ERIN_JAVALead\.jdks\corretto-18.0.2\bin\jimage.dll
Event: 0.698 Thread 0x0000017bf5532fe0 Thread exited: 0x0000017bf5532fe0
Event: 1.019 Thread 0x0000017bf59c2650 Thread added: 0x0000017bf59c2650
Event: 1.483 Thread 0x0000017bf59c2650 Thread exited: 0x0000017bf59c2650
Event: 1.627 Loaded shared library C:\Users\ERIN_JAVALead\.jdks\corretto-18.0.2\bin\management.dll
Event: 1.634 Loaded shared library C:\Users\ERIN_JAVALead\.jdks\corretto-18.0.2\bin\management_ext.dll
Event: 1.967 Thread 0x0000017bf5ce1950 Thread added: 0x0000017bf5ce1950
Event: 1.974 Thread 0x0000017bf5af3950 Thread added: 0x0000017bf5af3950
Event: 2.804 Thread 0x0000017bf602eaf0 Thread added: 0x0000017bf602eaf0
Event: 3.114 Thread 0x0000017bf61ee030 Thread added: 0x0000017bf61ee030
Event: 4.119 Loaded shared library C:\Users\ERIN_JAVALead\.jdks\corretto-18.0.2\bin\sunmscapi.dll
Event: 4.162 Thread 0x0000017bf61ee030 Thread exited: 0x0000017bf61ee030
Event: 4.463 Thread 0x0000017bf631d8c0 Thread added: 0x0000017bf631d8c0
Event: 4.628 Thread 0x0000017bf631d8c0 Thread exited: 0x0000017bf631d8c0


Dynamic libraries:
0x00007ff6296b0000 - 0x00007ff6296bd000 	C:\Users\ERIN_JAVALead\.jdks\corretto-18.0.2\bin\java.exe
0x00007ffce5eb0000 - 0x00007ffce60a8000 	C:\WINDOWS\SYSTEM32\ntdll.dll
0x00007ffce4880000 - 0x00007ffce493d000 	C:\WINDOWS\System32\KERNEL32.DLL
0x00007ffce3560000 - 0x00007ffce3856000 	C:\WINDOWS\System32\KERNELBASE.dll
0x00007ffce3be0000 - 0x00007ffce3ce0000 	C:\WINDOWS\System32\ucrtbase.dll
0x00007ffcdeb30000 - 0x00007ffcdeb47000 	C:\Users\ERIN_JAVALead\.jdks\corretto-18.0.2\bin\jli.dll
0x00007ffce4fe0000 - 0x00007ffce517e000 	C:\WINDOWS\System32\USER32.dll
0x00007ffce3ce0000 - 0x00007ffce3d02000 	C:\WINDOWS\System32\win32u.dll
0x00007ffce4a90000 - 0x00007ffce4abc000 	C:\WINDOWS\System32\GDI32.dll
0x00007ffce3860000 - 0x00007ffce397a000 	C:\WINDOWS\System32\gdi32full.dll
0x00007ffce3b40000 - 0x00007ffce3bdd000 	C:\WINDOWS\System32\msvcp_win.dll
0x00007ffccecc0000 - 0x00007ffccecd5000 	C:\Users\ERIN_JAVALead\.jdks\corretto-18.0.2\bin\VCRUNTIME140.dll
0x00007ffce29d0000 - 0x00007ffce2c6a000 	C:\WINDOWS\WinSxS\amd64_microsoft.windows.common-controls_6595b64144ccf1df_6.0.19041.3636_none_60b6a03d71f818d5\COMCTL32.dll
0x00007ffce4570000 - 0x00007ffce460e000 	C:\WINDOWS\System32\msvcrt.dll
0x00007ffce5ab0000 - 0x00007ffce5ae0000 	C:\WINDOWS\System32\IMM32.DLL
0x00007ffcc8000000 - 0x00007ffcc809b000 	C:\Users\ERIN_JAVALead\.jdks\corretto-18.0.2\bin\msvcp140.dll
0x00007ffc82090000 - 0x00007ffc82d01000 	C:\Users\ERIN_JAVALead\.jdks\corretto-18.0.2\bin\server\jvm.dll
0x00007ffce49e0000 - 0x00007ffce4a8f000 	C:\WINDOWS\System32\ADVAPI32.dll
0x00007ffce4f40000 - 0x00007ffce4fdc000 	C:\WINDOWS\System32\sechost.dll
0x00007ffce4ba0000 - 0x00007ffce4cc6000 	C:\WINDOWS\System32\RPCRT4.dll
0x00007ffce4420000 - 0x00007ffce4428000 	C:\WINDOWS\System32\PSAPI.DLL
0x00007ffcdeac0000 - 0x00007ffcdeac9000 	C:\WINDOWS\SYSTEM32\WSOCK32.dll
0x00007ffce4670000 - 0x00007ffce46db000 	C:\WINDOWS\System32\WS2_32.dll
0x00007ffcb9990000 - 0x00007ffcb99b7000 	C:\WINDOWS\SYSTEM32\WINMM.dll
0x00007ffcdd1e0000 - 0x00007ffcdd1ea000 	C:\WINDOWS\SYSTEM32\VERSION.dll
0x00007ffce0db0000 - 0x00007ffce0dc2000 	C:\WINDOWS\SYSTEM32\kernel.appcore.dll
0x00007ffccf540000 - 0x00007ffccf54a000 	C:\Users\ERIN_JAVALead\.jdks\corretto-18.0.2\bin\jimage.dll
0x00007ffce2e70000 - 0x00007ffce3054000 	C:\WINDOWS\SYSTEM32\DBGHELP.DLL
0x00007ffce2e30000 - 0x00007ffce2e64000 	C:\WINDOWS\SYSTEM32\dbgcore.DLL
0x00007ffce3ab0000 - 0x00007ffce3b32000 	C:\WINDOWS\System32\bcryptPrimitives.dll
0x00007ffccf480000 - 0x00007ffccf48e000 	C:\Users\ERIN_JAVALead\.jdks\corretto-18.0.2\bin\instrument.dll
0x00007ffccec90000 - 0x00007ffccecb5000 	C:\Users\ERIN_JAVALead\.jdks\corretto-18.0.2\bin\java.dll
0x00007ffcb5cc0000 - 0x00007ffcb5d96000 	C:\Users\ERIN_JAVALead\.jdks\corretto-18.0.2\bin\jsvml.dll
0x00007ffce5230000 - 0x00007ffce5975000 	C:\WINDOWS\System32\SHELL32.dll
0x00007ffce0fb0000 - 0x00007ffce174b000 	C:\WINDOWS\SYSTEM32\windows.storage.dll
0x00007ffce5ae0000 - 0x00007ffce5e34000 	C:\WINDOWS\System32\combase.dll
0x00007ffce2700000 - 0x00007ffce272d000 	C:\WINDOWS\SYSTEM32\Wldp.dll
0x00007ffce5180000 - 0x00007ffce522d000 	C:\WINDOWS\System32\SHCORE.dll
0x00007ffce46e0000 - 0x00007ffce4735000 	C:\WINDOWS\System32\shlwapi.dll
0x00007ffce3490000 - 0x00007ffce34b5000 	C:\WINDOWS\SYSTEM32\profapi.dll
0x00007ffcc62f0000 - 0x00007ffcc6308000 	C:\Users\ERIN_JAVALead\.jdks\corretto-18.0.2\bin\zip.dll
0x00007ffccec70000 - 0x00007ffccec83000 	C:\Users\ERIN_JAVALead\.jdks\corretto-18.0.2\bin\net.dll
0x00007ffcdcfa0000 - 0x00007ffcdd0aa000 	C:\WINDOWS\SYSTEM32\WINHTTP.dll
0x00007ffce2570000 - 0x00007ffce25da000 	C:\WINDOWS\system32\mswsock.dll
0x00007ffcc6310000 - 0x00007ffcc6325000 	C:\Users\ERIN_JAVALead\.jdks\corretto-18.0.2\bin\nio.dll
0x00007ffcc3d40000 - 0x00007ffcc3d5a000 	C:\Program Files\JetBrains\IntelliJ IDEA Community Edition 2021.3.3\bin\breakgen64.dll
0x00007ffccec60000 - 0x00007ffccec69000 	C:\Users\ERIN_JAVALead\.jdks\corretto-18.0.2\bin\management.dll
0x00007ffcce9c0000 - 0x00007ffcce9cb000 	C:\Users\ERIN_JAVALead\.jdks\corretto-18.0.2\bin\management_ext.dll
0x00007ffcc7e40000 - 0x00007ffcc7e4e000 	C:\Users\ERIN_JAVALead\.jdks\corretto-18.0.2\bin\sunmscapi.dll
0x00007ffce3d80000 - 0x00007ffce3edd000 	C:\WINDOWS\System32\CRYPT32.dll
0x00007ffce28b0000 - 0x00007ffce28d7000 	C:\WINDOWS\SYSTEM32\ncrypt.dll
0x00007ffce27c0000 - 0x00007ffce27fb000 	C:\WINDOWS\SYSTEM32\NTASN1.dll

dbghelp: loaded successfully - version: 4.0.5 - missing functions: none
symbol engine: initialized successfully - sym options: 0x614 - pdb path: .;C:\Users\ERIN_JAVALead\.jdks\corretto-18.0.2\bin;C:\WINDOWS\SYSTEM32;C:\WINDOWS\WinSxS\amd64_microsoft.windows.common-controls_6595b64144ccf1df_6.0.19041.3636_none_60b6a03d71f818d5;C:\Users\ERIN_JAVALead\.jdks\corretto-18.0.2\bin\server;C:\Program Files\JetBrains\IntelliJ IDEA Community Edition 2021.3.3\bin

VM Arguments:
jvm_args: -javaagent:C:\Program Files\JetBrains\IntelliJ IDEA Community Edition 2021.3.3\lib\idea_rt.jar=52408:C:\Program Files\JetBrains\IntelliJ IDEA Community Edition 2021.3.3\bin -Dfile.encoding=UTF-8 
java_command: test.springbootsecurity.springbootWithSecurity.SpringbootWithSecurityApplication
java_class_path (initial): C:\Users\ERIN_JAVALead\Downloads\springbootWithSecurity\springbootWithSecurity\target\classes;C:\Users\ERIN_JAVALead\.m2\repository\org\springframework\boot\spring-boot-starter-data-rest\3.2.1\spring-boot-starter-data-rest-3.2.1.jar;C:\Users\ERIN_JAVALead\.m2\repository\org\springframework\data\spring-data-rest-webmvc\4.2.1\spring-data-rest-webmvc-4.2.1.jar;C:\Users\ERIN_JAVALead\.m2\repository\org\springframework\data\spring-data-rest-core\4.2.1\spring-data-rest-core-4.2.1.jar;C:\Users\ERIN_JAVALead\.m2\repository\org\springframework\hateoas\spring-hateoas\2.2.0\spring-hateoas-2.2.0.jar;C:\Users\ERIN_JAVALead\.m2\repository\org\springframework\data\spring-data-commons\3.2.1\spring-data-commons-3.2.1.jar;C:\Users\ERIN_JAVALead\.m2\repository\org\springframework\plugin\spring-plugin-core\3.0.0\spring-plugin-core-3.0.0.jar;C:\Users\ERIN_JAVALead\.m2\repository\org\atteo\evo-inflector\1.3\evo-inflector-1.3.jar;C:\Users\ERIN_JAVALead\.m2\repository\com\fasterxml\jackson\core\jackson-databind\2.15.3\jackson-databind-2.15.3.jar;C:\Users\ERIN_JAVALead\.m2\repository\com\fasterxml\jackson\core\jackson-core\2.15.3\jackson-core-2.15.3.jar;C:\Users\ERIN_JAVALead\.m2\repository\com\fasterxml\jackson\core\jackson-annotations\2.15.3\jackson-annotations-2.15.3.jar;C:\Users\ERIN_JAVALead\.m2\repository\org\slf4j\slf4j-api\2.0.9\slf4j-api-2.0.9.jar;C:\Users\ERIN_JAVALead\.m2\repository\org\springframework\boot\spring-boot-starter-security\3.2.1\spring-boot-starter-security-3.2.1.jar;C:\Users\ERIN_JAVALead\.m2\repository\org\springframework\boot\spring-boot-starter\3.2.1\spring-boot-starter-3.2.1.jar;C:\Users\ERIN_JAVALead\.m2\repository\org\springframework\boot\spring-boot-starter-logging\3.2.1\spring-boot-starter-logging-3.2.1.jar;C:\Users\ERIN_JAVALead\.m2\repository\org\apache\logging\log4j\log4j-to-slf4j\2.21.1\log4j-to-slf4j-2.21.1.jar;C:\Users\ERIN_JAVALead\.m2\repository\org\apache\logging\log4j\log4j-api\2.21.1\log4j-api-2.21.1.jar;C:\Users\ERIN_JAVALead\.m2\repository\org\slf4j\jul-to-slf4j\2.0.9\jul-to-slf4j-2.0.9.jar;C:\Users\ERIN_JAVALead\.m2\repository\jakarta\annotation\jakarta.annotation-api\2.1.1\jakarta.annotation-api-2.1.1.jar;C:\Users\ERIN_JAVALead\.m2\repository\org\yaml\snakeyaml\2.2\snakeyaml-2.2.jar;C:\Users\ERIN_JAVALead\.m2\repository\org\springframework\spring-aop\6.1.2\spring-aop-6.1.2.jar;C:\Users\ERIN_JAVALead\.m2\repository\org\springframework\spring-beans\6.1.2\spring-beans-6.1.2.jar;C:\Users\ERIN_JAVALead\.m2\repository\org\springframework\security\spring-security-config\6.2.1\spring-security-config-6.2.1.jar;C:\Users\ERIN_JAVALead\.m2\repository\org\springframework\security\spring-security-web\6.2.1\spring-security-web-6.2.1.jar;C:\Users\ERIN_JAVALead\.m2\repository\org\springframework\spring-expression\6.1.2\spring-expression-6.1.2.jar;C:\Users\ERIN_JAVALead\.m2\repository\org\springframework\boot\spring-boot-starter-web\3.2.1\spring-boot-starter-web-3.2.1.jar;C:\Users\ERIN_JAVALead\.m2\repository\org\springframework\boot\spring-boot-starter-json\3.2.1\spring-boot-starter-json-3.2.1.jar;C:\Users\ERIN_JAVALead\.m2\repository\com\fasterxml\jackson\datatype\jackson-datatype-jdk8\2.15.3\jackson-datatype-jdk8-2.15.3.jar;C:\Users\ERIN_JAVALead\.m2\repository\com\fasterxml\jackson\datatype\jackson-datatype-jsr310\2.15.3\jackson-datatype-jsr310-2.15.3.jar;C:\Users\ERIN_JAVALead\.m2\repository\com\fasterxml\jackson\module\jackson-module-parameter-names\2.15.3\jackson-module-parameter-names-2.15.3.jar;C:\Users\ERIN_JAVALead\.m2\repository\org\springframework\boot\spring-boot-starter-tomcat\3.2.1\spring-boot-starter-tomcat-3.2.1.jar;C:\Users\ERIN_JAVALead\.m2\repository\org\apache\tomcat\embed\tomcat-embed-core\10.1.17\tomcat-embed-core-10.1.17.jar;C:\Users\ERIN_JAVALead\.m2\repository\org\apache\tomcat\embed\tomcat-embed-el\10.1.17\tomcat-embed-el-10.1.17.jar;C:\Users\ERIN_JAVALead\.m2\repository\org\apache\tomcat\embed\tomcat-embed-websocket\10.1.17\tomcat-embed-websocket-10.1.17.jar;C:\Users\ERIN_JAVALead\.m2\repository\org\springframework\spring-web\6.1.2\spring-web-6.1.2.jar;C:\Users\ERIN_JAVALead\.m2\repository\org\springframework\spring-webmvc\6.1.2\spring-webmvc-6.1.2.jar;C:\Users\ERIN_JAVALead\.m2\repository\org\springframework\kafka\spring-kafka\3.1.1\spring-kafka-3.1.1.jar;C:\Users\ERIN_JAVALead\.m2\repository\org\springframework\spring-context\6.1.2\spring-context-6.1.2.jar;C:\Users\ERIN_JAVALead\.m2\repository\org\springframework\spring-messaging\6.1.2\spring-messaging-6.1.2.jar;C:\Users\ERIN_JAVALead\.m2\repository\org\springframework\spring-tx\6.1.2\spring-tx-6.1.2.jar;C:\Users\ERIN_JAVALead\.m2\repository\org\springframework\retry\spring-retry\2.0.5\spring-retry-2.0.5.jar;C:\Users\ERIN_JAVALead\.m2\repository\org\apache\kafka\kafka-clients\3.6.1\kafka-clients-3.6.1.jar;C:\Users\ERIN_JAVALead\.m2\repository\com\github\luben\zstd-jni\1.5.5-1\zstd-jni-1.5.5-1.jar;C:\Users\ERIN_JAVALead\.m2\repository\org\lz4\lz4-java\1.8.0\lz4-java-1.8.0.jar;C:\Users\ERIN_JAVALead\.m2\repository\org\xerial\snappy\snappy-java\1.1.10.5\snappy-java-1.1.10.5.jar;C:\Users\ERIN_JAVALead\.m2\repository\io\micrometer\micrometer-observation\1.12.1\micrometer-observation-1.12.1.jar;C:\Users\ERIN_JAVALead\.m2\repository\io\micrometer\micrometer-commons\1.12.1\micrometer-commons-1.12.1.jar;C:\Users\ERIN_JAVALead\.m2\repository\com\google\code\findbugs\jsr305\3.0.2\jsr305-3.0.2.jar;C:\Users\ERIN_JAVALead\.m2\repository\org\springframework\boot\spring-boot-devtools\3.2.1\spring-boot-devtools-3.2.1.jar;C:\Users\ERIN_JAVALead\.m2\repository\org\springframework\boot\spring-boot\3.2.1\spring-boot-3.2.1.jar;C:\Users\ERIN_JAVALead\.m2\repository\org\springframework\boot\spring-boot-autoconfigure\3.2.1\spring-boot-autoconfigure-3.2.1.jar;C:\Users\ERIN_JAVALead\.m2\repository\org\projectlombok\lombok\1.18.30\lombok-1.18.30.jar;C:\Users\ERIN_JAVALead\.m2\repository\com\jayway\jsonpath\json-path\2.8.0\json-path-2.8.0.jar;C:\Users\ERIN_JAVALead\.m2\repository\net\minidev\json-smart\2.5.0\json-smart-2.5.0.jar;C:\Users\ERIN_JAVALead\.m2\repository\net\minidev\accessors-smart\2.5.0\accessors-smart-2.5.0.jar;C:\Users\ERIN_JAVALead\.m2\repository\org\ow2\asm\asm\9.3\asm-9.3.jar;C:\Users\ERIN_JAVALead\.m2\repository\org\springframework\spring-core\6.1.2\spring-core-6.1.2.jar;C:\Users\ERIN_JAVALead\.m2\repository\org\springframework\spring-jcl\6.1.2\spring-jcl-6.1.2.jar;C:\Users\ERIN_JAVALead\.m2\repository\ch\qos\logback\logback-core\1.4.14\logback-core-1.4.14.jar;C:\Users\ERIN_JAVALead\.m2\repository\ch\qos\logback\logback-classic\1.4.14\logback-classic-1.4.14.jar;C:\Users\ERIN_JAVALead\.m2\repository\org\springframework\security\spring-security-core\6.2.1\spring-security-core-6.2.1.jar;C:\Users\ERIN_JAVALead\.m2\repository\org\springframework\security\spring-security-crypto\6.2.1\spring-security-crypto-6.2.1.jar;C:\Users\ERIN_JAVALead\.m2\repository\io\jsonwebtoken\jjwt\0.12.3\jjwt-0.12.3.jar;C:\Users\ERIN_JAVALead\.m2\repository\io\jsonwebtoken\jjwt-api\0.12.3\jjwt-api-0.12.3.jar;C:\Users\ERIN_JAVALead\.m2\repository\io\jsonwebtoken\jjwt-impl\0.12.3\jjwt-impl-0.12.3.jar;C:\Users\ERIN_JAVALead\.m2\repository\io\jsonwebtoken\jjwt-jackson\0.12.3\jjwt-jackson-0.12.3.jar;C:\Users\ERIN_JAVALead\.m2\repository\javax\xml\bind\jaxb-api\2.3.0\jaxb-api-2.3.0.jar
Launcher Type: SUN_STANDARD

[Global flags]
     intx CICompilerCount                          = 3                                         {product} {ergonomic}
     uint ConcGCThreads                            = 1                                         {product} {ergonomic}
     uint G1ConcRefinementThreads                  = 4                                         {product} {ergonomic}
   size_t G1HeapRegionSize                         = 1048576                                   {product} {ergonomic}
    uintx GCDrainStackTargetSize                   = 64                                        {product} {ergonomic}
   size_t InitialHeapSize                          = 67108864                                  {product} {ergonomic}
   size_t MarkStackSize                            = 4194304                                   {product} {ergonomic}
   size_t MaxHeapSize                              = 1052770304                                {product} {ergonomic}
   size_t MaxNewSize                               = 631242752                                 {product} {ergonomic}
   size_t MinHeapDeltaBytes                        = 1048576                                   {product} {ergonomic}
   size_t MinHeapSize                              = 8388608                                   {product} {ergonomic}
    uintx NonNMethodCodeHeapSize                   = 5832780                                {pd product} {ergonomic}
    uintx NonProfiledCodeHeapSize                  = 122912730                              {pd product} {ergonomic}
    uintx ProfiledCodeHeapSize                     = 122912730                              {pd product} {ergonomic}
    uintx ReservedCodeCacheSize                    = 251658240                              {pd product} {ergonomic}
     bool SegmentedCodeCache                       = true                                      {product} {ergonomic}
   size_t SoftMaxHeapSize                          = 1052770304                             {manageable} {ergonomic}
     bool UseCompressedClassPointers               = true                           {product lp64_product} {ergonomic}
     bool UseCompressedOops                        = true                           {product lp64_product} {ergonomic}
     bool UseG1GC                                  = true                                      {product} {ergonomic}
     bool UseLargePagesIndividualAllocation        = false                                  {pd product} {ergonomic}

Logging:
Log output configuration:
 #0: stdout all=warning uptime,level,tags foldmultilines=false
 #1: stderr all=off uptime,level,tags foldmultilines=false

Environment Variables:
PATH=C:\WINDOWS\system32;C:\WINDOWS;C:\WINDOWS\System32\Wbem;C:\WINDOWS\System32\WindowsPowerShell\v1.0\;C:\WINDOWS\System32\OpenSSH\;C:\Program Files (x86)\nodejs\;C:\Program Files (x86)\nodejs\npm;C:\Users\ERIN_JAVALead\AppData\Roaming\npm;C:\Program Files\Git\cmd;C:\Program Files (x86)\dotnet\;C:\Program Files (x86)\Microsoft SQL Server\160\DTS\Binn\;C:\Program Files\Azure Data Studio\bin;C:\Program Files (x86)\Microsoft SQL Server\160\Tools\Binn\;C:\Program Files\Microsoft SQL Server\160\Tools\Binn\;C:\Program Files\Microsoft SQL Server\Client SDK\ODBC\170\Tools\Binn\;C:\Program Files\Microsoft SQL Server\160\DTS\Binn\;C:\Users\ERIN_JAVALead\AppData\Local\Microsoft\WindowsApps;;C:\Users\ERIN_JAVALead\AppData\Local\Programs\Microsoft VS Code\bin;C:\Users\ERIN_JAVALead\AppData\Roaming\npm;C:\Program Files\Azure Data Studio\bin
USERNAME=ERIN_JAVALead
OS=Windows_NT
PROCESSOR_IDENTIFIER=Intel64 Family 6 Model 78 Stepping 3, GenuineIntel



---------------  S Y S T E M  ---------------

OS:
 Windows 10 , 64 bit Build 19041 (10.0.19041.3636)
OS uptime: 0 days 3:47 hours

CPU: total 4 (initial active 4) (2 cores per cpu, 2 threads per core) family 6 model 78 stepping 3 microcode 0xcc, cx8, cmov, fxsr, ht, mmx, 3dnowpref, sse, sse2, sse3, ssse3, sse4.1, sse4.2, popcnt, lzcnt, tsc, tscinvbit, avx, avx2, aes, erms, clmul, bmi1, bmi2, adx, fma, vzeroupper, clflush, clflushopt

Memory: 4k page, system-wide physical 4012M (373M free)
TotalPageFile size 6060M (AvailPageFile size 5M)
current process WorkingSet (physical memory assigned to process): 115M, peak: 116M
current process commit charge ("private bytes"): 179M, peak: 180M

vm_info: OpenJDK 64-Bit Server VM (18.0.2+9-FR) for windows-amd64 JRE (18.0.2+9-FR), built on Jul 15 2022 20:03:03 by "Administrator" with MS VC++ 15.9 (VS2017)

END.
